[2025-03-18T19:24:01.110+0000] {processor.py:186} INFO - Started process (PID=3377) to work on /home/airflow/.local/lib/python3.12/site-packages/airflow/example_dags/example_task_group.py
[2025-03-18T19:24:01.110+0000] {processor.py:914} INFO - Processing file /home/airflow/.local/lib/python3.12/site-packages/airflow/example_dags/example_task_group.py for tasks to queue
[2025-03-18T19:24:01.112+0000] {logging_mixin.py:190} INFO - [2025-03-18T19:24:01.112+0000] {dagbag.py:588} INFO - Filling up the DagBag from /home/airflow/.local/lib/python3.12/site-packages/airflow/example_dags/example_task_group.py
[2025-03-18T19:24:01.120+0000] {processor.py:925} INFO - DAG(s) 'example_task_group' retrieved from /home/airflow/.local/lib/python3.12/site-packages/airflow/example_dags/example_task_group.py
[2025-03-18T19:24:01.137+0000] {logging_mixin.py:190} INFO - [2025-03-18T19:24:01.137+0000] {dag.py:3239} INFO - Sync 1 DAGs
[2025-03-18T19:24:01.149+0000] {logging_mixin.py:190} INFO - [2025-03-18T19:24:01.149+0000] {dag.py:4180} INFO - Setting next_dagrun for example_task_group to None, run_after=None
[2025-03-18T19:24:01.163+0000] {processor.py:208} INFO - Processing /home/airflow/.local/lib/python3.12/site-packages/airflow/example_dags/example_task_group.py took 0.058 seconds
[2025-03-18T19:24:31.601+0000] {processor.py:186} INFO - Started process (PID=3441) to work on /home/airflow/.local/lib/python3.12/site-packages/airflow/example_dags/example_task_group.py
[2025-03-18T19:24:31.602+0000] {processor.py:914} INFO - Processing file /home/airflow/.local/lib/python3.12/site-packages/airflow/example_dags/example_task_group.py for tasks to queue
[2025-03-18T19:24:31.604+0000] {logging_mixin.py:190} INFO - [2025-03-18T19:24:31.604+0000] {dagbag.py:588} INFO - Filling up the DagBag from /home/airflow/.local/lib/python3.12/site-packages/airflow/example_dags/example_task_group.py
[2025-03-18T19:24:31.612+0000] {processor.py:925} INFO - DAG(s) 'example_task_group' retrieved from /home/airflow/.local/lib/python3.12/site-packages/airflow/example_dags/example_task_group.py
[2025-03-18T19:24:31.629+0000] {logging_mixin.py:190} INFO - [2025-03-18T19:24:31.628+0000] {dag.py:3239} INFO - Sync 1 DAGs
[2025-03-18T19:24:31.640+0000] {logging_mixin.py:190} INFO - [2025-03-18T19:24:31.640+0000] {dag.py:4180} INFO - Setting next_dagrun for example_task_group to None, run_after=None
[2025-03-18T19:24:31.656+0000] {processor.py:208} INFO - Processing /home/airflow/.local/lib/python3.12/site-packages/airflow/example_dags/example_task_group.py took 0.060 seconds
[2025-03-18T19:25:02.224+0000] {processor.py:186} INFO - Started process (PID=3505) to work on /home/airflow/.local/lib/python3.12/site-packages/airflow/example_dags/example_task_group.py
[2025-03-18T19:25:02.225+0000] {processor.py:914} INFO - Processing file /home/airflow/.local/lib/python3.12/site-packages/airflow/example_dags/example_task_group.py for tasks to queue
[2025-03-18T19:25:02.227+0000] {logging_mixin.py:190} INFO - [2025-03-18T19:25:02.227+0000] {dagbag.py:588} INFO - Filling up the DagBag from /home/airflow/.local/lib/python3.12/site-packages/airflow/example_dags/example_task_group.py
[2025-03-18T19:25:02.234+0000] {processor.py:925} INFO - DAG(s) 'example_task_group' retrieved from /home/airflow/.local/lib/python3.12/site-packages/airflow/example_dags/example_task_group.py
[2025-03-18T19:25:02.252+0000] {logging_mixin.py:190} INFO - [2025-03-18T19:25:02.252+0000] {dag.py:3239} INFO - Sync 1 DAGs
[2025-03-18T19:25:02.264+0000] {logging_mixin.py:190} INFO - [2025-03-18T19:25:02.264+0000] {dag.py:4180} INFO - Setting next_dagrun for example_task_group to None, run_after=None
[2025-03-18T19:25:02.279+0000] {processor.py:208} INFO - Processing /home/airflow/.local/lib/python3.12/site-packages/airflow/example_dags/example_task_group.py took 0.059 seconds
[2025-03-18T19:25:33.636+0000] {processor.py:186} INFO - Started process (PID=3569) to work on /home/airflow/.local/lib/python3.12/site-packages/airflow/example_dags/example_task_group.py
[2025-03-18T19:25:33.637+0000] {processor.py:914} INFO - Processing file /home/airflow/.local/lib/python3.12/site-packages/airflow/example_dags/example_task_group.py for tasks to queue
[2025-03-18T19:25:33.639+0000] {logging_mixin.py:190} INFO - [2025-03-18T19:25:33.639+0000] {dagbag.py:588} INFO - Filling up the DagBag from /home/airflow/.local/lib/python3.12/site-packages/airflow/example_dags/example_task_group.py
[2025-03-18T19:25:33.647+0000] {processor.py:925} INFO - DAG(s) 'example_task_group' retrieved from /home/airflow/.local/lib/python3.12/site-packages/airflow/example_dags/example_task_group.py
[2025-03-18T19:25:33.667+0000] {logging_mixin.py:190} INFO - [2025-03-18T19:25:33.666+0000] {dag.py:3239} INFO - Sync 1 DAGs
[2025-03-18T19:25:33.679+0000] {logging_mixin.py:190} INFO - [2025-03-18T19:25:33.678+0000] {dag.py:4180} INFO - Setting next_dagrun for example_task_group to None, run_after=None
[2025-03-18T19:25:33.694+0000] {processor.py:208} INFO - Processing /home/airflow/.local/lib/python3.12/site-packages/airflow/example_dags/example_task_group.py took 0.063 seconds
[2025-03-18T19:26:04.416+0000] {processor.py:186} INFO - Started process (PID=3633) to work on /home/airflow/.local/lib/python3.12/site-packages/airflow/example_dags/example_task_group.py
[2025-03-18T19:26:04.417+0000] {processor.py:914} INFO - Processing file /home/airflow/.local/lib/python3.12/site-packages/airflow/example_dags/example_task_group.py for tasks to queue
[2025-03-18T19:26:04.419+0000] {logging_mixin.py:190} INFO - [2025-03-18T19:26:04.419+0000] {dagbag.py:588} INFO - Filling up the DagBag from /home/airflow/.local/lib/python3.12/site-packages/airflow/example_dags/example_task_group.py
[2025-03-18T19:26:04.426+0000] {processor.py:925} INFO - DAG(s) 'example_task_group' retrieved from /home/airflow/.local/lib/python3.12/site-packages/airflow/example_dags/example_task_group.py
[2025-03-18T19:26:04.442+0000] {logging_mixin.py:190} INFO - [2025-03-18T19:26:04.442+0000] {dag.py:3239} INFO - Sync 1 DAGs
[2025-03-18T19:26:04.454+0000] {logging_mixin.py:190} INFO - [2025-03-18T19:26:04.453+0000] {dag.py:4180} INFO - Setting next_dagrun for example_task_group to None, run_after=None
[2025-03-18T19:26:04.468+0000] {processor.py:208} INFO - Processing /home/airflow/.local/lib/python3.12/site-packages/airflow/example_dags/example_task_group.py took 0.057 seconds
[2025-03-18T19:26:34.817+0000] {processor.py:186} INFO - Started process (PID=3697) to work on /home/airflow/.local/lib/python3.12/site-packages/airflow/example_dags/example_task_group.py
[2025-03-18T19:26:34.818+0000] {processor.py:914} INFO - Processing file /home/airflow/.local/lib/python3.12/site-packages/airflow/example_dags/example_task_group.py for tasks to queue
[2025-03-18T19:26:34.820+0000] {logging_mixin.py:190} INFO - [2025-03-18T19:26:34.820+0000] {dagbag.py:588} INFO - Filling up the DagBag from /home/airflow/.local/lib/python3.12/site-packages/airflow/example_dags/example_task_group.py
[2025-03-18T19:26:34.827+0000] {processor.py:925} INFO - DAG(s) 'example_task_group' retrieved from /home/airflow/.local/lib/python3.12/site-packages/airflow/example_dags/example_task_group.py
[2025-03-18T19:26:34.844+0000] {logging_mixin.py:190} INFO - [2025-03-18T19:26:34.843+0000] {dag.py:3239} INFO - Sync 1 DAGs
[2025-03-18T19:26:34.854+0000] {logging_mixin.py:190} INFO - [2025-03-18T19:26:34.854+0000] {dag.py:4180} INFO - Setting next_dagrun for example_task_group to None, run_after=None
[2025-03-18T19:26:34.868+0000] {processor.py:208} INFO - Processing /home/airflow/.local/lib/python3.12/site-packages/airflow/example_dags/example_task_group.py took 0.056 seconds
[2025-03-18T19:27:05.459+0000] {processor.py:186} INFO - Started process (PID=3761) to work on /home/airflow/.local/lib/python3.12/site-packages/airflow/example_dags/example_task_group.py
[2025-03-18T19:27:05.460+0000] {processor.py:914} INFO - Processing file /home/airflow/.local/lib/python3.12/site-packages/airflow/example_dags/example_task_group.py for tasks to queue
[2025-03-18T19:27:05.462+0000] {logging_mixin.py:190} INFO - [2025-03-18T19:27:05.461+0000] {dagbag.py:588} INFO - Filling up the DagBag from /home/airflow/.local/lib/python3.12/site-packages/airflow/example_dags/example_task_group.py
[2025-03-18T19:27:05.469+0000] {processor.py:925} INFO - DAG(s) 'example_task_group' retrieved from /home/airflow/.local/lib/python3.12/site-packages/airflow/example_dags/example_task_group.py
[2025-03-18T19:27:05.486+0000] {logging_mixin.py:190} INFO - [2025-03-18T19:27:05.486+0000] {dag.py:3239} INFO - Sync 1 DAGs
[2025-03-18T19:27:05.497+0000] {logging_mixin.py:190} INFO - [2025-03-18T19:27:05.497+0000] {dag.py:4180} INFO - Setting next_dagrun for example_task_group to None, run_after=None
[2025-03-18T19:27:05.510+0000] {processor.py:208} INFO - Processing /home/airflow/.local/lib/python3.12/site-packages/airflow/example_dags/example_task_group.py took 0.057 seconds
[2025-03-18T19:27:36.098+0000] {processor.py:186} INFO - Started process (PID=3825) to work on /home/airflow/.local/lib/python3.12/site-packages/airflow/example_dags/example_task_group.py
[2025-03-18T19:27:36.099+0000] {processor.py:914} INFO - Processing file /home/airflow/.local/lib/python3.12/site-packages/airflow/example_dags/example_task_group.py for tasks to queue
[2025-03-18T19:27:36.101+0000] {logging_mixin.py:190} INFO - [2025-03-18T19:27:36.100+0000] {dagbag.py:588} INFO - Filling up the DagBag from /home/airflow/.local/lib/python3.12/site-packages/airflow/example_dags/example_task_group.py
[2025-03-18T19:27:36.108+0000] {processor.py:925} INFO - DAG(s) 'example_task_group' retrieved from /home/airflow/.local/lib/python3.12/site-packages/airflow/example_dags/example_task_group.py
[2025-03-18T19:27:36.133+0000] {logging_mixin.py:190} INFO - [2025-03-18T19:27:36.133+0000] {dag.py:3239} INFO - Sync 1 DAGs
[2025-03-18T19:27:36.148+0000] {logging_mixin.py:190} INFO - [2025-03-18T19:27:36.148+0000] {dag.py:4180} INFO - Setting next_dagrun for example_task_group to None, run_after=None
[2025-03-18T19:27:36.168+0000] {processor.py:208} INFO - Processing /home/airflow/.local/lib/python3.12/site-packages/airflow/example_dags/example_task_group.py took 0.075 seconds
[2025-03-18T19:28:06.867+0000] {processor.py:186} INFO - Started process (PID=3890) to work on /home/airflow/.local/lib/python3.12/site-packages/airflow/example_dags/example_task_group.py
[2025-03-18T19:28:06.867+0000] {processor.py:914} INFO - Processing file /home/airflow/.local/lib/python3.12/site-packages/airflow/example_dags/example_task_group.py for tasks to queue
[2025-03-18T19:28:06.869+0000] {logging_mixin.py:190} INFO - [2025-03-18T19:28:06.869+0000] {dagbag.py:588} INFO - Filling up the DagBag from /home/airflow/.local/lib/python3.12/site-packages/airflow/example_dags/example_task_group.py
[2025-03-18T19:28:06.877+0000] {processor.py:925} INFO - DAG(s) 'example_task_group' retrieved from /home/airflow/.local/lib/python3.12/site-packages/airflow/example_dags/example_task_group.py
[2025-03-18T19:28:06.895+0000] {logging_mixin.py:190} INFO - [2025-03-18T19:28:06.894+0000] {dag.py:3239} INFO - Sync 1 DAGs
[2025-03-18T19:28:06.906+0000] {logging_mixin.py:190} INFO - [2025-03-18T19:28:06.906+0000] {dag.py:4180} INFO - Setting next_dagrun for example_task_group to None, run_after=None
[2025-03-18T19:28:06.920+0000] {processor.py:208} INFO - Processing /home/airflow/.local/lib/python3.12/site-packages/airflow/example_dags/example_task_group.py took 0.059 seconds
[2025-03-18T19:28:37.847+0000] {processor.py:186} INFO - Started process (PID=3954) to work on /home/airflow/.local/lib/python3.12/site-packages/airflow/example_dags/example_task_group.py
[2025-03-18T19:28:37.848+0000] {processor.py:914} INFO - Processing file /home/airflow/.local/lib/python3.12/site-packages/airflow/example_dags/example_task_group.py for tasks to queue
[2025-03-18T19:28:37.850+0000] {logging_mixin.py:190} INFO - [2025-03-18T19:28:37.850+0000] {dagbag.py:588} INFO - Filling up the DagBag from /home/airflow/.local/lib/python3.12/site-packages/airflow/example_dags/example_task_group.py
[2025-03-18T19:28:37.858+0000] {processor.py:925} INFO - DAG(s) 'example_task_group' retrieved from /home/airflow/.local/lib/python3.12/site-packages/airflow/example_dags/example_task_group.py
[2025-03-18T19:28:37.876+0000] {logging_mixin.py:190} INFO - [2025-03-18T19:28:37.876+0000] {dag.py:3239} INFO - Sync 1 DAGs
[2025-03-18T19:28:37.888+0000] {logging_mixin.py:190} INFO - [2025-03-18T19:28:37.887+0000] {dag.py:4180} INFO - Setting next_dagrun for example_task_group to None, run_after=None
[2025-03-18T19:28:37.902+0000] {processor.py:208} INFO - Processing /home/airflow/.local/lib/python3.12/site-packages/airflow/example_dags/example_task_group.py took 0.059 seconds
[2025-03-18T19:29:08.782+0000] {processor.py:186} INFO - Started process (PID=4018) to work on /home/airflow/.local/lib/python3.12/site-packages/airflow/example_dags/example_task_group.py
[2025-03-18T19:29:08.783+0000] {processor.py:914} INFO - Processing file /home/airflow/.local/lib/python3.12/site-packages/airflow/example_dags/example_task_group.py for tasks to queue
[2025-03-18T19:29:08.785+0000] {logging_mixin.py:190} INFO - [2025-03-18T19:29:08.785+0000] {dagbag.py:588} INFO - Filling up the DagBag from /home/airflow/.local/lib/python3.12/site-packages/airflow/example_dags/example_task_group.py
[2025-03-18T19:29:08.792+0000] {processor.py:925} INFO - DAG(s) 'example_task_group' retrieved from /home/airflow/.local/lib/python3.12/site-packages/airflow/example_dags/example_task_group.py
[2025-03-18T19:29:08.811+0000] {logging_mixin.py:190} INFO - [2025-03-18T19:29:08.811+0000] {dag.py:3239} INFO - Sync 1 DAGs
[2025-03-18T19:29:08.822+0000] {logging_mixin.py:190} INFO - [2025-03-18T19:29:08.822+0000] {dag.py:4180} INFO - Setting next_dagrun for example_task_group to None, run_after=None
[2025-03-18T19:29:08.837+0000] {processor.py:208} INFO - Processing /home/airflow/.local/lib/python3.12/site-packages/airflow/example_dags/example_task_group.py took 0.059 seconds
[2025-03-18T19:29:39.706+0000] {processor.py:186} INFO - Started process (PID=4082) to work on /home/airflow/.local/lib/python3.12/site-packages/airflow/example_dags/example_task_group.py
[2025-03-18T19:29:39.707+0000] {processor.py:914} INFO - Processing file /home/airflow/.local/lib/python3.12/site-packages/airflow/example_dags/example_task_group.py for tasks to queue
[2025-03-18T19:29:39.709+0000] {logging_mixin.py:190} INFO - [2025-03-18T19:29:39.708+0000] {dagbag.py:588} INFO - Filling up the DagBag from /home/airflow/.local/lib/python3.12/site-packages/airflow/example_dags/example_task_group.py
[2025-03-18T19:29:39.716+0000] {processor.py:925} INFO - DAG(s) 'example_task_group' retrieved from /home/airflow/.local/lib/python3.12/site-packages/airflow/example_dags/example_task_group.py
[2025-03-18T19:29:39.732+0000] {logging_mixin.py:190} INFO - [2025-03-18T19:29:39.732+0000] {dag.py:3239} INFO - Sync 1 DAGs
[2025-03-18T19:29:39.743+0000] {logging_mixin.py:190} INFO - [2025-03-18T19:29:39.743+0000] {dag.py:4180} INFO - Setting next_dagrun for example_task_group to None, run_after=None
[2025-03-18T19:29:39.757+0000] {processor.py:208} INFO - Processing /home/airflow/.local/lib/python3.12/site-packages/airflow/example_dags/example_task_group.py took 0.057 seconds
[2025-03-18T19:30:10.552+0000] {processor.py:186} INFO - Started process (PID=4146) to work on /home/airflow/.local/lib/python3.12/site-packages/airflow/example_dags/example_task_group.py
[2025-03-18T19:30:10.554+0000] {processor.py:914} INFO - Processing file /home/airflow/.local/lib/python3.12/site-packages/airflow/example_dags/example_task_group.py for tasks to queue
[2025-03-18T19:30:10.555+0000] {logging_mixin.py:190} INFO - [2025-03-18T19:30:10.555+0000] {dagbag.py:588} INFO - Filling up the DagBag from /home/airflow/.local/lib/python3.12/site-packages/airflow/example_dags/example_task_group.py
[2025-03-18T19:30:10.563+0000] {processor.py:925} INFO - DAG(s) 'example_task_group' retrieved from /home/airflow/.local/lib/python3.12/site-packages/airflow/example_dags/example_task_group.py
[2025-03-18T19:30:10.582+0000] {logging_mixin.py:190} INFO - [2025-03-18T19:30:10.581+0000] {dag.py:3239} INFO - Sync 1 DAGs
[2025-03-18T19:30:10.595+0000] {logging_mixin.py:190} INFO - [2025-03-18T19:30:10.595+0000] {dag.py:4180} INFO - Setting next_dagrun for example_task_group to None, run_after=None
[2025-03-18T19:30:10.611+0000] {processor.py:208} INFO - Processing /home/airflow/.local/lib/python3.12/site-packages/airflow/example_dags/example_task_group.py took 0.063 seconds
[2025-03-18T19:37:22.620+0000] {processor.py:186} INFO - Started process (PID=5048) to work on /home/airflow/.local/lib/python3.12/site-packages/airflow/example_dags/example_task_group.py
[2025-03-18T19:37:22.621+0000] {processor.py:914} INFO - Processing file /home/airflow/.local/lib/python3.12/site-packages/airflow/example_dags/example_task_group.py for tasks to queue
[2025-03-18T19:37:22.623+0000] {logging_mixin.py:190} INFO - [2025-03-18T19:37:22.622+0000] {dagbag.py:588} INFO - Filling up the DagBag from /home/airflow/.local/lib/python3.12/site-packages/airflow/example_dags/example_task_group.py
[2025-03-18T19:37:22.630+0000] {processor.py:925} INFO - DAG(s) 'example_task_group' retrieved from /home/airflow/.local/lib/python3.12/site-packages/airflow/example_dags/example_task_group.py
[2025-03-18T19:37:22.647+0000] {logging_mixin.py:190} INFO - [2025-03-18T19:37:22.647+0000] {dag.py:3239} INFO - Sync 1 DAGs
[2025-03-18T19:37:22.658+0000] {logging_mixin.py:190} INFO - [2025-03-18T19:37:22.658+0000] {dag.py:4180} INFO - Setting next_dagrun for example_task_group to None, run_after=None
[2025-03-18T19:37:22.671+0000] {processor.py:208} INFO - Processing /home/airflow/.local/lib/python3.12/site-packages/airflow/example_dags/example_task_group.py took 0.056 seconds
[2025-03-18T19:37:53.341+0000] {processor.py:186} INFO - Started process (PID=5112) to work on /home/airflow/.local/lib/python3.12/site-packages/airflow/example_dags/example_task_group.py
[2025-03-18T19:37:53.342+0000] {processor.py:914} INFO - Processing file /home/airflow/.local/lib/python3.12/site-packages/airflow/example_dags/example_task_group.py for tasks to queue
[2025-03-18T19:37:53.344+0000] {logging_mixin.py:190} INFO - [2025-03-18T19:37:53.344+0000] {dagbag.py:588} INFO - Filling up the DagBag from /home/airflow/.local/lib/python3.12/site-packages/airflow/example_dags/example_task_group.py
[2025-03-18T19:37:53.351+0000] {processor.py:925} INFO - DAG(s) 'example_task_group' retrieved from /home/airflow/.local/lib/python3.12/site-packages/airflow/example_dags/example_task_group.py
[2025-03-18T19:37:53.369+0000] {logging_mixin.py:190} INFO - [2025-03-18T19:37:53.368+0000] {dag.py:3239} INFO - Sync 1 DAGs
[2025-03-18T19:37:53.379+0000] {logging_mixin.py:190} INFO - [2025-03-18T19:37:53.379+0000] {dag.py:4180} INFO - Setting next_dagrun for example_task_group to None, run_after=None
[2025-03-18T19:37:53.394+0000] {processor.py:208} INFO - Processing /home/airflow/.local/lib/python3.12/site-packages/airflow/example_dags/example_task_group.py took 0.058 seconds
[2025-03-18T19:38:23.971+0000] {processor.py:186} INFO - Started process (PID=5176) to work on /home/airflow/.local/lib/python3.12/site-packages/airflow/example_dags/example_task_group.py
[2025-03-18T19:38:23.972+0000] {processor.py:914} INFO - Processing file /home/airflow/.local/lib/python3.12/site-packages/airflow/example_dags/example_task_group.py for tasks to queue
[2025-03-18T19:38:23.974+0000] {logging_mixin.py:190} INFO - [2025-03-18T19:38:23.974+0000] {dagbag.py:588} INFO - Filling up the DagBag from /home/airflow/.local/lib/python3.12/site-packages/airflow/example_dags/example_task_group.py
[2025-03-18T19:38:23.981+0000] {processor.py:925} INFO - DAG(s) 'example_task_group' retrieved from /home/airflow/.local/lib/python3.12/site-packages/airflow/example_dags/example_task_group.py
[2025-03-18T19:38:23.999+0000] {logging_mixin.py:190} INFO - [2025-03-18T19:38:23.999+0000] {dag.py:3239} INFO - Sync 1 DAGs
[2025-03-18T19:38:24.010+0000] {logging_mixin.py:190} INFO - [2025-03-18T19:38:24.010+0000] {dag.py:4180} INFO - Setting next_dagrun for example_task_group to None, run_after=None
[2025-03-18T19:38:24.024+0000] {processor.py:208} INFO - Processing /home/airflow/.local/lib/python3.12/site-packages/airflow/example_dags/example_task_group.py took 0.058 seconds
[2025-03-18T19:38:54.781+0000] {processor.py:186} INFO - Started process (PID=5240) to work on /home/airflow/.local/lib/python3.12/site-packages/airflow/example_dags/example_task_group.py
[2025-03-18T19:38:54.782+0000] {processor.py:914} INFO - Processing file /home/airflow/.local/lib/python3.12/site-packages/airflow/example_dags/example_task_group.py for tasks to queue
[2025-03-18T19:38:54.784+0000] {logging_mixin.py:190} INFO - [2025-03-18T19:38:54.784+0000] {dagbag.py:588} INFO - Filling up the DagBag from /home/airflow/.local/lib/python3.12/site-packages/airflow/example_dags/example_task_group.py
[2025-03-18T19:38:54.792+0000] {processor.py:925} INFO - DAG(s) 'example_task_group' retrieved from /home/airflow/.local/lib/python3.12/site-packages/airflow/example_dags/example_task_group.py
[2025-03-18T19:38:54.810+0000] {logging_mixin.py:190} INFO - [2025-03-18T19:38:54.810+0000] {dag.py:3239} INFO - Sync 1 DAGs
[2025-03-18T19:38:54.822+0000] {logging_mixin.py:190} INFO - [2025-03-18T19:38:54.822+0000] {dag.py:4180} INFO - Setting next_dagrun for example_task_group to None, run_after=None
[2025-03-18T19:38:54.836+0000] {processor.py:208} INFO - Processing /home/airflow/.local/lib/python3.12/site-packages/airflow/example_dags/example_task_group.py took 0.060 seconds
[2025-03-18T19:39:25.670+0000] {processor.py:186} INFO - Started process (PID=5304) to work on /home/airflow/.local/lib/python3.12/site-packages/airflow/example_dags/example_task_group.py
[2025-03-18T19:39:25.671+0000] {processor.py:914} INFO - Processing file /home/airflow/.local/lib/python3.12/site-packages/airflow/example_dags/example_task_group.py for tasks to queue
[2025-03-18T19:39:25.672+0000] {logging_mixin.py:190} INFO - [2025-03-18T19:39:25.672+0000] {dagbag.py:588} INFO - Filling up the DagBag from /home/airflow/.local/lib/python3.12/site-packages/airflow/example_dags/example_task_group.py
[2025-03-18T19:39:25.679+0000] {processor.py:925} INFO - DAG(s) 'example_task_group' retrieved from /home/airflow/.local/lib/python3.12/site-packages/airflow/example_dags/example_task_group.py
[2025-03-18T19:39:25.696+0000] {logging_mixin.py:190} INFO - [2025-03-18T19:39:25.696+0000] {dag.py:3239} INFO - Sync 1 DAGs
[2025-03-18T19:39:25.707+0000] {logging_mixin.py:190} INFO - [2025-03-18T19:39:25.707+0000] {dag.py:4180} INFO - Setting next_dagrun for example_task_group to None, run_after=None
[2025-03-18T19:39:25.720+0000] {processor.py:208} INFO - Processing /home/airflow/.local/lib/python3.12/site-packages/airflow/example_dags/example_task_group.py took 0.055 seconds
[2025-03-18T19:39:56.361+0000] {processor.py:186} INFO - Started process (PID=5368) to work on /home/airflow/.local/lib/python3.12/site-packages/airflow/example_dags/example_task_group.py
[2025-03-18T19:39:56.361+0000] {processor.py:914} INFO - Processing file /home/airflow/.local/lib/python3.12/site-packages/airflow/example_dags/example_task_group.py for tasks to queue
[2025-03-18T19:39:56.363+0000] {logging_mixin.py:190} INFO - [2025-03-18T19:39:56.363+0000] {dagbag.py:588} INFO - Filling up the DagBag from /home/airflow/.local/lib/python3.12/site-packages/airflow/example_dags/example_task_group.py
[2025-03-18T19:39:56.370+0000] {processor.py:925} INFO - DAG(s) 'example_task_group' retrieved from /home/airflow/.local/lib/python3.12/site-packages/airflow/example_dags/example_task_group.py
[2025-03-18T19:39:56.389+0000] {logging_mixin.py:190} INFO - [2025-03-18T19:39:56.389+0000] {dag.py:3239} INFO - Sync 1 DAGs
[2025-03-18T19:39:56.400+0000] {logging_mixin.py:190} INFO - [2025-03-18T19:39:56.400+0000] {dag.py:4180} INFO - Setting next_dagrun for example_task_group to None, run_after=None
[2025-03-18T19:39:56.415+0000] {processor.py:208} INFO - Processing /home/airflow/.local/lib/python3.12/site-packages/airflow/example_dags/example_task_group.py took 0.060 seconds
[2025-03-18T19:40:27.222+0000] {processor.py:186} INFO - Started process (PID=5432) to work on /home/airflow/.local/lib/python3.12/site-packages/airflow/example_dags/example_task_group.py
[2025-03-18T19:40:27.223+0000] {processor.py:914} INFO - Processing file /home/airflow/.local/lib/python3.12/site-packages/airflow/example_dags/example_task_group.py for tasks to queue
[2025-03-18T19:40:27.225+0000] {logging_mixin.py:190} INFO - [2025-03-18T19:40:27.225+0000] {dagbag.py:588} INFO - Filling up the DagBag from /home/airflow/.local/lib/python3.12/site-packages/airflow/example_dags/example_task_group.py
[2025-03-18T19:40:27.232+0000] {processor.py:925} INFO - DAG(s) 'example_task_group' retrieved from /home/airflow/.local/lib/python3.12/site-packages/airflow/example_dags/example_task_group.py
[2025-03-18T19:40:27.250+0000] {logging_mixin.py:190} INFO - [2025-03-18T19:40:27.249+0000] {dag.py:3239} INFO - Sync 1 DAGs
[2025-03-18T19:40:27.261+0000] {logging_mixin.py:190} INFO - [2025-03-18T19:40:27.261+0000] {dag.py:4180} INFO - Setting next_dagrun for example_task_group to None, run_after=None
[2025-03-18T19:40:27.273+0000] {processor.py:208} INFO - Processing /home/airflow/.local/lib/python3.12/site-packages/airflow/example_dags/example_task_group.py took 0.056 seconds
[2025-03-18T19:40:57.815+0000] {processor.py:186} INFO - Started process (PID=5496) to work on /home/airflow/.local/lib/python3.12/site-packages/airflow/example_dags/example_task_group.py
[2025-03-18T19:40:57.816+0000] {processor.py:914} INFO - Processing file /home/airflow/.local/lib/python3.12/site-packages/airflow/example_dags/example_task_group.py for tasks to queue
[2025-03-18T19:40:57.818+0000] {logging_mixin.py:190} INFO - [2025-03-18T19:40:57.818+0000] {dagbag.py:588} INFO - Filling up the DagBag from /home/airflow/.local/lib/python3.12/site-packages/airflow/example_dags/example_task_group.py
[2025-03-18T19:40:57.824+0000] {processor.py:925} INFO - DAG(s) 'example_task_group' retrieved from /home/airflow/.local/lib/python3.12/site-packages/airflow/example_dags/example_task_group.py
[2025-03-18T19:40:57.842+0000] {logging_mixin.py:190} INFO - [2025-03-18T19:40:57.842+0000] {dag.py:3239} INFO - Sync 1 DAGs
[2025-03-18T19:40:57.853+0000] {logging_mixin.py:190} INFO - [2025-03-18T19:40:57.853+0000] {dag.py:4180} INFO - Setting next_dagrun for example_task_group to None, run_after=None
[2025-03-18T19:40:57.866+0000] {processor.py:208} INFO - Processing /home/airflow/.local/lib/python3.12/site-packages/airflow/example_dags/example_task_group.py took 0.056 seconds
[2025-03-18T19:41:28.465+0000] {processor.py:186} INFO - Started process (PID=5560) to work on /home/airflow/.local/lib/python3.12/site-packages/airflow/example_dags/example_task_group.py
[2025-03-18T19:41:28.466+0000] {processor.py:914} INFO - Processing file /home/airflow/.local/lib/python3.12/site-packages/airflow/example_dags/example_task_group.py for tasks to queue
[2025-03-18T19:41:28.468+0000] {logging_mixin.py:190} INFO - [2025-03-18T19:41:28.468+0000] {dagbag.py:588} INFO - Filling up the DagBag from /home/airflow/.local/lib/python3.12/site-packages/airflow/example_dags/example_task_group.py
[2025-03-18T19:41:28.475+0000] {processor.py:925} INFO - DAG(s) 'example_task_group' retrieved from /home/airflow/.local/lib/python3.12/site-packages/airflow/example_dags/example_task_group.py
[2025-03-18T19:41:28.493+0000] {logging_mixin.py:190} INFO - [2025-03-18T19:41:28.493+0000] {dag.py:3239} INFO - Sync 1 DAGs
[2025-03-18T19:41:28.504+0000] {logging_mixin.py:190} INFO - [2025-03-18T19:41:28.504+0000] {dag.py:4180} INFO - Setting next_dagrun for example_task_group to None, run_after=None
[2025-03-18T19:41:28.519+0000] {processor.py:208} INFO - Processing /home/airflow/.local/lib/python3.12/site-packages/airflow/example_dags/example_task_group.py took 0.058 seconds
[2025-03-18T19:41:59.236+0000] {processor.py:186} INFO - Started process (PID=5624) to work on /home/airflow/.local/lib/python3.12/site-packages/airflow/example_dags/example_task_group.py
[2025-03-18T19:41:59.237+0000] {processor.py:914} INFO - Processing file /home/airflow/.local/lib/python3.12/site-packages/airflow/example_dags/example_task_group.py for tasks to queue
[2025-03-18T19:41:59.239+0000] {logging_mixin.py:190} INFO - [2025-03-18T19:41:59.239+0000] {dagbag.py:588} INFO - Filling up the DagBag from /home/airflow/.local/lib/python3.12/site-packages/airflow/example_dags/example_task_group.py
[2025-03-18T19:41:59.246+0000] {processor.py:925} INFO - DAG(s) 'example_task_group' retrieved from /home/airflow/.local/lib/python3.12/site-packages/airflow/example_dags/example_task_group.py
[2025-03-18T19:41:59.263+0000] {logging_mixin.py:190} INFO - [2025-03-18T19:41:59.263+0000] {dag.py:3239} INFO - Sync 1 DAGs
[2025-03-18T19:41:59.274+0000] {logging_mixin.py:190} INFO - [2025-03-18T19:41:59.274+0000] {dag.py:4180} INFO - Setting next_dagrun for example_task_group to None, run_after=None
[2025-03-18T19:41:59.289+0000] {processor.py:208} INFO - Processing /home/airflow/.local/lib/python3.12/site-packages/airflow/example_dags/example_task_group.py took 0.059 seconds
[2025-03-18T19:42:30.675+0000] {processor.py:186} INFO - Started process (PID=5688) to work on /home/airflow/.local/lib/python3.12/site-packages/airflow/example_dags/example_task_group.py
[2025-03-18T19:42:30.676+0000] {processor.py:914} INFO - Processing file /home/airflow/.local/lib/python3.12/site-packages/airflow/example_dags/example_task_group.py for tasks to queue
[2025-03-18T19:42:30.678+0000] {logging_mixin.py:190} INFO - [2025-03-18T19:42:30.678+0000] {dagbag.py:588} INFO - Filling up the DagBag from /home/airflow/.local/lib/python3.12/site-packages/airflow/example_dags/example_task_group.py
[2025-03-18T19:42:30.686+0000] {processor.py:925} INFO - DAG(s) 'example_task_group' retrieved from /home/airflow/.local/lib/python3.12/site-packages/airflow/example_dags/example_task_group.py
[2025-03-18T19:42:30.707+0000] {logging_mixin.py:190} INFO - [2025-03-18T19:42:30.707+0000] {dag.py:3239} INFO - Sync 1 DAGs
[2025-03-18T19:42:30.721+0000] {logging_mixin.py:190} INFO - [2025-03-18T19:42:30.721+0000] {dag.py:4180} INFO - Setting next_dagrun for example_task_group to None, run_after=None
[2025-03-18T19:42:30.738+0000] {processor.py:208} INFO - Processing /home/airflow/.local/lib/python3.12/site-packages/airflow/example_dags/example_task_group.py took 0.068 seconds
[2025-03-18T19:43:01.637+0000] {processor.py:186} INFO - Started process (PID=5752) to work on /home/airflow/.local/lib/python3.12/site-packages/airflow/example_dags/example_task_group.py
[2025-03-18T19:43:01.638+0000] {processor.py:914} INFO - Processing file /home/airflow/.local/lib/python3.12/site-packages/airflow/example_dags/example_task_group.py for tasks to queue
[2025-03-18T19:43:01.640+0000] {logging_mixin.py:190} INFO - [2025-03-18T19:43:01.640+0000] {dagbag.py:588} INFO - Filling up the DagBag from /home/airflow/.local/lib/python3.12/site-packages/airflow/example_dags/example_task_group.py
[2025-03-18T19:43:01.647+0000] {processor.py:925} INFO - DAG(s) 'example_task_group' retrieved from /home/airflow/.local/lib/python3.12/site-packages/airflow/example_dags/example_task_group.py
[2025-03-18T19:43:01.666+0000] {logging_mixin.py:190} INFO - [2025-03-18T19:43:01.665+0000] {dag.py:3239} INFO - Sync 1 DAGs
[2025-03-18T19:43:01.677+0000] {logging_mixin.py:190} INFO - [2025-03-18T19:43:01.677+0000] {dag.py:4180} INFO - Setting next_dagrun for example_task_group to None, run_after=None
[2025-03-18T19:43:01.690+0000] {processor.py:208} INFO - Processing /home/airflow/.local/lib/python3.12/site-packages/airflow/example_dags/example_task_group.py took 0.058 seconds
[2025-03-18T19:43:32.577+0000] {processor.py:186} INFO - Started process (PID=5816) to work on /home/airflow/.local/lib/python3.12/site-packages/airflow/example_dags/example_task_group.py
[2025-03-18T19:43:32.578+0000] {processor.py:914} INFO - Processing file /home/airflow/.local/lib/python3.12/site-packages/airflow/example_dags/example_task_group.py for tasks to queue
[2025-03-18T19:43:32.580+0000] {logging_mixin.py:190} INFO - [2025-03-18T19:43:32.580+0000] {dagbag.py:588} INFO - Filling up the DagBag from /home/airflow/.local/lib/python3.12/site-packages/airflow/example_dags/example_task_group.py
[2025-03-18T19:43:32.587+0000] {processor.py:925} INFO - DAG(s) 'example_task_group' retrieved from /home/airflow/.local/lib/python3.12/site-packages/airflow/example_dags/example_task_group.py
[2025-03-18T19:43:32.604+0000] {logging_mixin.py:190} INFO - [2025-03-18T19:43:32.604+0000] {dag.py:3239} INFO - Sync 1 DAGs
[2025-03-18T19:43:32.615+0000] {logging_mixin.py:190} INFO - [2025-03-18T19:43:32.615+0000] {dag.py:4180} INFO - Setting next_dagrun for example_task_group to None, run_after=None
[2025-03-18T19:43:32.628+0000] {processor.py:208} INFO - Processing /home/airflow/.local/lib/python3.12/site-packages/airflow/example_dags/example_task_group.py took 0.056 seconds
