[2025-03-18T19:24:04.410+0000] {processor.py:186} INFO - Started process (PID=3397) to work on /home/airflow/.local/lib/python3.12/site-packages/airflow/example_dags/example_branch_operator.py
[2025-03-18T19:24:04.411+0000] {processor.py:914} INFO - Processing file /home/airflow/.local/lib/python3.12/site-packages/airflow/example_dags/example_branch_operator.py for tasks to queue
[2025-03-18T19:24:04.413+0000] {logging_mixin.py:190} INFO - [2025-03-18T19:24:04.412+0000] {dagbag.py:588} INFO - Filling up the DagBag from /home/airflow/.local/lib/python3.12/site-packages/airflow/example_dags/example_branch_operator.py
[2025-03-18T19:24:04.427+0000] {processor.py:925} INFO - DAG(s) 'example_branch_operator' retrieved from /home/airflow/.local/lib/python3.12/site-packages/airflow/example_dags/example_branch_operator.py
[2025-03-18T19:24:04.452+0000] {logging_mixin.py:190} INFO - [2025-03-18T19:24:04.452+0000] {dag.py:3239} INFO - Sync 1 DAGs
[2025-03-18T19:24:04.471+0000] {logging_mixin.py:190} INFO - [2025-03-18T19:24:04.470+0000] {dag.py:4180} INFO - Setting next_dagrun for example_branch_operator to 2025-03-17 00:00:00+00:00, run_after=2025-03-18 00:00:00+00:00
[2025-03-18T19:24:04.486+0000] {processor.py:208} INFO - Processing /home/airflow/.local/lib/python3.12/site-packages/airflow/example_dags/example_branch_operator.py took 0.081 seconds
[2025-03-18T19:24:34.998+0000] {processor.py:186} INFO - Started process (PID=3461) to work on /home/airflow/.local/lib/python3.12/site-packages/airflow/example_dags/example_branch_operator.py
[2025-03-18T19:24:34.999+0000] {processor.py:914} INFO - Processing file /home/airflow/.local/lib/python3.12/site-packages/airflow/example_dags/example_branch_operator.py for tasks to queue
[2025-03-18T19:24:35.001+0000] {logging_mixin.py:190} INFO - [2025-03-18T19:24:35.000+0000] {dagbag.py:588} INFO - Filling up the DagBag from /home/airflow/.local/lib/python3.12/site-packages/airflow/example_dags/example_branch_operator.py
[2025-03-18T19:24:35.016+0000] {processor.py:925} INFO - DAG(s) 'example_branch_operator' retrieved from /home/airflow/.local/lib/python3.12/site-packages/airflow/example_dags/example_branch_operator.py
[2025-03-18T19:24:35.042+0000] {logging_mixin.py:190} INFO - [2025-03-18T19:24:35.042+0000] {dag.py:3239} INFO - Sync 1 DAGs
[2025-03-18T19:24:35.062+0000] {logging_mixin.py:190} INFO - [2025-03-18T19:24:35.062+0000] {dag.py:4180} INFO - Setting next_dagrun for example_branch_operator to 2025-03-17 00:00:00+00:00, run_after=2025-03-18 00:00:00+00:00
[2025-03-18T19:24:35.079+0000] {processor.py:208} INFO - Processing /home/airflow/.local/lib/python3.12/site-packages/airflow/example_dags/example_branch_operator.py took 0.086 seconds
[2025-03-18T19:25:05.478+0000] {processor.py:186} INFO - Started process (PID=3525) to work on /home/airflow/.local/lib/python3.12/site-packages/airflow/example_dags/example_branch_operator.py
[2025-03-18T19:25:05.479+0000] {processor.py:914} INFO - Processing file /home/airflow/.local/lib/python3.12/site-packages/airflow/example_dags/example_branch_operator.py for tasks to queue
[2025-03-18T19:25:05.480+0000] {logging_mixin.py:190} INFO - [2025-03-18T19:25:05.480+0000] {dagbag.py:588} INFO - Filling up the DagBag from /home/airflow/.local/lib/python3.12/site-packages/airflow/example_dags/example_branch_operator.py
[2025-03-18T19:25:05.495+0000] {processor.py:925} INFO - DAG(s) 'example_branch_operator' retrieved from /home/airflow/.local/lib/python3.12/site-packages/airflow/example_dags/example_branch_operator.py
[2025-03-18T19:25:05.518+0000] {logging_mixin.py:190} INFO - [2025-03-18T19:25:05.518+0000] {dag.py:3239} INFO - Sync 1 DAGs
[2025-03-18T19:25:05.537+0000] {logging_mixin.py:190} INFO - [2025-03-18T19:25:05.537+0000] {dag.py:4180} INFO - Setting next_dagrun for example_branch_operator to 2025-03-17 00:00:00+00:00, run_after=2025-03-18 00:00:00+00:00
[2025-03-18T19:25:05.551+0000] {processor.py:208} INFO - Processing /home/airflow/.local/lib/python3.12/site-packages/airflow/example_dags/example_branch_operator.py took 0.079 seconds
[2025-03-18T19:25:36.109+0000] {processor.py:186} INFO - Started process (PID=3589) to work on /home/airflow/.local/lib/python3.12/site-packages/airflow/example_dags/example_branch_operator.py
[2025-03-18T19:25:36.109+0000] {processor.py:914} INFO - Processing file /home/airflow/.local/lib/python3.12/site-packages/airflow/example_dags/example_branch_operator.py for tasks to queue
[2025-03-18T19:25:36.112+0000] {logging_mixin.py:190} INFO - [2025-03-18T19:25:36.111+0000] {dagbag.py:588} INFO - Filling up the DagBag from /home/airflow/.local/lib/python3.12/site-packages/airflow/example_dags/example_branch_operator.py
[2025-03-18T19:25:36.127+0000] {processor.py:925} INFO - DAG(s) 'example_branch_operator' retrieved from /home/airflow/.local/lib/python3.12/site-packages/airflow/example_dags/example_branch_operator.py
[2025-03-18T19:25:36.151+0000] {logging_mixin.py:190} INFO - [2025-03-18T19:25:36.151+0000] {dag.py:3239} INFO - Sync 1 DAGs
[2025-03-18T19:25:36.173+0000] {logging_mixin.py:190} INFO - [2025-03-18T19:25:36.173+0000] {dag.py:4180} INFO - Setting next_dagrun for example_branch_operator to 2025-03-17 00:00:00+00:00, run_after=2025-03-18 00:00:00+00:00
[2025-03-18T19:25:36.189+0000] {processor.py:208} INFO - Processing /home/airflow/.local/lib/python3.12/site-packages/airflow/example_dags/example_branch_operator.py took 0.085 seconds
[2025-03-18T19:26:06.738+0000] {processor.py:186} INFO - Started process (PID=3653) to work on /home/airflow/.local/lib/python3.12/site-packages/airflow/example_dags/example_branch_operator.py
[2025-03-18T19:26:06.739+0000] {processor.py:914} INFO - Processing file /home/airflow/.local/lib/python3.12/site-packages/airflow/example_dags/example_branch_operator.py for tasks to queue
[2025-03-18T19:26:06.741+0000] {logging_mixin.py:190} INFO - [2025-03-18T19:26:06.741+0000] {dagbag.py:588} INFO - Filling up the DagBag from /home/airflow/.local/lib/python3.12/site-packages/airflow/example_dags/example_branch_operator.py
[2025-03-18T19:26:06.755+0000] {processor.py:925} INFO - DAG(s) 'example_branch_operator' retrieved from /home/airflow/.local/lib/python3.12/site-packages/airflow/example_dags/example_branch_operator.py
[2025-03-18T19:26:06.778+0000] {logging_mixin.py:190} INFO - [2025-03-18T19:26:06.778+0000] {dag.py:3239} INFO - Sync 1 DAGs
[2025-03-18T19:26:06.797+0000] {logging_mixin.py:190} INFO - [2025-03-18T19:26:06.797+0000] {dag.py:4180} INFO - Setting next_dagrun for example_branch_operator to 2025-03-17 00:00:00+00:00, run_after=2025-03-18 00:00:00+00:00
[2025-03-18T19:26:06.810+0000] {processor.py:208} INFO - Processing /home/airflow/.local/lib/python3.12/site-packages/airflow/example_dags/example_branch_operator.py took 0.076 seconds
[2025-03-18T19:26:37.342+0000] {processor.py:186} INFO - Started process (PID=3717) to work on /home/airflow/.local/lib/python3.12/site-packages/airflow/example_dags/example_branch_operator.py
[2025-03-18T19:26:37.343+0000] {processor.py:914} INFO - Processing file /home/airflow/.local/lib/python3.12/site-packages/airflow/example_dags/example_branch_operator.py for tasks to queue
[2025-03-18T19:26:37.345+0000] {logging_mixin.py:190} INFO - [2025-03-18T19:26:37.344+0000] {dagbag.py:588} INFO - Filling up the DagBag from /home/airflow/.local/lib/python3.12/site-packages/airflow/example_dags/example_branch_operator.py
[2025-03-18T19:26:37.359+0000] {processor.py:925} INFO - DAG(s) 'example_branch_operator' retrieved from /home/airflow/.local/lib/python3.12/site-packages/airflow/example_dags/example_branch_operator.py
[2025-03-18T19:26:37.382+0000] {logging_mixin.py:190} INFO - [2025-03-18T19:26:37.382+0000] {dag.py:3239} INFO - Sync 1 DAGs
[2025-03-18T19:26:37.401+0000] {logging_mixin.py:190} INFO - [2025-03-18T19:26:37.401+0000] {dag.py:4180} INFO - Setting next_dagrun for example_branch_operator to 2025-03-17 00:00:00+00:00, run_after=2025-03-18 00:00:00+00:00
[2025-03-18T19:26:37.414+0000] {processor.py:208} INFO - Processing /home/airflow/.local/lib/python3.12/site-packages/airflow/example_dags/example_branch_operator.py took 0.078 seconds
[2025-03-18T19:27:07.839+0000] {processor.py:186} INFO - Started process (PID=3781) to work on /home/airflow/.local/lib/python3.12/site-packages/airflow/example_dags/example_branch_operator.py
[2025-03-18T19:27:07.840+0000] {processor.py:914} INFO - Processing file /home/airflow/.local/lib/python3.12/site-packages/airflow/example_dags/example_branch_operator.py for tasks to queue
[2025-03-18T19:27:07.842+0000] {logging_mixin.py:190} INFO - [2025-03-18T19:27:07.842+0000] {dagbag.py:588} INFO - Filling up the DagBag from /home/airflow/.local/lib/python3.12/site-packages/airflow/example_dags/example_branch_operator.py
[2025-03-18T19:27:07.857+0000] {processor.py:925} INFO - DAG(s) 'example_branch_operator' retrieved from /home/airflow/.local/lib/python3.12/site-packages/airflow/example_dags/example_branch_operator.py
[2025-03-18T19:27:07.880+0000] {logging_mixin.py:190} INFO - [2025-03-18T19:27:07.880+0000] {dag.py:3239} INFO - Sync 1 DAGs
[2025-03-18T19:27:07.899+0000] {logging_mixin.py:190} INFO - [2025-03-18T19:27:07.899+0000] {dag.py:4180} INFO - Setting next_dagrun for example_branch_operator to 2025-03-17 00:00:00+00:00, run_after=2025-03-18 00:00:00+00:00
[2025-03-18T19:27:07.913+0000] {processor.py:208} INFO - Processing /home/airflow/.local/lib/python3.12/site-packages/airflow/example_dags/example_branch_operator.py took 0.079 seconds
[2025-03-18T19:27:38.480+0000] {processor.py:186} INFO - Started process (PID=3845) to work on /home/airflow/.local/lib/python3.12/site-packages/airflow/example_dags/example_branch_operator.py
[2025-03-18T19:27:38.481+0000] {processor.py:914} INFO - Processing file /home/airflow/.local/lib/python3.12/site-packages/airflow/example_dags/example_branch_operator.py for tasks to queue
[2025-03-18T19:27:38.483+0000] {logging_mixin.py:190} INFO - [2025-03-18T19:27:38.483+0000] {dagbag.py:588} INFO - Filling up the DagBag from /home/airflow/.local/lib/python3.12/site-packages/airflow/example_dags/example_branch_operator.py
[2025-03-18T19:27:38.499+0000] {processor.py:925} INFO - DAG(s) 'example_branch_operator' retrieved from /home/airflow/.local/lib/python3.12/site-packages/airflow/example_dags/example_branch_operator.py
[2025-03-18T19:27:38.522+0000] {logging_mixin.py:190} INFO - [2025-03-18T19:27:38.522+0000] {dag.py:3239} INFO - Sync 1 DAGs
[2025-03-18T19:27:38.544+0000] {logging_mixin.py:190} INFO - [2025-03-18T19:27:38.543+0000] {dag.py:4180} INFO - Setting next_dagrun for example_branch_operator to 2025-03-17 00:00:00+00:00, run_after=2025-03-18 00:00:00+00:00
[2025-03-18T19:27:38.561+0000] {processor.py:208} INFO - Processing /home/airflow/.local/lib/python3.12/site-packages/airflow/example_dags/example_branch_operator.py took 0.085 seconds
[2025-03-18T19:28:09.417+0000] {processor.py:186} INFO - Started process (PID=3910) to work on /home/airflow/.local/lib/python3.12/site-packages/airflow/example_dags/example_branch_operator.py
[2025-03-18T19:28:09.418+0000] {processor.py:914} INFO - Processing file /home/airflow/.local/lib/python3.12/site-packages/airflow/example_dags/example_branch_operator.py for tasks to queue
[2025-03-18T19:28:09.420+0000] {logging_mixin.py:190} INFO - [2025-03-18T19:28:09.420+0000] {dagbag.py:588} INFO - Filling up the DagBag from /home/airflow/.local/lib/python3.12/site-packages/airflow/example_dags/example_branch_operator.py
[2025-03-18T19:28:09.435+0000] {processor.py:925} INFO - DAG(s) 'example_branch_operator' retrieved from /home/airflow/.local/lib/python3.12/site-packages/airflow/example_dags/example_branch_operator.py
[2025-03-18T19:28:09.459+0000] {logging_mixin.py:190} INFO - [2025-03-18T19:28:09.459+0000] {dag.py:3239} INFO - Sync 1 DAGs
[2025-03-18T19:28:09.478+0000] {logging_mixin.py:190} INFO - [2025-03-18T19:28:09.478+0000] {dag.py:4180} INFO - Setting next_dagrun for example_branch_operator to 2025-03-17 00:00:00+00:00, run_after=2025-03-18 00:00:00+00:00
[2025-03-18T19:28:09.493+0000] {processor.py:208} INFO - Processing /home/airflow/.local/lib/python3.12/site-packages/airflow/example_dags/example_branch_operator.py took 0.082 seconds
[2025-03-18T19:28:40.450+0000] {processor.py:186} INFO - Started process (PID=3974) to work on /home/airflow/.local/lib/python3.12/site-packages/airflow/example_dags/example_branch_operator.py
[2025-03-18T19:28:40.451+0000] {processor.py:914} INFO - Processing file /home/airflow/.local/lib/python3.12/site-packages/airflow/example_dags/example_branch_operator.py for tasks to queue
[2025-03-18T19:28:40.453+0000] {logging_mixin.py:190} INFO - [2025-03-18T19:28:40.453+0000] {dagbag.py:588} INFO - Filling up the DagBag from /home/airflow/.local/lib/python3.12/site-packages/airflow/example_dags/example_branch_operator.py
[2025-03-18T19:28:40.467+0000] {processor.py:925} INFO - DAG(s) 'example_branch_operator' retrieved from /home/airflow/.local/lib/python3.12/site-packages/airflow/example_dags/example_branch_operator.py
[2025-03-18T19:28:40.491+0000] {logging_mixin.py:190} INFO - [2025-03-18T19:28:40.491+0000] {dag.py:3239} INFO - Sync 1 DAGs
[2025-03-18T19:28:40.510+0000] {logging_mixin.py:190} INFO - [2025-03-18T19:28:40.510+0000] {dag.py:4180} INFO - Setting next_dagrun for example_branch_operator to 2025-03-17 00:00:00+00:00, run_after=2025-03-18 00:00:00+00:00
[2025-03-18T19:28:40.525+0000] {processor.py:208} INFO - Processing /home/airflow/.local/lib/python3.12/site-packages/airflow/example_dags/example_branch_operator.py took 0.080 seconds
[2025-03-18T19:29:11.347+0000] {processor.py:186} INFO - Started process (PID=4044) to work on /home/airflow/.local/lib/python3.12/site-packages/airflow/example_dags/example_branch_operator.py
[2025-03-18T19:29:11.348+0000] {processor.py:914} INFO - Processing file /home/airflow/.local/lib/python3.12/site-packages/airflow/example_dags/example_branch_operator.py for tasks to queue
[2025-03-18T19:29:11.350+0000] {logging_mixin.py:190} INFO - [2025-03-18T19:29:11.350+0000] {dagbag.py:588} INFO - Filling up the DagBag from /home/airflow/.local/lib/python3.12/site-packages/airflow/example_dags/example_branch_operator.py
[2025-03-18T19:29:11.365+0000] {processor.py:925} INFO - DAG(s) 'example_branch_operator' retrieved from /home/airflow/.local/lib/python3.12/site-packages/airflow/example_dags/example_branch_operator.py
[2025-03-18T19:29:11.390+0000] {logging_mixin.py:190} INFO - [2025-03-18T19:29:11.390+0000] {dag.py:3239} INFO - Sync 1 DAGs
[2025-03-18T19:29:11.410+0000] {logging_mixin.py:190} INFO - [2025-03-18T19:29:11.410+0000] {dag.py:4180} INFO - Setting next_dagrun for example_branch_operator to 2025-03-17 00:00:00+00:00, run_after=2025-03-18 00:00:00+00:00
[2025-03-18T19:29:11.423+0000] {processor.py:208} INFO - Processing /home/airflow/.local/lib/python3.12/site-packages/airflow/example_dags/example_branch_operator.py took 0.082 seconds
[2025-03-18T19:29:42.263+0000] {processor.py:186} INFO - Started process (PID=4108) to work on /home/airflow/.local/lib/python3.12/site-packages/airflow/example_dags/example_branch_operator.py
[2025-03-18T19:29:42.264+0000] {processor.py:914} INFO - Processing file /home/airflow/.local/lib/python3.12/site-packages/airflow/example_dags/example_branch_operator.py for tasks to queue
[2025-03-18T19:29:42.266+0000] {logging_mixin.py:190} INFO - [2025-03-18T19:29:42.266+0000] {dagbag.py:588} INFO - Filling up the DagBag from /home/airflow/.local/lib/python3.12/site-packages/airflow/example_dags/example_branch_operator.py
[2025-03-18T19:29:42.281+0000] {processor.py:925} INFO - DAG(s) 'example_branch_operator' retrieved from /home/airflow/.local/lib/python3.12/site-packages/airflow/example_dags/example_branch_operator.py
[2025-03-18T19:29:42.305+0000] {logging_mixin.py:190} INFO - [2025-03-18T19:29:42.305+0000] {dag.py:3239} INFO - Sync 1 DAGs
[2025-03-18T19:29:42.325+0000] {logging_mixin.py:190} INFO - [2025-03-18T19:29:42.325+0000] {dag.py:4180} INFO - Setting next_dagrun for example_branch_operator to 2025-03-17 00:00:00+00:00, run_after=2025-03-18 00:00:00+00:00
[2025-03-18T19:29:42.339+0000] {processor.py:208} INFO - Processing /home/airflow/.local/lib/python3.12/site-packages/airflow/example_dags/example_branch_operator.py took 0.082 seconds
[2025-03-18T19:30:12.967+0000] {processor.py:186} INFO - Started process (PID=4172) to work on /home/airflow/.local/lib/python3.12/site-packages/airflow/example_dags/example_branch_operator.py
[2025-03-18T19:30:12.968+0000] {processor.py:914} INFO - Processing file /home/airflow/.local/lib/python3.12/site-packages/airflow/example_dags/example_branch_operator.py for tasks to queue
[2025-03-18T19:30:12.970+0000] {logging_mixin.py:190} INFO - [2025-03-18T19:30:12.970+0000] {dagbag.py:588} INFO - Filling up the DagBag from /home/airflow/.local/lib/python3.12/site-packages/airflow/example_dags/example_branch_operator.py
[2025-03-18T19:30:12.985+0000] {processor.py:925} INFO - DAG(s) 'example_branch_operator' retrieved from /home/airflow/.local/lib/python3.12/site-packages/airflow/example_dags/example_branch_operator.py
[2025-03-18T19:30:13.009+0000] {logging_mixin.py:190} INFO - [2025-03-18T19:30:13.009+0000] {dag.py:3239} INFO - Sync 1 DAGs
[2025-03-18T19:30:13.028+0000] {logging_mixin.py:190} INFO - [2025-03-18T19:30:13.028+0000] {dag.py:4180} INFO - Setting next_dagrun for example_branch_operator to 2025-03-17 00:00:00+00:00, run_after=2025-03-18 00:00:00+00:00
[2025-03-18T19:30:13.042+0000] {processor.py:208} INFO - Processing /home/airflow/.local/lib/python3.12/site-packages/airflow/example_dags/example_branch_operator.py took 0.080 seconds
[2025-03-18T19:36:54.333+0000] {processor.py:186} INFO - Started process (PID=5004) to work on /home/airflow/.local/lib/python3.12/site-packages/airflow/example_dags/example_branch_operator.py
[2025-03-18T19:36:54.334+0000] {processor.py:914} INFO - Processing file /home/airflow/.local/lib/python3.12/site-packages/airflow/example_dags/example_branch_operator.py for tasks to queue
[2025-03-18T19:36:54.336+0000] {logging_mixin.py:190} INFO - [2025-03-18T19:36:54.336+0000] {dagbag.py:588} INFO - Filling up the DagBag from /home/airflow/.local/lib/python3.12/site-packages/airflow/example_dags/example_branch_operator.py
[2025-03-18T19:36:54.351+0000] {processor.py:925} INFO - DAG(s) 'example_branch_operator' retrieved from /home/airflow/.local/lib/python3.12/site-packages/airflow/example_dags/example_branch_operator.py
[2025-03-18T19:36:54.374+0000] {logging_mixin.py:190} INFO - [2025-03-18T19:36:54.374+0000] {dag.py:3239} INFO - Sync 1 DAGs
[2025-03-18T19:36:54.393+0000] {logging_mixin.py:190} INFO - [2025-03-18T19:36:54.393+0000] {dag.py:4180} INFO - Setting next_dagrun for example_branch_operator to 2025-03-17 00:00:00+00:00, run_after=2025-03-18 00:00:00+00:00
[2025-03-18T19:36:54.405+0000] {processor.py:208} INFO - Processing /home/airflow/.local/lib/python3.12/site-packages/airflow/example_dags/example_branch_operator.py took 0.078 seconds
[2025-03-18T19:37:25.100+0000] {processor.py:186} INFO - Started process (PID=5068) to work on /home/airflow/.local/lib/python3.12/site-packages/airflow/example_dags/example_branch_operator.py
[2025-03-18T19:37:25.101+0000] {processor.py:914} INFO - Processing file /home/airflow/.local/lib/python3.12/site-packages/airflow/example_dags/example_branch_operator.py for tasks to queue
[2025-03-18T19:37:25.103+0000] {logging_mixin.py:190} INFO - [2025-03-18T19:37:25.102+0000] {dagbag.py:588} INFO - Filling up the DagBag from /home/airflow/.local/lib/python3.12/site-packages/airflow/example_dags/example_branch_operator.py
[2025-03-18T19:37:25.117+0000] {processor.py:925} INFO - DAG(s) 'example_branch_operator' retrieved from /home/airflow/.local/lib/python3.12/site-packages/airflow/example_dags/example_branch_operator.py
[2025-03-18T19:37:25.140+0000] {logging_mixin.py:190} INFO - [2025-03-18T19:37:25.140+0000] {dag.py:3239} INFO - Sync 1 DAGs
[2025-03-18T19:37:25.158+0000] {logging_mixin.py:190} INFO - [2025-03-18T19:37:25.158+0000] {dag.py:4180} INFO - Setting next_dagrun for example_branch_operator to 2025-03-17 00:00:00+00:00, run_after=2025-03-18 00:00:00+00:00
[2025-03-18T19:37:25.171+0000] {processor.py:208} INFO - Processing /home/airflow/.local/lib/python3.12/site-packages/airflow/example_dags/example_branch_operator.py took 0.077 seconds
[2025-03-18T19:37:55.865+0000] {processor.py:186} INFO - Started process (PID=5132) to work on /home/airflow/.local/lib/python3.12/site-packages/airflow/example_dags/example_branch_operator.py
[2025-03-18T19:37:55.866+0000] {processor.py:914} INFO - Processing file /home/airflow/.local/lib/python3.12/site-packages/airflow/example_dags/example_branch_operator.py for tasks to queue
[2025-03-18T19:37:55.868+0000] {logging_mixin.py:190} INFO - [2025-03-18T19:37:55.867+0000] {dagbag.py:588} INFO - Filling up the DagBag from /home/airflow/.local/lib/python3.12/site-packages/airflow/example_dags/example_branch_operator.py
[2025-03-18T19:37:55.881+0000] {processor.py:925} INFO - DAG(s) 'example_branch_operator' retrieved from /home/airflow/.local/lib/python3.12/site-packages/airflow/example_dags/example_branch_operator.py
[2025-03-18T19:37:55.905+0000] {logging_mixin.py:190} INFO - [2025-03-18T19:37:55.905+0000] {dag.py:3239} INFO - Sync 1 DAGs
[2025-03-18T19:37:55.923+0000] {logging_mixin.py:190} INFO - [2025-03-18T19:37:55.923+0000] {dag.py:4180} INFO - Setting next_dagrun for example_branch_operator to 2025-03-17 00:00:00+00:00, run_after=2025-03-18 00:00:00+00:00
[2025-03-18T19:37:55.936+0000] {processor.py:208} INFO - Processing /home/airflow/.local/lib/python3.12/site-packages/airflow/example_dags/example_branch_operator.py took 0.077 seconds
[2025-03-18T19:38:26.551+0000] {processor.py:186} INFO - Started process (PID=5196) to work on /home/airflow/.local/lib/python3.12/site-packages/airflow/example_dags/example_branch_operator.py
[2025-03-18T19:38:26.552+0000] {processor.py:914} INFO - Processing file /home/airflow/.local/lib/python3.12/site-packages/airflow/example_dags/example_branch_operator.py for tasks to queue
[2025-03-18T19:38:26.554+0000] {logging_mixin.py:190} INFO - [2025-03-18T19:38:26.554+0000] {dagbag.py:588} INFO - Filling up the DagBag from /home/airflow/.local/lib/python3.12/site-packages/airflow/example_dags/example_branch_operator.py
[2025-03-18T19:38:26.570+0000] {processor.py:925} INFO - DAG(s) 'example_branch_operator' retrieved from /home/airflow/.local/lib/python3.12/site-packages/airflow/example_dags/example_branch_operator.py
[2025-03-18T19:38:26.595+0000] {logging_mixin.py:190} INFO - [2025-03-18T19:38:26.595+0000] {dag.py:3239} INFO - Sync 1 DAGs
[2025-03-18T19:38:26.615+0000] {logging_mixin.py:190} INFO - [2025-03-18T19:38:26.615+0000] {dag.py:4180} INFO - Setting next_dagrun for example_branch_operator to 2025-03-17 00:00:00+00:00, run_after=2025-03-18 00:00:00+00:00
[2025-03-18T19:38:26.631+0000] {processor.py:208} INFO - Processing /home/airflow/.local/lib/python3.12/site-packages/airflow/example_dags/example_branch_operator.py took 0.085 seconds
[2025-03-18T19:38:57.362+0000] {processor.py:186} INFO - Started process (PID=5260) to work on /home/airflow/.local/lib/python3.12/site-packages/airflow/example_dags/example_branch_operator.py
[2025-03-18T19:38:57.362+0000] {processor.py:914} INFO - Processing file /home/airflow/.local/lib/python3.12/site-packages/airflow/example_dags/example_branch_operator.py for tasks to queue
[2025-03-18T19:38:57.364+0000] {logging_mixin.py:190} INFO - [2025-03-18T19:38:57.364+0000] {dagbag.py:588} INFO - Filling up the DagBag from /home/airflow/.local/lib/python3.12/site-packages/airflow/example_dags/example_branch_operator.py
[2025-03-18T19:38:57.378+0000] {processor.py:925} INFO - DAG(s) 'example_branch_operator' retrieved from /home/airflow/.local/lib/python3.12/site-packages/airflow/example_dags/example_branch_operator.py
[2025-03-18T19:38:57.400+0000] {logging_mixin.py:190} INFO - [2025-03-18T19:38:57.400+0000] {dag.py:3239} INFO - Sync 1 DAGs
[2025-03-18T19:38:57.418+0000] {logging_mixin.py:190} INFO - [2025-03-18T19:38:57.418+0000] {dag.py:4180} INFO - Setting next_dagrun for example_branch_operator to 2025-03-17 00:00:00+00:00, run_after=2025-03-18 00:00:00+00:00
[2025-03-18T19:38:57.432+0000] {processor.py:208} INFO - Processing /home/airflow/.local/lib/python3.12/site-packages/airflow/example_dags/example_branch_operator.py took 0.075 seconds
[2025-03-18T19:39:28.140+0000] {processor.py:186} INFO - Started process (PID=5324) to work on /home/airflow/.local/lib/python3.12/site-packages/airflow/example_dags/example_branch_operator.py
[2025-03-18T19:39:28.141+0000] {processor.py:914} INFO - Processing file /home/airflow/.local/lib/python3.12/site-packages/airflow/example_dags/example_branch_operator.py for tasks to queue
[2025-03-18T19:39:28.143+0000] {logging_mixin.py:190} INFO - [2025-03-18T19:39:28.143+0000] {dagbag.py:588} INFO - Filling up the DagBag from /home/airflow/.local/lib/python3.12/site-packages/airflow/example_dags/example_branch_operator.py
[2025-03-18T19:39:28.158+0000] {processor.py:925} INFO - DAG(s) 'example_branch_operator' retrieved from /home/airflow/.local/lib/python3.12/site-packages/airflow/example_dags/example_branch_operator.py
[2025-03-18T19:39:28.180+0000] {logging_mixin.py:190} INFO - [2025-03-18T19:39:28.180+0000] {dag.py:3239} INFO - Sync 1 DAGs
[2025-03-18T19:39:28.198+0000] {logging_mixin.py:190} INFO - [2025-03-18T19:39:28.198+0000] {dag.py:4180} INFO - Setting next_dagrun for example_branch_operator to 2025-03-17 00:00:00+00:00, run_after=2025-03-18 00:00:00+00:00
[2025-03-18T19:39:28.212+0000] {processor.py:208} INFO - Processing /home/airflow/.local/lib/python3.12/site-packages/airflow/example_dags/example_branch_operator.py took 0.077 seconds
[2025-03-18T19:39:58.889+0000] {processor.py:186} INFO - Started process (PID=5388) to work on /home/airflow/.local/lib/python3.12/site-packages/airflow/example_dags/example_branch_operator.py
[2025-03-18T19:39:58.890+0000] {processor.py:914} INFO - Processing file /home/airflow/.local/lib/python3.12/site-packages/airflow/example_dags/example_branch_operator.py for tasks to queue
[2025-03-18T19:39:58.892+0000] {logging_mixin.py:190} INFO - [2025-03-18T19:39:58.892+0000] {dagbag.py:588} INFO - Filling up the DagBag from /home/airflow/.local/lib/python3.12/site-packages/airflow/example_dags/example_branch_operator.py
[2025-03-18T19:39:58.906+0000] {processor.py:925} INFO - DAG(s) 'example_branch_operator' retrieved from /home/airflow/.local/lib/python3.12/site-packages/airflow/example_dags/example_branch_operator.py
[2025-03-18T19:39:58.928+0000] {logging_mixin.py:190} INFO - [2025-03-18T19:39:58.928+0000] {dag.py:3239} INFO - Sync 1 DAGs
[2025-03-18T19:39:58.946+0000] {logging_mixin.py:190} INFO - [2025-03-18T19:39:58.946+0000] {dag.py:4180} INFO - Setting next_dagrun for example_branch_operator to 2025-03-17 00:00:00+00:00, run_after=2025-03-18 00:00:00+00:00
[2025-03-18T19:39:58.959+0000] {processor.py:208} INFO - Processing /home/airflow/.local/lib/python3.12/site-packages/airflow/example_dags/example_branch_operator.py took 0.075 seconds
[2025-03-18T19:40:29.644+0000] {processor.py:186} INFO - Started process (PID=5452) to work on /home/airflow/.local/lib/python3.12/site-packages/airflow/example_dags/example_branch_operator.py
[2025-03-18T19:40:29.645+0000] {processor.py:914} INFO - Processing file /home/airflow/.local/lib/python3.12/site-packages/airflow/example_dags/example_branch_operator.py for tasks to queue
[2025-03-18T19:40:29.647+0000] {logging_mixin.py:190} INFO - [2025-03-18T19:40:29.647+0000] {dagbag.py:588} INFO - Filling up the DagBag from /home/airflow/.local/lib/python3.12/site-packages/airflow/example_dags/example_branch_operator.py
[2025-03-18T19:40:29.661+0000] {processor.py:925} INFO - DAG(s) 'example_branch_operator' retrieved from /home/airflow/.local/lib/python3.12/site-packages/airflow/example_dags/example_branch_operator.py
[2025-03-18T19:40:29.684+0000] {logging_mixin.py:190} INFO - [2025-03-18T19:40:29.684+0000] {dag.py:3239} INFO - Sync 1 DAGs
[2025-03-18T19:40:29.702+0000] {logging_mixin.py:190} INFO - [2025-03-18T19:40:29.702+0000] {dag.py:4180} INFO - Setting next_dagrun for example_branch_operator to 2025-03-17 00:00:00+00:00, run_after=2025-03-18 00:00:00+00:00
[2025-03-18T19:40:29.715+0000] {processor.py:208} INFO - Processing /home/airflow/.local/lib/python3.12/site-packages/airflow/example_dags/example_branch_operator.py took 0.076 seconds
[2025-03-18T19:41:00.044+0000] {processor.py:186} INFO - Started process (PID=5516) to work on /home/airflow/.local/lib/python3.12/site-packages/airflow/example_dags/example_branch_operator.py
[2025-03-18T19:41:00.044+0000] {processor.py:914} INFO - Processing file /home/airflow/.local/lib/python3.12/site-packages/airflow/example_dags/example_branch_operator.py for tasks to queue
[2025-03-18T19:41:00.046+0000] {logging_mixin.py:190} INFO - [2025-03-18T19:41:00.046+0000] {dagbag.py:588} INFO - Filling up the DagBag from /home/airflow/.local/lib/python3.12/site-packages/airflow/example_dags/example_branch_operator.py
[2025-03-18T19:41:00.060+0000] {processor.py:925} INFO - DAG(s) 'example_branch_operator' retrieved from /home/airflow/.local/lib/python3.12/site-packages/airflow/example_dags/example_branch_operator.py
[2025-03-18T19:41:00.082+0000] {logging_mixin.py:190} INFO - [2025-03-18T19:41:00.082+0000] {dag.py:3239} INFO - Sync 1 DAGs
[2025-03-18T19:41:00.100+0000] {logging_mixin.py:190} INFO - [2025-03-18T19:41:00.099+0000] {dag.py:4180} INFO - Setting next_dagrun for example_branch_operator to 2025-03-17 00:00:00+00:00, run_after=2025-03-18 00:00:00+00:00
[2025-03-18T19:41:00.112+0000] {processor.py:208} INFO - Processing /home/airflow/.local/lib/python3.12/site-packages/airflow/example_dags/example_branch_operator.py took 0.074 seconds
[2025-03-18T19:41:30.720+0000] {processor.py:186} INFO - Started process (PID=5579) to work on /home/airflow/.local/lib/python3.12/site-packages/airflow/example_dags/example_branch_operator.py
[2025-03-18T19:41:30.721+0000] {processor.py:914} INFO - Processing file /home/airflow/.local/lib/python3.12/site-packages/airflow/example_dags/example_branch_operator.py for tasks to queue
[2025-03-18T19:41:30.723+0000] {logging_mixin.py:190} INFO - [2025-03-18T19:41:30.722+0000] {dagbag.py:588} INFO - Filling up the DagBag from /home/airflow/.local/lib/python3.12/site-packages/airflow/example_dags/example_branch_operator.py
[2025-03-18T19:41:30.736+0000] {processor.py:925} INFO - DAG(s) 'example_branch_operator' retrieved from /home/airflow/.local/lib/python3.12/site-packages/airflow/example_dags/example_branch_operator.py
[2025-03-18T19:41:30.757+0000] {logging_mixin.py:190} INFO - [2025-03-18T19:41:30.757+0000] {dag.py:3239} INFO - Sync 1 DAGs
[2025-03-18T19:41:30.774+0000] {logging_mixin.py:190} INFO - [2025-03-18T19:41:30.774+0000] {dag.py:4180} INFO - Setting next_dagrun for example_branch_operator to 2025-03-17 00:00:00+00:00, run_after=2025-03-18 00:00:00+00:00
[2025-03-18T19:41:30.787+0000] {processor.py:208} INFO - Processing /home/airflow/.local/lib/python3.12/site-packages/airflow/example_dags/example_branch_operator.py took 0.072 seconds
[2025-03-18T19:42:01.567+0000] {processor.py:186} INFO - Started process (PID=5643) to work on /home/airflow/.local/lib/python3.12/site-packages/airflow/example_dags/example_branch_operator.py
[2025-03-18T19:42:01.568+0000] {processor.py:914} INFO - Processing file /home/airflow/.local/lib/python3.12/site-packages/airflow/example_dags/example_branch_operator.py for tasks to queue
[2025-03-18T19:42:01.570+0000] {logging_mixin.py:190} INFO - [2025-03-18T19:42:01.570+0000] {dagbag.py:588} INFO - Filling up the DagBag from /home/airflow/.local/lib/python3.12/site-packages/airflow/example_dags/example_branch_operator.py
[2025-03-18T19:42:01.585+0000] {processor.py:925} INFO - DAG(s) 'example_branch_operator' retrieved from /home/airflow/.local/lib/python3.12/site-packages/airflow/example_dags/example_branch_operator.py
[2025-03-18T19:42:01.611+0000] {logging_mixin.py:190} INFO - [2025-03-18T19:42:01.611+0000] {dag.py:3239} INFO - Sync 1 DAGs
[2025-03-18T19:42:01.630+0000] {logging_mixin.py:190} INFO - [2025-03-18T19:42:01.630+0000] {dag.py:4180} INFO - Setting next_dagrun for example_branch_operator to 2025-03-17 00:00:00+00:00, run_after=2025-03-18 00:00:00+00:00
[2025-03-18T19:42:01.646+0000] {processor.py:208} INFO - Processing /home/airflow/.local/lib/python3.12/site-packages/airflow/example_dags/example_branch_operator.py took 0.084 seconds
[2025-03-18T19:42:33.047+0000] {processor.py:186} INFO - Started process (PID=5707) to work on /home/airflow/.local/lib/python3.12/site-packages/airflow/example_dags/example_branch_operator.py
[2025-03-18T19:42:33.048+0000] {processor.py:914} INFO - Processing file /home/airflow/.local/lib/python3.12/site-packages/airflow/example_dags/example_branch_operator.py for tasks to queue
[2025-03-18T19:42:33.050+0000] {logging_mixin.py:190} INFO - [2025-03-18T19:42:33.050+0000] {dagbag.py:588} INFO - Filling up the DagBag from /home/airflow/.local/lib/python3.12/site-packages/airflow/example_dags/example_branch_operator.py
[2025-03-18T19:42:33.065+0000] {processor.py:925} INFO - DAG(s) 'example_branch_operator' retrieved from /home/airflow/.local/lib/python3.12/site-packages/airflow/example_dags/example_branch_operator.py
[2025-03-18T19:42:33.091+0000] {logging_mixin.py:190} INFO - [2025-03-18T19:42:33.091+0000] {dag.py:3239} INFO - Sync 1 DAGs
[2025-03-18T19:42:33.111+0000] {logging_mixin.py:190} INFO - [2025-03-18T19:42:33.111+0000] {dag.py:4180} INFO - Setting next_dagrun for example_branch_operator to 2025-03-17 00:00:00+00:00, run_after=2025-03-18 00:00:00+00:00
[2025-03-18T19:42:33.126+0000] {processor.py:208} INFO - Processing /home/airflow/.local/lib/python3.12/site-packages/airflow/example_dags/example_branch_operator.py took 0.084 seconds
[2025-03-18T19:43:04.161+0000] {processor.py:186} INFO - Started process (PID=5772) to work on /home/airflow/.local/lib/python3.12/site-packages/airflow/example_dags/example_branch_operator.py
[2025-03-18T19:43:04.162+0000] {processor.py:914} INFO - Processing file /home/airflow/.local/lib/python3.12/site-packages/airflow/example_dags/example_branch_operator.py for tasks to queue
[2025-03-18T19:43:04.164+0000] {logging_mixin.py:190} INFO - [2025-03-18T19:43:04.164+0000] {dagbag.py:588} INFO - Filling up the DagBag from /home/airflow/.local/lib/python3.12/site-packages/airflow/example_dags/example_branch_operator.py
[2025-03-18T19:43:04.179+0000] {processor.py:925} INFO - DAG(s) 'example_branch_operator' retrieved from /home/airflow/.local/lib/python3.12/site-packages/airflow/example_dags/example_branch_operator.py
[2025-03-18T19:43:04.202+0000] {logging_mixin.py:190} INFO - [2025-03-18T19:43:04.202+0000] {dag.py:3239} INFO - Sync 1 DAGs
[2025-03-18T19:43:04.225+0000] {logging_mixin.py:190} INFO - [2025-03-18T19:43:04.225+0000] {dag.py:4180} INFO - Setting next_dagrun for example_branch_operator to 2025-03-17 00:00:00+00:00, run_after=2025-03-18 00:00:00+00:00
[2025-03-18T19:43:04.241+0000] {processor.py:208} INFO - Processing /home/airflow/.local/lib/python3.12/site-packages/airflow/example_dags/example_branch_operator.py took 0.085 seconds
[2025-03-18T19:43:34.902+0000] {processor.py:186} INFO - Started process (PID=5835) to work on /home/airflow/.local/lib/python3.12/site-packages/airflow/example_dags/example_branch_operator.py
[2025-03-18T19:43:34.903+0000] {processor.py:914} INFO - Processing file /home/airflow/.local/lib/python3.12/site-packages/airflow/example_dags/example_branch_operator.py for tasks to queue
[2025-03-18T19:43:34.905+0000] {logging_mixin.py:190} INFO - [2025-03-18T19:43:34.905+0000] {dagbag.py:588} INFO - Filling up the DagBag from /home/airflow/.local/lib/python3.12/site-packages/airflow/example_dags/example_branch_operator.py
[2025-03-18T19:43:34.919+0000] {processor.py:925} INFO - DAG(s) 'example_branch_operator' retrieved from /home/airflow/.local/lib/python3.12/site-packages/airflow/example_dags/example_branch_operator.py
[2025-03-18T19:43:34.942+0000] {logging_mixin.py:190} INFO - [2025-03-18T19:43:34.942+0000] {dag.py:3239} INFO - Sync 1 DAGs
[2025-03-18T19:43:34.961+0000] {logging_mixin.py:190} INFO - [2025-03-18T19:43:34.961+0000] {dag.py:4180} INFO - Setting next_dagrun for example_branch_operator to 2025-03-17 00:00:00+00:00, run_after=2025-03-18 00:00:00+00:00
[2025-03-18T19:43:34.975+0000] {processor.py:208} INFO - Processing /home/airflow/.local/lib/python3.12/site-packages/airflow/example_dags/example_branch_operator.py took 0.078 seconds
