[2025-03-18T19:23:34.627+0000] {processor.py:186} INFO - Started process (PID=3347) to work on /home/airflow/.local/lib/python3.12/site-packages/airflow/example_dags/example_external_task_marker_dag.py
[2025-03-18T19:23:34.628+0000] {processor.py:914} INFO - Processing file /home/airflow/.local/lib/python3.12/site-packages/airflow/example_dags/example_external_task_marker_dag.py for tasks to queue
[2025-03-18T19:23:34.630+0000] {logging_mixin.py:190} INFO - [2025-03-18T19:23:34.630+0000] {dagbag.py:588} INFO - Filling up the DagBag from /home/airflow/.local/lib/python3.12/site-packages/airflow/example_dags/example_external_task_marker_dag.py
[2025-03-18T19:23:34.637+0000] {processor.py:925} INFO - DAG(s) 'example_external_task_marker_child', 'example_external_task_marker_parent' retrieved from /home/airflow/.local/lib/python3.12/site-packages/airflow/example_dags/example_external_task_marker_dag.py
[2025-03-18T19:23:34.658+0000] {logging_mixin.py:190} INFO - [2025-03-18T19:23:34.658+0000] {dag.py:3239} INFO - Sync 2 DAGs
[2025-03-18T19:23:34.671+0000] {logging_mixin.py:190} INFO - [2025-03-18T19:23:34.671+0000] {dag.py:4180} INFO - Setting next_dagrun for example_external_task_marker_child to None, run_after=None
[2025-03-18T19:23:34.675+0000] {logging_mixin.py:190} INFO - [2025-03-18T19:23:34.674+0000] {dag.py:4180} INFO - Setting next_dagrun for example_external_task_marker_parent to None, run_after=None
[2025-03-18T19:23:34.689+0000] {processor.py:208} INFO - Processing /home/airflow/.local/lib/python3.12/site-packages/airflow/example_dags/example_external_task_marker_dag.py took 0.067 seconds
[2025-03-18T19:24:05.029+0000] {processor.py:186} INFO - Started process (PID=3411) to work on /home/airflow/.local/lib/python3.12/site-packages/airflow/example_dags/example_external_task_marker_dag.py
[2025-03-18T19:24:05.030+0000] {processor.py:914} INFO - Processing file /home/airflow/.local/lib/python3.12/site-packages/airflow/example_dags/example_external_task_marker_dag.py for tasks to queue
[2025-03-18T19:24:05.032+0000] {logging_mixin.py:190} INFO - [2025-03-18T19:24:05.032+0000] {dagbag.py:588} INFO - Filling up the DagBag from /home/airflow/.local/lib/python3.12/site-packages/airflow/example_dags/example_external_task_marker_dag.py
[2025-03-18T19:24:05.039+0000] {processor.py:925} INFO - DAG(s) 'example_external_task_marker_parent', 'example_external_task_marker_child' retrieved from /home/airflow/.local/lib/python3.12/site-packages/airflow/example_dags/example_external_task_marker_dag.py
[2025-03-18T19:24:05.059+0000] {logging_mixin.py:190} INFO - [2025-03-18T19:24:05.059+0000] {dag.py:3239} INFO - Sync 2 DAGs
[2025-03-18T19:24:05.071+0000] {logging_mixin.py:190} INFO - [2025-03-18T19:24:05.071+0000] {dag.py:4180} INFO - Setting next_dagrun for example_external_task_marker_child to None, run_after=None
[2025-03-18T19:24:05.075+0000] {logging_mixin.py:190} INFO - [2025-03-18T19:24:05.074+0000] {dag.py:4180} INFO - Setting next_dagrun for example_external_task_marker_parent to None, run_after=None
[2025-03-18T19:24:05.086+0000] {processor.py:208} INFO - Processing /home/airflow/.local/lib/python3.12/site-packages/airflow/example_dags/example_external_task_marker_dag.py took 0.062 seconds
[2025-03-18T19:24:35.798+0000] {processor.py:186} INFO - Started process (PID=3475) to work on /home/airflow/.local/lib/python3.12/site-packages/airflow/example_dags/example_external_task_marker_dag.py
[2025-03-18T19:24:35.799+0000] {processor.py:914} INFO - Processing file /home/airflow/.local/lib/python3.12/site-packages/airflow/example_dags/example_external_task_marker_dag.py for tasks to queue
[2025-03-18T19:24:35.801+0000] {logging_mixin.py:190} INFO - [2025-03-18T19:24:35.800+0000] {dagbag.py:588} INFO - Filling up the DagBag from /home/airflow/.local/lib/python3.12/site-packages/airflow/example_dags/example_external_task_marker_dag.py
[2025-03-18T19:24:35.807+0000] {processor.py:925} INFO - DAG(s) 'example_external_task_marker_parent', 'example_external_task_marker_child' retrieved from /home/airflow/.local/lib/python3.12/site-packages/airflow/example_dags/example_external_task_marker_dag.py
[2025-03-18T19:24:35.827+0000] {logging_mixin.py:190} INFO - [2025-03-18T19:24:35.827+0000] {dag.py:3239} INFO - Sync 2 DAGs
[2025-03-18T19:24:35.839+0000] {logging_mixin.py:190} INFO - [2025-03-18T19:24:35.839+0000] {dag.py:4180} INFO - Setting next_dagrun for example_external_task_marker_child to None, run_after=None
[2025-03-18T19:24:35.842+0000] {logging_mixin.py:190} INFO - [2025-03-18T19:24:35.842+0000] {dag.py:4180} INFO - Setting next_dagrun for example_external_task_marker_parent to None, run_after=None
[2025-03-18T19:24:35.855+0000] {processor.py:208} INFO - Processing /home/airflow/.local/lib/python3.12/site-packages/airflow/example_dags/example_external_task_marker_dag.py took 0.063 seconds
[2025-03-18T19:25:06.060+0000] {processor.py:186} INFO - Started process (PID=3539) to work on /home/airflow/.local/lib/python3.12/site-packages/airflow/example_dags/example_external_task_marker_dag.py
[2025-03-18T19:25:06.061+0000] {processor.py:914} INFO - Processing file /home/airflow/.local/lib/python3.12/site-packages/airflow/example_dags/example_external_task_marker_dag.py for tasks to queue
[2025-03-18T19:25:06.063+0000] {logging_mixin.py:190} INFO - [2025-03-18T19:25:06.063+0000] {dagbag.py:588} INFO - Filling up the DagBag from /home/airflow/.local/lib/python3.12/site-packages/airflow/example_dags/example_external_task_marker_dag.py
[2025-03-18T19:25:06.070+0000] {processor.py:925} INFO - DAG(s) 'example_external_task_marker_parent', 'example_external_task_marker_child' retrieved from /home/airflow/.local/lib/python3.12/site-packages/airflow/example_dags/example_external_task_marker_dag.py
[2025-03-18T19:25:06.089+0000] {logging_mixin.py:190} INFO - [2025-03-18T19:25:06.089+0000] {dag.py:3239} INFO - Sync 2 DAGs
[2025-03-18T19:25:06.100+0000] {logging_mixin.py:190} INFO - [2025-03-18T19:25:06.100+0000] {dag.py:4180} INFO - Setting next_dagrun for example_external_task_marker_child to None, run_after=None
[2025-03-18T19:25:06.103+0000] {logging_mixin.py:190} INFO - [2025-03-18T19:25:06.103+0000] {dag.py:4180} INFO - Setting next_dagrun for example_external_task_marker_parent to None, run_after=None
[2025-03-18T19:25:06.115+0000] {processor.py:208} INFO - Processing /home/airflow/.local/lib/python3.12/site-packages/airflow/example_dags/example_external_task_marker_dag.py took 0.060 seconds
[2025-03-18T19:25:36.782+0000] {processor.py:186} INFO - Started process (PID=3603) to work on /home/airflow/.local/lib/python3.12/site-packages/airflow/example_dags/example_external_task_marker_dag.py
[2025-03-18T19:25:36.783+0000] {processor.py:914} INFO - Processing file /home/airflow/.local/lib/python3.12/site-packages/airflow/example_dags/example_external_task_marker_dag.py for tasks to queue
[2025-03-18T19:25:36.785+0000] {logging_mixin.py:190} INFO - [2025-03-18T19:25:36.785+0000] {dagbag.py:588} INFO - Filling up the DagBag from /home/airflow/.local/lib/python3.12/site-packages/airflow/example_dags/example_external_task_marker_dag.py
[2025-03-18T19:25:36.795+0000] {processor.py:925} INFO - DAG(s) 'example_external_task_marker_child', 'example_external_task_marker_parent' retrieved from /home/airflow/.local/lib/python3.12/site-packages/airflow/example_dags/example_external_task_marker_dag.py
[2025-03-18T19:25:36.816+0000] {logging_mixin.py:190} INFO - [2025-03-18T19:25:36.816+0000] {dag.py:3239} INFO - Sync 2 DAGs
[2025-03-18T19:25:36.829+0000] {logging_mixin.py:190} INFO - [2025-03-18T19:25:36.829+0000] {dag.py:4180} INFO - Setting next_dagrun for example_external_task_marker_child to None, run_after=None
[2025-03-18T19:25:36.833+0000] {logging_mixin.py:190} INFO - [2025-03-18T19:25:36.833+0000] {dag.py:4180} INFO - Setting next_dagrun for example_external_task_marker_parent to None, run_after=None
[2025-03-18T19:25:36.847+0000] {processor.py:208} INFO - Processing /home/airflow/.local/lib/python3.12/site-packages/airflow/example_dags/example_external_task_marker_dag.py took 0.071 seconds
[2025-03-18T19:26:07.378+0000] {processor.py:186} INFO - Started process (PID=3667) to work on /home/airflow/.local/lib/python3.12/site-packages/airflow/example_dags/example_external_task_marker_dag.py
[2025-03-18T19:26:07.379+0000] {processor.py:914} INFO - Processing file /home/airflow/.local/lib/python3.12/site-packages/airflow/example_dags/example_external_task_marker_dag.py for tasks to queue
[2025-03-18T19:26:07.381+0000] {logging_mixin.py:190} INFO - [2025-03-18T19:26:07.381+0000] {dagbag.py:588} INFO - Filling up the DagBag from /home/airflow/.local/lib/python3.12/site-packages/airflow/example_dags/example_external_task_marker_dag.py
[2025-03-18T19:26:07.388+0000] {processor.py:925} INFO - DAG(s) 'example_external_task_marker_child', 'example_external_task_marker_parent' retrieved from /home/airflow/.local/lib/python3.12/site-packages/airflow/example_dags/example_external_task_marker_dag.py
[2025-03-18T19:26:07.408+0000] {logging_mixin.py:190} INFO - [2025-03-18T19:26:07.407+0000] {dag.py:3239} INFO - Sync 2 DAGs
[2025-03-18T19:26:07.420+0000] {logging_mixin.py:190} INFO - [2025-03-18T19:26:07.420+0000] {dag.py:4180} INFO - Setting next_dagrun for example_external_task_marker_child to None, run_after=None
[2025-03-18T19:26:07.423+0000] {logging_mixin.py:190} INFO - [2025-03-18T19:26:07.423+0000] {dag.py:4180} INFO - Setting next_dagrun for example_external_task_marker_parent to None, run_after=None
[2025-03-18T19:26:07.435+0000] {processor.py:208} INFO - Processing /home/airflow/.local/lib/python3.12/site-packages/airflow/example_dags/example_external_task_marker_dag.py took 0.062 seconds
[2025-03-18T19:26:37.964+0000] {processor.py:186} INFO - Started process (PID=3731) to work on /home/airflow/.local/lib/python3.12/site-packages/airflow/example_dags/example_external_task_marker_dag.py
[2025-03-18T19:26:37.965+0000] {processor.py:914} INFO - Processing file /home/airflow/.local/lib/python3.12/site-packages/airflow/example_dags/example_external_task_marker_dag.py for tasks to queue
[2025-03-18T19:26:37.967+0000] {logging_mixin.py:190} INFO - [2025-03-18T19:26:37.966+0000] {dagbag.py:588} INFO - Filling up the DagBag from /home/airflow/.local/lib/python3.12/site-packages/airflow/example_dags/example_external_task_marker_dag.py
[2025-03-18T19:26:37.973+0000] {processor.py:925} INFO - DAG(s) 'example_external_task_marker_child', 'example_external_task_marker_parent' retrieved from /home/airflow/.local/lib/python3.12/site-packages/airflow/example_dags/example_external_task_marker_dag.py
[2025-03-18T19:26:37.992+0000] {logging_mixin.py:190} INFO - [2025-03-18T19:26:37.992+0000] {dag.py:3239} INFO - Sync 2 DAGs
[2025-03-18T19:26:38.004+0000] {logging_mixin.py:190} INFO - [2025-03-18T19:26:38.004+0000] {dag.py:4180} INFO - Setting next_dagrun for example_external_task_marker_child to None, run_after=None
[2025-03-18T19:26:38.008+0000] {logging_mixin.py:190} INFO - [2025-03-18T19:26:38.007+0000] {dag.py:4180} INFO - Setting next_dagrun for example_external_task_marker_parent to None, run_after=None
[2025-03-18T19:26:38.021+0000] {processor.py:208} INFO - Processing /home/airflow/.local/lib/python3.12/site-packages/airflow/example_dags/example_external_task_marker_dag.py took 0.062 seconds
[2025-03-18T19:27:08.433+0000] {processor.py:186} INFO - Started process (PID=3795) to work on /home/airflow/.local/lib/python3.12/site-packages/airflow/example_dags/example_external_task_marker_dag.py
[2025-03-18T19:27:08.433+0000] {processor.py:914} INFO - Processing file /home/airflow/.local/lib/python3.12/site-packages/airflow/example_dags/example_external_task_marker_dag.py for tasks to queue
[2025-03-18T19:27:08.435+0000] {logging_mixin.py:190} INFO - [2025-03-18T19:27:08.435+0000] {dagbag.py:588} INFO - Filling up the DagBag from /home/airflow/.local/lib/python3.12/site-packages/airflow/example_dags/example_external_task_marker_dag.py
[2025-03-18T19:27:08.442+0000] {processor.py:925} INFO - DAG(s) 'example_external_task_marker_child', 'example_external_task_marker_parent' retrieved from /home/airflow/.local/lib/python3.12/site-packages/airflow/example_dags/example_external_task_marker_dag.py
[2025-03-18T19:27:08.462+0000] {logging_mixin.py:190} INFO - [2025-03-18T19:27:08.462+0000] {dag.py:3239} INFO - Sync 2 DAGs
[2025-03-18T19:27:08.474+0000] {logging_mixin.py:190} INFO - [2025-03-18T19:27:08.474+0000] {dag.py:4180} INFO - Setting next_dagrun for example_external_task_marker_child to None, run_after=None
[2025-03-18T19:27:08.478+0000] {logging_mixin.py:190} INFO - [2025-03-18T19:27:08.477+0000] {dag.py:4180} INFO - Setting next_dagrun for example_external_task_marker_parent to None, run_after=None
[2025-03-18T19:27:08.490+0000] {processor.py:208} INFO - Processing /home/airflow/.local/lib/python3.12/site-packages/airflow/example_dags/example_external_task_marker_dag.py took 0.062 seconds
[2025-03-18T19:27:39.136+0000] {processor.py:186} INFO - Started process (PID=3859) to work on /home/airflow/.local/lib/python3.12/site-packages/airflow/example_dags/example_external_task_marker_dag.py
[2025-03-18T19:27:39.137+0000] {processor.py:914} INFO - Processing file /home/airflow/.local/lib/python3.12/site-packages/airflow/example_dags/example_external_task_marker_dag.py for tasks to queue
[2025-03-18T19:27:39.139+0000] {logging_mixin.py:190} INFO - [2025-03-18T19:27:39.139+0000] {dagbag.py:588} INFO - Filling up the DagBag from /home/airflow/.local/lib/python3.12/site-packages/airflow/example_dags/example_external_task_marker_dag.py
[2025-03-18T19:27:39.147+0000] {processor.py:925} INFO - DAG(s) 'example_external_task_marker_child', 'example_external_task_marker_parent' retrieved from /home/airflow/.local/lib/python3.12/site-packages/airflow/example_dags/example_external_task_marker_dag.py
[2025-03-18T19:27:39.168+0000] {logging_mixin.py:190} INFO - [2025-03-18T19:27:39.168+0000] {dag.py:3239} INFO - Sync 2 DAGs
[2025-03-18T19:27:39.181+0000] {logging_mixin.py:190} INFO - [2025-03-18T19:27:39.181+0000] {dag.py:4180} INFO - Setting next_dagrun for example_external_task_marker_child to None, run_after=None
[2025-03-18T19:27:39.185+0000] {logging_mixin.py:190} INFO - [2025-03-18T19:27:39.185+0000] {dag.py:4180} INFO - Setting next_dagrun for example_external_task_marker_parent to None, run_after=None
[2025-03-18T19:27:39.199+0000] {processor.py:208} INFO - Processing /home/airflow/.local/lib/python3.12/site-packages/airflow/example_dags/example_external_task_marker_dag.py took 0.070 seconds
[2025-03-18T19:28:10.119+0000] {processor.py:186} INFO - Started process (PID=3924) to work on /home/airflow/.local/lib/python3.12/site-packages/airflow/example_dags/example_external_task_marker_dag.py
[2025-03-18T19:28:10.121+0000] {processor.py:914} INFO - Processing file /home/airflow/.local/lib/python3.12/site-packages/airflow/example_dags/example_external_task_marker_dag.py for tasks to queue
[2025-03-18T19:28:10.122+0000] {logging_mixin.py:190} INFO - [2025-03-18T19:28:10.122+0000] {dagbag.py:588} INFO - Filling up the DagBag from /home/airflow/.local/lib/python3.12/site-packages/airflow/example_dags/example_external_task_marker_dag.py
[2025-03-18T19:28:10.130+0000] {processor.py:925} INFO - DAG(s) 'example_external_task_marker_parent', 'example_external_task_marker_child' retrieved from /home/airflow/.local/lib/python3.12/site-packages/airflow/example_dags/example_external_task_marker_dag.py
[2025-03-18T19:28:10.149+0000] {logging_mixin.py:190} INFO - [2025-03-18T19:28:10.149+0000] {dag.py:3239} INFO - Sync 2 DAGs
[2025-03-18T19:28:10.161+0000] {logging_mixin.py:190} INFO - [2025-03-18T19:28:10.160+0000] {dag.py:4180} INFO - Setting next_dagrun for example_external_task_marker_child to None, run_after=None
[2025-03-18T19:28:10.163+0000] {logging_mixin.py:190} INFO - [2025-03-18T19:28:10.163+0000] {dag.py:4180} INFO - Setting next_dagrun for example_external_task_marker_parent to None, run_after=None
[2025-03-18T19:28:10.176+0000] {processor.py:208} INFO - Processing /home/airflow/.local/lib/python3.12/site-packages/airflow/example_dags/example_external_task_marker_dag.py took 0.061 seconds
[2025-03-18T19:28:41.135+0000] {processor.py:186} INFO - Started process (PID=3994) to work on /home/airflow/.local/lib/python3.12/site-packages/airflow/example_dags/example_external_task_marker_dag.py
[2025-03-18T19:28:41.136+0000] {processor.py:914} INFO - Processing file /home/airflow/.local/lib/python3.12/site-packages/airflow/example_dags/example_external_task_marker_dag.py for tasks to queue
[2025-03-18T19:28:41.138+0000] {logging_mixin.py:190} INFO - [2025-03-18T19:28:41.137+0000] {dagbag.py:588} INFO - Filling up the DagBag from /home/airflow/.local/lib/python3.12/site-packages/airflow/example_dags/example_external_task_marker_dag.py
[2025-03-18T19:28:41.144+0000] {processor.py:925} INFO - DAG(s) 'example_external_task_marker_parent', 'example_external_task_marker_child' retrieved from /home/airflow/.local/lib/python3.12/site-packages/airflow/example_dags/example_external_task_marker_dag.py
[2025-03-18T19:28:41.163+0000] {logging_mixin.py:190} INFO - [2025-03-18T19:28:41.162+0000] {dag.py:3239} INFO - Sync 2 DAGs
[2025-03-18T19:28:41.174+0000] {logging_mixin.py:190} INFO - [2025-03-18T19:28:41.174+0000] {dag.py:4180} INFO - Setting next_dagrun for example_external_task_marker_child to None, run_after=None
[2025-03-18T19:28:41.177+0000] {logging_mixin.py:190} INFO - [2025-03-18T19:28:41.176+0000] {dag.py:4180} INFO - Setting next_dagrun for example_external_task_marker_parent to None, run_after=None
[2025-03-18T19:28:41.189+0000] {processor.py:208} INFO - Processing /home/airflow/.local/lib/python3.12/site-packages/airflow/example_dags/example_external_task_marker_dag.py took 0.059 seconds
[2025-03-18T19:29:12.062+0000] {processor.py:186} INFO - Started process (PID=4058) to work on /home/airflow/.local/lib/python3.12/site-packages/airflow/example_dags/example_external_task_marker_dag.py
[2025-03-18T19:29:12.063+0000] {processor.py:914} INFO - Processing file /home/airflow/.local/lib/python3.12/site-packages/airflow/example_dags/example_external_task_marker_dag.py for tasks to queue
[2025-03-18T19:29:12.065+0000] {logging_mixin.py:190} INFO - [2025-03-18T19:29:12.065+0000] {dagbag.py:588} INFO - Filling up the DagBag from /home/airflow/.local/lib/python3.12/site-packages/airflow/example_dags/example_external_task_marker_dag.py
[2025-03-18T19:29:12.072+0000] {processor.py:925} INFO - DAG(s) 'example_external_task_marker_parent', 'example_external_task_marker_child' retrieved from /home/airflow/.local/lib/python3.12/site-packages/airflow/example_dags/example_external_task_marker_dag.py
[2025-03-18T19:29:12.092+0000] {logging_mixin.py:190} INFO - [2025-03-18T19:29:12.092+0000] {dag.py:3239} INFO - Sync 2 DAGs
[2025-03-18T19:29:12.104+0000] {logging_mixin.py:190} INFO - [2025-03-18T19:29:12.104+0000] {dag.py:4180} INFO - Setting next_dagrun for example_external_task_marker_child to None, run_after=None
[2025-03-18T19:29:12.107+0000] {logging_mixin.py:190} INFO - [2025-03-18T19:29:12.107+0000] {dag.py:4180} INFO - Setting next_dagrun for example_external_task_marker_parent to None, run_after=None
[2025-03-18T19:29:12.120+0000] {processor.py:208} INFO - Processing /home/airflow/.local/lib/python3.12/site-packages/airflow/example_dags/example_external_task_marker_dag.py took 0.064 seconds
[2025-03-18T19:29:42.939+0000] {processor.py:186} INFO - Started process (PID=4122) to work on /home/airflow/.local/lib/python3.12/site-packages/airflow/example_dags/example_external_task_marker_dag.py
[2025-03-18T19:29:42.940+0000] {processor.py:914} INFO - Processing file /home/airflow/.local/lib/python3.12/site-packages/airflow/example_dags/example_external_task_marker_dag.py for tasks to queue
[2025-03-18T19:29:42.942+0000] {logging_mixin.py:190} INFO - [2025-03-18T19:29:42.942+0000] {dagbag.py:588} INFO - Filling up the DagBag from /home/airflow/.local/lib/python3.12/site-packages/airflow/example_dags/example_external_task_marker_dag.py
[2025-03-18T19:29:42.949+0000] {processor.py:925} INFO - DAG(s) 'example_external_task_marker_child', 'example_external_task_marker_parent' retrieved from /home/airflow/.local/lib/python3.12/site-packages/airflow/example_dags/example_external_task_marker_dag.py
[2025-03-18T19:29:42.969+0000] {logging_mixin.py:190} INFO - [2025-03-18T19:29:42.969+0000] {dag.py:3239} INFO - Sync 2 DAGs
[2025-03-18T19:29:42.981+0000] {logging_mixin.py:190} INFO - [2025-03-18T19:29:42.981+0000] {dag.py:4180} INFO - Setting next_dagrun for example_external_task_marker_child to None, run_after=None
[2025-03-18T19:29:42.984+0000] {logging_mixin.py:190} INFO - [2025-03-18T19:29:42.984+0000] {dag.py:4180} INFO - Setting next_dagrun for example_external_task_marker_parent to None, run_after=None
[2025-03-18T19:29:42.997+0000] {processor.py:208} INFO - Processing /home/airflow/.local/lib/python3.12/site-packages/airflow/example_dags/example_external_task_marker_dag.py took 0.064 seconds
[2025-03-18T19:30:13.728+0000] {processor.py:186} INFO - Started process (PID=4186) to work on /home/airflow/.local/lib/python3.12/site-packages/airflow/example_dags/example_external_task_marker_dag.py
[2025-03-18T19:30:13.729+0000] {processor.py:914} INFO - Processing file /home/airflow/.local/lib/python3.12/site-packages/airflow/example_dags/example_external_task_marker_dag.py for tasks to queue
[2025-03-18T19:30:13.730+0000] {logging_mixin.py:190} INFO - [2025-03-18T19:30:13.730+0000] {dagbag.py:588} INFO - Filling up the DagBag from /home/airflow/.local/lib/python3.12/site-packages/airflow/example_dags/example_external_task_marker_dag.py
[2025-03-18T19:30:13.737+0000] {processor.py:925} INFO - DAG(s) 'example_external_task_marker_parent', 'example_external_task_marker_child' retrieved from /home/airflow/.local/lib/python3.12/site-packages/airflow/example_dags/example_external_task_marker_dag.py
[2025-03-18T19:30:13.756+0000] {logging_mixin.py:190} INFO - [2025-03-18T19:30:13.756+0000] {dag.py:3239} INFO - Sync 2 DAGs
[2025-03-18T19:30:13.767+0000] {logging_mixin.py:190} INFO - [2025-03-18T19:30:13.767+0000] {dag.py:4180} INFO - Setting next_dagrun for example_external_task_marker_child to None, run_after=None
[2025-03-18T19:30:13.770+0000] {logging_mixin.py:190} INFO - [2025-03-18T19:30:13.770+0000] {dag.py:4180} INFO - Setting next_dagrun for example_external_task_marker_parent to None, run_after=None
[2025-03-18T19:30:13.782+0000] {processor.py:208} INFO - Processing /home/airflow/.local/lib/python3.12/site-packages/airflow/example_dags/example_external_task_marker_dag.py took 0.060 seconds
[2025-03-18T19:36:55.017+0000] {processor.py:186} INFO - Started process (PID=5018) to work on /home/airflow/.local/lib/python3.12/site-packages/airflow/example_dags/example_external_task_marker_dag.py
[2025-03-18T19:36:55.018+0000] {processor.py:914} INFO - Processing file /home/airflow/.local/lib/python3.12/site-packages/airflow/example_dags/example_external_task_marker_dag.py for tasks to queue
[2025-03-18T19:36:55.019+0000] {logging_mixin.py:190} INFO - [2025-03-18T19:36:55.019+0000] {dagbag.py:588} INFO - Filling up the DagBag from /home/airflow/.local/lib/python3.12/site-packages/airflow/example_dags/example_external_task_marker_dag.py
[2025-03-18T19:36:55.026+0000] {processor.py:925} INFO - DAG(s) 'example_external_task_marker_parent', 'example_external_task_marker_child' retrieved from /home/airflow/.local/lib/python3.12/site-packages/airflow/example_dags/example_external_task_marker_dag.py
[2025-03-18T19:36:55.045+0000] {logging_mixin.py:190} INFO - [2025-03-18T19:36:55.045+0000] {dag.py:3239} INFO - Sync 2 DAGs
[2025-03-18T19:36:55.057+0000] {logging_mixin.py:190} INFO - [2025-03-18T19:36:55.057+0000] {dag.py:4180} INFO - Setting next_dagrun for example_external_task_marker_child to None, run_after=None
[2025-03-18T19:36:55.060+0000] {logging_mixin.py:190} INFO - [2025-03-18T19:36:55.060+0000] {dag.py:4180} INFO - Setting next_dagrun for example_external_task_marker_parent to None, run_after=None
[2025-03-18T19:36:55.072+0000] {processor.py:208} INFO - Processing /home/airflow/.local/lib/python3.12/site-packages/airflow/example_dags/example_external_task_marker_dag.py took 0.061 seconds
[2025-03-18T19:37:25.760+0000] {processor.py:186} INFO - Started process (PID=5082) to work on /home/airflow/.local/lib/python3.12/site-packages/airflow/example_dags/example_external_task_marker_dag.py
[2025-03-18T19:37:25.761+0000] {processor.py:914} INFO - Processing file /home/airflow/.local/lib/python3.12/site-packages/airflow/example_dags/example_external_task_marker_dag.py for tasks to queue
[2025-03-18T19:37:25.762+0000] {logging_mixin.py:190} INFO - [2025-03-18T19:37:25.762+0000] {dagbag.py:588} INFO - Filling up the DagBag from /home/airflow/.local/lib/python3.12/site-packages/airflow/example_dags/example_external_task_marker_dag.py
[2025-03-18T19:37:25.769+0000] {processor.py:925} INFO - DAG(s) 'example_external_task_marker_child', 'example_external_task_marker_parent' retrieved from /home/airflow/.local/lib/python3.12/site-packages/airflow/example_dags/example_external_task_marker_dag.py
[2025-03-18T19:37:25.787+0000] {logging_mixin.py:190} INFO - [2025-03-18T19:37:25.787+0000] {dag.py:3239} INFO - Sync 2 DAGs
[2025-03-18T19:37:25.799+0000] {logging_mixin.py:190} INFO - [2025-03-18T19:37:25.799+0000] {dag.py:4180} INFO - Setting next_dagrun for example_external_task_marker_child to None, run_after=None
[2025-03-18T19:37:25.802+0000] {logging_mixin.py:190} INFO - [2025-03-18T19:37:25.802+0000] {dag.py:4180} INFO - Setting next_dagrun for example_external_task_marker_parent to None, run_after=None
[2025-03-18T19:37:25.813+0000] {processor.py:208} INFO - Processing /home/airflow/.local/lib/python3.12/site-packages/airflow/example_dags/example_external_task_marker_dag.py took 0.059 seconds
[2025-03-18T19:37:56.449+0000] {processor.py:186} INFO - Started process (PID=5146) to work on /home/airflow/.local/lib/python3.12/site-packages/airflow/example_dags/example_external_task_marker_dag.py
[2025-03-18T19:37:56.450+0000] {processor.py:914} INFO - Processing file /home/airflow/.local/lib/python3.12/site-packages/airflow/example_dags/example_external_task_marker_dag.py for tasks to queue
[2025-03-18T19:37:56.452+0000] {logging_mixin.py:190} INFO - [2025-03-18T19:37:56.451+0000] {dagbag.py:588} INFO - Filling up the DagBag from /home/airflow/.local/lib/python3.12/site-packages/airflow/example_dags/example_external_task_marker_dag.py
[2025-03-18T19:37:56.458+0000] {processor.py:925} INFO - DAG(s) 'example_external_task_marker_parent', 'example_external_task_marker_child' retrieved from /home/airflow/.local/lib/python3.12/site-packages/airflow/example_dags/example_external_task_marker_dag.py
[2025-03-18T19:37:56.477+0000] {logging_mixin.py:190} INFO - [2025-03-18T19:37:56.477+0000] {dag.py:3239} INFO - Sync 2 DAGs
[2025-03-18T19:37:56.488+0000] {logging_mixin.py:190} INFO - [2025-03-18T19:37:56.488+0000] {dag.py:4180} INFO - Setting next_dagrun for example_external_task_marker_child to None, run_after=None
[2025-03-18T19:37:56.491+0000] {logging_mixin.py:190} INFO - [2025-03-18T19:37:56.491+0000] {dag.py:4180} INFO - Setting next_dagrun for example_external_task_marker_parent to None, run_after=None
[2025-03-18T19:37:56.504+0000] {processor.py:208} INFO - Processing /home/airflow/.local/lib/python3.12/site-packages/airflow/example_dags/example_external_task_marker_dag.py took 0.059 seconds
[2025-03-18T19:38:27.207+0000] {processor.py:186} INFO - Started process (PID=5210) to work on /home/airflow/.local/lib/python3.12/site-packages/airflow/example_dags/example_external_task_marker_dag.py
[2025-03-18T19:38:27.208+0000] {processor.py:914} INFO - Processing file /home/airflow/.local/lib/python3.12/site-packages/airflow/example_dags/example_external_task_marker_dag.py for tasks to queue
[2025-03-18T19:38:27.210+0000] {logging_mixin.py:190} INFO - [2025-03-18T19:38:27.209+0000] {dagbag.py:588} INFO - Filling up the DagBag from /home/airflow/.local/lib/python3.12/site-packages/airflow/example_dags/example_external_task_marker_dag.py
[2025-03-18T19:38:27.217+0000] {processor.py:925} INFO - DAG(s) 'example_external_task_marker_parent', 'example_external_task_marker_child' retrieved from /home/airflow/.local/lib/python3.12/site-packages/airflow/example_dags/example_external_task_marker_dag.py
[2025-03-18T19:38:27.236+0000] {logging_mixin.py:190} INFO - [2025-03-18T19:38:27.236+0000] {dag.py:3239} INFO - Sync 2 DAGs
[2025-03-18T19:38:27.249+0000] {logging_mixin.py:190} INFO - [2025-03-18T19:38:27.249+0000] {dag.py:4180} INFO - Setting next_dagrun for example_external_task_marker_child to None, run_after=None
[2025-03-18T19:38:27.252+0000] {logging_mixin.py:190} INFO - [2025-03-18T19:38:27.252+0000] {dag.py:4180} INFO - Setting next_dagrun for example_external_task_marker_parent to None, run_after=None
[2025-03-18T19:38:27.265+0000] {processor.py:208} INFO - Processing /home/airflow/.local/lib/python3.12/site-packages/airflow/example_dags/example_external_task_marker_dag.py took 0.064 seconds
[2025-03-18T19:38:58.066+0000] {processor.py:186} INFO - Started process (PID=5274) to work on /home/airflow/.local/lib/python3.12/site-packages/airflow/example_dags/example_external_task_marker_dag.py
[2025-03-18T19:38:58.067+0000] {processor.py:914} INFO - Processing file /home/airflow/.local/lib/python3.12/site-packages/airflow/example_dags/example_external_task_marker_dag.py for tasks to queue
[2025-03-18T19:38:58.068+0000] {logging_mixin.py:190} INFO - [2025-03-18T19:38:58.068+0000] {dagbag.py:588} INFO - Filling up the DagBag from /home/airflow/.local/lib/python3.12/site-packages/airflow/example_dags/example_external_task_marker_dag.py
[2025-03-18T19:38:58.075+0000] {processor.py:925} INFO - DAG(s) 'example_external_task_marker_parent', 'example_external_task_marker_child' retrieved from /home/airflow/.local/lib/python3.12/site-packages/airflow/example_dags/example_external_task_marker_dag.py
[2025-03-18T19:38:58.093+0000] {logging_mixin.py:190} INFO - [2025-03-18T19:38:58.093+0000] {dag.py:3239} INFO - Sync 2 DAGs
[2025-03-18T19:38:58.104+0000] {logging_mixin.py:190} INFO - [2025-03-18T19:38:58.104+0000] {dag.py:4180} INFO - Setting next_dagrun for example_external_task_marker_child to None, run_after=None
[2025-03-18T19:38:58.107+0000] {logging_mixin.py:190} INFO - [2025-03-18T19:38:58.107+0000] {dag.py:4180} INFO - Setting next_dagrun for example_external_task_marker_parent to None, run_after=None
[2025-03-18T19:38:58.119+0000] {processor.py:208} INFO - Processing /home/airflow/.local/lib/python3.12/site-packages/airflow/example_dags/example_external_task_marker_dag.py took 0.058 seconds
[2025-03-18T19:39:28.796+0000] {processor.py:186} INFO - Started process (PID=5338) to work on /home/airflow/.local/lib/python3.12/site-packages/airflow/example_dags/example_external_task_marker_dag.py
[2025-03-18T19:39:28.796+0000] {processor.py:914} INFO - Processing file /home/airflow/.local/lib/python3.12/site-packages/airflow/example_dags/example_external_task_marker_dag.py for tasks to queue
[2025-03-18T19:39:28.798+0000] {logging_mixin.py:190} INFO - [2025-03-18T19:39:28.798+0000] {dagbag.py:588} INFO - Filling up the DagBag from /home/airflow/.local/lib/python3.12/site-packages/airflow/example_dags/example_external_task_marker_dag.py
[2025-03-18T19:39:28.805+0000] {processor.py:925} INFO - DAG(s) 'example_external_task_marker_child', 'example_external_task_marker_parent' retrieved from /home/airflow/.local/lib/python3.12/site-packages/airflow/example_dags/example_external_task_marker_dag.py
[2025-03-18T19:39:28.824+0000] {logging_mixin.py:190} INFO - [2025-03-18T19:39:28.824+0000] {dag.py:3239} INFO - Sync 2 DAGs
[2025-03-18T19:39:28.839+0000] {logging_mixin.py:190} INFO - [2025-03-18T19:39:28.839+0000] {dag.py:4180} INFO - Setting next_dagrun for example_external_task_marker_child to None, run_after=None
[2025-03-18T19:39:28.842+0000] {logging_mixin.py:190} INFO - [2025-03-18T19:39:28.842+0000] {dag.py:4180} INFO - Setting next_dagrun for example_external_task_marker_parent to None, run_after=None
[2025-03-18T19:39:28.854+0000] {processor.py:208} INFO - Processing /home/airflow/.local/lib/python3.12/site-packages/airflow/example_dags/example_external_task_marker_dag.py took 0.063 seconds
[2025-03-18T19:39:59.590+0000] {processor.py:186} INFO - Started process (PID=5402) to work on /home/airflow/.local/lib/python3.12/site-packages/airflow/example_dags/example_external_task_marker_dag.py
[2025-03-18T19:39:59.591+0000] {processor.py:914} INFO - Processing file /home/airflow/.local/lib/python3.12/site-packages/airflow/example_dags/example_external_task_marker_dag.py for tasks to queue
[2025-03-18T19:39:59.593+0000] {logging_mixin.py:190} INFO - [2025-03-18T19:39:59.593+0000] {dagbag.py:588} INFO - Filling up the DagBag from /home/airflow/.local/lib/python3.12/site-packages/airflow/example_dags/example_external_task_marker_dag.py
[2025-03-18T19:39:59.600+0000] {processor.py:925} INFO - DAG(s) 'example_external_task_marker_child', 'example_external_task_marker_parent' retrieved from /home/airflow/.local/lib/python3.12/site-packages/airflow/example_dags/example_external_task_marker_dag.py
[2025-03-18T19:39:59.619+0000] {logging_mixin.py:190} INFO - [2025-03-18T19:39:59.619+0000] {dag.py:3239} INFO - Sync 2 DAGs
[2025-03-18T19:39:59.630+0000] {logging_mixin.py:190} INFO - [2025-03-18T19:39:59.630+0000] {dag.py:4180} INFO - Setting next_dagrun for example_external_task_marker_child to None, run_after=None
[2025-03-18T19:39:59.633+0000] {logging_mixin.py:190} INFO - [2025-03-18T19:39:59.633+0000] {dag.py:4180} INFO - Setting next_dagrun for example_external_task_marker_parent to None, run_after=None
[2025-03-18T19:39:59.645+0000] {processor.py:208} INFO - Processing /home/airflow/.local/lib/python3.12/site-packages/airflow/example_dags/example_external_task_marker_dag.py took 0.059 seconds
[2025-03-18T19:40:30.278+0000] {processor.py:186} INFO - Started process (PID=5466) to work on /home/airflow/.local/lib/python3.12/site-packages/airflow/example_dags/example_external_task_marker_dag.py
[2025-03-18T19:40:30.279+0000] {processor.py:914} INFO - Processing file /home/airflow/.local/lib/python3.12/site-packages/airflow/example_dags/example_external_task_marker_dag.py for tasks to queue
[2025-03-18T19:40:30.281+0000] {logging_mixin.py:190} INFO - [2025-03-18T19:40:30.280+0000] {dagbag.py:588} INFO - Filling up the DagBag from /home/airflow/.local/lib/python3.12/site-packages/airflow/example_dags/example_external_task_marker_dag.py
[2025-03-18T19:40:30.287+0000] {processor.py:925} INFO - DAG(s) 'example_external_task_marker_child', 'example_external_task_marker_parent' retrieved from /home/airflow/.local/lib/python3.12/site-packages/airflow/example_dags/example_external_task_marker_dag.py
[2025-03-18T19:40:30.304+0000] {logging_mixin.py:190} INFO - [2025-03-18T19:40:30.304+0000] {dag.py:3239} INFO - Sync 2 DAGs
[2025-03-18T19:40:30.316+0000] {logging_mixin.py:190} INFO - [2025-03-18T19:40:30.316+0000] {dag.py:4180} INFO - Setting next_dagrun for example_external_task_marker_child to None, run_after=None
[2025-03-18T19:40:30.319+0000] {logging_mixin.py:190} INFO - [2025-03-18T19:40:30.319+0000] {dag.py:4180} INFO - Setting next_dagrun for example_external_task_marker_parent to None, run_after=None
[2025-03-18T19:40:30.329+0000] {processor.py:208} INFO - Processing /home/airflow/.local/lib/python3.12/site-packages/airflow/example_dags/example_external_task_marker_dag.py took 0.056 seconds
[2025-03-18T19:41:00.873+0000] {processor.py:186} INFO - Started process (PID=5530) to work on /home/airflow/.local/lib/python3.12/site-packages/airflow/example_dags/example_external_task_marker_dag.py
[2025-03-18T19:41:00.874+0000] {processor.py:914} INFO - Processing file /home/airflow/.local/lib/python3.12/site-packages/airflow/example_dags/example_external_task_marker_dag.py for tasks to queue
[2025-03-18T19:41:00.876+0000] {logging_mixin.py:190} INFO - [2025-03-18T19:41:00.876+0000] {dagbag.py:588} INFO - Filling up the DagBag from /home/airflow/.local/lib/python3.12/site-packages/airflow/example_dags/example_external_task_marker_dag.py
[2025-03-18T19:41:00.882+0000] {processor.py:925} INFO - DAG(s) 'example_external_task_marker_child', 'example_external_task_marker_parent' retrieved from /home/airflow/.local/lib/python3.12/site-packages/airflow/example_dags/example_external_task_marker_dag.py
[2025-03-18T19:41:00.900+0000] {logging_mixin.py:190} INFO - [2025-03-18T19:41:00.900+0000] {dag.py:3239} INFO - Sync 2 DAGs
[2025-03-18T19:41:00.911+0000] {logging_mixin.py:190} INFO - [2025-03-18T19:41:00.911+0000] {dag.py:4180} INFO - Setting next_dagrun for example_external_task_marker_child to None, run_after=None
[2025-03-18T19:41:00.914+0000] {logging_mixin.py:190} INFO - [2025-03-18T19:41:00.914+0000] {dag.py:4180} INFO - Setting next_dagrun for example_external_task_marker_parent to None, run_after=None
[2025-03-18T19:41:00.926+0000] {processor.py:208} INFO - Processing /home/airflow/.local/lib/python3.12/site-packages/airflow/example_dags/example_external_task_marker_dag.py took 0.058 seconds
[2025-03-18T19:41:31.610+0000] {processor.py:186} INFO - Started process (PID=5594) to work on /home/airflow/.local/lib/python3.12/site-packages/airflow/example_dags/example_external_task_marker_dag.py
[2025-03-18T19:41:31.611+0000] {processor.py:914} INFO - Processing file /home/airflow/.local/lib/python3.12/site-packages/airflow/example_dags/example_external_task_marker_dag.py for tasks to queue
[2025-03-18T19:41:31.613+0000] {logging_mixin.py:190} INFO - [2025-03-18T19:41:31.613+0000] {dagbag.py:588} INFO - Filling up the DagBag from /home/airflow/.local/lib/python3.12/site-packages/airflow/example_dags/example_external_task_marker_dag.py
[2025-03-18T19:41:31.620+0000] {processor.py:925} INFO - DAG(s) 'example_external_task_marker_parent', 'example_external_task_marker_child' retrieved from /home/airflow/.local/lib/python3.12/site-packages/airflow/example_dags/example_external_task_marker_dag.py
[2025-03-18T19:41:31.638+0000] {logging_mixin.py:190} INFO - [2025-03-18T19:41:31.638+0000] {dag.py:3239} INFO - Sync 2 DAGs
[2025-03-18T19:41:31.649+0000] {logging_mixin.py:190} INFO - [2025-03-18T19:41:31.649+0000] {dag.py:4180} INFO - Setting next_dagrun for example_external_task_marker_child to None, run_after=None
[2025-03-18T19:41:31.652+0000] {logging_mixin.py:190} INFO - [2025-03-18T19:41:31.652+0000] {dag.py:4180} INFO - Setting next_dagrun for example_external_task_marker_parent to None, run_after=None
[2025-03-18T19:41:31.664+0000] {processor.py:208} INFO - Processing /home/airflow/.local/lib/python3.12/site-packages/airflow/example_dags/example_external_task_marker_dag.py took 0.059 seconds
[2025-03-18T19:42:02.817+0000] {processor.py:186} INFO - Started process (PID=5658) to work on /home/airflow/.local/lib/python3.12/site-packages/airflow/example_dags/example_external_task_marker_dag.py
[2025-03-18T19:42:02.818+0000] {processor.py:914} INFO - Processing file /home/airflow/.local/lib/python3.12/site-packages/airflow/example_dags/example_external_task_marker_dag.py for tasks to queue
[2025-03-18T19:42:02.820+0000] {logging_mixin.py:190} INFO - [2025-03-18T19:42:02.820+0000] {dagbag.py:588} INFO - Filling up the DagBag from /home/airflow/.local/lib/python3.12/site-packages/airflow/example_dags/example_external_task_marker_dag.py
[2025-03-18T19:42:02.827+0000] {processor.py:925} INFO - DAG(s) 'example_external_task_marker_child', 'example_external_task_marker_parent' retrieved from /home/airflow/.local/lib/python3.12/site-packages/airflow/example_dags/example_external_task_marker_dag.py
[2025-03-18T19:42:02.845+0000] {logging_mixin.py:190} INFO - [2025-03-18T19:42:02.845+0000] {dag.py:3239} INFO - Sync 2 DAGs
[2025-03-18T19:42:02.857+0000] {logging_mixin.py:190} INFO - [2025-03-18T19:42:02.857+0000] {dag.py:4180} INFO - Setting next_dagrun for example_external_task_marker_child to None, run_after=None
[2025-03-18T19:42:02.860+0000] {logging_mixin.py:190} INFO - [2025-03-18T19:42:02.860+0000] {dag.py:4180} INFO - Setting next_dagrun for example_external_task_marker_parent to None, run_after=None
[2025-03-18T19:42:02.873+0000] {processor.py:208} INFO - Processing /home/airflow/.local/lib/python3.12/site-packages/airflow/example_dags/example_external_task_marker_dag.py took 0.062 seconds
[2025-03-18T19:42:33.934+0000] {processor.py:186} INFO - Started process (PID=5722) to work on /home/airflow/.local/lib/python3.12/site-packages/airflow/example_dags/example_external_task_marker_dag.py
[2025-03-18T19:42:33.935+0000] {processor.py:914} INFO - Processing file /home/airflow/.local/lib/python3.12/site-packages/airflow/example_dags/example_external_task_marker_dag.py for tasks to queue
[2025-03-18T19:42:33.937+0000] {logging_mixin.py:190} INFO - [2025-03-18T19:42:33.937+0000] {dagbag.py:588} INFO - Filling up the DagBag from /home/airflow/.local/lib/python3.12/site-packages/airflow/example_dags/example_external_task_marker_dag.py
[2025-03-18T19:42:33.944+0000] {processor.py:925} INFO - DAG(s) 'example_external_task_marker_parent', 'example_external_task_marker_child' retrieved from /home/airflow/.local/lib/python3.12/site-packages/airflow/example_dags/example_external_task_marker_dag.py
[2025-03-18T19:42:33.963+0000] {logging_mixin.py:190} INFO - [2025-03-18T19:42:33.963+0000] {dag.py:3239} INFO - Sync 2 DAGs
[2025-03-18T19:42:33.975+0000] {logging_mixin.py:190} INFO - [2025-03-18T19:42:33.975+0000] {dag.py:4180} INFO - Setting next_dagrun for example_external_task_marker_child to None, run_after=None
[2025-03-18T19:42:33.978+0000] {logging_mixin.py:190} INFO - [2025-03-18T19:42:33.978+0000] {dag.py:4180} INFO - Setting next_dagrun for example_external_task_marker_parent to None, run_after=None
[2025-03-18T19:42:33.992+0000] {processor.py:208} INFO - Processing /home/airflow/.local/lib/python3.12/site-packages/airflow/example_dags/example_external_task_marker_dag.py took 0.063 seconds
[2025-03-18T19:43:05.027+0000] {processor.py:186} INFO - Started process (PID=5786) to work on /home/airflow/.local/lib/python3.12/site-packages/airflow/example_dags/example_external_task_marker_dag.py
[2025-03-18T19:43:05.028+0000] {processor.py:914} INFO - Processing file /home/airflow/.local/lib/python3.12/site-packages/airflow/example_dags/example_external_task_marker_dag.py for tasks to queue
[2025-03-18T19:43:05.030+0000] {logging_mixin.py:190} INFO - [2025-03-18T19:43:05.029+0000] {dagbag.py:588} INFO - Filling up the DagBag from /home/airflow/.local/lib/python3.12/site-packages/airflow/example_dags/example_external_task_marker_dag.py
[2025-03-18T19:43:05.037+0000] {processor.py:925} INFO - DAG(s) 'example_external_task_marker_parent', 'example_external_task_marker_child' retrieved from /home/airflow/.local/lib/python3.12/site-packages/airflow/example_dags/example_external_task_marker_dag.py
[2025-03-18T19:43:05.057+0000] {logging_mixin.py:190} INFO - [2025-03-18T19:43:05.057+0000] {dag.py:3239} INFO - Sync 2 DAGs
[2025-03-18T19:43:05.070+0000] {logging_mixin.py:190} INFO - [2025-03-18T19:43:05.069+0000] {dag.py:4180} INFO - Setting next_dagrun for example_external_task_marker_child to None, run_after=None
[2025-03-18T19:43:05.072+0000] {logging_mixin.py:190} INFO - [2025-03-18T19:43:05.072+0000] {dag.py:4180} INFO - Setting next_dagrun for example_external_task_marker_parent to None, run_after=None
[2025-03-18T19:43:05.086+0000] {processor.py:208} INFO - Processing /home/airflow/.local/lib/python3.12/site-packages/airflow/example_dags/example_external_task_marker_dag.py took 0.065 seconds
[2025-03-18T19:43:35.949+0000] {processor.py:186} INFO - Started process (PID=5850) to work on /home/airflow/.local/lib/python3.12/site-packages/airflow/example_dags/example_external_task_marker_dag.py
[2025-03-18T19:43:35.950+0000] {processor.py:914} INFO - Processing file /home/airflow/.local/lib/python3.12/site-packages/airflow/example_dags/example_external_task_marker_dag.py for tasks to queue
[2025-03-18T19:43:35.951+0000] {logging_mixin.py:190} INFO - [2025-03-18T19:43:35.951+0000] {dagbag.py:588} INFO - Filling up the DagBag from /home/airflow/.local/lib/python3.12/site-packages/airflow/example_dags/example_external_task_marker_dag.py
[2025-03-18T19:43:35.958+0000] {processor.py:925} INFO - DAG(s) 'example_external_task_marker_parent', 'example_external_task_marker_child' retrieved from /home/airflow/.local/lib/python3.12/site-packages/airflow/example_dags/example_external_task_marker_dag.py
[2025-03-18T19:43:35.978+0000] {logging_mixin.py:190} INFO - [2025-03-18T19:43:35.978+0000] {dag.py:3239} INFO - Sync 2 DAGs
[2025-03-18T19:43:35.989+0000] {logging_mixin.py:190} INFO - [2025-03-18T19:43:35.989+0000] {dag.py:4180} INFO - Setting next_dagrun for example_external_task_marker_child to None, run_after=None
[2025-03-18T19:43:35.992+0000] {logging_mixin.py:190} INFO - [2025-03-18T19:43:35.992+0000] {dag.py:4180} INFO - Setting next_dagrun for example_external_task_marker_parent to None, run_after=None
[2025-03-18T19:43:36.005+0000] {processor.py:208} INFO - Processing /home/airflow/.local/lib/python3.12/site-packages/airflow/example_dags/example_external_task_marker_dag.py took 0.061 seconds
