[2025-03-18T19:24:03.472+0000] {processor.py:186} INFO - Started process (PID=3385) to work on /home/airflow/.local/lib/python3.12/site-packages/airflow/example_dags/example_datasets.py
[2025-03-18T19:24:03.473+0000] {processor.py:914} INFO - Processing file /home/airflow/.local/lib/python3.12/site-packages/airflow/example_dags/example_datasets.py for tasks to queue
[2025-03-18T19:24:03.475+0000] {logging_mixin.py:190} INFO - [2025-03-18T19:24:03.475+0000] {dagbag.py:588} INFO - Filling up the DagBag from /home/airflow/.local/lib/python3.12/site-packages/airflow/example_dags/example_datasets.py
[2025-03-18T19:24:03.751+0000] {processor.py:925} INFO - DAG(s) 'dataset_consumes_unknown_never_scheduled', 'consume_1_or_2_with_dataset_expressions', 'dataset_consumes_1_never_scheduled', 'dataset_consumes_1_and_2', 'dataset_consumes_1', 'consume_1_or_both_2_and_3_with_dataset_expressions', 'dataset_produces_2', 'dataset_produces_1', 'conditional_dataset_and_time_based_timetable', 'consume_1_and_2_with_dataset_expressions' retrieved from /home/airflow/.local/lib/python3.12/site-packages/airflow/example_dags/example_datasets.py
[2025-03-18T19:24:03.788+0000] {logging_mixin.py:190} INFO - [2025-03-18T19:24:03.788+0000] {dag.py:3239} INFO - Sync 10 DAGs
[2025-03-18T19:24:03.812+0000] {logging_mixin.py:190} INFO - [2025-03-18T19:24:03.812+0000] {dag.py:4180} INFO - Setting next_dagrun for conditional_dataset_and_time_based_timetable to 2025-03-12 01:00:00+00:00, run_after=2025-03-12 01:00:00+00:00
[2025-03-18T19:24:03.816+0000] {logging_mixin.py:190} INFO - [2025-03-18T19:24:03.816+0000] {dag.py:4180} INFO - Setting next_dagrun for consume_1_and_2_with_dataset_expressions to None, run_after=None
[2025-03-18T19:24:03.817+0000] {logging_mixin.py:190} INFO - [2025-03-18T19:24:03.817+0000] {dag.py:4180} INFO - Setting next_dagrun for consume_1_or_2_with_dataset_expressions to None, run_after=None
[2025-03-18T19:24:03.818+0000] {logging_mixin.py:190} INFO - [2025-03-18T19:24:03.818+0000] {dag.py:4180} INFO - Setting next_dagrun for consume_1_or_both_2_and_3_with_dataset_expressions to None, run_after=None
[2025-03-18T19:24:03.819+0000] {logging_mixin.py:190} INFO - [2025-03-18T19:24:03.819+0000] {dag.py:4180} INFO - Setting next_dagrun for dataset_consumes_1 to None, run_after=None
[2025-03-18T19:24:03.820+0000] {logging_mixin.py:190} INFO - [2025-03-18T19:24:03.820+0000] {dag.py:4180} INFO - Setting next_dagrun for dataset_consumes_1_and_2 to None, run_after=None
[2025-03-18T19:24:03.821+0000] {logging_mixin.py:190} INFO - [2025-03-18T19:24:03.821+0000] {dag.py:4180} INFO - Setting next_dagrun for dataset_consumes_1_never_scheduled to None, run_after=None
[2025-03-18T19:24:03.822+0000] {logging_mixin.py:190} INFO - [2025-03-18T19:24:03.821+0000] {dag.py:4180} INFO - Setting next_dagrun for dataset_consumes_unknown_never_scheduled to None, run_after=None
[2025-03-18T19:24:03.823+0000] {logging_mixin.py:190} INFO - [2025-03-18T19:24:03.823+0000] {dag.py:4180} INFO - Setting next_dagrun for dataset_produces_1 to 2025-03-17 00:00:00+00:00, run_after=2025-03-18 00:00:00+00:00
[2025-03-18T19:24:03.824+0000] {logging_mixin.py:190} INFO - [2025-03-18T19:24:03.824+0000] {dag.py:4180} INFO - Setting next_dagrun for dataset_produces_2 to None, run_after=None
[2025-03-18T19:24:03.851+0000] {processor.py:208} INFO - Processing /home/airflow/.local/lib/python3.12/site-packages/airflow/example_dags/example_datasets.py took 0.384 seconds
[2025-03-18T19:24:33.975+0000] {processor.py:186} INFO - Started process (PID=3449) to work on /home/airflow/.local/lib/python3.12/site-packages/airflow/example_dags/example_datasets.py
[2025-03-18T19:24:33.976+0000] {processor.py:914} INFO - Processing file /home/airflow/.local/lib/python3.12/site-packages/airflow/example_dags/example_datasets.py for tasks to queue
[2025-03-18T19:24:33.978+0000] {logging_mixin.py:190} INFO - [2025-03-18T19:24:33.978+0000] {dagbag.py:588} INFO - Filling up the DagBag from /home/airflow/.local/lib/python3.12/site-packages/airflow/example_dags/example_datasets.py
[2025-03-18T19:24:34.262+0000] {processor.py:925} INFO - DAG(s) 'consume_1_or_2_with_dataset_expressions', 'dataset_consumes_1', 'conditional_dataset_and_time_based_timetable', 'dataset_consumes_1_and_2', 'dataset_produces_2', 'consume_1_and_2_with_dataset_expressions', 'dataset_consumes_1_never_scheduled', 'dataset_consumes_unknown_never_scheduled', 'dataset_produces_1', 'consume_1_or_both_2_and_3_with_dataset_expressions' retrieved from /home/airflow/.local/lib/python3.12/site-packages/airflow/example_dags/example_datasets.py
[2025-03-18T19:24:34.296+0000] {logging_mixin.py:190} INFO - [2025-03-18T19:24:34.296+0000] {dag.py:3239} INFO - Sync 10 DAGs
[2025-03-18T19:24:34.316+0000] {logging_mixin.py:190} INFO - [2025-03-18T19:24:34.316+0000] {dag.py:4180} INFO - Setting next_dagrun for conditional_dataset_and_time_based_timetable to 2025-03-12 01:00:00+00:00, run_after=2025-03-12 01:00:00+00:00
[2025-03-18T19:24:34.319+0000] {logging_mixin.py:190} INFO - [2025-03-18T19:24:34.319+0000] {dag.py:4180} INFO - Setting next_dagrun for consume_1_and_2_with_dataset_expressions to None, run_after=None
[2025-03-18T19:24:34.320+0000] {logging_mixin.py:190} INFO - [2025-03-18T19:24:34.320+0000] {dag.py:4180} INFO - Setting next_dagrun for consume_1_or_2_with_dataset_expressions to None, run_after=None
[2025-03-18T19:24:34.321+0000] {logging_mixin.py:190} INFO - [2025-03-18T19:24:34.320+0000] {dag.py:4180} INFO - Setting next_dagrun for consume_1_or_both_2_and_3_with_dataset_expressions to None, run_after=None
[2025-03-18T19:24:34.321+0000] {logging_mixin.py:190} INFO - [2025-03-18T19:24:34.321+0000] {dag.py:4180} INFO - Setting next_dagrun for dataset_consumes_1 to None, run_after=None
[2025-03-18T19:24:34.322+0000] {logging_mixin.py:190} INFO - [2025-03-18T19:24:34.322+0000] {dag.py:4180} INFO - Setting next_dagrun for dataset_consumes_1_and_2 to None, run_after=None
[2025-03-18T19:24:34.323+0000] {logging_mixin.py:190} INFO - [2025-03-18T19:24:34.323+0000] {dag.py:4180} INFO - Setting next_dagrun for dataset_consumes_1_never_scheduled to None, run_after=None
[2025-03-18T19:24:34.324+0000] {logging_mixin.py:190} INFO - [2025-03-18T19:24:34.324+0000] {dag.py:4180} INFO - Setting next_dagrun for dataset_consumes_unknown_never_scheduled to None, run_after=None
[2025-03-18T19:24:34.326+0000] {logging_mixin.py:190} INFO - [2025-03-18T19:24:34.326+0000] {dag.py:4180} INFO - Setting next_dagrun for dataset_produces_1 to 2025-03-17 00:00:00+00:00, run_after=2025-03-18 00:00:00+00:00
[2025-03-18T19:24:34.327+0000] {logging_mixin.py:190} INFO - [2025-03-18T19:24:34.327+0000] {dag.py:4180} INFO - Setting next_dagrun for dataset_produces_2 to None, run_after=None
[2025-03-18T19:24:34.352+0000] {processor.py:208} INFO - Processing /home/airflow/.local/lib/python3.12/site-packages/airflow/example_dags/example_datasets.py took 0.382 seconds
[2025-03-18T19:25:04.583+0000] {processor.py:186} INFO - Started process (PID=3513) to work on /home/airflow/.local/lib/python3.12/site-packages/airflow/example_dags/example_datasets.py
[2025-03-18T19:25:04.584+0000] {processor.py:914} INFO - Processing file /home/airflow/.local/lib/python3.12/site-packages/airflow/example_dags/example_datasets.py for tasks to queue
[2025-03-18T19:25:04.586+0000] {logging_mixin.py:190} INFO - [2025-03-18T19:25:04.586+0000] {dagbag.py:588} INFO - Filling up the DagBag from /home/airflow/.local/lib/python3.12/site-packages/airflow/example_dags/example_datasets.py
[2025-03-18T19:25:04.850+0000] {processor.py:925} INFO - DAG(s) 'dataset_produces_1', 'conditional_dataset_and_time_based_timetable', 'consume_1_or_both_2_and_3_with_dataset_expressions', 'dataset_produces_2', 'dataset_consumes_1', 'dataset_consumes_1_never_scheduled', 'consume_1_or_2_with_dataset_expressions', 'dataset_consumes_1_and_2', 'consume_1_and_2_with_dataset_expressions', 'dataset_consumes_unknown_never_scheduled' retrieved from /home/airflow/.local/lib/python3.12/site-packages/airflow/example_dags/example_datasets.py
[2025-03-18T19:25:04.884+0000] {logging_mixin.py:190} INFO - [2025-03-18T19:25:04.884+0000] {dag.py:3239} INFO - Sync 10 DAGs
[2025-03-18T19:25:04.905+0000] {logging_mixin.py:190} INFO - [2025-03-18T19:25:04.904+0000] {dag.py:4180} INFO - Setting next_dagrun for conditional_dataset_and_time_based_timetable to 2025-03-12 01:00:00+00:00, run_after=2025-03-12 01:00:00+00:00
[2025-03-18T19:25:04.907+0000] {logging_mixin.py:190} INFO - [2025-03-18T19:25:04.907+0000] {dag.py:4180} INFO - Setting next_dagrun for consume_1_and_2_with_dataset_expressions to None, run_after=None
[2025-03-18T19:25:04.908+0000] {logging_mixin.py:190} INFO - [2025-03-18T19:25:04.908+0000] {dag.py:4180} INFO - Setting next_dagrun for consume_1_or_2_with_dataset_expressions to None, run_after=None
[2025-03-18T19:25:04.909+0000] {logging_mixin.py:190} INFO - [2025-03-18T19:25:04.909+0000] {dag.py:4180} INFO - Setting next_dagrun for consume_1_or_both_2_and_3_with_dataset_expressions to None, run_after=None
[2025-03-18T19:25:04.910+0000] {logging_mixin.py:190} INFO - [2025-03-18T19:25:04.910+0000] {dag.py:4180} INFO - Setting next_dagrun for dataset_consumes_1 to None, run_after=None
[2025-03-18T19:25:04.911+0000] {logging_mixin.py:190} INFO - [2025-03-18T19:25:04.911+0000] {dag.py:4180} INFO - Setting next_dagrun for dataset_consumes_1_and_2 to None, run_after=None
[2025-03-18T19:25:04.912+0000] {logging_mixin.py:190} INFO - [2025-03-18T19:25:04.912+0000] {dag.py:4180} INFO - Setting next_dagrun for dataset_consumes_1_never_scheduled to None, run_after=None
[2025-03-18T19:25:04.913+0000] {logging_mixin.py:190} INFO - [2025-03-18T19:25:04.912+0000] {dag.py:4180} INFO - Setting next_dagrun for dataset_consumes_unknown_never_scheduled to None, run_after=None
[2025-03-18T19:25:04.914+0000] {logging_mixin.py:190} INFO - [2025-03-18T19:25:04.914+0000] {dag.py:4180} INFO - Setting next_dagrun for dataset_produces_1 to 2025-03-17 00:00:00+00:00, run_after=2025-03-18 00:00:00+00:00
[2025-03-18T19:25:04.915+0000] {logging_mixin.py:190} INFO - [2025-03-18T19:25:04.915+0000] {dag.py:4180} INFO - Setting next_dagrun for dataset_produces_2 to None, run_after=None
[2025-03-18T19:25:04.943+0000] {processor.py:208} INFO - Processing /home/airflow/.local/lib/python3.12/site-packages/airflow/example_dags/example_datasets.py took 0.364 seconds
[2025-03-18T19:25:35.048+0000] {processor.py:186} INFO - Started process (PID=3577) to work on /home/airflow/.local/lib/python3.12/site-packages/airflow/example_dags/example_datasets.py
[2025-03-18T19:25:35.049+0000] {processor.py:914} INFO - Processing file /home/airflow/.local/lib/python3.12/site-packages/airflow/example_dags/example_datasets.py for tasks to queue
[2025-03-18T19:25:35.051+0000] {logging_mixin.py:190} INFO - [2025-03-18T19:25:35.051+0000] {dagbag.py:588} INFO - Filling up the DagBag from /home/airflow/.local/lib/python3.12/site-packages/airflow/example_dags/example_datasets.py
[2025-03-18T19:25:35.360+0000] {processor.py:925} INFO - DAG(s) 'dataset_consumes_unknown_never_scheduled', 'consume_1_or_both_2_and_3_with_dataset_expressions', 'dataset_produces_2', 'dataset_consumes_1', 'dataset_consumes_1_and_2', 'dataset_produces_1', 'consume_1_or_2_with_dataset_expressions', 'conditional_dataset_and_time_based_timetable', 'consume_1_and_2_with_dataset_expressions', 'dataset_consumes_1_never_scheduled' retrieved from /home/airflow/.local/lib/python3.12/site-packages/airflow/example_dags/example_datasets.py
[2025-03-18T19:25:35.401+0000] {logging_mixin.py:190} INFO - [2025-03-18T19:25:35.401+0000] {dag.py:3239} INFO - Sync 10 DAGs
[2025-03-18T19:25:35.428+0000] {logging_mixin.py:190} INFO - [2025-03-18T19:25:35.428+0000] {dag.py:4180} INFO - Setting next_dagrun for conditional_dataset_and_time_based_timetable to 2025-03-12 01:00:00+00:00, run_after=2025-03-12 01:00:00+00:00
[2025-03-18T19:25:35.431+0000] {logging_mixin.py:190} INFO - [2025-03-18T19:25:35.431+0000] {dag.py:4180} INFO - Setting next_dagrun for consume_1_and_2_with_dataset_expressions to None, run_after=None
[2025-03-18T19:25:35.432+0000] {logging_mixin.py:190} INFO - [2025-03-18T19:25:35.432+0000] {dag.py:4180} INFO - Setting next_dagrun for consume_1_or_2_with_dataset_expressions to None, run_after=None
[2025-03-18T19:25:35.433+0000] {logging_mixin.py:190} INFO - [2025-03-18T19:25:35.433+0000] {dag.py:4180} INFO - Setting next_dagrun for consume_1_or_both_2_and_3_with_dataset_expressions to None, run_after=None
[2025-03-18T19:25:35.434+0000] {logging_mixin.py:190} INFO - [2025-03-18T19:25:35.434+0000] {dag.py:4180} INFO - Setting next_dagrun for dataset_consumes_1 to None, run_after=None
[2025-03-18T19:25:35.435+0000] {logging_mixin.py:190} INFO - [2025-03-18T19:25:35.435+0000] {dag.py:4180} INFO - Setting next_dagrun for dataset_consumes_1_and_2 to None, run_after=None
[2025-03-18T19:25:35.436+0000] {logging_mixin.py:190} INFO - [2025-03-18T19:25:35.436+0000] {dag.py:4180} INFO - Setting next_dagrun for dataset_consumes_1_never_scheduled to None, run_after=None
[2025-03-18T19:25:35.437+0000] {logging_mixin.py:190} INFO - [2025-03-18T19:25:35.436+0000] {dag.py:4180} INFO - Setting next_dagrun for dataset_consumes_unknown_never_scheduled to None, run_after=None
[2025-03-18T19:25:35.438+0000] {logging_mixin.py:190} INFO - [2025-03-18T19:25:35.438+0000] {dag.py:4180} INFO - Setting next_dagrun for dataset_produces_1 to 2025-03-17 00:00:00+00:00, run_after=2025-03-18 00:00:00+00:00
[2025-03-18T19:25:35.440+0000] {logging_mixin.py:190} INFO - [2025-03-18T19:25:35.439+0000] {dag.py:4180} INFO - Setting next_dagrun for dataset_produces_2 to None, run_after=None
[2025-03-18T19:25:35.475+0000] {processor.py:208} INFO - Processing /home/airflow/.local/lib/python3.12/site-packages/airflow/example_dags/example_datasets.py took 0.432 seconds
[2025-03-18T19:26:05.768+0000] {processor.py:186} INFO - Started process (PID=3641) to work on /home/airflow/.local/lib/python3.12/site-packages/airflow/example_dags/example_datasets.py
[2025-03-18T19:26:05.769+0000] {processor.py:914} INFO - Processing file /home/airflow/.local/lib/python3.12/site-packages/airflow/example_dags/example_datasets.py for tasks to queue
[2025-03-18T19:26:05.771+0000] {logging_mixin.py:190} INFO - [2025-03-18T19:26:05.771+0000] {dagbag.py:588} INFO - Filling up the DagBag from /home/airflow/.local/lib/python3.12/site-packages/airflow/example_dags/example_datasets.py
[2025-03-18T19:26:06.052+0000] {processor.py:925} INFO - DAG(s) 'dataset_consumes_unknown_never_scheduled', 'dataset_produces_1', 'dataset_consumes_1', 'consume_1_or_2_with_dataset_expressions', 'dataset_consumes_1_and_2', 'conditional_dataset_and_time_based_timetable', 'consume_1_and_2_with_dataset_expressions', 'dataset_produces_2', 'consume_1_or_both_2_and_3_with_dataset_expressions', 'dataset_consumes_1_never_scheduled' retrieved from /home/airflow/.local/lib/python3.12/site-packages/airflow/example_dags/example_datasets.py
[2025-03-18T19:26:06.087+0000] {logging_mixin.py:190} INFO - [2025-03-18T19:26:06.087+0000] {dag.py:3239} INFO - Sync 10 DAGs
[2025-03-18T19:26:06.112+0000] {logging_mixin.py:190} INFO - [2025-03-18T19:26:06.111+0000] {dag.py:4180} INFO - Setting next_dagrun for conditional_dataset_and_time_based_timetable to 2025-03-12 01:00:00+00:00, run_after=2025-03-12 01:00:00+00:00
[2025-03-18T19:26:06.115+0000] {logging_mixin.py:190} INFO - [2025-03-18T19:26:06.115+0000] {dag.py:4180} INFO - Setting next_dagrun for consume_1_and_2_with_dataset_expressions to None, run_after=None
[2025-03-18T19:26:06.116+0000] {logging_mixin.py:190} INFO - [2025-03-18T19:26:06.116+0000] {dag.py:4180} INFO - Setting next_dagrun for consume_1_or_2_with_dataset_expressions to None, run_after=None
[2025-03-18T19:26:06.117+0000] {logging_mixin.py:190} INFO - [2025-03-18T19:26:06.117+0000] {dag.py:4180} INFO - Setting next_dagrun for consume_1_or_both_2_and_3_with_dataset_expressions to None, run_after=None
[2025-03-18T19:26:06.118+0000] {logging_mixin.py:190} INFO - [2025-03-18T19:26:06.118+0000] {dag.py:4180} INFO - Setting next_dagrun for dataset_consumes_1 to None, run_after=None
[2025-03-18T19:26:06.119+0000] {logging_mixin.py:190} INFO - [2025-03-18T19:26:06.119+0000] {dag.py:4180} INFO - Setting next_dagrun for dataset_consumes_1_and_2 to None, run_after=None
[2025-03-18T19:26:06.120+0000] {logging_mixin.py:190} INFO - [2025-03-18T19:26:06.119+0000] {dag.py:4180} INFO - Setting next_dagrun for dataset_consumes_1_never_scheduled to None, run_after=None
[2025-03-18T19:26:06.120+0000] {logging_mixin.py:190} INFO - [2025-03-18T19:26:06.120+0000] {dag.py:4180} INFO - Setting next_dagrun for dataset_consumes_unknown_never_scheduled to None, run_after=None
[2025-03-18T19:26:06.122+0000] {logging_mixin.py:190} INFO - [2025-03-18T19:26:06.122+0000] {dag.py:4180} INFO - Setting next_dagrun for dataset_produces_1 to 2025-03-17 00:00:00+00:00, run_after=2025-03-18 00:00:00+00:00
[2025-03-18T19:26:06.123+0000] {logging_mixin.py:190} INFO - [2025-03-18T19:26:06.123+0000] {dag.py:4180} INFO - Setting next_dagrun for dataset_produces_2 to None, run_after=None
[2025-03-18T19:26:06.151+0000] {processor.py:208} INFO - Processing /home/airflow/.local/lib/python3.12/site-packages/airflow/example_dags/example_datasets.py took 0.387 seconds
[2025-03-18T19:26:36.183+0000] {processor.py:186} INFO - Started process (PID=3705) to work on /home/airflow/.local/lib/python3.12/site-packages/airflow/example_dags/example_datasets.py
[2025-03-18T19:26:36.184+0000] {processor.py:914} INFO - Processing file /home/airflow/.local/lib/python3.12/site-packages/airflow/example_dags/example_datasets.py for tasks to queue
[2025-03-18T19:26:36.186+0000] {logging_mixin.py:190} INFO - [2025-03-18T19:26:36.186+0000] {dagbag.py:588} INFO - Filling up the DagBag from /home/airflow/.local/lib/python3.12/site-packages/airflow/example_dags/example_datasets.py
[2025-03-18T19:26:36.455+0000] {processor.py:925} INFO - DAG(s) 'consume_1_or_both_2_and_3_with_dataset_expressions', 'dataset_consumes_1_never_scheduled', 'dataset_consumes_1_and_2', 'dataset_produces_1', 'dataset_consumes_1', 'consume_1_or_2_with_dataset_expressions', 'dataset_produces_2', 'conditional_dataset_and_time_based_timetable', 'dataset_consumes_unknown_never_scheduled', 'consume_1_and_2_with_dataset_expressions' retrieved from /home/airflow/.local/lib/python3.12/site-packages/airflow/example_dags/example_datasets.py
[2025-03-18T19:26:36.489+0000] {logging_mixin.py:190} INFO - [2025-03-18T19:26:36.489+0000] {dag.py:3239} INFO - Sync 10 DAGs
[2025-03-18T19:26:36.512+0000] {logging_mixin.py:190} INFO - [2025-03-18T19:26:36.511+0000] {dag.py:4180} INFO - Setting next_dagrun for conditional_dataset_and_time_based_timetable to 2025-03-12 01:00:00+00:00, run_after=2025-03-12 01:00:00+00:00
[2025-03-18T19:26:36.683+0000] {logging_mixin.py:190} INFO - [2025-03-18T19:26:36.683+0000] {dag.py:4180} INFO - Setting next_dagrun for consume_1_and_2_with_dataset_expressions to None, run_after=None
[2025-03-18T19:26:36.684+0000] {logging_mixin.py:190} INFO - [2025-03-18T19:26:36.684+0000] {dag.py:4180} INFO - Setting next_dagrun for consume_1_or_2_with_dataset_expressions to None, run_after=None
[2025-03-18T19:26:36.685+0000] {logging_mixin.py:190} INFO - [2025-03-18T19:26:36.685+0000] {dag.py:4180} INFO - Setting next_dagrun for consume_1_or_both_2_and_3_with_dataset_expressions to None, run_after=None
[2025-03-18T19:26:36.686+0000] {logging_mixin.py:190} INFO - [2025-03-18T19:26:36.686+0000] {dag.py:4180} INFO - Setting next_dagrun for dataset_consumes_1 to None, run_after=None
[2025-03-18T19:26:36.687+0000] {logging_mixin.py:190} INFO - [2025-03-18T19:26:36.687+0000] {dag.py:4180} INFO - Setting next_dagrun for dataset_consumes_1_and_2 to None, run_after=None
[2025-03-18T19:26:36.688+0000] {logging_mixin.py:190} INFO - [2025-03-18T19:26:36.688+0000] {dag.py:4180} INFO - Setting next_dagrun for dataset_consumes_1_never_scheduled to None, run_after=None
[2025-03-18T19:26:36.689+0000] {logging_mixin.py:190} INFO - [2025-03-18T19:26:36.689+0000] {dag.py:4180} INFO - Setting next_dagrun for dataset_consumes_unknown_never_scheduled to None, run_after=None
[2025-03-18T19:26:36.691+0000] {logging_mixin.py:190} INFO - [2025-03-18T19:26:36.691+0000] {dag.py:4180} INFO - Setting next_dagrun for dataset_produces_1 to 2025-03-17 00:00:00+00:00, run_after=2025-03-18 00:00:00+00:00
[2025-03-18T19:26:36.692+0000] {logging_mixin.py:190} INFO - [2025-03-18T19:26:36.692+0000] {dag.py:4180} INFO - Setting next_dagrun for dataset_produces_2 to None, run_after=None
[2025-03-18T19:26:36.717+0000] {processor.py:208} INFO - Processing /home/airflow/.local/lib/python3.12/site-packages/airflow/example_dags/example_datasets.py took 0.540 seconds
[2025-03-18T19:27:06.747+0000] {processor.py:186} INFO - Started process (PID=3769) to work on /home/airflow/.local/lib/python3.12/site-packages/airflow/example_dags/example_datasets.py
[2025-03-18T19:27:06.748+0000] {processor.py:914} INFO - Processing file /home/airflow/.local/lib/python3.12/site-packages/airflow/example_dags/example_datasets.py for tasks to queue
[2025-03-18T19:27:06.750+0000] {logging_mixin.py:190} INFO - [2025-03-18T19:27:06.750+0000] {dagbag.py:588} INFO - Filling up the DagBag from /home/airflow/.local/lib/python3.12/site-packages/airflow/example_dags/example_datasets.py
[2025-03-18T19:27:07.034+0000] {processor.py:925} INFO - DAG(s) 'dataset_produces_2', 'consume_1_and_2_with_dataset_expressions', 'dataset_consumes_unknown_never_scheduled', 'dataset_consumes_1', 'consume_1_or_both_2_and_3_with_dataset_expressions', 'dataset_consumes_1_never_scheduled', 'dataset_produces_1', 'dataset_consumes_1_and_2', 'consume_1_or_2_with_dataset_expressions', 'conditional_dataset_and_time_based_timetable' retrieved from /home/airflow/.local/lib/python3.12/site-packages/airflow/example_dags/example_datasets.py
[2025-03-18T19:27:07.070+0000] {logging_mixin.py:190} INFO - [2025-03-18T19:27:07.070+0000] {dag.py:3239} INFO - Sync 10 DAGs
[2025-03-18T19:27:07.093+0000] {logging_mixin.py:190} INFO - [2025-03-18T19:27:07.093+0000] {dag.py:4180} INFO - Setting next_dagrun for conditional_dataset_and_time_based_timetable to 2025-03-12 01:00:00+00:00, run_after=2025-03-12 01:00:00+00:00
[2025-03-18T19:27:07.096+0000] {logging_mixin.py:190} INFO - [2025-03-18T19:27:07.096+0000] {dag.py:4180} INFO - Setting next_dagrun for consume_1_and_2_with_dataset_expressions to None, run_after=None
[2025-03-18T19:27:07.097+0000] {logging_mixin.py:190} INFO - [2025-03-18T19:27:07.097+0000] {dag.py:4180} INFO - Setting next_dagrun for consume_1_or_2_with_dataset_expressions to None, run_after=None
[2025-03-18T19:27:07.098+0000] {logging_mixin.py:190} INFO - [2025-03-18T19:27:07.098+0000] {dag.py:4180} INFO - Setting next_dagrun for consume_1_or_both_2_and_3_with_dataset_expressions to None, run_after=None
[2025-03-18T19:27:07.099+0000] {logging_mixin.py:190} INFO - [2025-03-18T19:27:07.098+0000] {dag.py:4180} INFO - Setting next_dagrun for dataset_consumes_1 to None, run_after=None
[2025-03-18T19:27:07.099+0000] {logging_mixin.py:190} INFO - [2025-03-18T19:27:07.099+0000] {dag.py:4180} INFO - Setting next_dagrun for dataset_consumes_1_and_2 to None, run_after=None
[2025-03-18T19:27:07.100+0000] {logging_mixin.py:190} INFO - [2025-03-18T19:27:07.100+0000] {dag.py:4180} INFO - Setting next_dagrun for dataset_consumes_1_never_scheduled to None, run_after=None
[2025-03-18T19:27:07.101+0000] {logging_mixin.py:190} INFO - [2025-03-18T19:27:07.101+0000] {dag.py:4180} INFO - Setting next_dagrun for dataset_consumes_unknown_never_scheduled to None, run_after=None
[2025-03-18T19:27:07.103+0000] {logging_mixin.py:190} INFO - [2025-03-18T19:27:07.103+0000] {dag.py:4180} INFO - Setting next_dagrun for dataset_produces_1 to 2025-03-17 00:00:00+00:00, run_after=2025-03-18 00:00:00+00:00
[2025-03-18T19:27:07.104+0000] {logging_mixin.py:190} INFO - [2025-03-18T19:27:07.103+0000] {dag.py:4180} INFO - Setting next_dagrun for dataset_produces_2 to None, run_after=None
[2025-03-18T19:27:07.271+0000] {processor.py:208} INFO - Processing /home/airflow/.local/lib/python3.12/site-packages/airflow/example_dags/example_datasets.py took 0.529 seconds
[2025-03-18T19:27:37.511+0000] {processor.py:186} INFO - Started process (PID=3833) to work on /home/airflow/.local/lib/python3.12/site-packages/airflow/example_dags/example_datasets.py
[2025-03-18T19:27:37.513+0000] {processor.py:914} INFO - Processing file /home/airflow/.local/lib/python3.12/site-packages/airflow/example_dags/example_datasets.py for tasks to queue
[2025-03-18T19:27:37.515+0000] {logging_mixin.py:190} INFO - [2025-03-18T19:27:37.515+0000] {dagbag.py:588} INFO - Filling up the DagBag from /home/airflow/.local/lib/python3.12/site-packages/airflow/example_dags/example_datasets.py
[2025-03-18T19:27:37.815+0000] {processor.py:925} INFO - DAG(s) 'dataset_produces_1', 'consume_1_or_2_with_dataset_expressions', 'dataset_consumes_1_and_2', 'dataset_consumes_unknown_never_scheduled', 'consume_1_or_both_2_and_3_with_dataset_expressions', 'conditional_dataset_and_time_based_timetable', 'consume_1_and_2_with_dataset_expressions', 'dataset_produces_2', 'dataset_consumes_1_never_scheduled', 'dataset_consumes_1' retrieved from /home/airflow/.local/lib/python3.12/site-packages/airflow/example_dags/example_datasets.py
[2025-03-18T19:27:37.853+0000] {logging_mixin.py:190} INFO - [2025-03-18T19:27:37.853+0000] {dag.py:3239} INFO - Sync 10 DAGs
[2025-03-18T19:27:37.878+0000] {logging_mixin.py:190} INFO - [2025-03-18T19:27:37.878+0000] {dag.py:4180} INFO - Setting next_dagrun for conditional_dataset_and_time_based_timetable to 2025-03-12 01:00:00+00:00, run_after=2025-03-12 01:00:00+00:00
[2025-03-18T19:27:37.881+0000] {logging_mixin.py:190} INFO - [2025-03-18T19:27:37.881+0000] {dag.py:4180} INFO - Setting next_dagrun for consume_1_and_2_with_dataset_expressions to None, run_after=None
[2025-03-18T19:27:37.882+0000] {logging_mixin.py:190} INFO - [2025-03-18T19:27:37.882+0000] {dag.py:4180} INFO - Setting next_dagrun for consume_1_or_2_with_dataset_expressions to None, run_after=None
[2025-03-18T19:27:37.884+0000] {logging_mixin.py:190} INFO - [2025-03-18T19:27:37.883+0000] {dag.py:4180} INFO - Setting next_dagrun for consume_1_or_both_2_and_3_with_dataset_expressions to None, run_after=None
[2025-03-18T19:27:37.885+0000] {logging_mixin.py:190} INFO - [2025-03-18T19:27:37.885+0000] {dag.py:4180} INFO - Setting next_dagrun for dataset_consumes_1 to None, run_after=None
[2025-03-18T19:27:37.886+0000] {logging_mixin.py:190} INFO - [2025-03-18T19:27:37.886+0000] {dag.py:4180} INFO - Setting next_dagrun for dataset_consumes_1_and_2 to None, run_after=None
[2025-03-18T19:27:37.887+0000] {logging_mixin.py:190} INFO - [2025-03-18T19:27:37.887+0000] {dag.py:4180} INFO - Setting next_dagrun for dataset_consumes_1_never_scheduled to None, run_after=None
[2025-03-18T19:27:37.888+0000] {logging_mixin.py:190} INFO - [2025-03-18T19:27:37.888+0000] {dag.py:4180} INFO - Setting next_dagrun for dataset_consumes_unknown_never_scheduled to None, run_after=None
[2025-03-18T19:27:37.890+0000] {logging_mixin.py:190} INFO - [2025-03-18T19:27:37.889+0000] {dag.py:4180} INFO - Setting next_dagrun for dataset_produces_1 to 2025-03-17 00:00:00+00:00, run_after=2025-03-18 00:00:00+00:00
[2025-03-18T19:27:37.890+0000] {logging_mixin.py:190} INFO - [2025-03-18T19:27:37.890+0000] {dag.py:4180} INFO - Setting next_dagrun for dataset_produces_2 to None, run_after=None
[2025-03-18T19:27:37.919+0000] {processor.py:208} INFO - Processing /home/airflow/.local/lib/python3.12/site-packages/airflow/example_dags/example_datasets.py took 0.413 seconds
[2025-03-18T19:28:08.270+0000] {processor.py:186} INFO - Started process (PID=3898) to work on /home/airflow/.local/lib/python3.12/site-packages/airflow/example_dags/example_datasets.py
[2025-03-18T19:28:08.271+0000] {processor.py:914} INFO - Processing file /home/airflow/.local/lib/python3.12/site-packages/airflow/example_dags/example_datasets.py for tasks to queue
[2025-03-18T19:28:08.273+0000] {logging_mixin.py:190} INFO - [2025-03-18T19:28:08.273+0000] {dagbag.py:588} INFO - Filling up the DagBag from /home/airflow/.local/lib/python3.12/site-packages/airflow/example_dags/example_datasets.py
[2025-03-18T19:28:08.558+0000] {processor.py:925} INFO - DAG(s) 'dataset_produces_2', 'consume_1_and_2_with_dataset_expressions', 'dataset_produces_1', 'dataset_consumes_1_and_2', 'conditional_dataset_and_time_based_timetable', 'dataset_consumes_unknown_never_scheduled', 'consume_1_or_2_with_dataset_expressions', 'consume_1_or_both_2_and_3_with_dataset_expressions', 'dataset_consumes_1', 'dataset_consumes_1_never_scheduled' retrieved from /home/airflow/.local/lib/python3.12/site-packages/airflow/example_dags/example_datasets.py
[2025-03-18T19:28:08.770+0000] {logging_mixin.py:190} INFO - [2025-03-18T19:28:08.770+0000] {dag.py:3239} INFO - Sync 10 DAGs
[2025-03-18T19:28:08.790+0000] {logging_mixin.py:190} INFO - [2025-03-18T19:28:08.790+0000] {dag.py:4180} INFO - Setting next_dagrun for conditional_dataset_and_time_based_timetable to 2025-03-12 01:00:00+00:00, run_after=2025-03-12 01:00:00+00:00
[2025-03-18T19:28:08.793+0000] {logging_mixin.py:190} INFO - [2025-03-18T19:28:08.793+0000] {dag.py:4180} INFO - Setting next_dagrun for consume_1_and_2_with_dataset_expressions to None, run_after=None
[2025-03-18T19:28:08.794+0000] {logging_mixin.py:190} INFO - [2025-03-18T19:28:08.794+0000] {dag.py:4180} INFO - Setting next_dagrun for consume_1_or_2_with_dataset_expressions to None, run_after=None
[2025-03-18T19:28:08.795+0000] {logging_mixin.py:190} INFO - [2025-03-18T19:28:08.795+0000] {dag.py:4180} INFO - Setting next_dagrun for consume_1_or_both_2_and_3_with_dataset_expressions to None, run_after=None
[2025-03-18T19:28:08.796+0000] {logging_mixin.py:190} INFO - [2025-03-18T19:28:08.796+0000] {dag.py:4180} INFO - Setting next_dagrun for dataset_consumes_1 to None, run_after=None
[2025-03-18T19:28:08.797+0000] {logging_mixin.py:190} INFO - [2025-03-18T19:28:08.797+0000] {dag.py:4180} INFO - Setting next_dagrun for dataset_consumes_1_and_2 to None, run_after=None
[2025-03-18T19:28:08.797+0000] {logging_mixin.py:190} INFO - [2025-03-18T19:28:08.797+0000] {dag.py:4180} INFO - Setting next_dagrun for dataset_consumes_1_never_scheduled to None, run_after=None
[2025-03-18T19:28:08.798+0000] {logging_mixin.py:190} INFO - [2025-03-18T19:28:08.798+0000] {dag.py:4180} INFO - Setting next_dagrun for dataset_consumes_unknown_never_scheduled to None, run_after=None
[2025-03-18T19:28:08.800+0000] {logging_mixin.py:190} INFO - [2025-03-18T19:28:08.800+0000] {dag.py:4180} INFO - Setting next_dagrun for dataset_produces_1 to 2025-03-17 00:00:00+00:00, run_after=2025-03-18 00:00:00+00:00
[2025-03-18T19:28:08.801+0000] {logging_mixin.py:190} INFO - [2025-03-18T19:28:08.801+0000] {dag.py:4180} INFO - Setting next_dagrun for dataset_produces_2 to None, run_after=None
[2025-03-18T19:28:08.826+0000] {processor.py:208} INFO - Processing /home/airflow/.local/lib/python3.12/site-packages/airflow/example_dags/example_datasets.py took 0.561 seconds
[2025-03-18T19:28:39.136+0000] {processor.py:186} INFO - Started process (PID=3962) to work on /home/airflow/.local/lib/python3.12/site-packages/airflow/example_dags/example_datasets.py
[2025-03-18T19:28:39.137+0000] {processor.py:914} INFO - Processing file /home/airflow/.local/lib/python3.12/site-packages/airflow/example_dags/example_datasets.py for tasks to queue
[2025-03-18T19:28:39.139+0000] {logging_mixin.py:190} INFO - [2025-03-18T19:28:39.139+0000] {dagbag.py:588} INFO - Filling up the DagBag from /home/airflow/.local/lib/python3.12/site-packages/airflow/example_dags/example_datasets.py
[2025-03-18T19:28:39.465+0000] {processor.py:925} INFO - DAG(s) 'dataset_consumes_1', 'dataset_produces_1', 'dataset_consumes_1_never_scheduled', 'dataset_produces_2', 'conditional_dataset_and_time_based_timetable', 'dataset_consumes_1_and_2', 'consume_1_or_both_2_and_3_with_dataset_expressions', 'consume_1_and_2_with_dataset_expressions', 'consume_1_or_2_with_dataset_expressions', 'dataset_consumes_unknown_never_scheduled' retrieved from /home/airflow/.local/lib/python3.12/site-packages/airflow/example_dags/example_datasets.py
[2025-03-18T19:28:39.505+0000] {logging_mixin.py:190} INFO - [2025-03-18T19:28:39.505+0000] {dag.py:3239} INFO - Sync 10 DAGs
[2025-03-18T19:28:39.685+0000] {logging_mixin.py:190} INFO - [2025-03-18T19:28:39.684+0000] {dag.py:4180} INFO - Setting next_dagrun for conditional_dataset_and_time_based_timetable to 2025-03-12 01:00:00+00:00, run_after=2025-03-12 01:00:00+00:00
[2025-03-18T19:28:39.688+0000] {logging_mixin.py:190} INFO - [2025-03-18T19:28:39.688+0000] {dag.py:4180} INFO - Setting next_dagrun for consume_1_and_2_with_dataset_expressions to None, run_after=None
[2025-03-18T19:28:39.689+0000] {logging_mixin.py:190} INFO - [2025-03-18T19:28:39.689+0000] {dag.py:4180} INFO - Setting next_dagrun for consume_1_or_2_with_dataset_expressions to None, run_after=None
[2025-03-18T19:28:39.691+0000] {logging_mixin.py:190} INFO - [2025-03-18T19:28:39.690+0000] {dag.py:4180} INFO - Setting next_dagrun for consume_1_or_both_2_and_3_with_dataset_expressions to None, run_after=None
[2025-03-18T19:28:39.692+0000] {logging_mixin.py:190} INFO - [2025-03-18T19:28:39.691+0000] {dag.py:4180} INFO - Setting next_dagrun for dataset_consumes_1 to None, run_after=None
[2025-03-18T19:28:39.693+0000] {logging_mixin.py:190} INFO - [2025-03-18T19:28:39.692+0000] {dag.py:4180} INFO - Setting next_dagrun for dataset_consumes_1_and_2 to None, run_after=None
[2025-03-18T19:28:39.694+0000] {logging_mixin.py:190} INFO - [2025-03-18T19:28:39.694+0000] {dag.py:4180} INFO - Setting next_dagrun for dataset_consumes_1_never_scheduled to None, run_after=None
[2025-03-18T19:28:39.695+0000] {logging_mixin.py:190} INFO - [2025-03-18T19:28:39.694+0000] {dag.py:4180} INFO - Setting next_dagrun for dataset_consumes_unknown_never_scheduled to None, run_after=None
[2025-03-18T19:28:39.696+0000] {logging_mixin.py:190} INFO - [2025-03-18T19:28:39.696+0000] {dag.py:4180} INFO - Setting next_dagrun for dataset_produces_1 to 2025-03-17 00:00:00+00:00, run_after=2025-03-18 00:00:00+00:00
[2025-03-18T19:28:39.697+0000] {logging_mixin.py:190} INFO - [2025-03-18T19:28:39.697+0000] {dag.py:4180} INFO - Setting next_dagrun for dataset_produces_2 to None, run_after=None
[2025-03-18T19:28:39.725+0000] {processor.py:208} INFO - Processing /home/airflow/.local/lib/python3.12/site-packages/airflow/example_dags/example_datasets.py took 0.593 seconds
[2025-03-18T19:29:10.167+0000] {processor.py:186} INFO - Started process (PID=4026) to work on /home/airflow/.local/lib/python3.12/site-packages/airflow/example_dags/example_datasets.py
[2025-03-18T19:29:10.168+0000] {processor.py:914} INFO - Processing file /home/airflow/.local/lib/python3.12/site-packages/airflow/example_dags/example_datasets.py for tasks to queue
[2025-03-18T19:29:10.170+0000] {logging_mixin.py:190} INFO - [2025-03-18T19:29:10.170+0000] {dagbag.py:588} INFO - Filling up the DagBag from /home/airflow/.local/lib/python3.12/site-packages/airflow/example_dags/example_datasets.py
[2025-03-18T19:29:10.470+0000] {processor.py:925} INFO - DAG(s) 'consume_1_or_2_with_dataset_expressions', 'dataset_consumes_1_never_scheduled', 'consume_1_or_both_2_and_3_with_dataset_expressions', 'dataset_consumes_1_and_2', 'dataset_consumes_1', 'conditional_dataset_and_time_based_timetable', 'dataset_produces_1', 'dataset_produces_2', 'dataset_consumes_unknown_never_scheduled', 'consume_1_and_2_with_dataset_expressions' retrieved from /home/airflow/.local/lib/python3.12/site-packages/airflow/example_dags/example_datasets.py
[2025-03-18T19:29:10.505+0000] {logging_mixin.py:190} INFO - [2025-03-18T19:29:10.505+0000] {dag.py:3239} INFO - Sync 10 DAGs
[2025-03-18T19:29:10.698+0000] {logging_mixin.py:190} INFO - [2025-03-18T19:29:10.697+0000] {dag.py:4180} INFO - Setting next_dagrun for conditional_dataset_and_time_based_timetable to 2025-03-12 01:00:00+00:00, run_after=2025-03-12 01:00:00+00:00
[2025-03-18T19:29:10.700+0000] {logging_mixin.py:190} INFO - [2025-03-18T19:29:10.700+0000] {dag.py:4180} INFO - Setting next_dagrun for consume_1_and_2_with_dataset_expressions to None, run_after=None
[2025-03-18T19:29:10.701+0000] {logging_mixin.py:190} INFO - [2025-03-18T19:29:10.701+0000] {dag.py:4180} INFO - Setting next_dagrun for consume_1_or_2_with_dataset_expressions to None, run_after=None
[2025-03-18T19:29:10.702+0000] {logging_mixin.py:190} INFO - [2025-03-18T19:29:10.702+0000] {dag.py:4180} INFO - Setting next_dagrun for consume_1_or_both_2_and_3_with_dataset_expressions to None, run_after=None
[2025-03-18T19:29:10.703+0000] {logging_mixin.py:190} INFO - [2025-03-18T19:29:10.703+0000] {dag.py:4180} INFO - Setting next_dagrun for dataset_consumes_1 to None, run_after=None
[2025-03-18T19:29:10.704+0000] {logging_mixin.py:190} INFO - [2025-03-18T19:29:10.704+0000] {dag.py:4180} INFO - Setting next_dagrun for dataset_consumes_1_and_2 to None, run_after=None
[2025-03-18T19:29:10.705+0000] {logging_mixin.py:190} INFO - [2025-03-18T19:29:10.705+0000] {dag.py:4180} INFO - Setting next_dagrun for dataset_consumes_1_never_scheduled to None, run_after=None
[2025-03-18T19:29:10.706+0000] {logging_mixin.py:190} INFO - [2025-03-18T19:29:10.706+0000] {dag.py:4180} INFO - Setting next_dagrun for dataset_consumes_unknown_never_scheduled to None, run_after=None
[2025-03-18T19:29:10.708+0000] {logging_mixin.py:190} INFO - [2025-03-18T19:29:10.708+0000] {dag.py:4180} INFO - Setting next_dagrun for dataset_produces_1 to 2025-03-17 00:00:00+00:00, run_after=2025-03-18 00:00:00+00:00
[2025-03-18T19:29:10.709+0000] {logging_mixin.py:190} INFO - [2025-03-18T19:29:10.709+0000] {dag.py:4180} INFO - Setting next_dagrun for dataset_produces_2 to None, run_after=None
[2025-03-18T19:29:10.737+0000] {processor.py:208} INFO - Processing /home/airflow/.local/lib/python3.12/site-packages/airflow/example_dags/example_datasets.py took 0.574 seconds
[2025-03-18T19:29:41.074+0000] {processor.py:186} INFO - Started process (PID=4096) to work on /home/airflow/.local/lib/python3.12/site-packages/airflow/example_dags/example_datasets.py
[2025-03-18T19:29:41.076+0000] {processor.py:914} INFO - Processing file /home/airflow/.local/lib/python3.12/site-packages/airflow/example_dags/example_datasets.py for tasks to queue
[2025-03-18T19:29:41.078+0000] {logging_mixin.py:190} INFO - [2025-03-18T19:29:41.077+0000] {dagbag.py:588} INFO - Filling up the DagBag from /home/airflow/.local/lib/python3.12/site-packages/airflow/example_dags/example_datasets.py
[2025-03-18T19:29:41.370+0000] {processor.py:925} INFO - DAG(s) 'dataset_produces_2', 'dataset_consumes_1_and_2', 'dataset_produces_1', 'consume_1_and_2_with_dataset_expressions', 'consume_1_or_both_2_and_3_with_dataset_expressions', 'dataset_consumes_1', 'dataset_consumes_1_never_scheduled', 'consume_1_or_2_with_dataset_expressions', 'dataset_consumes_unknown_never_scheduled', 'conditional_dataset_and_time_based_timetable' retrieved from /home/airflow/.local/lib/python3.12/site-packages/airflow/example_dags/example_datasets.py
[2025-03-18T19:29:41.404+0000] {logging_mixin.py:190} INFO - [2025-03-18T19:29:41.404+0000] {dag.py:3239} INFO - Sync 10 DAGs
[2025-03-18T19:29:41.584+0000] {logging_mixin.py:190} INFO - [2025-03-18T19:29:41.584+0000] {dag.py:4180} INFO - Setting next_dagrun for conditional_dataset_and_time_based_timetable to 2025-03-12 01:00:00+00:00, run_after=2025-03-12 01:00:00+00:00
[2025-03-18T19:29:41.587+0000] {logging_mixin.py:190} INFO - [2025-03-18T19:29:41.587+0000] {dag.py:4180} INFO - Setting next_dagrun for consume_1_and_2_with_dataset_expressions to None, run_after=None
[2025-03-18T19:29:41.588+0000] {logging_mixin.py:190} INFO - [2025-03-18T19:29:41.588+0000] {dag.py:4180} INFO - Setting next_dagrun for consume_1_or_2_with_dataset_expressions to None, run_after=None
[2025-03-18T19:29:41.589+0000] {logging_mixin.py:190} INFO - [2025-03-18T19:29:41.589+0000] {dag.py:4180} INFO - Setting next_dagrun for consume_1_or_both_2_and_3_with_dataset_expressions to None, run_after=None
[2025-03-18T19:29:41.590+0000] {logging_mixin.py:190} INFO - [2025-03-18T19:29:41.590+0000] {dag.py:4180} INFO - Setting next_dagrun for dataset_consumes_1 to None, run_after=None
[2025-03-18T19:29:41.591+0000] {logging_mixin.py:190} INFO - [2025-03-18T19:29:41.590+0000] {dag.py:4180} INFO - Setting next_dagrun for dataset_consumes_1_and_2 to None, run_after=None
[2025-03-18T19:29:41.591+0000] {logging_mixin.py:190} INFO - [2025-03-18T19:29:41.591+0000] {dag.py:4180} INFO - Setting next_dagrun for dataset_consumes_1_never_scheduled to None, run_after=None
[2025-03-18T19:29:41.592+0000] {logging_mixin.py:190} INFO - [2025-03-18T19:29:41.592+0000] {dag.py:4180} INFO - Setting next_dagrun for dataset_consumes_unknown_never_scheduled to None, run_after=None
[2025-03-18T19:29:41.594+0000] {logging_mixin.py:190} INFO - [2025-03-18T19:29:41.594+0000] {dag.py:4180} INFO - Setting next_dagrun for dataset_produces_1 to 2025-03-17 00:00:00+00:00, run_after=2025-03-18 00:00:00+00:00
[2025-03-18T19:29:41.595+0000] {logging_mixin.py:190} INFO - [2025-03-18T19:29:41.595+0000] {dag.py:4180} INFO - Setting next_dagrun for dataset_produces_2 to None, run_after=None
[2025-03-18T19:29:41.618+0000] {processor.py:208} INFO - Processing /home/airflow/.local/lib/python3.12/site-packages/airflow/example_dags/example_datasets.py took 0.549 seconds
[2025-03-18T19:30:11.845+0000] {processor.py:186} INFO - Started process (PID=4160) to work on /home/airflow/.local/lib/python3.12/site-packages/airflow/example_dags/example_datasets.py
[2025-03-18T19:30:11.846+0000] {processor.py:914} INFO - Processing file /home/airflow/.local/lib/python3.12/site-packages/airflow/example_dags/example_datasets.py for tasks to queue
[2025-03-18T19:30:11.848+0000] {logging_mixin.py:190} INFO - [2025-03-18T19:30:11.848+0000] {dagbag.py:588} INFO - Filling up the DagBag from /home/airflow/.local/lib/python3.12/site-packages/airflow/example_dags/example_datasets.py
[2025-03-18T19:30:12.284+0000] {processor.py:925} INFO - DAG(s) 'dataset_produces_1', 'conditional_dataset_and_time_based_timetable', 'dataset_consumes_1', 'dataset_consumes_1_and_2', 'dataset_consumes_1_never_scheduled', 'consume_1_and_2_with_dataset_expressions', 'dataset_consumes_unknown_never_scheduled', 'dataset_produces_2', 'consume_1_or_2_with_dataset_expressions', 'consume_1_or_both_2_and_3_with_dataset_expressions' retrieved from /home/airflow/.local/lib/python3.12/site-packages/airflow/example_dags/example_datasets.py
[2025-03-18T19:30:12.315+0000] {logging_mixin.py:190} INFO - [2025-03-18T19:30:12.315+0000] {dag.py:3239} INFO - Sync 10 DAGs
[2025-03-18T19:30:12.334+0000] {logging_mixin.py:190} INFO - [2025-03-18T19:30:12.334+0000] {dag.py:4180} INFO - Setting next_dagrun for conditional_dataset_and_time_based_timetable to 2025-03-12 01:00:00+00:00, run_after=2025-03-12 01:00:00+00:00
[2025-03-18T19:30:12.337+0000] {logging_mixin.py:190} INFO - [2025-03-18T19:30:12.337+0000] {dag.py:4180} INFO - Setting next_dagrun for consume_1_and_2_with_dataset_expressions to None, run_after=None
[2025-03-18T19:30:12.338+0000] {logging_mixin.py:190} INFO - [2025-03-18T19:30:12.338+0000] {dag.py:4180} INFO - Setting next_dagrun for consume_1_or_2_with_dataset_expressions to None, run_after=None
[2025-03-18T19:30:12.339+0000] {logging_mixin.py:190} INFO - [2025-03-18T19:30:12.339+0000] {dag.py:4180} INFO - Setting next_dagrun for consume_1_or_both_2_and_3_with_dataset_expressions to None, run_after=None
[2025-03-18T19:30:12.340+0000] {logging_mixin.py:190} INFO - [2025-03-18T19:30:12.340+0000] {dag.py:4180} INFO - Setting next_dagrun for dataset_consumes_1 to None, run_after=None
[2025-03-18T19:30:12.341+0000] {logging_mixin.py:190} INFO - [2025-03-18T19:30:12.341+0000] {dag.py:4180} INFO - Setting next_dagrun for dataset_consumes_1_and_2 to None, run_after=None
[2025-03-18T19:30:12.342+0000] {logging_mixin.py:190} INFO - [2025-03-18T19:30:12.342+0000] {dag.py:4180} INFO - Setting next_dagrun for dataset_consumes_1_never_scheduled to None, run_after=None
[2025-03-18T19:30:12.343+0000] {logging_mixin.py:190} INFO - [2025-03-18T19:30:12.343+0000] {dag.py:4180} INFO - Setting next_dagrun for dataset_consumes_unknown_never_scheduled to None, run_after=None
[2025-03-18T19:30:12.344+0000] {logging_mixin.py:190} INFO - [2025-03-18T19:30:12.344+0000] {dag.py:4180} INFO - Setting next_dagrun for dataset_produces_1 to 2025-03-17 00:00:00+00:00, run_after=2025-03-18 00:00:00+00:00
[2025-03-18T19:30:12.345+0000] {logging_mixin.py:190} INFO - [2025-03-18T19:30:12.345+0000] {dag.py:4180} INFO - Setting next_dagrun for dataset_produces_2 to None, run_after=None
[2025-03-18T19:30:12.373+0000] {processor.py:208} INFO - Processing /home/airflow/.local/lib/python3.12/site-packages/airflow/example_dags/example_datasets.py took 0.532 seconds
[2025-03-18T19:36:53.095+0000] {processor.py:186} INFO - Started process (PID=4992) to work on /home/airflow/.local/lib/python3.12/site-packages/airflow/example_dags/example_datasets.py
[2025-03-18T19:36:53.096+0000] {processor.py:914} INFO - Processing file /home/airflow/.local/lib/python3.12/site-packages/airflow/example_dags/example_datasets.py for tasks to queue
[2025-03-18T19:36:53.098+0000] {logging_mixin.py:190} INFO - [2025-03-18T19:36:53.097+0000] {dagbag.py:588} INFO - Filling up the DagBag from /home/airflow/.local/lib/python3.12/site-packages/airflow/example_dags/example_datasets.py
[2025-03-18T19:36:53.530+0000] {processor.py:925} INFO - DAG(s) 'dataset_consumes_1', 'consume_1_or_2_with_dataset_expressions', 'conditional_dataset_and_time_based_timetable', 'dataset_consumes_1_and_2', 'dataset_consumes_unknown_never_scheduled', 'consume_1_or_both_2_and_3_with_dataset_expressions', 'dataset_produces_2', 'dataset_produces_1', 'consume_1_and_2_with_dataset_expressions', 'dataset_consumes_1_never_scheduled' retrieved from /home/airflow/.local/lib/python3.12/site-packages/airflow/example_dags/example_datasets.py
[2025-03-18T19:36:53.565+0000] {logging_mixin.py:190} INFO - [2025-03-18T19:36:53.565+0000] {dag.py:3239} INFO - Sync 10 DAGs
[2025-03-18T19:36:53.585+0000] {logging_mixin.py:190} INFO - [2025-03-18T19:36:53.585+0000] {dag.py:4180} INFO - Setting next_dagrun for conditional_dataset_and_time_based_timetable to 2025-03-12 01:00:00+00:00, run_after=2025-03-12 01:00:00+00:00
[2025-03-18T19:36:53.588+0000] {logging_mixin.py:190} INFO - [2025-03-18T19:36:53.587+0000] {dag.py:4180} INFO - Setting next_dagrun for consume_1_and_2_with_dataset_expressions to None, run_after=None
[2025-03-18T19:36:53.589+0000] {logging_mixin.py:190} INFO - [2025-03-18T19:36:53.588+0000] {dag.py:4180} INFO - Setting next_dagrun for consume_1_or_2_with_dataset_expressions to None, run_after=None
[2025-03-18T19:36:53.589+0000] {logging_mixin.py:190} INFO - [2025-03-18T19:36:53.589+0000] {dag.py:4180} INFO - Setting next_dagrun for consume_1_or_both_2_and_3_with_dataset_expressions to None, run_after=None
[2025-03-18T19:36:53.590+0000] {logging_mixin.py:190} INFO - [2025-03-18T19:36:53.590+0000] {dag.py:4180} INFO - Setting next_dagrun for dataset_consumes_1 to None, run_after=None
[2025-03-18T19:36:53.591+0000] {logging_mixin.py:190} INFO - [2025-03-18T19:36:53.591+0000] {dag.py:4180} INFO - Setting next_dagrun for dataset_consumes_1_and_2 to None, run_after=None
[2025-03-18T19:36:53.592+0000] {logging_mixin.py:190} INFO - [2025-03-18T19:36:53.592+0000] {dag.py:4180} INFO - Setting next_dagrun for dataset_consumes_1_never_scheduled to None, run_after=None
[2025-03-18T19:36:53.592+0000] {logging_mixin.py:190} INFO - [2025-03-18T19:36:53.592+0000] {dag.py:4180} INFO - Setting next_dagrun for dataset_consumes_unknown_never_scheduled to None, run_after=None
[2025-03-18T19:36:53.594+0000] {logging_mixin.py:190} INFO - [2025-03-18T19:36:53.594+0000] {dag.py:4180} INFO - Setting next_dagrun for dataset_produces_1 to 2025-03-17 00:00:00+00:00, run_after=2025-03-18 00:00:00+00:00
[2025-03-18T19:36:53.595+0000] {logging_mixin.py:190} INFO - [2025-03-18T19:36:53.595+0000] {dag.py:4180} INFO - Setting next_dagrun for dataset_produces_2 to None, run_after=None
[2025-03-18T19:36:53.620+0000] {processor.py:208} INFO - Processing /home/airflow/.local/lib/python3.12/site-packages/airflow/example_dags/example_datasets.py took 0.530 seconds
[2025-03-18T19:37:23.965+0000] {processor.py:186} INFO - Started process (PID=5056) to work on /home/airflow/.local/lib/python3.12/site-packages/airflow/example_dags/example_datasets.py
[2025-03-18T19:37:23.966+0000] {processor.py:914} INFO - Processing file /home/airflow/.local/lib/python3.12/site-packages/airflow/example_dags/example_datasets.py for tasks to queue
[2025-03-18T19:37:23.968+0000] {logging_mixin.py:190} INFO - [2025-03-18T19:37:23.968+0000] {dagbag.py:588} INFO - Filling up the DagBag from /home/airflow/.local/lib/python3.12/site-packages/airflow/example_dags/example_datasets.py
[2025-03-18T19:37:24.430+0000] {processor.py:925} INFO - DAG(s) 'dataset_produces_1', 'dataset_consumes_unknown_never_scheduled', 'dataset_consumes_1_and_2', 'conditional_dataset_and_time_based_timetable', 'consume_1_or_2_with_dataset_expressions', 'dataset_produces_2', 'dataset_consumes_1', 'consume_1_or_both_2_and_3_with_dataset_expressions', 'consume_1_and_2_with_dataset_expressions', 'dataset_consumes_1_never_scheduled' retrieved from /home/airflow/.local/lib/python3.12/site-packages/airflow/example_dags/example_datasets.py
[2025-03-18T19:37:24.465+0000] {logging_mixin.py:190} INFO - [2025-03-18T19:37:24.465+0000] {dag.py:3239} INFO - Sync 10 DAGs
[2025-03-18T19:37:24.487+0000] {logging_mixin.py:190} INFO - [2025-03-18T19:37:24.486+0000] {dag.py:4180} INFO - Setting next_dagrun for conditional_dataset_and_time_based_timetable to 2025-03-12 01:00:00+00:00, run_after=2025-03-12 01:00:00+00:00
[2025-03-18T19:37:24.489+0000] {logging_mixin.py:190} INFO - [2025-03-18T19:37:24.489+0000] {dag.py:4180} INFO - Setting next_dagrun for consume_1_and_2_with_dataset_expressions to None, run_after=None
[2025-03-18T19:37:24.490+0000] {logging_mixin.py:190} INFO - [2025-03-18T19:37:24.490+0000] {dag.py:4180} INFO - Setting next_dagrun for consume_1_or_2_with_dataset_expressions to None, run_after=None
[2025-03-18T19:37:24.491+0000] {logging_mixin.py:190} INFO - [2025-03-18T19:37:24.491+0000] {dag.py:4180} INFO - Setting next_dagrun for consume_1_or_both_2_and_3_with_dataset_expressions to None, run_after=None
[2025-03-18T19:37:24.492+0000] {logging_mixin.py:190} INFO - [2025-03-18T19:37:24.492+0000] {dag.py:4180} INFO - Setting next_dagrun for dataset_consumes_1 to None, run_after=None
[2025-03-18T19:37:24.493+0000] {logging_mixin.py:190} INFO - [2025-03-18T19:37:24.493+0000] {dag.py:4180} INFO - Setting next_dagrun for dataset_consumes_1_and_2 to None, run_after=None
[2025-03-18T19:37:24.494+0000] {logging_mixin.py:190} INFO - [2025-03-18T19:37:24.494+0000] {dag.py:4180} INFO - Setting next_dagrun for dataset_consumes_1_never_scheduled to None, run_after=None
[2025-03-18T19:37:24.495+0000] {logging_mixin.py:190} INFO - [2025-03-18T19:37:24.495+0000] {dag.py:4180} INFO - Setting next_dagrun for dataset_consumes_unknown_never_scheduled to None, run_after=None
[2025-03-18T19:37:24.497+0000] {logging_mixin.py:190} INFO - [2025-03-18T19:37:24.496+0000] {dag.py:4180} INFO - Setting next_dagrun for dataset_produces_1 to 2025-03-17 00:00:00+00:00, run_after=2025-03-18 00:00:00+00:00
[2025-03-18T19:37:24.497+0000] {logging_mixin.py:190} INFO - [2025-03-18T19:37:24.497+0000] {dag.py:4180} INFO - Setting next_dagrun for dataset_produces_2 to None, run_after=None
[2025-03-18T19:37:24.522+0000] {processor.py:208} INFO - Processing /home/airflow/.local/lib/python3.12/site-packages/airflow/example_dags/example_datasets.py took 0.562 seconds
[2025-03-18T19:37:54.689+0000] {processor.py:186} INFO - Started process (PID=5120) to work on /home/airflow/.local/lib/python3.12/site-packages/airflow/example_dags/example_datasets.py
[2025-03-18T19:37:54.690+0000] {processor.py:914} INFO - Processing file /home/airflow/.local/lib/python3.12/site-packages/airflow/example_dags/example_datasets.py for tasks to queue
[2025-03-18T19:37:54.692+0000] {logging_mixin.py:190} INFO - [2025-03-18T19:37:54.692+0000] {dagbag.py:588} INFO - Filling up the DagBag from /home/airflow/.local/lib/python3.12/site-packages/airflow/example_dags/example_datasets.py
[2025-03-18T19:37:55.140+0000] {processor.py:925} INFO - DAG(s) 'consume_1_or_2_with_dataset_expressions', 'dataset_consumes_1_never_scheduled', 'conditional_dataset_and_time_based_timetable', 'dataset_produces_2', 'dataset_consumes_unknown_never_scheduled', 'dataset_consumes_1_and_2', 'dataset_produces_1', 'consume_1_or_both_2_and_3_with_dataset_expressions', 'dataset_consumes_1', 'consume_1_and_2_with_dataset_expressions' retrieved from /home/airflow/.local/lib/python3.12/site-packages/airflow/example_dags/example_datasets.py
[2025-03-18T19:37:55.173+0000] {logging_mixin.py:190} INFO - [2025-03-18T19:37:55.173+0000] {dag.py:3239} INFO - Sync 10 DAGs
[2025-03-18T19:37:55.193+0000] {logging_mixin.py:190} INFO - [2025-03-18T19:37:55.192+0000] {dag.py:4180} INFO - Setting next_dagrun for conditional_dataset_and_time_based_timetable to 2025-03-12 01:00:00+00:00, run_after=2025-03-12 01:00:00+00:00
[2025-03-18T19:37:55.196+0000] {logging_mixin.py:190} INFO - [2025-03-18T19:37:55.195+0000] {dag.py:4180} INFO - Setting next_dagrun for consume_1_and_2_with_dataset_expressions to None, run_after=None
[2025-03-18T19:37:55.197+0000] {logging_mixin.py:190} INFO - [2025-03-18T19:37:55.197+0000] {dag.py:4180} INFO - Setting next_dagrun for consume_1_or_2_with_dataset_expressions to None, run_after=None
[2025-03-18T19:37:55.198+0000] {logging_mixin.py:190} INFO - [2025-03-18T19:37:55.197+0000] {dag.py:4180} INFO - Setting next_dagrun for consume_1_or_both_2_and_3_with_dataset_expressions to None, run_after=None
[2025-03-18T19:37:55.198+0000] {logging_mixin.py:190} INFO - [2025-03-18T19:37:55.198+0000] {dag.py:4180} INFO - Setting next_dagrun for dataset_consumes_1 to None, run_after=None
[2025-03-18T19:37:55.199+0000] {logging_mixin.py:190} INFO - [2025-03-18T19:37:55.199+0000] {dag.py:4180} INFO - Setting next_dagrun for dataset_consumes_1_and_2 to None, run_after=None
[2025-03-18T19:37:55.200+0000] {logging_mixin.py:190} INFO - [2025-03-18T19:37:55.200+0000] {dag.py:4180} INFO - Setting next_dagrun for dataset_consumes_1_never_scheduled to None, run_after=None
[2025-03-18T19:37:55.201+0000] {logging_mixin.py:190} INFO - [2025-03-18T19:37:55.201+0000] {dag.py:4180} INFO - Setting next_dagrun for dataset_consumes_unknown_never_scheduled to None, run_after=None
[2025-03-18T19:37:55.202+0000] {logging_mixin.py:190} INFO - [2025-03-18T19:37:55.202+0000] {dag.py:4180} INFO - Setting next_dagrun for dataset_produces_1 to 2025-03-17 00:00:00+00:00, run_after=2025-03-18 00:00:00+00:00
[2025-03-18T19:37:55.203+0000] {logging_mixin.py:190} INFO - [2025-03-18T19:37:55.203+0000] {dag.py:4180} INFO - Setting next_dagrun for dataset_produces_2 to None, run_after=None
[2025-03-18T19:37:55.229+0000] {processor.py:208} INFO - Processing /home/airflow/.local/lib/python3.12/site-packages/airflow/example_dags/example_datasets.py took 0.544 seconds
[2025-03-18T19:38:25.342+0000] {processor.py:186} INFO - Started process (PID=5184) to work on /home/airflow/.local/lib/python3.12/site-packages/airflow/example_dags/example_datasets.py
[2025-03-18T19:38:25.343+0000] {processor.py:914} INFO - Processing file /home/airflow/.local/lib/python3.12/site-packages/airflow/example_dags/example_datasets.py for tasks to queue
[2025-03-18T19:38:25.346+0000] {logging_mixin.py:190} INFO - [2025-03-18T19:38:25.345+0000] {dagbag.py:588} INFO - Filling up the DagBag from /home/airflow/.local/lib/python3.12/site-packages/airflow/example_dags/example_datasets.py
[2025-03-18T19:38:25.781+0000] {processor.py:925} INFO - DAG(s) 'consume_1_or_2_with_dataset_expressions', 'dataset_produces_1', 'dataset_consumes_1', 'dataset_consumes_1_never_scheduled', 'dataset_produces_2', 'consume_1_and_2_with_dataset_expressions', 'consume_1_or_both_2_and_3_with_dataset_expressions', 'dataset_consumes_unknown_never_scheduled', 'conditional_dataset_and_time_based_timetable', 'dataset_consumes_1_and_2' retrieved from /home/airflow/.local/lib/python3.12/site-packages/airflow/example_dags/example_datasets.py
[2025-03-18T19:38:25.817+0000] {logging_mixin.py:190} INFO - [2025-03-18T19:38:25.817+0000] {dag.py:3239} INFO - Sync 10 DAGs
[2025-03-18T19:38:25.839+0000] {logging_mixin.py:190} INFO - [2025-03-18T19:38:25.839+0000] {dag.py:4180} INFO - Setting next_dagrun for conditional_dataset_and_time_based_timetable to 2025-03-12 01:00:00+00:00, run_after=2025-03-12 01:00:00+00:00
[2025-03-18T19:38:25.843+0000] {logging_mixin.py:190} INFO - [2025-03-18T19:38:25.842+0000] {dag.py:4180} INFO - Setting next_dagrun for consume_1_and_2_with_dataset_expressions to None, run_after=None
[2025-03-18T19:38:25.844+0000] {logging_mixin.py:190} INFO - [2025-03-18T19:38:25.844+0000] {dag.py:4180} INFO - Setting next_dagrun for consume_1_or_2_with_dataset_expressions to None, run_after=None
[2025-03-18T19:38:25.846+0000] {logging_mixin.py:190} INFO - [2025-03-18T19:38:25.846+0000] {dag.py:4180} INFO - Setting next_dagrun for consume_1_or_both_2_and_3_with_dataset_expressions to None, run_after=None
[2025-03-18T19:38:25.847+0000] {logging_mixin.py:190} INFO - [2025-03-18T19:38:25.846+0000] {dag.py:4180} INFO - Setting next_dagrun for dataset_consumes_1 to None, run_after=None
[2025-03-18T19:38:25.848+0000] {logging_mixin.py:190} INFO - [2025-03-18T19:38:25.847+0000] {dag.py:4180} INFO - Setting next_dagrun for dataset_consumes_1_and_2 to None, run_after=None
[2025-03-18T19:38:25.848+0000] {logging_mixin.py:190} INFO - [2025-03-18T19:38:25.848+0000] {dag.py:4180} INFO - Setting next_dagrun for dataset_consumes_1_never_scheduled to None, run_after=None
[2025-03-18T19:38:25.849+0000] {logging_mixin.py:190} INFO - [2025-03-18T19:38:25.849+0000] {dag.py:4180} INFO - Setting next_dagrun for dataset_consumes_unknown_never_scheduled to None, run_after=None
[2025-03-18T19:38:25.851+0000] {logging_mixin.py:190} INFO - [2025-03-18T19:38:25.851+0000] {dag.py:4180} INFO - Setting next_dagrun for dataset_produces_1 to 2025-03-17 00:00:00+00:00, run_after=2025-03-18 00:00:00+00:00
[2025-03-18T19:38:25.852+0000] {logging_mixin.py:190} INFO - [2025-03-18T19:38:25.852+0000] {dag.py:4180} INFO - Setting next_dagrun for dataset_produces_2 to None, run_after=None
[2025-03-18T19:38:25.880+0000] {processor.py:208} INFO - Processing /home/airflow/.local/lib/python3.12/site-packages/airflow/example_dags/example_datasets.py took 0.543 seconds
[2025-03-18T19:38:56.149+0000] {processor.py:186} INFO - Started process (PID=5248) to work on /home/airflow/.local/lib/python3.12/site-packages/airflow/example_dags/example_datasets.py
[2025-03-18T19:38:56.151+0000] {processor.py:914} INFO - Processing file /home/airflow/.local/lib/python3.12/site-packages/airflow/example_dags/example_datasets.py for tasks to queue
[2025-03-18T19:38:56.153+0000] {logging_mixin.py:190} INFO - [2025-03-18T19:38:56.152+0000] {dagbag.py:588} INFO - Filling up the DagBag from /home/airflow/.local/lib/python3.12/site-packages/airflow/example_dags/example_datasets.py
[2025-03-18T19:38:56.605+0000] {processor.py:925} INFO - DAG(s) 'dataset_consumes_unknown_never_scheduled', 'consume_1_or_both_2_and_3_with_dataset_expressions', 'conditional_dataset_and_time_based_timetable', 'consume_1_and_2_with_dataset_expressions', 'dataset_produces_2', 'dataset_produces_1', 'consume_1_or_2_with_dataset_expressions', 'dataset_consumes_1_never_scheduled', 'dataset_consumes_1_and_2', 'dataset_consumes_1' retrieved from /home/airflow/.local/lib/python3.12/site-packages/airflow/example_dags/example_datasets.py
[2025-03-18T19:38:56.642+0000] {logging_mixin.py:190} INFO - [2025-03-18T19:38:56.642+0000] {dag.py:3239} INFO - Sync 10 DAGs
[2025-03-18T19:38:56.666+0000] {logging_mixin.py:190} INFO - [2025-03-18T19:38:56.666+0000] {dag.py:4180} INFO - Setting next_dagrun for conditional_dataset_and_time_based_timetable to 2025-03-12 01:00:00+00:00, run_after=2025-03-12 01:00:00+00:00
[2025-03-18T19:38:56.669+0000] {logging_mixin.py:190} INFO - [2025-03-18T19:38:56.669+0000] {dag.py:4180} INFO - Setting next_dagrun for consume_1_and_2_with_dataset_expressions to None, run_after=None
[2025-03-18T19:38:56.670+0000] {logging_mixin.py:190} INFO - [2025-03-18T19:38:56.670+0000] {dag.py:4180} INFO - Setting next_dagrun for consume_1_or_2_with_dataset_expressions to None, run_after=None
[2025-03-18T19:38:56.671+0000] {logging_mixin.py:190} INFO - [2025-03-18T19:38:56.671+0000] {dag.py:4180} INFO - Setting next_dagrun for consume_1_or_both_2_and_3_with_dataset_expressions to None, run_after=None
[2025-03-18T19:38:56.672+0000] {logging_mixin.py:190} INFO - [2025-03-18T19:38:56.672+0000] {dag.py:4180} INFO - Setting next_dagrun for dataset_consumes_1 to None, run_after=None
[2025-03-18T19:38:56.673+0000] {logging_mixin.py:190} INFO - [2025-03-18T19:38:56.673+0000] {dag.py:4180} INFO - Setting next_dagrun for dataset_consumes_1_and_2 to None, run_after=None
[2025-03-18T19:38:56.674+0000] {logging_mixin.py:190} INFO - [2025-03-18T19:38:56.674+0000] {dag.py:4180} INFO - Setting next_dagrun for dataset_consumes_1_never_scheduled to None, run_after=None
[2025-03-18T19:38:56.675+0000] {logging_mixin.py:190} INFO - [2025-03-18T19:38:56.675+0000] {dag.py:4180} INFO - Setting next_dagrun for dataset_consumes_unknown_never_scheduled to None, run_after=None
[2025-03-18T19:38:56.677+0000] {logging_mixin.py:190} INFO - [2025-03-18T19:38:56.676+0000] {dag.py:4180} INFO - Setting next_dagrun for dataset_produces_1 to 2025-03-17 00:00:00+00:00, run_after=2025-03-18 00:00:00+00:00
[2025-03-18T19:38:56.678+0000] {logging_mixin.py:190} INFO - [2025-03-18T19:38:56.678+0000] {dag.py:4180} INFO - Setting next_dagrun for dataset_produces_2 to None, run_after=None
[2025-03-18T19:38:56.705+0000] {processor.py:208} INFO - Processing /home/airflow/.local/lib/python3.12/site-packages/airflow/example_dags/example_datasets.py took 0.561 seconds
[2025-03-18T19:39:27.033+0000] {processor.py:186} INFO - Started process (PID=5312) to work on /home/airflow/.local/lib/python3.12/site-packages/airflow/example_dags/example_datasets.py
[2025-03-18T19:39:27.035+0000] {processor.py:914} INFO - Processing file /home/airflow/.local/lib/python3.12/site-packages/airflow/example_dags/example_datasets.py for tasks to queue
[2025-03-18T19:39:27.037+0000] {logging_mixin.py:190} INFO - [2025-03-18T19:39:27.036+0000] {dagbag.py:588} INFO - Filling up the DagBag from /home/airflow/.local/lib/python3.12/site-packages/airflow/example_dags/example_datasets.py
[2025-03-18T19:39:27.470+0000] {processor.py:925} INFO - DAG(s) 'dataset_consumes_1_never_scheduled', 'dataset_consumes_1_and_2', 'dataset_consumes_unknown_never_scheduled', 'conditional_dataset_and_time_based_timetable', 'consume_1_or_2_with_dataset_expressions', 'consume_1_or_both_2_and_3_with_dataset_expressions', 'dataset_produces_2', 'dataset_produces_1', 'dataset_consumes_1', 'consume_1_and_2_with_dataset_expressions' retrieved from /home/airflow/.local/lib/python3.12/site-packages/airflow/example_dags/example_datasets.py
[2025-03-18T19:39:27.502+0000] {logging_mixin.py:190} INFO - [2025-03-18T19:39:27.502+0000] {dag.py:3239} INFO - Sync 10 DAGs
[2025-03-18T19:39:27.523+0000] {logging_mixin.py:190} INFO - [2025-03-18T19:39:27.523+0000] {dag.py:4180} INFO - Setting next_dagrun for conditional_dataset_and_time_based_timetable to 2025-03-12 01:00:00+00:00, run_after=2025-03-12 01:00:00+00:00
[2025-03-18T19:39:27.526+0000] {logging_mixin.py:190} INFO - [2025-03-18T19:39:27.526+0000] {dag.py:4180} INFO - Setting next_dagrun for consume_1_and_2_with_dataset_expressions to None, run_after=None
[2025-03-18T19:39:27.527+0000] {logging_mixin.py:190} INFO - [2025-03-18T19:39:27.527+0000] {dag.py:4180} INFO - Setting next_dagrun for consume_1_or_2_with_dataset_expressions to None, run_after=None
[2025-03-18T19:39:27.528+0000] {logging_mixin.py:190} INFO - [2025-03-18T19:39:27.528+0000] {dag.py:4180} INFO - Setting next_dagrun for consume_1_or_both_2_and_3_with_dataset_expressions to None, run_after=None
[2025-03-18T19:39:27.529+0000] {logging_mixin.py:190} INFO - [2025-03-18T19:39:27.529+0000] {dag.py:4180} INFO - Setting next_dagrun for dataset_consumes_1 to None, run_after=None
[2025-03-18T19:39:27.530+0000] {logging_mixin.py:190} INFO - [2025-03-18T19:39:27.530+0000] {dag.py:4180} INFO - Setting next_dagrun for dataset_consumes_1_and_2 to None, run_after=None
[2025-03-18T19:39:27.531+0000] {logging_mixin.py:190} INFO - [2025-03-18T19:39:27.530+0000] {dag.py:4180} INFO - Setting next_dagrun for dataset_consumes_1_never_scheduled to None, run_after=None
[2025-03-18T19:39:27.531+0000] {logging_mixin.py:190} INFO - [2025-03-18T19:39:27.531+0000] {dag.py:4180} INFO - Setting next_dagrun for dataset_consumes_unknown_never_scheduled to None, run_after=None
[2025-03-18T19:39:27.533+0000] {logging_mixin.py:190} INFO - [2025-03-18T19:39:27.533+0000] {dag.py:4180} INFO - Setting next_dagrun for dataset_produces_1 to 2025-03-17 00:00:00+00:00, run_after=2025-03-18 00:00:00+00:00
[2025-03-18T19:39:27.534+0000] {logging_mixin.py:190} INFO - [2025-03-18T19:39:27.534+0000] {dag.py:4180} INFO - Setting next_dagrun for dataset_produces_2 to None, run_after=None
[2025-03-18T19:39:27.561+0000] {processor.py:208} INFO - Processing /home/airflow/.local/lib/python3.12/site-packages/airflow/example_dags/example_datasets.py took 0.532 seconds
[2025-03-18T19:39:57.724+0000] {processor.py:186} INFO - Started process (PID=5376) to work on /home/airflow/.local/lib/python3.12/site-packages/airflow/example_dags/example_datasets.py
[2025-03-18T19:39:57.725+0000] {processor.py:914} INFO - Processing file /home/airflow/.local/lib/python3.12/site-packages/airflow/example_dags/example_datasets.py for tasks to queue
[2025-03-18T19:39:57.727+0000] {logging_mixin.py:190} INFO - [2025-03-18T19:39:57.727+0000] {dagbag.py:588} INFO - Filling up the DagBag from /home/airflow/.local/lib/python3.12/site-packages/airflow/example_dags/example_datasets.py
[2025-03-18T19:39:58.142+0000] {processor.py:925} INFO - DAG(s) 'dataset_consumes_1_never_scheduled', 'conditional_dataset_and_time_based_timetable', 'consume_1_or_2_with_dataset_expressions', 'consume_1_and_2_with_dataset_expressions', 'dataset_produces_1', 'dataset_consumes_unknown_never_scheduled', 'dataset_produces_2', 'consume_1_or_both_2_and_3_with_dataset_expressions', 'dataset_consumes_1', 'dataset_consumes_1_and_2' retrieved from /home/airflow/.local/lib/python3.12/site-packages/airflow/example_dags/example_datasets.py
[2025-03-18T19:39:58.174+0000] {logging_mixin.py:190} INFO - [2025-03-18T19:39:58.174+0000] {dag.py:3239} INFO - Sync 10 DAGs
[2025-03-18T19:39:58.193+0000] {logging_mixin.py:190} INFO - [2025-03-18T19:39:58.193+0000] {dag.py:4180} INFO - Setting next_dagrun for conditional_dataset_and_time_based_timetable to 2025-03-12 01:00:00+00:00, run_after=2025-03-12 01:00:00+00:00
[2025-03-18T19:39:58.196+0000] {logging_mixin.py:190} INFO - [2025-03-18T19:39:58.196+0000] {dag.py:4180} INFO - Setting next_dagrun for consume_1_and_2_with_dataset_expressions to None, run_after=None
[2025-03-18T19:39:58.197+0000] {logging_mixin.py:190} INFO - [2025-03-18T19:39:58.197+0000] {dag.py:4180} INFO - Setting next_dagrun for consume_1_or_2_with_dataset_expressions to None, run_after=None
[2025-03-18T19:39:58.198+0000] {logging_mixin.py:190} INFO - [2025-03-18T19:39:58.198+0000] {dag.py:4180} INFO - Setting next_dagrun for consume_1_or_both_2_and_3_with_dataset_expressions to None, run_after=None
[2025-03-18T19:39:58.199+0000] {logging_mixin.py:190} INFO - [2025-03-18T19:39:58.199+0000] {dag.py:4180} INFO - Setting next_dagrun for dataset_consumes_1 to None, run_after=None
[2025-03-18T19:39:58.200+0000] {logging_mixin.py:190} INFO - [2025-03-18T19:39:58.200+0000] {dag.py:4180} INFO - Setting next_dagrun for dataset_consumes_1_and_2 to None, run_after=None
[2025-03-18T19:39:58.201+0000] {logging_mixin.py:190} INFO - [2025-03-18T19:39:58.201+0000] {dag.py:4180} INFO - Setting next_dagrun for dataset_consumes_1_never_scheduled to None, run_after=None
[2025-03-18T19:39:58.202+0000] {logging_mixin.py:190} INFO - [2025-03-18T19:39:58.202+0000] {dag.py:4180} INFO - Setting next_dagrun for dataset_consumes_unknown_never_scheduled to None, run_after=None
[2025-03-18T19:39:58.204+0000] {logging_mixin.py:190} INFO - [2025-03-18T19:39:58.204+0000] {dag.py:4180} INFO - Setting next_dagrun for dataset_produces_1 to 2025-03-17 00:00:00+00:00, run_after=2025-03-18 00:00:00+00:00
[2025-03-18T19:39:58.205+0000] {logging_mixin.py:190} INFO - [2025-03-18T19:39:58.205+0000] {dag.py:4180} INFO - Setting next_dagrun for dataset_produces_2 to None, run_after=None
[2025-03-18T19:39:58.232+0000] {processor.py:208} INFO - Processing /home/airflow/.local/lib/python3.12/site-packages/airflow/example_dags/example_datasets.py took 0.513 seconds
[2025-03-18T19:40:28.573+0000] {processor.py:186} INFO - Started process (PID=5440) to work on /home/airflow/.local/lib/python3.12/site-packages/airflow/example_dags/example_datasets.py
[2025-03-18T19:40:28.574+0000] {processor.py:914} INFO - Processing file /home/airflow/.local/lib/python3.12/site-packages/airflow/example_dags/example_datasets.py for tasks to queue
[2025-03-18T19:40:28.576+0000] {logging_mixin.py:190} INFO - [2025-03-18T19:40:28.576+0000] {dagbag.py:588} INFO - Filling up the DagBag from /home/airflow/.local/lib/python3.12/site-packages/airflow/example_dags/example_datasets.py
[2025-03-18T19:40:28.986+0000] {processor.py:925} INFO - DAG(s) 'consume_1_or_2_with_dataset_expressions', 'consume_1_and_2_with_dataset_expressions', 'dataset_produces_1', 'conditional_dataset_and_time_based_timetable', 'dataset_consumes_unknown_never_scheduled', 'dataset_consumes_1_never_scheduled', 'consume_1_or_both_2_and_3_with_dataset_expressions', 'dataset_consumes_1_and_2', 'dataset_produces_2', 'dataset_consumes_1' retrieved from /home/airflow/.local/lib/python3.12/site-packages/airflow/example_dags/example_datasets.py
[2025-03-18T19:40:29.017+0000] {logging_mixin.py:190} INFO - [2025-03-18T19:40:29.016+0000] {dag.py:3239} INFO - Sync 10 DAGs
[2025-03-18T19:40:29.035+0000] {logging_mixin.py:190} INFO - [2025-03-18T19:40:29.035+0000] {dag.py:4180} INFO - Setting next_dagrun for conditional_dataset_and_time_based_timetable to 2025-03-12 01:00:00+00:00, run_after=2025-03-12 01:00:00+00:00
[2025-03-18T19:40:29.038+0000] {logging_mixin.py:190} INFO - [2025-03-18T19:40:29.038+0000] {dag.py:4180} INFO - Setting next_dagrun for consume_1_and_2_with_dataset_expressions to None, run_after=None
[2025-03-18T19:40:29.039+0000] {logging_mixin.py:190} INFO - [2025-03-18T19:40:29.039+0000] {dag.py:4180} INFO - Setting next_dagrun for consume_1_or_2_with_dataset_expressions to None, run_after=None
[2025-03-18T19:40:29.040+0000] {logging_mixin.py:190} INFO - [2025-03-18T19:40:29.040+0000] {dag.py:4180} INFO - Setting next_dagrun for consume_1_or_both_2_and_3_with_dataset_expressions to None, run_after=None
[2025-03-18T19:40:29.041+0000] {logging_mixin.py:190} INFO - [2025-03-18T19:40:29.041+0000] {dag.py:4180} INFO - Setting next_dagrun for dataset_consumes_1 to None, run_after=None
[2025-03-18T19:40:29.042+0000] {logging_mixin.py:190} INFO - [2025-03-18T19:40:29.042+0000] {dag.py:4180} INFO - Setting next_dagrun for dataset_consumes_1_and_2 to None, run_after=None
[2025-03-18T19:40:29.043+0000] {logging_mixin.py:190} INFO - [2025-03-18T19:40:29.043+0000] {dag.py:4180} INFO - Setting next_dagrun for dataset_consumes_1_never_scheduled to None, run_after=None
[2025-03-18T19:40:29.044+0000] {logging_mixin.py:190} INFO - [2025-03-18T19:40:29.043+0000] {dag.py:4180} INFO - Setting next_dagrun for dataset_consumes_unknown_never_scheduled to None, run_after=None
[2025-03-18T19:40:29.045+0000] {logging_mixin.py:190} INFO - [2025-03-18T19:40:29.045+0000] {dag.py:4180} INFO - Setting next_dagrun for dataset_produces_1 to 2025-03-17 00:00:00+00:00, run_after=2025-03-18 00:00:00+00:00
[2025-03-18T19:40:29.046+0000] {logging_mixin.py:190} INFO - [2025-03-18T19:40:29.046+0000] {dag.py:4180} INFO - Setting next_dagrun for dataset_produces_2 to None, run_after=None
[2025-03-18T19:40:29.073+0000] {processor.py:208} INFO - Processing /home/airflow/.local/lib/python3.12/site-packages/airflow/example_dags/example_datasets.py took 0.504 seconds
[2025-03-18T19:40:59.155+0000] {processor.py:186} INFO - Started process (PID=5504) to work on /home/airflow/.local/lib/python3.12/site-packages/airflow/example_dags/example_datasets.py
[2025-03-18T19:40:59.157+0000] {processor.py:914} INFO - Processing file /home/airflow/.local/lib/python3.12/site-packages/airflow/example_dags/example_datasets.py for tasks to queue
[2025-03-18T19:40:59.158+0000] {logging_mixin.py:190} INFO - [2025-03-18T19:40:59.158+0000] {dagbag.py:588} INFO - Filling up the DagBag from /home/airflow/.local/lib/python3.12/site-packages/airflow/example_dags/example_datasets.py
[2025-03-18T19:40:59.565+0000] {processor.py:925} INFO - DAG(s) 'dataset_consumes_1_never_scheduled', 'dataset_produces_1', 'consume_1_or_both_2_and_3_with_dataset_expressions', 'dataset_consumes_unknown_never_scheduled', 'dataset_consumes_1', 'consume_1_or_2_with_dataset_expressions', 'consume_1_and_2_with_dataset_expressions', 'conditional_dataset_and_time_based_timetable', 'dataset_produces_2', 'dataset_consumes_1_and_2' retrieved from /home/airflow/.local/lib/python3.12/site-packages/airflow/example_dags/example_datasets.py
[2025-03-18T19:40:59.596+0000] {logging_mixin.py:190} INFO - [2025-03-18T19:40:59.596+0000] {dag.py:3239} INFO - Sync 10 DAGs
[2025-03-18T19:40:59.613+0000] {logging_mixin.py:190} INFO - [2025-03-18T19:40:59.613+0000] {dag.py:4180} INFO - Setting next_dagrun for conditional_dataset_and_time_based_timetable to 2025-03-12 01:00:00+00:00, run_after=2025-03-12 01:00:00+00:00
[2025-03-18T19:40:59.616+0000] {logging_mixin.py:190} INFO - [2025-03-18T19:40:59.616+0000] {dag.py:4180} INFO - Setting next_dagrun for consume_1_and_2_with_dataset_expressions to None, run_after=None
[2025-03-18T19:40:59.617+0000] {logging_mixin.py:190} INFO - [2025-03-18T19:40:59.617+0000] {dag.py:4180} INFO - Setting next_dagrun for consume_1_or_2_with_dataset_expressions to None, run_after=None
[2025-03-18T19:40:59.618+0000] {logging_mixin.py:190} INFO - [2025-03-18T19:40:59.618+0000] {dag.py:4180} INFO - Setting next_dagrun for consume_1_or_both_2_and_3_with_dataset_expressions to None, run_after=None
[2025-03-18T19:40:59.619+0000] {logging_mixin.py:190} INFO - [2025-03-18T19:40:59.618+0000] {dag.py:4180} INFO - Setting next_dagrun for dataset_consumes_1 to None, run_after=None
[2025-03-18T19:40:59.619+0000] {logging_mixin.py:190} INFO - [2025-03-18T19:40:59.619+0000] {dag.py:4180} INFO - Setting next_dagrun for dataset_consumes_1_and_2 to None, run_after=None
[2025-03-18T19:40:59.620+0000] {logging_mixin.py:190} INFO - [2025-03-18T19:40:59.620+0000] {dag.py:4180} INFO - Setting next_dagrun for dataset_consumes_1_never_scheduled to None, run_after=None
[2025-03-18T19:40:59.621+0000] {logging_mixin.py:190} INFO - [2025-03-18T19:40:59.621+0000] {dag.py:4180} INFO - Setting next_dagrun for dataset_consumes_unknown_never_scheduled to None, run_after=None
[2025-03-18T19:40:59.623+0000] {logging_mixin.py:190} INFO - [2025-03-18T19:40:59.623+0000] {dag.py:4180} INFO - Setting next_dagrun for dataset_produces_1 to 2025-03-17 00:00:00+00:00, run_after=2025-03-18 00:00:00+00:00
[2025-03-18T19:40:59.624+0000] {logging_mixin.py:190} INFO - [2025-03-18T19:40:59.623+0000] {dag.py:4180} INFO - Setting next_dagrun for dataset_produces_2 to None, run_after=None
[2025-03-18T19:40:59.647+0000] {processor.py:208} INFO - Processing /home/airflow/.local/lib/python3.12/site-packages/airflow/example_dags/example_datasets.py took 0.496 seconds
[2025-03-18T19:41:29.812+0000] {processor.py:186} INFO - Started process (PID=5568) to work on /home/airflow/.local/lib/python3.12/site-packages/airflow/example_dags/example_datasets.py
[2025-03-18T19:41:29.814+0000] {processor.py:914} INFO - Processing file /home/airflow/.local/lib/python3.12/site-packages/airflow/example_dags/example_datasets.py for tasks to queue
[2025-03-18T19:41:29.816+0000] {logging_mixin.py:190} INFO - [2025-03-18T19:41:29.815+0000] {dagbag.py:588} INFO - Filling up the DagBag from /home/airflow/.local/lib/python3.12/site-packages/airflow/example_dags/example_datasets.py
[2025-03-18T19:41:30.244+0000] {processor.py:925} INFO - DAG(s) 'conditional_dataset_and_time_based_timetable', 'dataset_produces_1', 'dataset_consumes_1', 'consume_1_and_2_with_dataset_expressions', 'dataset_consumes_1_never_scheduled', 'dataset_consumes_1_and_2', 'consume_1_or_2_with_dataset_expressions', 'dataset_consumes_unknown_never_scheduled', 'consume_1_or_both_2_and_3_with_dataset_expressions', 'dataset_produces_2' retrieved from /home/airflow/.local/lib/python3.12/site-packages/airflow/example_dags/example_datasets.py
[2025-03-18T19:41:30.277+0000] {logging_mixin.py:190} INFO - [2025-03-18T19:41:30.277+0000] {dag.py:3239} INFO - Sync 10 DAGs
[2025-03-18T19:41:30.296+0000] {logging_mixin.py:190} INFO - [2025-03-18T19:41:30.296+0000] {dag.py:4180} INFO - Setting next_dagrun for conditional_dataset_and_time_based_timetable to 2025-03-12 01:00:00+00:00, run_after=2025-03-12 01:00:00+00:00
[2025-03-18T19:41:30.299+0000] {logging_mixin.py:190} INFO - [2025-03-18T19:41:30.299+0000] {dag.py:4180} INFO - Setting next_dagrun for consume_1_and_2_with_dataset_expressions to None, run_after=None
[2025-03-18T19:41:30.300+0000] {logging_mixin.py:190} INFO - [2025-03-18T19:41:30.300+0000] {dag.py:4180} INFO - Setting next_dagrun for consume_1_or_2_with_dataset_expressions to None, run_after=None
[2025-03-18T19:41:30.301+0000] {logging_mixin.py:190} INFO - [2025-03-18T19:41:30.300+0000] {dag.py:4180} INFO - Setting next_dagrun for consume_1_or_both_2_and_3_with_dataset_expressions to None, run_after=None
[2025-03-18T19:41:30.301+0000] {logging_mixin.py:190} INFO - [2025-03-18T19:41:30.301+0000] {dag.py:4180} INFO - Setting next_dagrun for dataset_consumes_1 to None, run_after=None
[2025-03-18T19:41:30.302+0000] {logging_mixin.py:190} INFO - [2025-03-18T19:41:30.302+0000] {dag.py:4180} INFO - Setting next_dagrun for dataset_consumes_1_and_2 to None, run_after=None
[2025-03-18T19:41:30.303+0000] {logging_mixin.py:190} INFO - [2025-03-18T19:41:30.303+0000] {dag.py:4180} INFO - Setting next_dagrun for dataset_consumes_1_never_scheduled to None, run_after=None
[2025-03-18T19:41:30.304+0000] {logging_mixin.py:190} INFO - [2025-03-18T19:41:30.304+0000] {dag.py:4180} INFO - Setting next_dagrun for dataset_consumes_unknown_never_scheduled to None, run_after=None
[2025-03-18T19:41:30.306+0000] {logging_mixin.py:190} INFO - [2025-03-18T19:41:30.305+0000] {dag.py:4180} INFO - Setting next_dagrun for dataset_produces_1 to 2025-03-17 00:00:00+00:00, run_after=2025-03-18 00:00:00+00:00
[2025-03-18T19:41:30.306+0000] {logging_mixin.py:190} INFO - [2025-03-18T19:41:30.306+0000] {dag.py:4180} INFO - Setting next_dagrun for dataset_produces_2 to None, run_after=None
[2025-03-18T19:41:30.330+0000] {processor.py:208} INFO - Processing /home/airflow/.local/lib/python3.12/site-packages/airflow/example_dags/example_datasets.py took 0.522 seconds
[2025-03-18T19:42:00.613+0000] {processor.py:186} INFO - Started process (PID=5632) to work on /home/airflow/.local/lib/python3.12/site-packages/airflow/example_dags/example_datasets.py
[2025-03-18T19:42:00.614+0000] {processor.py:914} INFO - Processing file /home/airflow/.local/lib/python3.12/site-packages/airflow/example_dags/example_datasets.py for tasks to queue
[2025-03-18T19:42:00.616+0000] {logging_mixin.py:190} INFO - [2025-03-18T19:42:00.616+0000] {dagbag.py:588} INFO - Filling up the DagBag from /home/airflow/.local/lib/python3.12/site-packages/airflow/example_dags/example_datasets.py
[2025-03-18T19:42:01.043+0000] {processor.py:925} INFO - DAG(s) 'dataset_produces_2', 'consume_1_or_both_2_and_3_with_dataset_expressions', 'dataset_consumes_1', 'dataset_consumes_1_never_scheduled', 'consume_1_or_2_with_dataset_expressions', 'conditional_dataset_and_time_based_timetable', 'dataset_consumes_1_and_2', 'dataset_consumes_unknown_never_scheduled', 'consume_1_and_2_with_dataset_expressions', 'dataset_produces_1' retrieved from /home/airflow/.local/lib/python3.12/site-packages/airflow/example_dags/example_datasets.py
[2025-03-18T19:42:01.079+0000] {logging_mixin.py:190} INFO - [2025-03-18T19:42:01.079+0000] {dag.py:3239} INFO - Sync 10 DAGs
[2025-03-18T19:42:01.100+0000] {logging_mixin.py:190} INFO - [2025-03-18T19:42:01.100+0000] {dag.py:4180} INFO - Setting next_dagrun for conditional_dataset_and_time_based_timetable to 2025-03-12 01:00:00+00:00, run_after=2025-03-12 01:00:00+00:00
[2025-03-18T19:42:01.103+0000] {logging_mixin.py:190} INFO - [2025-03-18T19:42:01.103+0000] {dag.py:4180} INFO - Setting next_dagrun for consume_1_and_2_with_dataset_expressions to None, run_after=None
[2025-03-18T19:42:01.104+0000] {logging_mixin.py:190} INFO - [2025-03-18T19:42:01.104+0000] {dag.py:4180} INFO - Setting next_dagrun for consume_1_or_2_with_dataset_expressions to None, run_after=None
[2025-03-18T19:42:01.105+0000] {logging_mixin.py:190} INFO - [2025-03-18T19:42:01.105+0000] {dag.py:4180} INFO - Setting next_dagrun for consume_1_or_both_2_and_3_with_dataset_expressions to None, run_after=None
[2025-03-18T19:42:01.106+0000] {logging_mixin.py:190} INFO - [2025-03-18T19:42:01.106+0000] {dag.py:4180} INFO - Setting next_dagrun for dataset_consumes_1 to None, run_after=None
[2025-03-18T19:42:01.107+0000] {logging_mixin.py:190} INFO - [2025-03-18T19:42:01.107+0000] {dag.py:4180} INFO - Setting next_dagrun for dataset_consumes_1_and_2 to None, run_after=None
[2025-03-18T19:42:01.108+0000] {logging_mixin.py:190} INFO - [2025-03-18T19:42:01.107+0000] {dag.py:4180} INFO - Setting next_dagrun for dataset_consumes_1_never_scheduled to None, run_after=None
[2025-03-18T19:42:01.108+0000] {logging_mixin.py:190} INFO - [2025-03-18T19:42:01.108+0000] {dag.py:4180} INFO - Setting next_dagrun for dataset_consumes_unknown_never_scheduled to None, run_after=None
[2025-03-18T19:42:01.110+0000] {logging_mixin.py:190} INFO - [2025-03-18T19:42:01.110+0000] {dag.py:4180} INFO - Setting next_dagrun for dataset_produces_1 to 2025-03-17 00:00:00+00:00, run_after=2025-03-18 00:00:00+00:00
[2025-03-18T19:42:01.111+0000] {logging_mixin.py:190} INFO - [2025-03-18T19:42:01.111+0000] {dag.py:4180} INFO - Setting next_dagrun for dataset_produces_2 to None, run_after=None
[2025-03-18T19:42:01.136+0000] {processor.py:208} INFO - Processing /home/airflow/.local/lib/python3.12/site-packages/airflow/example_dags/example_datasets.py took 0.528 seconds
[2025-03-18T19:42:32.133+0000] {processor.py:186} INFO - Started process (PID=5696) to work on /home/airflow/.local/lib/python3.12/site-packages/airflow/example_dags/example_datasets.py
[2025-03-18T19:42:32.135+0000] {processor.py:914} INFO - Processing file /home/airflow/.local/lib/python3.12/site-packages/airflow/example_dags/example_datasets.py for tasks to queue
[2025-03-18T19:42:32.138+0000] {logging_mixin.py:190} INFO - [2025-03-18T19:42:32.138+0000] {dagbag.py:588} INFO - Filling up the DagBag from /home/airflow/.local/lib/python3.12/site-packages/airflow/example_dags/example_datasets.py
[2025-03-18T19:42:32.597+0000] {processor.py:925} INFO - DAG(s) 'dataset_produces_2', 'consume_1_and_2_with_dataset_expressions', 'dataset_produces_1', 'dataset_consumes_unknown_never_scheduled', 'consume_1_or_both_2_and_3_with_dataset_expressions', 'dataset_consumes_1_never_scheduled', 'dataset_consumes_1', 'consume_1_or_2_with_dataset_expressions', 'dataset_consumes_1_and_2', 'conditional_dataset_and_time_based_timetable' retrieved from /home/airflow/.local/lib/python3.12/site-packages/airflow/example_dags/example_datasets.py
[2025-03-18T19:42:32.630+0000] {logging_mixin.py:190} INFO - [2025-03-18T19:42:32.629+0000] {dag.py:3239} INFO - Sync 10 DAGs
[2025-03-18T19:42:32.651+0000] {logging_mixin.py:190} INFO - [2025-03-18T19:42:32.651+0000] {dag.py:4180} INFO - Setting next_dagrun for conditional_dataset_and_time_based_timetable to 2025-03-12 01:00:00+00:00, run_after=2025-03-12 01:00:00+00:00
[2025-03-18T19:42:32.654+0000] {logging_mixin.py:190} INFO - [2025-03-18T19:42:32.654+0000] {dag.py:4180} INFO - Setting next_dagrun for consume_1_and_2_with_dataset_expressions to None, run_after=None
[2025-03-18T19:42:32.655+0000] {logging_mixin.py:190} INFO - [2025-03-18T19:42:32.655+0000] {dag.py:4180} INFO - Setting next_dagrun for consume_1_or_2_with_dataset_expressions to None, run_after=None
[2025-03-18T19:42:32.656+0000] {logging_mixin.py:190} INFO - [2025-03-18T19:42:32.656+0000] {dag.py:4180} INFO - Setting next_dagrun for consume_1_or_both_2_and_3_with_dataset_expressions to None, run_after=None
[2025-03-18T19:42:32.657+0000] {logging_mixin.py:190} INFO - [2025-03-18T19:42:32.657+0000] {dag.py:4180} INFO - Setting next_dagrun for dataset_consumes_1 to None, run_after=None
[2025-03-18T19:42:32.658+0000] {logging_mixin.py:190} INFO - [2025-03-18T19:42:32.658+0000] {dag.py:4180} INFO - Setting next_dagrun for dataset_consumes_1_and_2 to None, run_after=None
[2025-03-18T19:42:32.659+0000] {logging_mixin.py:190} INFO - [2025-03-18T19:42:32.658+0000] {dag.py:4180} INFO - Setting next_dagrun for dataset_consumes_1_never_scheduled to None, run_after=None
[2025-03-18T19:42:32.659+0000] {logging_mixin.py:190} INFO - [2025-03-18T19:42:32.659+0000] {dag.py:4180} INFO - Setting next_dagrun for dataset_consumes_unknown_never_scheduled to None, run_after=None
[2025-03-18T19:42:32.661+0000] {logging_mixin.py:190} INFO - [2025-03-18T19:42:32.661+0000] {dag.py:4180} INFO - Setting next_dagrun for dataset_produces_1 to 2025-03-17 00:00:00+00:00, run_after=2025-03-18 00:00:00+00:00
[2025-03-18T19:42:32.662+0000] {logging_mixin.py:190} INFO - [2025-03-18T19:42:32.662+0000] {dag.py:4180} INFO - Setting next_dagrun for dataset_produces_2 to None, run_after=None
[2025-03-18T19:42:32.688+0000] {processor.py:208} INFO - Processing /home/airflow/.local/lib/python3.12/site-packages/airflow/example_dags/example_datasets.py took 0.560 seconds
[2025-03-18T19:43:03.130+0000] {processor.py:186} INFO - Started process (PID=5760) to work on /home/airflow/.local/lib/python3.12/site-packages/airflow/example_dags/example_datasets.py
[2025-03-18T19:43:03.131+0000] {processor.py:914} INFO - Processing file /home/airflow/.local/lib/python3.12/site-packages/airflow/example_dags/example_datasets.py for tasks to queue
[2025-03-18T19:43:03.133+0000] {logging_mixin.py:190} INFO - [2025-03-18T19:43:03.133+0000] {dagbag.py:588} INFO - Filling up the DagBag from /home/airflow/.local/lib/python3.12/site-packages/airflow/example_dags/example_datasets.py
[2025-03-18T19:43:03.554+0000] {processor.py:925} INFO - DAG(s) 'consume_1_and_2_with_dataset_expressions', 'dataset_consumes_unknown_never_scheduled', 'consume_1_or_2_with_dataset_expressions', 'conditional_dataset_and_time_based_timetable', 'consume_1_or_both_2_and_3_with_dataset_expressions', 'dataset_consumes_1_and_2', 'dataset_consumes_1_never_scheduled', 'dataset_produces_2', 'dataset_produces_1', 'dataset_consumes_1' retrieved from /home/airflow/.local/lib/python3.12/site-packages/airflow/example_dags/example_datasets.py
[2025-03-18T19:43:03.592+0000] {logging_mixin.py:190} INFO - [2025-03-18T19:43:03.592+0000] {dag.py:3239} INFO - Sync 10 DAGs
[2025-03-18T19:43:03.612+0000] {logging_mixin.py:190} INFO - [2025-03-18T19:43:03.612+0000] {dag.py:4180} INFO - Setting next_dagrun for conditional_dataset_and_time_based_timetable to 2025-03-12 01:00:00+00:00, run_after=2025-03-12 01:00:00+00:00
[2025-03-18T19:43:03.616+0000] {logging_mixin.py:190} INFO - [2025-03-18T19:43:03.615+0000] {dag.py:4180} INFO - Setting next_dagrun for consume_1_and_2_with_dataset_expressions to None, run_after=None
[2025-03-18T19:43:03.618+0000] {logging_mixin.py:190} INFO - [2025-03-18T19:43:03.618+0000] {dag.py:4180} INFO - Setting next_dagrun for consume_1_or_2_with_dataset_expressions to None, run_after=None
[2025-03-18T19:43:03.619+0000] {logging_mixin.py:190} INFO - [2025-03-18T19:43:03.619+0000] {dag.py:4180} INFO - Setting next_dagrun for consume_1_or_both_2_and_3_with_dataset_expressions to None, run_after=None
[2025-03-18T19:43:03.620+0000] {logging_mixin.py:190} INFO - [2025-03-18T19:43:03.620+0000] {dag.py:4180} INFO - Setting next_dagrun for dataset_consumes_1 to None, run_after=None
[2025-03-18T19:43:03.621+0000] {logging_mixin.py:190} INFO - [2025-03-18T19:43:03.621+0000] {dag.py:4180} INFO - Setting next_dagrun for dataset_consumes_1_and_2 to None, run_after=None
[2025-03-18T19:43:03.622+0000] {logging_mixin.py:190} INFO - [2025-03-18T19:43:03.622+0000] {dag.py:4180} INFO - Setting next_dagrun for dataset_consumes_1_never_scheduled to None, run_after=None
[2025-03-18T19:43:03.623+0000] {logging_mixin.py:190} INFO - [2025-03-18T19:43:03.623+0000] {dag.py:4180} INFO - Setting next_dagrun for dataset_consumes_unknown_never_scheduled to None, run_after=None
[2025-03-18T19:43:03.625+0000] {logging_mixin.py:190} INFO - [2025-03-18T19:43:03.624+0000] {dag.py:4180} INFO - Setting next_dagrun for dataset_produces_1 to 2025-03-17 00:00:00+00:00, run_after=2025-03-18 00:00:00+00:00
[2025-03-18T19:43:03.626+0000] {logging_mixin.py:190} INFO - [2025-03-18T19:43:03.626+0000] {dag.py:4180} INFO - Setting next_dagrun for dataset_produces_2 to None, run_after=None
[2025-03-18T19:43:03.653+0000] {processor.py:208} INFO - Processing /home/airflow/.local/lib/python3.12/site-packages/airflow/example_dags/example_datasets.py took 0.529 seconds
[2025-03-18T19:43:33.920+0000] {processor.py:186} INFO - Started process (PID=5824) to work on /home/airflow/.local/lib/python3.12/site-packages/airflow/example_dags/example_datasets.py
[2025-03-18T19:43:33.921+0000] {processor.py:914} INFO - Processing file /home/airflow/.local/lib/python3.12/site-packages/airflow/example_dags/example_datasets.py for tasks to queue
[2025-03-18T19:43:33.922+0000] {logging_mixin.py:190} INFO - [2025-03-18T19:43:33.922+0000] {dagbag.py:588} INFO - Filling up the DagBag from /home/airflow/.local/lib/python3.12/site-packages/airflow/example_dags/example_datasets.py
[2025-03-18T19:43:34.349+0000] {processor.py:925} INFO - DAG(s) 'dataset_consumes_unknown_never_scheduled', 'conditional_dataset_and_time_based_timetable', 'consume_1_or_both_2_and_3_with_dataset_expressions', 'dataset_consumes_1', 'consume_1_or_2_with_dataset_expressions', 'consume_1_and_2_with_dataset_expressions', 'dataset_produces_1', 'dataset_consumes_1_and_2', 'dataset_consumes_1_never_scheduled', 'dataset_produces_2' retrieved from /home/airflow/.local/lib/python3.12/site-packages/airflow/example_dags/example_datasets.py
[2025-03-18T19:43:34.384+0000] {logging_mixin.py:190} INFO - [2025-03-18T19:43:34.384+0000] {dag.py:3239} INFO - Sync 10 DAGs
[2025-03-18T19:43:34.405+0000] {logging_mixin.py:190} INFO - [2025-03-18T19:43:34.404+0000] {dag.py:4180} INFO - Setting next_dagrun for conditional_dataset_and_time_based_timetable to 2025-03-12 01:00:00+00:00, run_after=2025-03-12 01:00:00+00:00
[2025-03-18T19:43:34.408+0000] {logging_mixin.py:190} INFO - [2025-03-18T19:43:34.407+0000] {dag.py:4180} INFO - Setting next_dagrun for consume_1_and_2_with_dataset_expressions to None, run_after=None
[2025-03-18T19:43:34.409+0000] {logging_mixin.py:190} INFO - [2025-03-18T19:43:34.408+0000] {dag.py:4180} INFO - Setting next_dagrun for consume_1_or_2_with_dataset_expressions to None, run_after=None
[2025-03-18T19:43:34.409+0000] {logging_mixin.py:190} INFO - [2025-03-18T19:43:34.409+0000] {dag.py:4180} INFO - Setting next_dagrun for consume_1_or_both_2_and_3_with_dataset_expressions to None, run_after=None
[2025-03-18T19:43:34.410+0000] {logging_mixin.py:190} INFO - [2025-03-18T19:43:34.410+0000] {dag.py:4180} INFO - Setting next_dagrun for dataset_consumes_1 to None, run_after=None
[2025-03-18T19:43:34.411+0000] {logging_mixin.py:190} INFO - [2025-03-18T19:43:34.411+0000] {dag.py:4180} INFO - Setting next_dagrun for dataset_consumes_1_and_2 to None, run_after=None
[2025-03-18T19:43:34.412+0000] {logging_mixin.py:190} INFO - [2025-03-18T19:43:34.412+0000] {dag.py:4180} INFO - Setting next_dagrun for dataset_consumes_1_never_scheduled to None, run_after=None
[2025-03-18T19:43:34.413+0000] {logging_mixin.py:190} INFO - [2025-03-18T19:43:34.413+0000] {dag.py:4180} INFO - Setting next_dagrun for dataset_consumes_unknown_never_scheduled to None, run_after=None
[2025-03-18T19:43:34.415+0000] {logging_mixin.py:190} INFO - [2025-03-18T19:43:34.415+0000] {dag.py:4180} INFO - Setting next_dagrun for dataset_produces_1 to 2025-03-17 00:00:00+00:00, run_after=2025-03-18 00:00:00+00:00
[2025-03-18T19:43:34.416+0000] {logging_mixin.py:190} INFO - [2025-03-18T19:43:34.416+0000] {dag.py:4180} INFO - Setting next_dagrun for dataset_produces_2 to None, run_after=None
[2025-03-18T19:43:34.442+0000] {processor.py:208} INFO - Processing /home/airflow/.local/lib/python3.12/site-packages/airflow/example_dags/example_datasets.py took 0.528 seconds
