[2025-03-18T19:24:04.863+0000] {processor.py:186} INFO - Started process (PID=3407) to work on /home/airflow/.local/lib/python3.12/site-packages/airflow/example_dags/example_latest_only_with_trigger.py
[2025-03-18T19:24:04.863+0000] {processor.py:914} INFO - Processing file /home/airflow/.local/lib/python3.12/site-packages/airflow/example_dags/example_latest_only_with_trigger.py for tasks to queue
[2025-03-18T19:24:04.866+0000] {logging_mixin.py:190} INFO - [2025-03-18T19:24:04.865+0000] {dagbag.py:588} INFO - Filling up the DagBag from /home/airflow/.local/lib/python3.12/site-packages/airflow/example_dags/example_latest_only_with_trigger.py
[2025-03-18T19:24:04.872+0000] {processor.py:925} INFO - DAG(s) 'latest_only_with_trigger' retrieved from /home/airflow/.local/lib/python3.12/site-packages/airflow/example_dags/example_latest_only_with_trigger.py
[2025-03-18T19:24:04.888+0000] {logging_mixin.py:190} INFO - [2025-03-18T19:24:04.887+0000] {dag.py:3239} INFO - Sync 1 DAGs
[2025-03-18T19:24:04.906+0000] {logging_mixin.py:190} INFO - [2025-03-18T19:24:04.905+0000] {dag.py:4180} INFO - Setting next_dagrun for latest_only_with_trigger to 2025-03-18 12:00:00+00:00, run_after=2025-03-18 16:00:00+00:00
[2025-03-18T19:24:04.918+0000] {processor.py:208} INFO - Processing /home/airflow/.local/lib/python3.12/site-packages/airflow/example_dags/example_latest_only_with_trigger.py took 0.061 seconds
[2025-03-18T19:24:35.624+0000] {processor.py:186} INFO - Started process (PID=3471) to work on /home/airflow/.local/lib/python3.12/site-packages/airflow/example_dags/example_latest_only_with_trigger.py
[2025-03-18T19:24:35.625+0000] {processor.py:914} INFO - Processing file /home/airflow/.local/lib/python3.12/site-packages/airflow/example_dags/example_latest_only_with_trigger.py for tasks to queue
[2025-03-18T19:24:35.627+0000] {logging_mixin.py:190} INFO - [2025-03-18T19:24:35.627+0000] {dagbag.py:588} INFO - Filling up the DagBag from /home/airflow/.local/lib/python3.12/site-packages/airflow/example_dags/example_latest_only_with_trigger.py
[2025-03-18T19:24:35.634+0000] {processor.py:925} INFO - DAG(s) 'latest_only_with_trigger' retrieved from /home/airflow/.local/lib/python3.12/site-packages/airflow/example_dags/example_latest_only_with_trigger.py
[2025-03-18T19:24:35.653+0000] {logging_mixin.py:190} INFO - [2025-03-18T19:24:35.653+0000] {dag.py:3239} INFO - Sync 1 DAGs
[2025-03-18T19:24:35.671+0000] {logging_mixin.py:190} INFO - [2025-03-18T19:24:35.671+0000] {dag.py:4180} INFO - Setting next_dagrun for latest_only_with_trigger to 2025-03-18 12:00:00+00:00, run_after=2025-03-18 16:00:00+00:00
[2025-03-18T19:24:35.686+0000] {processor.py:208} INFO - Processing /home/airflow/.local/lib/python3.12/site-packages/airflow/example_dags/example_latest_only_with_trigger.py took 0.066 seconds
[2025-03-18T19:25:05.899+0000] {processor.py:186} INFO - Started process (PID=3535) to work on /home/airflow/.local/lib/python3.12/site-packages/airflow/example_dags/example_latest_only_with_trigger.py
[2025-03-18T19:25:05.900+0000] {processor.py:914} INFO - Processing file /home/airflow/.local/lib/python3.12/site-packages/airflow/example_dags/example_latest_only_with_trigger.py for tasks to queue
[2025-03-18T19:25:05.902+0000] {logging_mixin.py:190} INFO - [2025-03-18T19:25:05.902+0000] {dagbag.py:588} INFO - Filling up the DagBag from /home/airflow/.local/lib/python3.12/site-packages/airflow/example_dags/example_latest_only_with_trigger.py
[2025-03-18T19:25:05.908+0000] {processor.py:925} INFO - DAG(s) 'latest_only_with_trigger' retrieved from /home/airflow/.local/lib/python3.12/site-packages/airflow/example_dags/example_latest_only_with_trigger.py
[2025-03-18T19:25:05.924+0000] {logging_mixin.py:190} INFO - [2025-03-18T19:25:05.924+0000] {dag.py:3239} INFO - Sync 1 DAGs
[2025-03-18T19:25:05.942+0000] {logging_mixin.py:190} INFO - [2025-03-18T19:25:05.942+0000] {dag.py:4180} INFO - Setting next_dagrun for latest_only_with_trigger to 2025-03-18 12:00:00+00:00, run_after=2025-03-18 16:00:00+00:00
[2025-03-18T19:25:05.956+0000] {processor.py:208} INFO - Processing /home/airflow/.local/lib/python3.12/site-packages/airflow/example_dags/example_latest_only_with_trigger.py took 0.062 seconds
[2025-03-18T19:25:36.596+0000] {processor.py:186} INFO - Started process (PID=3599) to work on /home/airflow/.local/lib/python3.12/site-packages/airflow/example_dags/example_latest_only_with_trigger.py
[2025-03-18T19:25:36.597+0000] {processor.py:914} INFO - Processing file /home/airflow/.local/lib/python3.12/site-packages/airflow/example_dags/example_latest_only_with_trigger.py for tasks to queue
[2025-03-18T19:25:36.600+0000] {logging_mixin.py:190} INFO - [2025-03-18T19:25:36.599+0000] {dagbag.py:588} INFO - Filling up the DagBag from /home/airflow/.local/lib/python3.12/site-packages/airflow/example_dags/example_latest_only_with_trigger.py
[2025-03-18T19:25:36.606+0000] {processor.py:925} INFO - DAG(s) 'latest_only_with_trigger' retrieved from /home/airflow/.local/lib/python3.12/site-packages/airflow/example_dags/example_latest_only_with_trigger.py
[2025-03-18T19:25:36.625+0000] {logging_mixin.py:190} INFO - [2025-03-18T19:25:36.625+0000] {dag.py:3239} INFO - Sync 1 DAGs
[2025-03-18T19:25:36.646+0000] {logging_mixin.py:190} INFO - [2025-03-18T19:25:36.646+0000] {dag.py:4180} INFO - Setting next_dagrun for latest_only_with_trigger to 2025-03-18 12:00:00+00:00, run_after=2025-03-18 16:00:00+00:00
[2025-03-18T19:25:36.665+0000] {processor.py:208} INFO - Processing /home/airflow/.local/lib/python3.12/site-packages/airflow/example_dags/example_latest_only_with_trigger.py took 0.074 seconds
[2025-03-18T19:26:07.196+0000] {processor.py:186} INFO - Started process (PID=3663) to work on /home/airflow/.local/lib/python3.12/site-packages/airflow/example_dags/example_latest_only_with_trigger.py
[2025-03-18T19:26:07.197+0000] {processor.py:914} INFO - Processing file /home/airflow/.local/lib/python3.12/site-packages/airflow/example_dags/example_latest_only_with_trigger.py for tasks to queue
[2025-03-18T19:26:07.199+0000] {logging_mixin.py:190} INFO - [2025-03-18T19:26:07.199+0000] {dagbag.py:588} INFO - Filling up the DagBag from /home/airflow/.local/lib/python3.12/site-packages/airflow/example_dags/example_latest_only_with_trigger.py
[2025-03-18T19:26:07.206+0000] {processor.py:925} INFO - DAG(s) 'latest_only_with_trigger' retrieved from /home/airflow/.local/lib/python3.12/site-packages/airflow/example_dags/example_latest_only_with_trigger.py
[2025-03-18T19:26:07.224+0000] {logging_mixin.py:190} INFO - [2025-03-18T19:26:07.223+0000] {dag.py:3239} INFO - Sync 1 DAGs
[2025-03-18T19:26:07.244+0000] {logging_mixin.py:190} INFO - [2025-03-18T19:26:07.244+0000] {dag.py:4180} INFO - Setting next_dagrun for latest_only_with_trigger to 2025-03-18 12:00:00+00:00, run_after=2025-03-18 16:00:00+00:00
[2025-03-18T19:26:07.259+0000] {processor.py:208} INFO - Processing /home/airflow/.local/lib/python3.12/site-packages/airflow/example_dags/example_latest_only_with_trigger.py took 0.068 seconds
[2025-03-18T19:26:37.786+0000] {processor.py:186} INFO - Started process (PID=3727) to work on /home/airflow/.local/lib/python3.12/site-packages/airflow/example_dags/example_latest_only_with_trigger.py
[2025-03-18T19:26:37.787+0000] {processor.py:914} INFO - Processing file /home/airflow/.local/lib/python3.12/site-packages/airflow/example_dags/example_latest_only_with_trigger.py for tasks to queue
[2025-03-18T19:26:37.789+0000] {logging_mixin.py:190} INFO - [2025-03-18T19:26:37.789+0000] {dagbag.py:588} INFO - Filling up the DagBag from /home/airflow/.local/lib/python3.12/site-packages/airflow/example_dags/example_latest_only_with_trigger.py
[2025-03-18T19:26:37.795+0000] {processor.py:925} INFO - DAG(s) 'latest_only_with_trigger' retrieved from /home/airflow/.local/lib/python3.12/site-packages/airflow/example_dags/example_latest_only_with_trigger.py
[2025-03-18T19:26:37.812+0000] {logging_mixin.py:190} INFO - [2025-03-18T19:26:37.812+0000] {dag.py:3239} INFO - Sync 1 DAGs
[2025-03-18T19:26:37.830+0000] {logging_mixin.py:190} INFO - [2025-03-18T19:26:37.829+0000] {dag.py:4180} INFO - Setting next_dagrun for latest_only_with_trigger to 2025-03-18 12:00:00+00:00, run_after=2025-03-18 16:00:00+00:00
[2025-03-18T19:26:37.842+0000] {processor.py:208} INFO - Processing /home/airflow/.local/lib/python3.12/site-packages/airflow/example_dags/example_latest_only_with_trigger.py took 0.063 seconds
[2025-03-18T19:27:08.271+0000] {processor.py:186} INFO - Started process (PID=3791) to work on /home/airflow/.local/lib/python3.12/site-packages/airflow/example_dags/example_latest_only_with_trigger.py
[2025-03-18T19:27:08.272+0000] {processor.py:914} INFO - Processing file /home/airflow/.local/lib/python3.12/site-packages/airflow/example_dags/example_latest_only_with_trigger.py for tasks to queue
[2025-03-18T19:27:08.274+0000] {logging_mixin.py:190} INFO - [2025-03-18T19:27:08.274+0000] {dagbag.py:588} INFO - Filling up the DagBag from /home/airflow/.local/lib/python3.12/site-packages/airflow/example_dags/example_latest_only_with_trigger.py
[2025-03-18T19:27:08.280+0000] {processor.py:925} INFO - DAG(s) 'latest_only_with_trigger' retrieved from /home/airflow/.local/lib/python3.12/site-packages/airflow/example_dags/example_latest_only_with_trigger.py
[2025-03-18T19:27:08.296+0000] {logging_mixin.py:190} INFO - [2025-03-18T19:27:08.296+0000] {dag.py:3239} INFO - Sync 1 DAGs
[2025-03-18T19:27:08.314+0000] {logging_mixin.py:190} INFO - [2025-03-18T19:27:08.314+0000] {dag.py:4180} INFO - Setting next_dagrun for latest_only_with_trigger to 2025-03-18 12:00:00+00:00, run_after=2025-03-18 16:00:00+00:00
[2025-03-18T19:27:08.326+0000] {processor.py:208} INFO - Processing /home/airflow/.local/lib/python3.12/site-packages/airflow/example_dags/example_latest_only_with_trigger.py took 0.060 seconds
[2025-03-18T19:27:38.958+0000] {processor.py:186} INFO - Started process (PID=3855) to work on /home/airflow/.local/lib/python3.12/site-packages/airflow/example_dags/example_latest_only_with_trigger.py
[2025-03-18T19:27:38.959+0000] {processor.py:914} INFO - Processing file /home/airflow/.local/lib/python3.12/site-packages/airflow/example_dags/example_latest_only_with_trigger.py for tasks to queue
[2025-03-18T19:27:38.961+0000] {logging_mixin.py:190} INFO - [2025-03-18T19:27:38.961+0000] {dagbag.py:588} INFO - Filling up the DagBag from /home/airflow/.local/lib/python3.12/site-packages/airflow/example_dags/example_latest_only_with_trigger.py
[2025-03-18T19:27:38.968+0000] {processor.py:925} INFO - DAG(s) 'latest_only_with_trigger' retrieved from /home/airflow/.local/lib/python3.12/site-packages/airflow/example_dags/example_latest_only_with_trigger.py
[2025-03-18T19:27:38.985+0000] {logging_mixin.py:190} INFO - [2025-03-18T19:27:38.985+0000] {dag.py:3239} INFO - Sync 1 DAGs
[2025-03-18T19:27:39.005+0000] {logging_mixin.py:190} INFO - [2025-03-18T19:27:39.005+0000] {dag.py:4180} INFO - Setting next_dagrun for latest_only_with_trigger to 2025-03-18 12:00:00+00:00, run_after=2025-03-18 16:00:00+00:00
[2025-03-18T19:27:39.019+0000] {processor.py:208} INFO - Processing /home/airflow/.local/lib/python3.12/site-packages/airflow/example_dags/example_latest_only_with_trigger.py took 0.067 seconds
[2025-03-18T19:28:09.943+0000] {processor.py:186} INFO - Started process (PID=3920) to work on /home/airflow/.local/lib/python3.12/site-packages/airflow/example_dags/example_latest_only_with_trigger.py
[2025-03-18T19:28:09.944+0000] {processor.py:914} INFO - Processing file /home/airflow/.local/lib/python3.12/site-packages/airflow/example_dags/example_latest_only_with_trigger.py for tasks to queue
[2025-03-18T19:28:09.946+0000] {logging_mixin.py:190} INFO - [2025-03-18T19:28:09.946+0000] {dagbag.py:588} INFO - Filling up the DagBag from /home/airflow/.local/lib/python3.12/site-packages/airflow/example_dags/example_latest_only_with_trigger.py
[2025-03-18T19:28:09.952+0000] {processor.py:925} INFO - DAG(s) 'latest_only_with_trigger' retrieved from /home/airflow/.local/lib/python3.12/site-packages/airflow/example_dags/example_latest_only_with_trigger.py
[2025-03-18T19:28:09.970+0000] {logging_mixin.py:190} INFO - [2025-03-18T19:28:09.969+0000] {dag.py:3239} INFO - Sync 1 DAGs
[2025-03-18T19:28:09.988+0000] {logging_mixin.py:190} INFO - [2025-03-18T19:28:09.988+0000] {dag.py:4180} INFO - Setting next_dagrun for latest_only_with_trigger to 2025-03-18 12:00:00+00:00, run_after=2025-03-18 16:00:00+00:00
[2025-03-18T19:28:10.004+0000] {processor.py:208} INFO - Processing /home/airflow/.local/lib/python3.12/site-packages/airflow/example_dags/example_latest_only_with_trigger.py took 0.066 seconds
[2025-03-18T19:28:40.975+0000] {processor.py:186} INFO - Started process (PID=3990) to work on /home/airflow/.local/lib/python3.12/site-packages/airflow/example_dags/example_latest_only_with_trigger.py
[2025-03-18T19:28:40.976+0000] {processor.py:914} INFO - Processing file /home/airflow/.local/lib/python3.12/site-packages/airflow/example_dags/example_latest_only_with_trigger.py for tasks to queue
[2025-03-18T19:28:40.978+0000] {logging_mixin.py:190} INFO - [2025-03-18T19:28:40.978+0000] {dagbag.py:588} INFO - Filling up the DagBag from /home/airflow/.local/lib/python3.12/site-packages/airflow/example_dags/example_latest_only_with_trigger.py
[2025-03-18T19:28:40.984+0000] {processor.py:925} INFO - DAG(s) 'latest_only_with_trigger' retrieved from /home/airflow/.local/lib/python3.12/site-packages/airflow/example_dags/example_latest_only_with_trigger.py
[2025-03-18T19:28:41.001+0000] {logging_mixin.py:190} INFO - [2025-03-18T19:28:41.001+0000] {dag.py:3239} INFO - Sync 1 DAGs
[2025-03-18T19:28:41.019+0000] {logging_mixin.py:190} INFO - [2025-03-18T19:28:41.019+0000] {dag.py:4180} INFO - Setting next_dagrun for latest_only_with_trigger to 2025-03-18 12:00:00+00:00, run_after=2025-03-18 16:00:00+00:00
[2025-03-18T19:28:41.032+0000] {processor.py:208} INFO - Processing /home/airflow/.local/lib/python3.12/site-packages/airflow/example_dags/example_latest_only_with_trigger.py took 0.063 seconds
[2025-03-18T19:29:11.882+0000] {processor.py:186} INFO - Started process (PID=4054) to work on /home/airflow/.local/lib/python3.12/site-packages/airflow/example_dags/example_latest_only_with_trigger.py
[2025-03-18T19:29:11.882+0000] {processor.py:914} INFO - Processing file /home/airflow/.local/lib/python3.12/site-packages/airflow/example_dags/example_latest_only_with_trigger.py for tasks to queue
[2025-03-18T19:29:11.885+0000] {logging_mixin.py:190} INFO - [2025-03-18T19:29:11.884+0000] {dagbag.py:588} INFO - Filling up the DagBag from /home/airflow/.local/lib/python3.12/site-packages/airflow/example_dags/example_latest_only_with_trigger.py
[2025-03-18T19:29:11.891+0000] {processor.py:925} INFO - DAG(s) 'latest_only_with_trigger' retrieved from /home/airflow/.local/lib/python3.12/site-packages/airflow/example_dags/example_latest_only_with_trigger.py
[2025-03-18T19:29:11.908+0000] {logging_mixin.py:190} INFO - [2025-03-18T19:29:11.907+0000] {dag.py:3239} INFO - Sync 1 DAGs
[2025-03-18T19:29:11.926+0000] {logging_mixin.py:190} INFO - [2025-03-18T19:29:11.926+0000] {dag.py:4180} INFO - Setting next_dagrun for latest_only_with_trigger to 2025-03-18 12:00:00+00:00, run_after=2025-03-18 16:00:00+00:00
[2025-03-18T19:29:11.940+0000] {processor.py:208} INFO - Processing /home/airflow/.local/lib/python3.12/site-packages/airflow/example_dags/example_latest_only_with_trigger.py took 0.064 seconds
[2025-03-18T19:29:42.760+0000] {processor.py:186} INFO - Started process (PID=4118) to work on /home/airflow/.local/lib/python3.12/site-packages/airflow/example_dags/example_latest_only_with_trigger.py
[2025-03-18T19:29:42.761+0000] {processor.py:914} INFO - Processing file /home/airflow/.local/lib/python3.12/site-packages/airflow/example_dags/example_latest_only_with_trigger.py for tasks to queue
[2025-03-18T19:29:42.763+0000] {logging_mixin.py:190} INFO - [2025-03-18T19:29:42.763+0000] {dagbag.py:588} INFO - Filling up the DagBag from /home/airflow/.local/lib/python3.12/site-packages/airflow/example_dags/example_latest_only_with_trigger.py
[2025-03-18T19:29:42.769+0000] {processor.py:925} INFO - DAG(s) 'latest_only_with_trigger' retrieved from /home/airflow/.local/lib/python3.12/site-packages/airflow/example_dags/example_latest_only_with_trigger.py
[2025-03-18T19:29:42.785+0000] {logging_mixin.py:190} INFO - [2025-03-18T19:29:42.785+0000] {dag.py:3239} INFO - Sync 1 DAGs
[2025-03-18T19:29:42.805+0000] {logging_mixin.py:190} INFO - [2025-03-18T19:29:42.805+0000] {dag.py:4180} INFO - Setting next_dagrun for latest_only_with_trigger to 2025-03-18 12:00:00+00:00, run_after=2025-03-18 16:00:00+00:00
[2025-03-18T19:29:42.825+0000] {processor.py:208} INFO - Processing /home/airflow/.local/lib/python3.12/site-packages/airflow/example_dags/example_latest_only_with_trigger.py took 0.070 seconds
[2025-03-18T19:30:13.565+0000] {processor.py:186} INFO - Started process (PID=4182) to work on /home/airflow/.local/lib/python3.12/site-packages/airflow/example_dags/example_latest_only_with_trigger.py
[2025-03-18T19:30:13.566+0000] {processor.py:914} INFO - Processing file /home/airflow/.local/lib/python3.12/site-packages/airflow/example_dags/example_latest_only_with_trigger.py for tasks to queue
[2025-03-18T19:30:13.568+0000] {logging_mixin.py:190} INFO - [2025-03-18T19:30:13.568+0000] {dagbag.py:588} INFO - Filling up the DagBag from /home/airflow/.local/lib/python3.12/site-packages/airflow/example_dags/example_latest_only_with_trigger.py
[2025-03-18T19:30:13.574+0000] {processor.py:925} INFO - DAG(s) 'latest_only_with_trigger' retrieved from /home/airflow/.local/lib/python3.12/site-packages/airflow/example_dags/example_latest_only_with_trigger.py
[2025-03-18T19:30:13.590+0000] {logging_mixin.py:190} INFO - [2025-03-18T19:30:13.590+0000] {dag.py:3239} INFO - Sync 1 DAGs
[2025-03-18T19:30:13.608+0000] {logging_mixin.py:190} INFO - [2025-03-18T19:30:13.608+0000] {dag.py:4180} INFO - Setting next_dagrun for latest_only_with_trigger to 2025-03-18 12:00:00+00:00, run_after=2025-03-18 16:00:00+00:00
[2025-03-18T19:30:13.621+0000] {processor.py:208} INFO - Processing /home/airflow/.local/lib/python3.12/site-packages/airflow/example_dags/example_latest_only_with_trigger.py took 0.061 seconds
[2025-03-18T19:36:54.845+0000] {processor.py:186} INFO - Started process (PID=5014) to work on /home/airflow/.local/lib/python3.12/site-packages/airflow/example_dags/example_latest_only_with_trigger.py
[2025-03-18T19:36:54.846+0000] {processor.py:914} INFO - Processing file /home/airflow/.local/lib/python3.12/site-packages/airflow/example_dags/example_latest_only_with_trigger.py for tasks to queue
[2025-03-18T19:36:54.849+0000] {logging_mixin.py:190} INFO - [2025-03-18T19:36:54.848+0000] {dagbag.py:588} INFO - Filling up the DagBag from /home/airflow/.local/lib/python3.12/site-packages/airflow/example_dags/example_latest_only_with_trigger.py
[2025-03-18T19:36:54.854+0000] {processor.py:925} INFO - DAG(s) 'latest_only_with_trigger' retrieved from /home/airflow/.local/lib/python3.12/site-packages/airflow/example_dags/example_latest_only_with_trigger.py
[2025-03-18T19:36:54.871+0000] {logging_mixin.py:190} INFO - [2025-03-18T19:36:54.871+0000] {dag.py:3239} INFO - Sync 1 DAGs
[2025-03-18T19:36:54.891+0000] {logging_mixin.py:190} INFO - [2025-03-18T19:36:54.890+0000] {dag.py:4180} INFO - Setting next_dagrun for latest_only_with_trigger to 2025-03-18 12:00:00+00:00, run_after=2025-03-18 16:00:00+00:00
[2025-03-18T19:36:54.905+0000] {processor.py:208} INFO - Processing /home/airflow/.local/lib/python3.12/site-packages/airflow/example_dags/example_latest_only_with_trigger.py took 0.065 seconds
[2025-03-18T19:37:25.592+0000] {processor.py:186} INFO - Started process (PID=5078) to work on /home/airflow/.local/lib/python3.12/site-packages/airflow/example_dags/example_latest_only_with_trigger.py
[2025-03-18T19:37:25.593+0000] {processor.py:914} INFO - Processing file /home/airflow/.local/lib/python3.12/site-packages/airflow/example_dags/example_latest_only_with_trigger.py for tasks to queue
[2025-03-18T19:37:25.595+0000] {logging_mixin.py:190} INFO - [2025-03-18T19:37:25.595+0000] {dagbag.py:588} INFO - Filling up the DagBag from /home/airflow/.local/lib/python3.12/site-packages/airflow/example_dags/example_latest_only_with_trigger.py
[2025-03-18T19:37:25.601+0000] {processor.py:925} INFO - DAG(s) 'latest_only_with_trigger' retrieved from /home/airflow/.local/lib/python3.12/site-packages/airflow/example_dags/example_latest_only_with_trigger.py
[2025-03-18T19:37:25.619+0000] {logging_mixin.py:190} INFO - [2025-03-18T19:37:25.619+0000] {dag.py:3239} INFO - Sync 1 DAGs
[2025-03-18T19:37:25.637+0000] {logging_mixin.py:190} INFO - [2025-03-18T19:37:25.637+0000] {dag.py:4180} INFO - Setting next_dagrun for latest_only_with_trigger to 2025-03-18 12:00:00+00:00, run_after=2025-03-18 16:00:00+00:00
[2025-03-18T19:37:25.652+0000] {processor.py:208} INFO - Processing /home/airflow/.local/lib/python3.12/site-packages/airflow/example_dags/example_latest_only_with_trigger.py took 0.065 seconds
[2025-03-18T19:37:56.286+0000] {processor.py:186} INFO - Started process (PID=5142) to work on /home/airflow/.local/lib/python3.12/site-packages/airflow/example_dags/example_latest_only_with_trigger.py
[2025-03-18T19:37:56.287+0000] {processor.py:914} INFO - Processing file /home/airflow/.local/lib/python3.12/site-packages/airflow/example_dags/example_latest_only_with_trigger.py for tasks to queue
[2025-03-18T19:37:56.289+0000] {logging_mixin.py:190} INFO - [2025-03-18T19:37:56.288+0000] {dagbag.py:588} INFO - Filling up the DagBag from /home/airflow/.local/lib/python3.12/site-packages/airflow/example_dags/example_latest_only_with_trigger.py
[2025-03-18T19:37:56.294+0000] {processor.py:925} INFO - DAG(s) 'latest_only_with_trigger' retrieved from /home/airflow/.local/lib/python3.12/site-packages/airflow/example_dags/example_latest_only_with_trigger.py
[2025-03-18T19:37:56.310+0000] {logging_mixin.py:190} INFO - [2025-03-18T19:37:56.309+0000] {dag.py:3239} INFO - Sync 1 DAGs
[2025-03-18T19:37:56.327+0000] {logging_mixin.py:190} INFO - [2025-03-18T19:37:56.327+0000] {dag.py:4180} INFO - Setting next_dagrun for latest_only_with_trigger to 2025-03-18 12:00:00+00:00, run_after=2025-03-18 16:00:00+00:00
[2025-03-18T19:37:56.341+0000] {processor.py:208} INFO - Processing /home/airflow/.local/lib/python3.12/site-packages/airflow/example_dags/example_latest_only_with_trigger.py took 0.060 seconds
[2025-03-18T19:38:27.032+0000] {processor.py:186} INFO - Started process (PID=5206) to work on /home/airflow/.local/lib/python3.12/site-packages/airflow/example_dags/example_latest_only_with_trigger.py
[2025-03-18T19:38:27.033+0000] {processor.py:914} INFO - Processing file /home/airflow/.local/lib/python3.12/site-packages/airflow/example_dags/example_latest_only_with_trigger.py for tasks to queue
[2025-03-18T19:38:27.035+0000] {logging_mixin.py:190} INFO - [2025-03-18T19:38:27.035+0000] {dagbag.py:588} INFO - Filling up the DagBag from /home/airflow/.local/lib/python3.12/site-packages/airflow/example_dags/example_latest_only_with_trigger.py
[2025-03-18T19:38:27.042+0000] {processor.py:925} INFO - DAG(s) 'latest_only_with_trigger' retrieved from /home/airflow/.local/lib/python3.12/site-packages/airflow/example_dags/example_latest_only_with_trigger.py
[2025-03-18T19:38:27.060+0000] {logging_mixin.py:190} INFO - [2025-03-18T19:38:27.059+0000] {dag.py:3239} INFO - Sync 1 DAGs
[2025-03-18T19:38:27.079+0000] {logging_mixin.py:190} INFO - [2025-03-18T19:38:27.078+0000] {dag.py:4180} INFO - Setting next_dagrun for latest_only_with_trigger to 2025-03-18 12:00:00+00:00, run_after=2025-03-18 16:00:00+00:00
[2025-03-18T19:38:27.092+0000] {processor.py:208} INFO - Processing /home/airflow/.local/lib/python3.12/site-packages/airflow/example_dags/example_latest_only_with_trigger.py took 0.066 seconds
[2025-03-18T19:38:57.895+0000] {processor.py:186} INFO - Started process (PID=5270) to work on /home/airflow/.local/lib/python3.12/site-packages/airflow/example_dags/example_latest_only_with_trigger.py
[2025-03-18T19:38:57.896+0000] {processor.py:914} INFO - Processing file /home/airflow/.local/lib/python3.12/site-packages/airflow/example_dags/example_latest_only_with_trigger.py for tasks to queue
[2025-03-18T19:38:57.898+0000] {logging_mixin.py:190} INFO - [2025-03-18T19:38:57.898+0000] {dagbag.py:588} INFO - Filling up the DagBag from /home/airflow/.local/lib/python3.12/site-packages/airflow/example_dags/example_latest_only_with_trigger.py
[2025-03-18T19:38:57.905+0000] {processor.py:925} INFO - DAG(s) 'latest_only_with_trigger' retrieved from /home/airflow/.local/lib/python3.12/site-packages/airflow/example_dags/example_latest_only_with_trigger.py
[2025-03-18T19:38:57.922+0000] {logging_mixin.py:190} INFO - [2025-03-18T19:38:57.922+0000] {dag.py:3239} INFO - Sync 1 DAGs
[2025-03-18T19:38:57.943+0000] {logging_mixin.py:190} INFO - [2025-03-18T19:38:57.942+0000] {dag.py:4180} INFO - Setting next_dagrun for latest_only_with_trigger to 2025-03-18 12:00:00+00:00, run_after=2025-03-18 16:00:00+00:00
[2025-03-18T19:38:57.957+0000] {processor.py:208} INFO - Processing /home/airflow/.local/lib/python3.12/site-packages/airflow/example_dags/example_latest_only_with_trigger.py took 0.068 seconds
[2025-03-18T19:39:28.631+0000] {processor.py:186} INFO - Started process (PID=5334) to work on /home/airflow/.local/lib/python3.12/site-packages/airflow/example_dags/example_latest_only_with_trigger.py
[2025-03-18T19:39:28.632+0000] {processor.py:914} INFO - Processing file /home/airflow/.local/lib/python3.12/site-packages/airflow/example_dags/example_latest_only_with_trigger.py for tasks to queue
[2025-03-18T19:39:28.635+0000] {logging_mixin.py:190} INFO - [2025-03-18T19:39:28.634+0000] {dagbag.py:588} INFO - Filling up the DagBag from /home/airflow/.local/lib/python3.12/site-packages/airflow/example_dags/example_latest_only_with_trigger.py
[2025-03-18T19:39:28.641+0000] {processor.py:925} INFO - DAG(s) 'latest_only_with_trigger' retrieved from /home/airflow/.local/lib/python3.12/site-packages/airflow/example_dags/example_latest_only_with_trigger.py
[2025-03-18T19:39:28.658+0000] {logging_mixin.py:190} INFO - [2025-03-18T19:39:28.658+0000] {dag.py:3239} INFO - Sync 1 DAGs
[2025-03-18T19:39:28.675+0000] {logging_mixin.py:190} INFO - [2025-03-18T19:39:28.675+0000] {dag.py:4180} INFO - Setting next_dagrun for latest_only_with_trigger to 2025-03-18 12:00:00+00:00, run_after=2025-03-18 16:00:00+00:00
[2025-03-18T19:39:28.688+0000] {processor.py:208} INFO - Processing /home/airflow/.local/lib/python3.12/site-packages/airflow/example_dags/example_latest_only_with_trigger.py took 0.062 seconds
[2025-03-18T19:39:59.419+0000] {processor.py:186} INFO - Started process (PID=5398) to work on /home/airflow/.local/lib/python3.12/site-packages/airflow/example_dags/example_latest_only_with_trigger.py
[2025-03-18T19:39:59.420+0000] {processor.py:914} INFO - Processing file /home/airflow/.local/lib/python3.12/site-packages/airflow/example_dags/example_latest_only_with_trigger.py for tasks to queue
[2025-03-18T19:39:59.422+0000] {logging_mixin.py:190} INFO - [2025-03-18T19:39:59.422+0000] {dagbag.py:588} INFO - Filling up the DagBag from /home/airflow/.local/lib/python3.12/site-packages/airflow/example_dags/example_latest_only_with_trigger.py
[2025-03-18T19:39:59.429+0000] {processor.py:925} INFO - DAG(s) 'latest_only_with_trigger' retrieved from /home/airflow/.local/lib/python3.12/site-packages/airflow/example_dags/example_latest_only_with_trigger.py
[2025-03-18T19:39:59.447+0000] {logging_mixin.py:190} INFO - [2025-03-18T19:39:59.446+0000] {dag.py:3239} INFO - Sync 1 DAGs
[2025-03-18T19:39:59.466+0000] {logging_mixin.py:190} INFO - [2025-03-18T19:39:59.465+0000] {dag.py:4180} INFO - Setting next_dagrun for latest_only_with_trigger to 2025-03-18 12:00:00+00:00, run_after=2025-03-18 16:00:00+00:00
[2025-03-18T19:39:59.480+0000] {processor.py:208} INFO - Processing /home/airflow/.local/lib/python3.12/site-packages/airflow/example_dags/example_latest_only_with_trigger.py took 0.066 seconds
[2025-03-18T19:40:30.109+0000] {processor.py:186} INFO - Started process (PID=5462) to work on /home/airflow/.local/lib/python3.12/site-packages/airflow/example_dags/example_latest_only_with_trigger.py
[2025-03-18T19:40:30.110+0000] {processor.py:914} INFO - Processing file /home/airflow/.local/lib/python3.12/site-packages/airflow/example_dags/example_latest_only_with_trigger.py for tasks to queue
[2025-03-18T19:40:30.112+0000] {logging_mixin.py:190} INFO - [2025-03-18T19:40:30.111+0000] {dagbag.py:588} INFO - Filling up the DagBag from /home/airflow/.local/lib/python3.12/site-packages/airflow/example_dags/example_latest_only_with_trigger.py
[2025-03-18T19:40:30.118+0000] {processor.py:925} INFO - DAG(s) 'latest_only_with_trigger' retrieved from /home/airflow/.local/lib/python3.12/site-packages/airflow/example_dags/example_latest_only_with_trigger.py
[2025-03-18T19:40:30.137+0000] {logging_mixin.py:190} INFO - [2025-03-18T19:40:30.137+0000] {dag.py:3239} INFO - Sync 1 DAGs
[2025-03-18T19:40:30.156+0000] {logging_mixin.py:190} INFO - [2025-03-18T19:40:30.155+0000] {dag.py:4180} INFO - Setting next_dagrun for latest_only_with_trigger to 2025-03-18 12:00:00+00:00, run_after=2025-03-18 16:00:00+00:00
[2025-03-18T19:40:30.170+0000] {processor.py:208} INFO - Processing /home/airflow/.local/lib/python3.12/site-packages/airflow/example_dags/example_latest_only_with_trigger.py took 0.066 seconds
[2025-03-18T19:41:00.708+0000] {processor.py:186} INFO - Started process (PID=5526) to work on /home/airflow/.local/lib/python3.12/site-packages/airflow/example_dags/example_latest_only_with_trigger.py
[2025-03-18T19:41:00.709+0000] {processor.py:914} INFO - Processing file /home/airflow/.local/lib/python3.12/site-packages/airflow/example_dags/example_latest_only_with_trigger.py for tasks to queue
[2025-03-18T19:41:00.710+0000] {logging_mixin.py:190} INFO - [2025-03-18T19:41:00.710+0000] {dagbag.py:588} INFO - Filling up the DagBag from /home/airflow/.local/lib/python3.12/site-packages/airflow/example_dags/example_latest_only_with_trigger.py
[2025-03-18T19:41:00.717+0000] {processor.py:925} INFO - DAG(s) 'latest_only_with_trigger' retrieved from /home/airflow/.local/lib/python3.12/site-packages/airflow/example_dags/example_latest_only_with_trigger.py
[2025-03-18T19:41:00.732+0000] {logging_mixin.py:190} INFO - [2025-03-18T19:41:00.732+0000] {dag.py:3239} INFO - Sync 1 DAGs
[2025-03-18T19:41:00.750+0000] {logging_mixin.py:190} INFO - [2025-03-18T19:41:00.750+0000] {dag.py:4180} INFO - Setting next_dagrun for latest_only_with_trigger to 2025-03-18 12:00:00+00:00, run_after=2025-03-18 16:00:00+00:00
[2025-03-18T19:41:00.764+0000] {processor.py:208} INFO - Processing /home/airflow/.local/lib/python3.12/site-packages/airflow/example_dags/example_latest_only_with_trigger.py took 0.061 seconds
[2025-03-18T19:41:31.444+0000] {processor.py:186} INFO - Started process (PID=5590) to work on /home/airflow/.local/lib/python3.12/site-packages/airflow/example_dags/example_latest_only_with_trigger.py
[2025-03-18T19:41:31.445+0000] {processor.py:914} INFO - Processing file /home/airflow/.local/lib/python3.12/site-packages/airflow/example_dags/example_latest_only_with_trigger.py for tasks to queue
[2025-03-18T19:41:31.447+0000] {logging_mixin.py:190} INFO - [2025-03-18T19:41:31.446+0000] {dagbag.py:588} INFO - Filling up the DagBag from /home/airflow/.local/lib/python3.12/site-packages/airflow/example_dags/example_latest_only_with_trigger.py
[2025-03-18T19:41:31.453+0000] {processor.py:925} INFO - DAG(s) 'latest_only_with_trigger' retrieved from /home/airflow/.local/lib/python3.12/site-packages/airflow/example_dags/example_latest_only_with_trigger.py
[2025-03-18T19:41:31.471+0000] {logging_mixin.py:190} INFO - [2025-03-18T19:41:31.471+0000] {dag.py:3239} INFO - Sync 1 DAGs
[2025-03-18T19:41:31.488+0000] {logging_mixin.py:190} INFO - [2025-03-18T19:41:31.488+0000] {dag.py:4180} INFO - Setting next_dagrun for latest_only_with_trigger to 2025-03-18 12:00:00+00:00, run_after=2025-03-18 16:00:00+00:00
[2025-03-18T19:41:31.501+0000] {processor.py:208} INFO - Processing /home/airflow/.local/lib/python3.12/site-packages/airflow/example_dags/example_latest_only_with_trigger.py took 0.062 seconds
[2025-03-18T19:42:02.645+0000] {processor.py:186} INFO - Started process (PID=5654) to work on /home/airflow/.local/lib/python3.12/site-packages/airflow/example_dags/example_latest_only_with_trigger.py
[2025-03-18T19:42:02.646+0000] {processor.py:914} INFO - Processing file /home/airflow/.local/lib/python3.12/site-packages/airflow/example_dags/example_latest_only_with_trigger.py for tasks to queue
[2025-03-18T19:42:02.648+0000] {logging_mixin.py:190} INFO - [2025-03-18T19:42:02.648+0000] {dagbag.py:588} INFO - Filling up the DagBag from /home/airflow/.local/lib/python3.12/site-packages/airflow/example_dags/example_latest_only_with_trigger.py
[2025-03-18T19:42:02.656+0000] {processor.py:925} INFO - DAG(s) 'latest_only_with_trigger' retrieved from /home/airflow/.local/lib/python3.12/site-packages/airflow/example_dags/example_latest_only_with_trigger.py
[2025-03-18T19:42:02.675+0000] {logging_mixin.py:190} INFO - [2025-03-18T19:42:02.674+0000] {dag.py:3239} INFO - Sync 1 DAGs
[2025-03-18T19:42:02.693+0000] {logging_mixin.py:190} INFO - [2025-03-18T19:42:02.693+0000] {dag.py:4180} INFO - Setting next_dagrun for latest_only_with_trigger to 2025-03-18 12:00:00+00:00, run_after=2025-03-18 16:00:00+00:00
[2025-03-18T19:42:02.706+0000] {processor.py:208} INFO - Processing /home/airflow/.local/lib/python3.12/site-packages/airflow/example_dags/example_latest_only_with_trigger.py took 0.066 seconds
[2025-03-18T19:42:33.654+0000] {processor.py:186} INFO - Started process (PID=5718) to work on /home/airflow/.local/lib/python3.12/site-packages/airflow/example_dags/example_latest_only_with_trigger.py
[2025-03-18T19:42:33.655+0000] {processor.py:914} INFO - Processing file /home/airflow/.local/lib/python3.12/site-packages/airflow/example_dags/example_latest_only_with_trigger.py for tasks to queue
[2025-03-18T19:42:33.657+0000] {logging_mixin.py:190} INFO - [2025-03-18T19:42:33.657+0000] {dagbag.py:588} INFO - Filling up the DagBag from /home/airflow/.local/lib/python3.12/site-packages/airflow/example_dags/example_latest_only_with_trigger.py
[2025-03-18T19:42:33.663+0000] {processor.py:925} INFO - DAG(s) 'latest_only_with_trigger' retrieved from /home/airflow/.local/lib/python3.12/site-packages/airflow/example_dags/example_latest_only_with_trigger.py
[2025-03-18T19:42:33.682+0000] {logging_mixin.py:190} INFO - [2025-03-18T19:42:33.682+0000] {dag.py:3239} INFO - Sync 1 DAGs
[2025-03-18T19:42:33.700+0000] {logging_mixin.py:190} INFO - [2025-03-18T19:42:33.700+0000] {dag.py:4180} INFO - Setting next_dagrun for latest_only_with_trigger to 2025-03-18 12:00:00+00:00, run_after=2025-03-18 16:00:00+00:00
[2025-03-18T19:42:33.716+0000] {processor.py:208} INFO - Processing /home/airflow/.local/lib/python3.12/site-packages/airflow/example_dags/example_latest_only_with_trigger.py took 0.067 seconds
[2025-03-18T19:43:04.851+0000] {processor.py:186} INFO - Started process (PID=5782) to work on /home/airflow/.local/lib/python3.12/site-packages/airflow/example_dags/example_latest_only_with_trigger.py
[2025-03-18T19:43:04.851+0000] {processor.py:914} INFO - Processing file /home/airflow/.local/lib/python3.12/site-packages/airflow/example_dags/example_latest_only_with_trigger.py for tasks to queue
[2025-03-18T19:43:04.853+0000] {logging_mixin.py:190} INFO - [2025-03-18T19:43:04.853+0000] {dagbag.py:588} INFO - Filling up the DagBag from /home/airflow/.local/lib/python3.12/site-packages/airflow/example_dags/example_latest_only_with_trigger.py
[2025-03-18T19:43:04.860+0000] {processor.py:925} INFO - DAG(s) 'latest_only_with_trigger' retrieved from /home/airflow/.local/lib/python3.12/site-packages/airflow/example_dags/example_latest_only_with_trigger.py
[2025-03-18T19:43:04.878+0000] {logging_mixin.py:190} INFO - [2025-03-18T19:43:04.878+0000] {dag.py:3239} INFO - Sync 1 DAGs
[2025-03-18T19:43:04.899+0000] {logging_mixin.py:190} INFO - [2025-03-18T19:43:04.898+0000] {dag.py:4180} INFO - Setting next_dagrun for latest_only_with_trigger to 2025-03-18 12:00:00+00:00, run_after=2025-03-18 16:00:00+00:00
[2025-03-18T19:43:04.913+0000] {processor.py:208} INFO - Processing /home/airflow/.local/lib/python3.12/site-packages/airflow/example_dags/example_latest_only_with_trigger.py took 0.068 seconds
[2025-03-18T19:43:35.703+0000] {processor.py:186} INFO - Started process (PID=5846) to work on /home/airflow/.local/lib/python3.12/site-packages/airflow/example_dags/example_latest_only_with_trigger.py
[2025-03-18T19:43:35.704+0000] {processor.py:914} INFO - Processing file /home/airflow/.local/lib/python3.12/site-packages/airflow/example_dags/example_latest_only_with_trigger.py for tasks to queue
[2025-03-18T19:43:35.706+0000] {logging_mixin.py:190} INFO - [2025-03-18T19:43:35.706+0000] {dagbag.py:588} INFO - Filling up the DagBag from /home/airflow/.local/lib/python3.12/site-packages/airflow/example_dags/example_latest_only_with_trigger.py
[2025-03-18T19:43:35.712+0000] {processor.py:925} INFO - DAG(s) 'latest_only_with_trigger' retrieved from /home/airflow/.local/lib/python3.12/site-packages/airflow/example_dags/example_latest_only_with_trigger.py
[2025-03-18T19:43:35.731+0000] {logging_mixin.py:190} INFO - [2025-03-18T19:43:35.730+0000] {dag.py:3239} INFO - Sync 1 DAGs
[2025-03-18T19:43:35.748+0000] {logging_mixin.py:190} INFO - [2025-03-18T19:43:35.748+0000] {dag.py:4180} INFO - Setting next_dagrun for latest_only_with_trigger to 2025-03-18 12:00:00+00:00, run_after=2025-03-18 16:00:00+00:00
[2025-03-18T19:43:35.761+0000] {processor.py:208} INFO - Processing /home/airflow/.local/lib/python3.12/site-packages/airflow/example_dags/example_latest_only_with_trigger.py took 0.063 seconds
