[2025-03-18T19:23:34.538+0000] {processor.py:186} INFO - Started process (PID=3345) to work on /home/airflow/.local/lib/python3.12/site-packages/airflow/example_dags/example_python_decorator.py
[2025-03-18T19:23:34.539+0000] {processor.py:914} INFO - Processing file /home/airflow/.local/lib/python3.12/site-packages/airflow/example_dags/example_python_decorator.py for tasks to queue
[2025-03-18T19:23:34.542+0000] {logging_mixin.py:190} INFO - [2025-03-18T19:23:34.541+0000] {dagbag.py:588} INFO - Filling up the DagBag from /home/airflow/.local/lib/python3.12/site-packages/airflow/example_dags/example_python_decorator.py
[2025-03-18T19:23:34.554+0000] {processor.py:925} INFO - DAG(s) 'example_python_decorator' retrieved from /home/airflow/.local/lib/python3.12/site-packages/airflow/example_dags/example_python_decorator.py
[2025-03-18T19:23:34.574+0000] {logging_mixin.py:190} INFO - [2025-03-18T19:23:34.574+0000] {dag.py:3239} INFO - Sync 1 DAGs
[2025-03-18T19:23:34.585+0000] {logging_mixin.py:190} INFO - [2025-03-18T19:23:34.585+0000] {dag.py:4180} INFO - Setting next_dagrun for example_python_decorator to None, run_after=None
[2025-03-18T19:23:34.601+0000] {processor.py:208} INFO - Processing /home/airflow/.local/lib/python3.12/site-packages/airflow/example_dags/example_python_decorator.py took 0.069 seconds
[2025-03-18T19:24:04.944+0000] {processor.py:186} INFO - Started process (PID=3409) to work on /home/airflow/.local/lib/python3.12/site-packages/airflow/example_dags/example_python_decorator.py
[2025-03-18T19:24:04.945+0000] {processor.py:914} INFO - Processing file /home/airflow/.local/lib/python3.12/site-packages/airflow/example_dags/example_python_decorator.py for tasks to queue
[2025-03-18T19:24:04.947+0000] {logging_mixin.py:190} INFO - [2025-03-18T19:24:04.947+0000] {dagbag.py:588} INFO - Filling up the DagBag from /home/airflow/.local/lib/python3.12/site-packages/airflow/example_dags/example_python_decorator.py
[2025-03-18T19:24:04.960+0000] {processor.py:925} INFO - DAG(s) 'example_python_decorator' retrieved from /home/airflow/.local/lib/python3.12/site-packages/airflow/example_dags/example_python_decorator.py
[2025-03-18T19:24:04.978+0000] {logging_mixin.py:190} INFO - [2025-03-18T19:24:04.978+0000] {dag.py:3239} INFO - Sync 1 DAGs
[2025-03-18T19:24:04.991+0000] {logging_mixin.py:190} INFO - [2025-03-18T19:24:04.991+0000] {dag.py:4180} INFO - Setting next_dagrun for example_python_decorator to None, run_after=None
[2025-03-18T19:24:05.005+0000] {processor.py:208} INFO - Processing /home/airflow/.local/lib/python3.12/site-packages/airflow/example_dags/example_python_decorator.py took 0.066 seconds
[2025-03-18T19:24:35.706+0000] {processor.py:186} INFO - Started process (PID=3473) to work on /home/airflow/.local/lib/python3.12/site-packages/airflow/example_dags/example_python_decorator.py
[2025-03-18T19:24:35.707+0000] {processor.py:914} INFO - Processing file /home/airflow/.local/lib/python3.12/site-packages/airflow/example_dags/example_python_decorator.py for tasks to queue
[2025-03-18T19:24:35.709+0000] {logging_mixin.py:190} INFO - [2025-03-18T19:24:35.709+0000] {dagbag.py:588} INFO - Filling up the DagBag from /home/airflow/.local/lib/python3.12/site-packages/airflow/example_dags/example_python_decorator.py
[2025-03-18T19:24:35.721+0000] {processor.py:925} INFO - DAG(s) 'example_python_decorator' retrieved from /home/airflow/.local/lib/python3.12/site-packages/airflow/example_dags/example_python_decorator.py
[2025-03-18T19:24:35.740+0000] {logging_mixin.py:190} INFO - [2025-03-18T19:24:35.739+0000] {dag.py:3239} INFO - Sync 1 DAGs
[2025-03-18T19:24:35.752+0000] {logging_mixin.py:190} INFO - [2025-03-18T19:24:35.752+0000] {dag.py:4180} INFO - Setting next_dagrun for example_python_decorator to None, run_after=None
[2025-03-18T19:24:35.766+0000] {processor.py:208} INFO - Processing /home/airflow/.local/lib/python3.12/site-packages/airflow/example_dags/example_python_decorator.py took 0.064 seconds
[2025-03-18T19:25:05.980+0000] {processor.py:186} INFO - Started process (PID=3537) to work on /home/airflow/.local/lib/python3.12/site-packages/airflow/example_dags/example_python_decorator.py
[2025-03-18T19:25:05.981+0000] {processor.py:914} INFO - Processing file /home/airflow/.local/lib/python3.12/site-packages/airflow/example_dags/example_python_decorator.py for tasks to queue
[2025-03-18T19:25:05.982+0000] {logging_mixin.py:190} INFO - [2025-03-18T19:25:05.982+0000] {dagbag.py:588} INFO - Filling up the DagBag from /home/airflow/.local/lib/python3.12/site-packages/airflow/example_dags/example_python_decorator.py
[2025-03-18T19:25:05.993+0000] {processor.py:925} INFO - DAG(s) 'example_python_decorator' retrieved from /home/airflow/.local/lib/python3.12/site-packages/airflow/example_dags/example_python_decorator.py
[2025-03-18T19:25:06.012+0000] {logging_mixin.py:190} INFO - [2025-03-18T19:25:06.012+0000] {dag.py:3239} INFO - Sync 1 DAGs
[2025-03-18T19:25:06.023+0000] {logging_mixin.py:190} INFO - [2025-03-18T19:25:06.023+0000] {dag.py:4180} INFO - Setting next_dagrun for example_python_decorator to None, run_after=None
[2025-03-18T19:25:06.037+0000] {processor.py:208} INFO - Processing /home/airflow/.local/lib/python3.12/site-packages/airflow/example_dags/example_python_decorator.py took 0.062 seconds
[2025-03-18T19:25:36.694+0000] {processor.py:186} INFO - Started process (PID=3601) to work on /home/airflow/.local/lib/python3.12/site-packages/airflow/example_dags/example_python_decorator.py
[2025-03-18T19:25:36.695+0000] {processor.py:914} INFO - Processing file /home/airflow/.local/lib/python3.12/site-packages/airflow/example_dags/example_python_decorator.py for tasks to queue
[2025-03-18T19:25:36.697+0000] {logging_mixin.py:190} INFO - [2025-03-18T19:25:36.697+0000] {dagbag.py:588} INFO - Filling up the DagBag from /home/airflow/.local/lib/python3.12/site-packages/airflow/example_dags/example_python_decorator.py
[2025-03-18T19:25:36.710+0000] {processor.py:925} INFO - DAG(s) 'example_python_decorator' retrieved from /home/airflow/.local/lib/python3.12/site-packages/airflow/example_dags/example_python_decorator.py
[2025-03-18T19:25:36.729+0000] {logging_mixin.py:190} INFO - [2025-03-18T19:25:36.728+0000] {dag.py:3239} INFO - Sync 1 DAGs
[2025-03-18T19:25:36.740+0000] {logging_mixin.py:190} INFO - [2025-03-18T19:25:36.740+0000] {dag.py:4180} INFO - Setting next_dagrun for example_python_decorator to None, run_after=None
[2025-03-18T19:25:36.754+0000] {processor.py:208} INFO - Processing /home/airflow/.local/lib/python3.12/site-packages/airflow/example_dags/example_python_decorator.py took 0.066 seconds
[2025-03-18T19:26:07.288+0000] {processor.py:186} INFO - Started process (PID=3665) to work on /home/airflow/.local/lib/python3.12/site-packages/airflow/example_dags/example_python_decorator.py
[2025-03-18T19:26:07.289+0000] {processor.py:914} INFO - Processing file /home/airflow/.local/lib/python3.12/site-packages/airflow/example_dags/example_python_decorator.py for tasks to queue
[2025-03-18T19:26:07.291+0000] {logging_mixin.py:190} INFO - [2025-03-18T19:26:07.291+0000] {dagbag.py:588} INFO - Filling up the DagBag from /home/airflow/.local/lib/python3.12/site-packages/airflow/example_dags/example_python_decorator.py
[2025-03-18T19:26:07.303+0000] {processor.py:925} INFO - DAG(s) 'example_python_decorator' retrieved from /home/airflow/.local/lib/python3.12/site-packages/airflow/example_dags/example_python_decorator.py
[2025-03-18T19:26:07.323+0000] {logging_mixin.py:190} INFO - [2025-03-18T19:26:07.323+0000] {dag.py:3239} INFO - Sync 1 DAGs
[2025-03-18T19:26:07.336+0000] {logging_mixin.py:190} INFO - [2025-03-18T19:26:07.336+0000] {dag.py:4180} INFO - Setting next_dagrun for example_python_decorator to None, run_after=None
[2025-03-18T19:26:07.351+0000] {processor.py:208} INFO - Processing /home/airflow/.local/lib/python3.12/site-packages/airflow/example_dags/example_python_decorator.py took 0.068 seconds
[2025-03-18T19:26:37.874+0000] {processor.py:186} INFO - Started process (PID=3729) to work on /home/airflow/.local/lib/python3.12/site-packages/airflow/example_dags/example_python_decorator.py
[2025-03-18T19:26:37.875+0000] {processor.py:914} INFO - Processing file /home/airflow/.local/lib/python3.12/site-packages/airflow/example_dags/example_python_decorator.py for tasks to queue
[2025-03-18T19:26:37.878+0000] {logging_mixin.py:190} INFO - [2025-03-18T19:26:37.878+0000] {dagbag.py:588} INFO - Filling up the DagBag from /home/airflow/.local/lib/python3.12/site-packages/airflow/example_dags/example_python_decorator.py
[2025-03-18T19:26:37.892+0000] {processor.py:925} INFO - DAG(s) 'example_python_decorator' retrieved from /home/airflow/.local/lib/python3.12/site-packages/airflow/example_dags/example_python_decorator.py
[2025-03-18T19:26:37.912+0000] {logging_mixin.py:190} INFO - [2025-03-18T19:26:37.912+0000] {dag.py:3239} INFO - Sync 1 DAGs
[2025-03-18T19:26:37.924+0000] {logging_mixin.py:190} INFO - [2025-03-18T19:26:37.924+0000] {dag.py:4180} INFO - Setting next_dagrun for example_python_decorator to None, run_after=None
[2025-03-18T19:26:37.938+0000] {processor.py:208} INFO - Processing /home/airflow/.local/lib/python3.12/site-packages/airflow/example_dags/example_python_decorator.py took 0.072 seconds
[2025-03-18T19:27:08.352+0000] {processor.py:186} INFO - Started process (PID=3793) to work on /home/airflow/.local/lib/python3.12/site-packages/airflow/example_dags/example_python_decorator.py
[2025-03-18T19:27:08.353+0000] {processor.py:914} INFO - Processing file /home/airflow/.local/lib/python3.12/site-packages/airflow/example_dags/example_python_decorator.py for tasks to queue
[2025-03-18T19:27:08.355+0000] {logging_mixin.py:190} INFO - [2025-03-18T19:27:08.354+0000] {dagbag.py:588} INFO - Filling up the DagBag from /home/airflow/.local/lib/python3.12/site-packages/airflow/example_dags/example_python_decorator.py
[2025-03-18T19:27:08.366+0000] {processor.py:925} INFO - DAG(s) 'example_python_decorator' retrieved from /home/airflow/.local/lib/python3.12/site-packages/airflow/example_dags/example_python_decorator.py
[2025-03-18T19:27:08.383+0000] {logging_mixin.py:190} INFO - [2025-03-18T19:27:08.383+0000] {dag.py:3239} INFO - Sync 1 DAGs
[2025-03-18T19:27:08.395+0000] {logging_mixin.py:190} INFO - [2025-03-18T19:27:08.395+0000] {dag.py:4180} INFO - Setting next_dagrun for example_python_decorator to None, run_after=None
[2025-03-18T19:27:08.408+0000] {processor.py:208} INFO - Processing /home/airflow/.local/lib/python3.12/site-packages/airflow/example_dags/example_python_decorator.py took 0.062 seconds
[2025-03-18T19:27:39.047+0000] {processor.py:186} INFO - Started process (PID=3857) to work on /home/airflow/.local/lib/python3.12/site-packages/airflow/example_dags/example_python_decorator.py
[2025-03-18T19:27:39.048+0000] {processor.py:914} INFO - Processing file /home/airflow/.local/lib/python3.12/site-packages/airflow/example_dags/example_python_decorator.py for tasks to queue
[2025-03-18T19:27:39.050+0000] {logging_mixin.py:190} INFO - [2025-03-18T19:27:39.050+0000] {dagbag.py:588} INFO - Filling up the DagBag from /home/airflow/.local/lib/python3.12/site-packages/airflow/example_dags/example_python_decorator.py
[2025-03-18T19:27:39.062+0000] {processor.py:925} INFO - DAG(s) 'example_python_decorator' retrieved from /home/airflow/.local/lib/python3.12/site-packages/airflow/example_dags/example_python_decorator.py
[2025-03-18T19:27:39.080+0000] {logging_mixin.py:190} INFO - [2025-03-18T19:27:39.080+0000] {dag.py:3239} INFO - Sync 1 DAGs
[2025-03-18T19:27:39.093+0000] {logging_mixin.py:190} INFO - [2025-03-18T19:27:39.093+0000] {dag.py:4180} INFO - Setting next_dagrun for example_python_decorator to None, run_after=None
[2025-03-18T19:27:39.107+0000] {processor.py:208} INFO - Processing /home/airflow/.local/lib/python3.12/site-packages/airflow/example_dags/example_python_decorator.py took 0.065 seconds
[2025-03-18T19:28:10.037+0000] {processor.py:186} INFO - Started process (PID=3922) to work on /home/airflow/.local/lib/python3.12/site-packages/airflow/example_dags/example_python_decorator.py
[2025-03-18T19:28:10.038+0000] {processor.py:914} INFO - Processing file /home/airflow/.local/lib/python3.12/site-packages/airflow/example_dags/example_python_decorator.py for tasks to queue
[2025-03-18T19:28:10.040+0000] {logging_mixin.py:190} INFO - [2025-03-18T19:28:10.040+0000] {dagbag.py:588} INFO - Filling up the DagBag from /home/airflow/.local/lib/python3.12/site-packages/airflow/example_dags/example_python_decorator.py
[2025-03-18T19:28:10.051+0000] {processor.py:925} INFO - DAG(s) 'example_python_decorator' retrieved from /home/airflow/.local/lib/python3.12/site-packages/airflow/example_dags/example_python_decorator.py
[2025-03-18T19:28:10.070+0000] {logging_mixin.py:190} INFO - [2025-03-18T19:28:10.069+0000] {dag.py:3239} INFO - Sync 1 DAGs
[2025-03-18T19:28:10.081+0000] {logging_mixin.py:190} INFO - [2025-03-18T19:28:10.081+0000] {dag.py:4180} INFO - Setting next_dagrun for example_python_decorator to None, run_after=None
[2025-03-18T19:28:10.095+0000] {processor.py:208} INFO - Processing /home/airflow/.local/lib/python3.12/site-packages/airflow/example_dags/example_python_decorator.py took 0.063 seconds
[2025-03-18T19:28:41.057+0000] {processor.py:186} INFO - Started process (PID=3992) to work on /home/airflow/.local/lib/python3.12/site-packages/airflow/example_dags/example_python_decorator.py
[2025-03-18T19:28:41.058+0000] {processor.py:914} INFO - Processing file /home/airflow/.local/lib/python3.12/site-packages/airflow/example_dags/example_python_decorator.py for tasks to queue
[2025-03-18T19:28:41.059+0000] {logging_mixin.py:190} INFO - [2025-03-18T19:28:41.059+0000] {dagbag.py:588} INFO - Filling up the DagBag from /home/airflow/.local/lib/python3.12/site-packages/airflow/example_dags/example_python_decorator.py
[2025-03-18T19:28:41.070+0000] {processor.py:925} INFO - DAG(s) 'example_python_decorator' retrieved from /home/airflow/.local/lib/python3.12/site-packages/airflow/example_dags/example_python_decorator.py
[2025-03-18T19:28:41.087+0000] {logging_mixin.py:190} INFO - [2025-03-18T19:28:41.087+0000] {dag.py:3239} INFO - Sync 1 DAGs
[2025-03-18T19:28:41.098+0000] {logging_mixin.py:190} INFO - [2025-03-18T19:28:41.098+0000] {dag.py:4180} INFO - Setting next_dagrun for example_python_decorator to None, run_after=None
[2025-03-18T19:28:41.111+0000] {processor.py:208} INFO - Processing /home/airflow/.local/lib/python3.12/site-packages/airflow/example_dags/example_python_decorator.py took 0.059 seconds
[2025-03-18T19:29:11.970+0000] {processor.py:186} INFO - Started process (PID=4056) to work on /home/airflow/.local/lib/python3.12/site-packages/airflow/example_dags/example_python_decorator.py
[2025-03-18T19:29:11.971+0000] {processor.py:914} INFO - Processing file /home/airflow/.local/lib/python3.12/site-packages/airflow/example_dags/example_python_decorator.py for tasks to queue
[2025-03-18T19:29:11.973+0000] {logging_mixin.py:190} INFO - [2025-03-18T19:29:11.973+0000] {dagbag.py:588} INFO - Filling up the DagBag from /home/airflow/.local/lib/python3.12/site-packages/airflow/example_dags/example_python_decorator.py
[2025-03-18T19:29:11.985+0000] {processor.py:925} INFO - DAG(s) 'example_python_decorator' retrieved from /home/airflow/.local/lib/python3.12/site-packages/airflow/example_dags/example_python_decorator.py
[2025-03-18T19:29:12.005+0000] {logging_mixin.py:190} INFO - [2025-03-18T19:29:12.004+0000] {dag.py:3239} INFO - Sync 1 DAGs
[2025-03-18T19:29:12.018+0000] {logging_mixin.py:190} INFO - [2025-03-18T19:29:12.018+0000] {dag.py:4180} INFO - Setting next_dagrun for example_python_decorator to None, run_after=None
[2025-03-18T19:29:12.033+0000] {processor.py:208} INFO - Processing /home/airflow/.local/lib/python3.12/site-packages/airflow/example_dags/example_python_decorator.py took 0.069 seconds
[2025-03-18T19:29:42.853+0000] {processor.py:186} INFO - Started process (PID=4120) to work on /home/airflow/.local/lib/python3.12/site-packages/airflow/example_dags/example_python_decorator.py
[2025-03-18T19:29:42.854+0000] {processor.py:914} INFO - Processing file /home/airflow/.local/lib/python3.12/site-packages/airflow/example_dags/example_python_decorator.py for tasks to queue
[2025-03-18T19:29:42.856+0000] {logging_mixin.py:190} INFO - [2025-03-18T19:29:42.856+0000] {dagbag.py:588} INFO - Filling up the DagBag from /home/airflow/.local/lib/python3.12/site-packages/airflow/example_dags/example_python_decorator.py
[2025-03-18T19:29:42.869+0000] {processor.py:925} INFO - DAG(s) 'example_python_decorator' retrieved from /home/airflow/.local/lib/python3.12/site-packages/airflow/example_dags/example_python_decorator.py
[2025-03-18T19:29:42.888+0000] {logging_mixin.py:190} INFO - [2025-03-18T19:29:42.888+0000] {dag.py:3239} INFO - Sync 1 DAGs
[2025-03-18T19:29:42.900+0000] {logging_mixin.py:190} INFO - [2025-03-18T19:29:42.900+0000] {dag.py:4180} INFO - Setting next_dagrun for example_python_decorator to None, run_after=None
[2025-03-18T19:29:42.914+0000] {processor.py:208} INFO - Processing /home/airflow/.local/lib/python3.12/site-packages/airflow/example_dags/example_python_decorator.py took 0.066 seconds
[2025-03-18T19:30:13.647+0000] {processor.py:186} INFO - Started process (PID=4184) to work on /home/airflow/.local/lib/python3.12/site-packages/airflow/example_dags/example_python_decorator.py
[2025-03-18T19:30:13.648+0000] {processor.py:914} INFO - Processing file /home/airflow/.local/lib/python3.12/site-packages/airflow/example_dags/example_python_decorator.py for tasks to queue
[2025-03-18T19:30:13.650+0000] {logging_mixin.py:190} INFO - [2025-03-18T19:30:13.650+0000] {dagbag.py:588} INFO - Filling up the DagBag from /home/airflow/.local/lib/python3.12/site-packages/airflow/example_dags/example_python_decorator.py
[2025-03-18T19:30:13.661+0000] {processor.py:925} INFO - DAG(s) 'example_python_decorator' retrieved from /home/airflow/.local/lib/python3.12/site-packages/airflow/example_dags/example_python_decorator.py
[2025-03-18T19:30:13.678+0000] {logging_mixin.py:190} INFO - [2025-03-18T19:30:13.678+0000] {dag.py:3239} INFO - Sync 1 DAGs
[2025-03-18T19:30:13.690+0000] {logging_mixin.py:190} INFO - [2025-03-18T19:30:13.689+0000] {dag.py:4180} INFO - Setting next_dagrun for example_python_decorator to None, run_after=None
[2025-03-18T19:30:13.703+0000] {processor.py:208} INFO - Processing /home/airflow/.local/lib/python3.12/site-packages/airflow/example_dags/example_python_decorator.py took 0.061 seconds
[2025-03-18T19:36:54.932+0000] {processor.py:186} INFO - Started process (PID=5016) to work on /home/airflow/.local/lib/python3.12/site-packages/airflow/example_dags/example_python_decorator.py
[2025-03-18T19:36:54.933+0000] {processor.py:914} INFO - Processing file /home/airflow/.local/lib/python3.12/site-packages/airflow/example_dags/example_python_decorator.py for tasks to queue
[2025-03-18T19:36:54.935+0000] {logging_mixin.py:190} INFO - [2025-03-18T19:36:54.934+0000] {dagbag.py:588} INFO - Filling up the DagBag from /home/airflow/.local/lib/python3.12/site-packages/airflow/example_dags/example_python_decorator.py
[2025-03-18T19:36:54.947+0000] {processor.py:925} INFO - DAG(s) 'example_python_decorator' retrieved from /home/airflow/.local/lib/python3.12/site-packages/airflow/example_dags/example_python_decorator.py
[2025-03-18T19:36:54.965+0000] {logging_mixin.py:190} INFO - [2025-03-18T19:36:54.965+0000] {dag.py:3239} INFO - Sync 1 DAGs
[2025-03-18T19:36:54.977+0000] {logging_mixin.py:190} INFO - [2025-03-18T19:36:54.977+0000] {dag.py:4180} INFO - Setting next_dagrun for example_python_decorator to None, run_after=None
[2025-03-18T19:36:54.992+0000] {processor.py:208} INFO - Processing /home/airflow/.local/lib/python3.12/site-packages/airflow/example_dags/example_python_decorator.py took 0.065 seconds
[2025-03-18T19:37:25.677+0000] {processor.py:186} INFO - Started process (PID=5080) to work on /home/airflow/.local/lib/python3.12/site-packages/airflow/example_dags/example_python_decorator.py
[2025-03-18T19:37:25.678+0000] {processor.py:914} INFO - Processing file /home/airflow/.local/lib/python3.12/site-packages/airflow/example_dags/example_python_decorator.py for tasks to queue
[2025-03-18T19:37:25.681+0000] {logging_mixin.py:190} INFO - [2025-03-18T19:37:25.680+0000] {dagbag.py:588} INFO - Filling up the DagBag from /home/airflow/.local/lib/python3.12/site-packages/airflow/example_dags/example_python_decorator.py
[2025-03-18T19:37:25.692+0000] {processor.py:925} INFO - DAG(s) 'example_python_decorator' retrieved from /home/airflow/.local/lib/python3.12/site-packages/airflow/example_dags/example_python_decorator.py
[2025-03-18T19:37:25.709+0000] {logging_mixin.py:190} INFO - [2025-03-18T19:37:25.709+0000] {dag.py:3239} INFO - Sync 1 DAGs
[2025-03-18T19:37:25.722+0000] {logging_mixin.py:190} INFO - [2025-03-18T19:37:25.721+0000] {dag.py:4180} INFO - Setting next_dagrun for example_python_decorator to None, run_after=None
[2025-03-18T19:37:25.736+0000] {processor.py:208} INFO - Processing /home/airflow/.local/lib/python3.12/site-packages/airflow/example_dags/example_python_decorator.py took 0.064 seconds
[2025-03-18T19:37:56.367+0000] {processor.py:186} INFO - Started process (PID=5144) to work on /home/airflow/.local/lib/python3.12/site-packages/airflow/example_dags/example_python_decorator.py
[2025-03-18T19:37:56.368+0000] {processor.py:914} INFO - Processing file /home/airflow/.local/lib/python3.12/site-packages/airflow/example_dags/example_python_decorator.py for tasks to queue
[2025-03-18T19:37:56.370+0000] {logging_mixin.py:190} INFO - [2025-03-18T19:37:56.369+0000] {dagbag.py:588} INFO - Filling up the DagBag from /home/airflow/.local/lib/python3.12/site-packages/airflow/example_dags/example_python_decorator.py
[2025-03-18T19:37:56.380+0000] {processor.py:925} INFO - DAG(s) 'example_python_decorator' retrieved from /home/airflow/.local/lib/python3.12/site-packages/airflow/example_dags/example_python_decorator.py
[2025-03-18T19:37:56.399+0000] {logging_mixin.py:190} INFO - [2025-03-18T19:37:56.398+0000] {dag.py:3239} INFO - Sync 1 DAGs
[2025-03-18T19:37:56.409+0000] {logging_mixin.py:190} INFO - [2025-03-18T19:37:56.409+0000] {dag.py:4180} INFO - Setting next_dagrun for example_python_decorator to None, run_after=None
[2025-03-18T19:37:56.423+0000] {processor.py:208} INFO - Processing /home/airflow/.local/lib/python3.12/site-packages/airflow/example_dags/example_python_decorator.py took 0.062 seconds
[2025-03-18T19:38:27.121+0000] {processor.py:186} INFO - Started process (PID=5208) to work on /home/airflow/.local/lib/python3.12/site-packages/airflow/example_dags/example_python_decorator.py
[2025-03-18T19:38:27.122+0000] {processor.py:914} INFO - Processing file /home/airflow/.local/lib/python3.12/site-packages/airflow/example_dags/example_python_decorator.py for tasks to queue
[2025-03-18T19:38:27.124+0000] {logging_mixin.py:190} INFO - [2025-03-18T19:38:27.123+0000] {dagbag.py:588} INFO - Filling up the DagBag from /home/airflow/.local/lib/python3.12/site-packages/airflow/example_dags/example_python_decorator.py
[2025-03-18T19:38:27.136+0000] {processor.py:925} INFO - DAG(s) 'example_python_decorator' retrieved from /home/airflow/.local/lib/python3.12/site-packages/airflow/example_dags/example_python_decorator.py
[2025-03-18T19:38:27.155+0000] {logging_mixin.py:190} INFO - [2025-03-18T19:38:27.154+0000] {dag.py:3239} INFO - Sync 1 DAGs
[2025-03-18T19:38:27.166+0000] {logging_mixin.py:190} INFO - [2025-03-18T19:38:27.166+0000] {dag.py:4180} INFO - Setting next_dagrun for example_python_decorator to None, run_after=None
[2025-03-18T19:38:27.180+0000] {processor.py:208} INFO - Processing /home/airflow/.local/lib/python3.12/site-packages/airflow/example_dags/example_python_decorator.py took 0.065 seconds
[2025-03-18T19:38:57.983+0000] {processor.py:186} INFO - Started process (PID=5272) to work on /home/airflow/.local/lib/python3.12/site-packages/airflow/example_dags/example_python_decorator.py
[2025-03-18T19:38:57.984+0000] {processor.py:914} INFO - Processing file /home/airflow/.local/lib/python3.12/site-packages/airflow/example_dags/example_python_decorator.py for tasks to queue
[2025-03-18T19:38:57.986+0000] {logging_mixin.py:190} INFO - [2025-03-18T19:38:57.985+0000] {dagbag.py:588} INFO - Filling up the DagBag from /home/airflow/.local/lib/python3.12/site-packages/airflow/example_dags/example_python_decorator.py
[2025-03-18T19:38:57.997+0000] {processor.py:925} INFO - DAG(s) 'example_python_decorator' retrieved from /home/airflow/.local/lib/python3.12/site-packages/airflow/example_dags/example_python_decorator.py
[2025-03-18T19:38:58.016+0000] {logging_mixin.py:190} INFO - [2025-03-18T19:38:58.016+0000] {dag.py:3239} INFO - Sync 1 DAGs
[2025-03-18T19:38:58.027+0000] {logging_mixin.py:190} INFO - [2025-03-18T19:38:58.027+0000] {dag.py:4180} INFO - Setting next_dagrun for example_python_decorator to None, run_after=None
[2025-03-18T19:38:58.041+0000] {processor.py:208} INFO - Processing /home/airflow/.local/lib/python3.12/site-packages/airflow/example_dags/example_python_decorator.py took 0.063 seconds
[2025-03-18T19:39:28.714+0000] {processor.py:186} INFO - Started process (PID=5336) to work on /home/airflow/.local/lib/python3.12/site-packages/airflow/example_dags/example_python_decorator.py
[2025-03-18T19:39:28.715+0000] {processor.py:914} INFO - Processing file /home/airflow/.local/lib/python3.12/site-packages/airflow/example_dags/example_python_decorator.py for tasks to queue
[2025-03-18T19:39:28.716+0000] {logging_mixin.py:190} INFO - [2025-03-18T19:39:28.716+0000] {dagbag.py:588} INFO - Filling up the DagBag from /home/airflow/.local/lib/python3.12/site-packages/airflow/example_dags/example_python_decorator.py
[2025-03-18T19:39:28.728+0000] {processor.py:925} INFO - DAG(s) 'example_python_decorator' retrieved from /home/airflow/.local/lib/python3.12/site-packages/airflow/example_dags/example_python_decorator.py
[2025-03-18T19:39:28.746+0000] {logging_mixin.py:190} INFO - [2025-03-18T19:39:28.745+0000] {dag.py:3239} INFO - Sync 1 DAGs
[2025-03-18T19:39:28.757+0000] {logging_mixin.py:190} INFO - [2025-03-18T19:39:28.757+0000] {dag.py:4180} INFO - Setting next_dagrun for example_python_decorator to None, run_after=None
[2025-03-18T19:39:28.770+0000] {processor.py:208} INFO - Processing /home/airflow/.local/lib/python3.12/site-packages/airflow/example_dags/example_python_decorator.py took 0.062 seconds
[2025-03-18T19:39:59.506+0000] {processor.py:186} INFO - Started process (PID=5400) to work on /home/airflow/.local/lib/python3.12/site-packages/airflow/example_dags/example_python_decorator.py
[2025-03-18T19:39:59.508+0000] {processor.py:914} INFO - Processing file /home/airflow/.local/lib/python3.12/site-packages/airflow/example_dags/example_python_decorator.py for tasks to queue
[2025-03-18T19:39:59.509+0000] {logging_mixin.py:190} INFO - [2025-03-18T19:39:59.509+0000] {dagbag.py:588} INFO - Filling up the DagBag from /home/airflow/.local/lib/python3.12/site-packages/airflow/example_dags/example_python_decorator.py
[2025-03-18T19:39:59.521+0000] {processor.py:925} INFO - DAG(s) 'example_python_decorator' retrieved from /home/airflow/.local/lib/python3.12/site-packages/airflow/example_dags/example_python_decorator.py
[2025-03-18T19:39:59.539+0000] {logging_mixin.py:190} INFO - [2025-03-18T19:39:59.539+0000] {dag.py:3239} INFO - Sync 1 DAGs
[2025-03-18T19:39:59.551+0000] {logging_mixin.py:190} INFO - [2025-03-18T19:39:59.551+0000] {dag.py:4180} INFO - Setting next_dagrun for example_python_decorator to None, run_after=None
[2025-03-18T19:39:59.564+0000] {processor.py:208} INFO - Processing /home/airflow/.local/lib/python3.12/site-packages/airflow/example_dags/example_python_decorator.py took 0.064 seconds
[2025-03-18T19:40:30.196+0000] {processor.py:186} INFO - Started process (PID=5464) to work on /home/airflow/.local/lib/python3.12/site-packages/airflow/example_dags/example_python_decorator.py
[2025-03-18T19:40:30.196+0000] {processor.py:914} INFO - Processing file /home/airflow/.local/lib/python3.12/site-packages/airflow/example_dags/example_python_decorator.py for tasks to queue
[2025-03-18T19:40:30.198+0000] {logging_mixin.py:190} INFO - [2025-03-18T19:40:30.198+0000] {dagbag.py:588} INFO - Filling up the DagBag from /home/airflow/.local/lib/python3.12/site-packages/airflow/example_dags/example_python_decorator.py
[2025-03-18T19:40:30.209+0000] {processor.py:925} INFO - DAG(s) 'example_python_decorator' retrieved from /home/airflow/.local/lib/python3.12/site-packages/airflow/example_dags/example_python_decorator.py
[2025-03-18T19:40:30.230+0000] {logging_mixin.py:190} INFO - [2025-03-18T19:40:30.229+0000] {dag.py:3239} INFO - Sync 1 DAGs
[2025-03-18T19:40:30.242+0000] {logging_mixin.py:190} INFO - [2025-03-18T19:40:30.242+0000] {dag.py:4180} INFO - Setting next_dagrun for example_python_decorator to None, run_after=None
[2025-03-18T19:40:30.255+0000] {processor.py:208} INFO - Processing /home/airflow/.local/lib/python3.12/site-packages/airflow/example_dags/example_python_decorator.py took 0.064 seconds
[2025-03-18T19:41:00.790+0000] {processor.py:186} INFO - Started process (PID=5528) to work on /home/airflow/.local/lib/python3.12/site-packages/airflow/example_dags/example_python_decorator.py
[2025-03-18T19:41:00.791+0000] {processor.py:914} INFO - Processing file /home/airflow/.local/lib/python3.12/site-packages/airflow/example_dags/example_python_decorator.py for tasks to queue
[2025-03-18T19:41:00.793+0000] {logging_mixin.py:190} INFO - [2025-03-18T19:41:00.793+0000] {dagbag.py:588} INFO - Filling up the DagBag from /home/airflow/.local/lib/python3.12/site-packages/airflow/example_dags/example_python_decorator.py
[2025-03-18T19:41:00.805+0000] {processor.py:925} INFO - DAG(s) 'example_python_decorator' retrieved from /home/airflow/.local/lib/python3.12/site-packages/airflow/example_dags/example_python_decorator.py
[2025-03-18T19:41:00.822+0000] {logging_mixin.py:190} INFO - [2025-03-18T19:41:00.822+0000] {dag.py:3239} INFO - Sync 1 DAGs
[2025-03-18T19:41:00.835+0000] {logging_mixin.py:190} INFO - [2025-03-18T19:41:00.835+0000] {dag.py:4180} INFO - Setting next_dagrun for example_python_decorator to None, run_after=None
[2025-03-18T19:41:00.848+0000] {processor.py:208} INFO - Processing /home/airflow/.local/lib/python3.12/site-packages/airflow/example_dags/example_python_decorator.py took 0.064 seconds
[2025-03-18T19:41:31.530+0000] {processor.py:186} INFO - Started process (PID=5592) to work on /home/airflow/.local/lib/python3.12/site-packages/airflow/example_dags/example_python_decorator.py
[2025-03-18T19:41:31.531+0000] {processor.py:914} INFO - Processing file /home/airflow/.local/lib/python3.12/site-packages/airflow/example_dags/example_python_decorator.py for tasks to queue
[2025-03-18T19:41:31.532+0000] {logging_mixin.py:190} INFO - [2025-03-18T19:41:31.532+0000] {dagbag.py:588} INFO - Filling up the DagBag from /home/airflow/.local/lib/python3.12/site-packages/airflow/example_dags/example_python_decorator.py
[2025-03-18T19:41:31.543+0000] {processor.py:925} INFO - DAG(s) 'example_python_decorator' retrieved from /home/airflow/.local/lib/python3.12/site-packages/airflow/example_dags/example_python_decorator.py
[2025-03-18T19:41:31.562+0000] {logging_mixin.py:190} INFO - [2025-03-18T19:41:31.562+0000] {dag.py:3239} INFO - Sync 1 DAGs
[2025-03-18T19:41:31.572+0000] {logging_mixin.py:190} INFO - [2025-03-18T19:41:31.572+0000] {dag.py:4180} INFO - Setting next_dagrun for example_python_decorator to None, run_after=None
[2025-03-18T19:41:31.587+0000] {processor.py:208} INFO - Processing /home/airflow/.local/lib/python3.12/site-packages/airflow/example_dags/example_python_decorator.py took 0.062 seconds
[2025-03-18T19:42:02.734+0000] {processor.py:186} INFO - Started process (PID=5656) to work on /home/airflow/.local/lib/python3.12/site-packages/airflow/example_dags/example_python_decorator.py
[2025-03-18T19:42:02.735+0000] {processor.py:914} INFO - Processing file /home/airflow/.local/lib/python3.12/site-packages/airflow/example_dags/example_python_decorator.py for tasks to queue
[2025-03-18T19:42:02.737+0000] {logging_mixin.py:190} INFO - [2025-03-18T19:42:02.737+0000] {dagbag.py:588} INFO - Filling up the DagBag from /home/airflow/.local/lib/python3.12/site-packages/airflow/example_dags/example_python_decorator.py
[2025-03-18T19:42:02.749+0000] {processor.py:925} INFO - DAG(s) 'example_python_decorator' retrieved from /home/airflow/.local/lib/python3.12/site-packages/airflow/example_dags/example_python_decorator.py
[2025-03-18T19:42:02.767+0000] {logging_mixin.py:190} INFO - [2025-03-18T19:42:02.767+0000] {dag.py:3239} INFO - Sync 1 DAGs
[2025-03-18T19:42:02.779+0000] {logging_mixin.py:190} INFO - [2025-03-18T19:42:02.779+0000] {dag.py:4180} INFO - Setting next_dagrun for example_python_decorator to None, run_after=None
[2025-03-18T19:42:02.791+0000] {processor.py:208} INFO - Processing /home/airflow/.local/lib/python3.12/site-packages/airflow/example_dags/example_python_decorator.py took 0.063 seconds
[2025-03-18T19:42:33.823+0000] {processor.py:186} INFO - Started process (PID=5720) to work on /home/airflow/.local/lib/python3.12/site-packages/airflow/example_dags/example_python_decorator.py
[2025-03-18T19:42:33.824+0000] {processor.py:914} INFO - Processing file /home/airflow/.local/lib/python3.12/site-packages/airflow/example_dags/example_python_decorator.py for tasks to queue
[2025-03-18T19:42:33.826+0000] {logging_mixin.py:190} INFO - [2025-03-18T19:42:33.825+0000] {dagbag.py:588} INFO - Filling up the DagBag from /home/airflow/.local/lib/python3.12/site-packages/airflow/example_dags/example_python_decorator.py
[2025-03-18T19:42:33.839+0000] {processor.py:925} INFO - DAG(s) 'example_python_decorator' retrieved from /home/airflow/.local/lib/python3.12/site-packages/airflow/example_dags/example_python_decorator.py
[2025-03-18T19:42:33.859+0000] {logging_mixin.py:190} INFO - [2025-03-18T19:42:33.858+0000] {dag.py:3239} INFO - Sync 1 DAGs
[2025-03-18T19:42:33.870+0000] {logging_mixin.py:190} INFO - [2025-03-18T19:42:33.870+0000] {dag.py:4180} INFO - Setting next_dagrun for example_python_decorator to None, run_after=None
[2025-03-18T19:42:33.884+0000] {processor.py:208} INFO - Processing /home/airflow/.local/lib/python3.12/site-packages/airflow/example_dags/example_python_decorator.py took 0.067 seconds
[2025-03-18T19:43:04.940+0000] {processor.py:186} INFO - Started process (PID=5784) to work on /home/airflow/.local/lib/python3.12/site-packages/airflow/example_dags/example_python_decorator.py
[2025-03-18T19:43:04.941+0000] {processor.py:914} INFO - Processing file /home/airflow/.local/lib/python3.12/site-packages/airflow/example_dags/example_python_decorator.py for tasks to queue
[2025-03-18T19:43:04.942+0000] {logging_mixin.py:190} INFO - [2025-03-18T19:43:04.942+0000] {dagbag.py:588} INFO - Filling up the DagBag from /home/airflow/.local/lib/python3.12/site-packages/airflow/example_dags/example_python_decorator.py
[2025-03-18T19:43:04.954+0000] {processor.py:925} INFO - DAG(s) 'example_python_decorator' retrieved from /home/airflow/.local/lib/python3.12/site-packages/airflow/example_dags/example_python_decorator.py
[2025-03-18T19:43:04.974+0000] {logging_mixin.py:190} INFO - [2025-03-18T19:43:04.974+0000] {dag.py:3239} INFO - Sync 1 DAGs
[2025-03-18T19:43:04.985+0000] {logging_mixin.py:190} INFO - [2025-03-18T19:43:04.985+0000] {dag.py:4180} INFO - Setting next_dagrun for example_python_decorator to None, run_after=None
[2025-03-18T19:43:04.999+0000] {processor.py:208} INFO - Processing /home/airflow/.local/lib/python3.12/site-packages/airflow/example_dags/example_python_decorator.py took 0.065 seconds
[2025-03-18T19:43:35.790+0000] {processor.py:186} INFO - Started process (PID=5848) to work on /home/airflow/.local/lib/python3.12/site-packages/airflow/example_dags/example_python_decorator.py
[2025-03-18T19:43:35.791+0000] {processor.py:914} INFO - Processing file /home/airflow/.local/lib/python3.12/site-packages/airflow/example_dags/example_python_decorator.py for tasks to queue
[2025-03-18T19:43:35.792+0000] {logging_mixin.py:190} INFO - [2025-03-18T19:43:35.792+0000] {dagbag.py:588} INFO - Filling up the DagBag from /home/airflow/.local/lib/python3.12/site-packages/airflow/example_dags/example_python_decorator.py
[2025-03-18T19:43:35.804+0000] {processor.py:925} INFO - DAG(s) 'example_python_decorator' retrieved from /home/airflow/.local/lib/python3.12/site-packages/airflow/example_dags/example_python_decorator.py
[2025-03-18T19:43:35.820+0000] {logging_mixin.py:190} INFO - [2025-03-18T19:43:35.820+0000] {dag.py:3239} INFO - Sync 1 DAGs
[2025-03-18T19:43:35.831+0000] {logging_mixin.py:190} INFO - [2025-03-18T19:43:35.831+0000] {dag.py:4180} INFO - Setting next_dagrun for example_python_decorator to None, run_after=None
[2025-03-18T19:43:35.844+0000] {processor.py:208} INFO - Processing /home/airflow/.local/lib/python3.12/site-packages/airflow/example_dags/example_python_decorator.py took 0.059 seconds
