[2025-03-18T19:23:34.685+0000] {processor.py:186} INFO - Started process (PID=3348) to work on /home/airflow/.local/lib/python3.12/site-packages/airflow/example_dags/example_xcomargs.py
[2025-03-18T19:23:34.686+0000] {processor.py:914} INFO - Processing file /home/airflow/.local/lib/python3.12/site-packages/airflow/example_dags/example_xcomargs.py for tasks to queue
[2025-03-18T19:23:34.688+0000] {logging_mixin.py:190} INFO - [2025-03-18T19:23:34.687+0000] {dagbag.py:588} INFO - Filling up the DagBag from /home/airflow/.local/lib/python3.12/site-packages/airflow/example_dags/example_xcomargs.py
[2025-03-18T19:23:34.696+0000] {processor.py:925} INFO - DAG(s) 'example_xcom_args_with_operators', 'example_xcom_args' retrieved from /home/airflow/.local/lib/python3.12/site-packages/airflow/example_dags/example_xcomargs.py
[2025-03-18T19:23:34.716+0000] {logging_mixin.py:190} INFO - [2025-03-18T19:23:34.716+0000] {dag.py:3239} INFO - Sync 2 DAGs
[2025-03-18T19:23:34.729+0000] {logging_mixin.py:190} INFO - [2025-03-18T19:23:34.729+0000] {dag.py:4180} INFO - Setting next_dagrun for example_xcom_args to None, run_after=None
[2025-03-18T19:23:34.732+0000] {logging_mixin.py:190} INFO - [2025-03-18T19:23:34.732+0000] {dag.py:4180} INFO - Setting next_dagrun for example_xcom_args_with_operators to None, run_after=None
[2025-03-18T19:23:34.746+0000] {processor.py:208} INFO - Processing /home/airflow/.local/lib/python3.12/site-packages/airflow/example_dags/example_xcomargs.py took 0.066 seconds
[2025-03-18T19:24:05.079+0000] {processor.py:186} INFO - Started process (PID=3412) to work on /home/airflow/.local/lib/python3.12/site-packages/airflow/example_dags/example_xcomargs.py
[2025-03-18T19:24:05.079+0000] {processor.py:914} INFO - Processing file /home/airflow/.local/lib/python3.12/site-packages/airflow/example_dags/example_xcomargs.py for tasks to queue
[2025-03-18T19:24:05.081+0000] {logging_mixin.py:190} INFO - [2025-03-18T19:24:05.081+0000] {dagbag.py:588} INFO - Filling up the DagBag from /home/airflow/.local/lib/python3.12/site-packages/airflow/example_dags/example_xcomargs.py
[2025-03-18T19:24:05.090+0000] {processor.py:925} INFO - DAG(s) 'example_xcom_args', 'example_xcom_args_with_operators' retrieved from /home/airflow/.local/lib/python3.12/site-packages/airflow/example_dags/example_xcomargs.py
[2025-03-18T19:24:05.109+0000] {logging_mixin.py:190} INFO - [2025-03-18T19:24:05.109+0000] {dag.py:3239} INFO - Sync 2 DAGs
[2025-03-18T19:24:05.121+0000] {logging_mixin.py:190} INFO - [2025-03-18T19:24:05.121+0000] {dag.py:4180} INFO - Setting next_dagrun for example_xcom_args to None, run_after=None
[2025-03-18T19:24:05.125+0000] {logging_mixin.py:190} INFO - [2025-03-18T19:24:05.124+0000] {dag.py:4180} INFO - Setting next_dagrun for example_xcom_args_with_operators to None, run_after=None
[2025-03-18T19:24:05.137+0000] {processor.py:208} INFO - Processing /home/airflow/.local/lib/python3.12/site-packages/airflow/example_dags/example_xcomargs.py took 0.064 seconds
[2025-03-18T19:24:35.878+0000] {processor.py:186} INFO - Started process (PID=3476) to work on /home/airflow/.local/lib/python3.12/site-packages/airflow/example_dags/example_xcomargs.py
[2025-03-18T19:24:35.879+0000] {processor.py:914} INFO - Processing file /home/airflow/.local/lib/python3.12/site-packages/airflow/example_dags/example_xcomargs.py for tasks to queue
[2025-03-18T19:24:35.881+0000] {logging_mixin.py:190} INFO - [2025-03-18T19:24:35.880+0000] {dagbag.py:588} INFO - Filling up the DagBag from /home/airflow/.local/lib/python3.12/site-packages/airflow/example_dags/example_xcomargs.py
[2025-03-18T19:24:35.889+0000] {processor.py:925} INFO - DAG(s) 'example_xcom_args_with_operators', 'example_xcom_args' retrieved from /home/airflow/.local/lib/python3.12/site-packages/airflow/example_dags/example_xcomargs.py
[2025-03-18T19:24:35.909+0000] {logging_mixin.py:190} INFO - [2025-03-18T19:24:35.909+0000] {dag.py:3239} INFO - Sync 2 DAGs
[2025-03-18T19:24:35.921+0000] {logging_mixin.py:190} INFO - [2025-03-18T19:24:35.921+0000] {dag.py:4180} INFO - Setting next_dagrun for example_xcom_args to None, run_after=None
[2025-03-18T19:24:35.924+0000] {logging_mixin.py:190} INFO - [2025-03-18T19:24:35.924+0000] {dag.py:4180} INFO - Setting next_dagrun for example_xcom_args_with_operators to None, run_after=None
[2025-03-18T19:24:35.936+0000] {processor.py:208} INFO - Processing /home/airflow/.local/lib/python3.12/site-packages/airflow/example_dags/example_xcomargs.py took 0.063 seconds
[2025-03-18T19:25:06.093+0000] {processor.py:186} INFO - Started process (PID=3540) to work on /home/airflow/.local/lib/python3.12/site-packages/airflow/example_dags/example_xcomargs.py
[2025-03-18T19:25:06.094+0000] {processor.py:914} INFO - Processing file /home/airflow/.local/lib/python3.12/site-packages/airflow/example_dags/example_xcomargs.py for tasks to queue
[2025-03-18T19:25:06.096+0000] {logging_mixin.py:190} INFO - [2025-03-18T19:25:06.096+0000] {dagbag.py:588} INFO - Filling up the DagBag from /home/airflow/.local/lib/python3.12/site-packages/airflow/example_dags/example_xcomargs.py
[2025-03-18T19:25:06.103+0000] {processor.py:925} INFO - DAG(s) 'example_xcom_args', 'example_xcom_args_with_operators' retrieved from /home/airflow/.local/lib/python3.12/site-packages/airflow/example_dags/example_xcomargs.py
[2025-03-18T19:25:06.122+0000] {logging_mixin.py:190} INFO - [2025-03-18T19:25:06.121+0000] {dag.py:3239} INFO - Sync 2 DAGs
[2025-03-18T19:25:06.133+0000] {logging_mixin.py:190} INFO - [2025-03-18T19:25:06.133+0000] {dag.py:4180} INFO - Setting next_dagrun for example_xcom_args to None, run_after=None
[2025-03-18T19:25:06.135+0000] {logging_mixin.py:190} INFO - [2025-03-18T19:25:06.135+0000] {dag.py:4180} INFO - Setting next_dagrun for example_xcom_args_with_operators to None, run_after=None
[2025-03-18T19:25:06.146+0000] {processor.py:208} INFO - Processing /home/airflow/.local/lib/python3.12/site-packages/airflow/example_dags/example_xcomargs.py took 0.058 seconds
[2025-03-18T19:25:36.836+0000] {processor.py:186} INFO - Started process (PID=3604) to work on /home/airflow/.local/lib/python3.12/site-packages/airflow/example_dags/example_xcomargs.py
[2025-03-18T19:25:36.838+0000] {processor.py:914} INFO - Processing file /home/airflow/.local/lib/python3.12/site-packages/airflow/example_dags/example_xcomargs.py for tasks to queue
[2025-03-18T19:25:36.840+0000] {logging_mixin.py:190} INFO - [2025-03-18T19:25:36.840+0000] {dagbag.py:588} INFO - Filling up the DagBag from /home/airflow/.local/lib/python3.12/site-packages/airflow/example_dags/example_xcomargs.py
[2025-03-18T19:25:36.851+0000] {processor.py:925} INFO - DAG(s) 'example_xcom_args_with_operators', 'example_xcom_args' retrieved from /home/airflow/.local/lib/python3.12/site-packages/airflow/example_dags/example_xcomargs.py
[2025-03-18T19:25:36.873+0000] {logging_mixin.py:190} INFO - [2025-03-18T19:25:36.873+0000] {dag.py:3239} INFO - Sync 2 DAGs
[2025-03-18T19:25:36.887+0000] {logging_mixin.py:190} INFO - [2025-03-18T19:25:36.887+0000] {dag.py:4180} INFO - Setting next_dagrun for example_xcom_args to None, run_after=None
[2025-03-18T19:25:36.890+0000] {logging_mixin.py:190} INFO - [2025-03-18T19:25:36.890+0000] {dag.py:4180} INFO - Setting next_dagrun for example_xcom_args_with_operators to None, run_after=None
[2025-03-18T19:25:36.908+0000] {processor.py:208} INFO - Processing /home/airflow/.local/lib/python3.12/site-packages/airflow/example_dags/example_xcomargs.py took 0.077 seconds
[2025-03-18T19:26:07.447+0000] {processor.py:186} INFO - Started process (PID=3668) to work on /home/airflow/.local/lib/python3.12/site-packages/airflow/example_dags/example_xcomargs.py
[2025-03-18T19:26:07.448+0000] {processor.py:914} INFO - Processing file /home/airflow/.local/lib/python3.12/site-packages/airflow/example_dags/example_xcomargs.py for tasks to queue
[2025-03-18T19:26:07.450+0000] {logging_mixin.py:190} INFO - [2025-03-18T19:26:07.450+0000] {dagbag.py:588} INFO - Filling up the DagBag from /home/airflow/.local/lib/python3.12/site-packages/airflow/example_dags/example_xcomargs.py
[2025-03-18T19:26:07.459+0000] {processor.py:925} INFO - DAG(s) 'example_xcom_args_with_operators', 'example_xcom_args' retrieved from /home/airflow/.local/lib/python3.12/site-packages/airflow/example_dags/example_xcomargs.py
[2025-03-18T19:26:07.478+0000] {logging_mixin.py:190} INFO - [2025-03-18T19:26:07.478+0000] {dag.py:3239} INFO - Sync 2 DAGs
[2025-03-18T19:26:07.491+0000] {logging_mixin.py:190} INFO - [2025-03-18T19:26:07.490+0000] {dag.py:4180} INFO - Setting next_dagrun for example_xcom_args to None, run_after=None
[2025-03-18T19:26:07.494+0000] {logging_mixin.py:190} INFO - [2025-03-18T19:26:07.493+0000] {dag.py:4180} INFO - Setting next_dagrun for example_xcom_args_with_operators to None, run_after=None
[2025-03-18T19:26:07.506+0000] {processor.py:208} INFO - Processing /home/airflow/.local/lib/python3.12/site-packages/airflow/example_dags/example_xcomargs.py took 0.063 seconds
[2025-03-18T19:26:37.997+0000] {processor.py:186} INFO - Started process (PID=3732) to work on /home/airflow/.local/lib/python3.12/site-packages/airflow/example_dags/example_xcomargs.py
[2025-03-18T19:26:37.998+0000] {processor.py:914} INFO - Processing file /home/airflow/.local/lib/python3.12/site-packages/airflow/example_dags/example_xcomargs.py for tasks to queue
[2025-03-18T19:26:38.000+0000] {logging_mixin.py:190} INFO - [2025-03-18T19:26:37.999+0000] {dagbag.py:588} INFO - Filling up the DagBag from /home/airflow/.local/lib/python3.12/site-packages/airflow/example_dags/example_xcomargs.py
[2025-03-18T19:26:38.008+0000] {processor.py:925} INFO - DAG(s) 'example_xcom_args', 'example_xcom_args_with_operators' retrieved from /home/airflow/.local/lib/python3.12/site-packages/airflow/example_dags/example_xcomargs.py
[2025-03-18T19:26:38.029+0000] {logging_mixin.py:190} INFO - [2025-03-18T19:26:38.029+0000] {dag.py:3239} INFO - Sync 2 DAGs
[2025-03-18T19:26:38.040+0000] {logging_mixin.py:190} INFO - [2025-03-18T19:26:38.040+0000] {dag.py:4180} INFO - Setting next_dagrun for example_xcom_args to None, run_after=None
[2025-03-18T19:26:38.043+0000] {logging_mixin.py:190} INFO - [2025-03-18T19:26:38.043+0000] {dag.py:4180} INFO - Setting next_dagrun for example_xcom_args_with_operators to None, run_after=None
[2025-03-18T19:26:38.056+0000] {processor.py:208} INFO - Processing /home/airflow/.local/lib/python3.12/site-packages/airflow/example_dags/example_xcomargs.py took 0.064 seconds
[2025-03-18T19:27:08.480+0000] {processor.py:186} INFO - Started process (PID=3796) to work on /home/airflow/.local/lib/python3.12/site-packages/airflow/example_dags/example_xcomargs.py
[2025-03-18T19:27:08.481+0000] {processor.py:914} INFO - Processing file /home/airflow/.local/lib/python3.12/site-packages/airflow/example_dags/example_xcomargs.py for tasks to queue
[2025-03-18T19:27:08.483+0000] {logging_mixin.py:190} INFO - [2025-03-18T19:27:08.483+0000] {dagbag.py:588} INFO - Filling up the DagBag from /home/airflow/.local/lib/python3.12/site-packages/airflow/example_dags/example_xcomargs.py
[2025-03-18T19:27:08.492+0000] {processor.py:925} INFO - DAG(s) 'example_xcom_args_with_operators', 'example_xcom_args' retrieved from /home/airflow/.local/lib/python3.12/site-packages/airflow/example_dags/example_xcomargs.py
[2025-03-18T19:27:08.515+0000] {logging_mixin.py:190} INFO - [2025-03-18T19:27:08.514+0000] {dag.py:3239} INFO - Sync 2 DAGs
[2025-03-18T19:27:08.528+0000] {logging_mixin.py:190} INFO - [2025-03-18T19:27:08.528+0000] {dag.py:4180} INFO - Setting next_dagrun for example_xcom_args to None, run_after=None
[2025-03-18T19:27:08.531+0000] {logging_mixin.py:190} INFO - [2025-03-18T19:27:08.531+0000] {dag.py:4180} INFO - Setting next_dagrun for example_xcom_args_with_operators to None, run_after=None
[2025-03-18T19:27:08.543+0000] {processor.py:208} INFO - Processing /home/airflow/.local/lib/python3.12/site-packages/airflow/example_dags/example_xcomargs.py took 0.068 seconds
[2025-03-18T19:27:39.184+0000] {processor.py:186} INFO - Started process (PID=3860) to work on /home/airflow/.local/lib/python3.12/site-packages/airflow/example_dags/example_xcomargs.py
[2025-03-18T19:27:39.185+0000] {processor.py:914} INFO - Processing file /home/airflow/.local/lib/python3.12/site-packages/airflow/example_dags/example_xcomargs.py for tasks to queue
[2025-03-18T19:27:39.187+0000] {logging_mixin.py:190} INFO - [2025-03-18T19:27:39.186+0000] {dagbag.py:588} INFO - Filling up the DagBag from /home/airflow/.local/lib/python3.12/site-packages/airflow/example_dags/example_xcomargs.py
[2025-03-18T19:27:39.196+0000] {processor.py:925} INFO - DAG(s) 'example_xcom_args_with_operators', 'example_xcom_args' retrieved from /home/airflow/.local/lib/python3.12/site-packages/airflow/example_dags/example_xcomargs.py
[2025-03-18T19:27:39.217+0000] {logging_mixin.py:190} INFO - [2025-03-18T19:27:39.217+0000] {dag.py:3239} INFO - Sync 2 DAGs
[2025-03-18T19:27:39.230+0000] {logging_mixin.py:190} INFO - [2025-03-18T19:27:39.230+0000] {dag.py:4180} INFO - Setting next_dagrun for example_xcom_args to None, run_after=None
[2025-03-18T19:27:39.233+0000] {logging_mixin.py:190} INFO - [2025-03-18T19:27:39.233+0000] {dag.py:4180} INFO - Setting next_dagrun for example_xcom_args_with_operators to None, run_after=None
[2025-03-18T19:27:39.246+0000] {processor.py:208} INFO - Processing /home/airflow/.local/lib/python3.12/site-packages/airflow/example_dags/example_xcomargs.py took 0.068 seconds
[2025-03-18T19:28:10.158+0000] {processor.py:186} INFO - Started process (PID=3925) to work on /home/airflow/.local/lib/python3.12/site-packages/airflow/example_dags/example_xcomargs.py
[2025-03-18T19:28:10.159+0000] {processor.py:914} INFO - Processing file /home/airflow/.local/lib/python3.12/site-packages/airflow/example_dags/example_xcomargs.py for tasks to queue
[2025-03-18T19:28:10.161+0000] {logging_mixin.py:190} INFO - [2025-03-18T19:28:10.160+0000] {dagbag.py:588} INFO - Filling up the DagBag from /home/airflow/.local/lib/python3.12/site-packages/airflow/example_dags/example_xcomargs.py
[2025-03-18T19:28:10.169+0000] {processor.py:925} INFO - DAG(s) 'example_xcom_args', 'example_xcom_args_with_operators' retrieved from /home/airflow/.local/lib/python3.12/site-packages/airflow/example_dags/example_xcomargs.py
[2025-03-18T19:28:10.188+0000] {logging_mixin.py:190} INFO - [2025-03-18T19:28:10.187+0000] {dag.py:3239} INFO - Sync 2 DAGs
[2025-03-18T19:28:10.199+0000] {logging_mixin.py:190} INFO - [2025-03-18T19:28:10.199+0000] {dag.py:4180} INFO - Setting next_dagrun for example_xcom_args to None, run_after=None
[2025-03-18T19:28:10.202+0000] {logging_mixin.py:190} INFO - [2025-03-18T19:28:10.202+0000] {dag.py:4180} INFO - Setting next_dagrun for example_xcom_args_with_operators to None, run_after=None
[2025-03-18T19:28:10.214+0000] {processor.py:208} INFO - Processing /home/airflow/.local/lib/python3.12/site-packages/airflow/example_dags/example_xcomargs.py took 0.061 seconds
[2025-03-18T19:28:41.171+0000] {processor.py:186} INFO - Started process (PID=3995) to work on /home/airflow/.local/lib/python3.12/site-packages/airflow/example_dags/example_xcomargs.py
[2025-03-18T19:28:41.172+0000] {processor.py:914} INFO - Processing file /home/airflow/.local/lib/python3.12/site-packages/airflow/example_dags/example_xcomargs.py for tasks to queue
[2025-03-18T19:28:41.173+0000] {logging_mixin.py:190} INFO - [2025-03-18T19:28:41.173+0000] {dagbag.py:588} INFO - Filling up the DagBag from /home/airflow/.local/lib/python3.12/site-packages/airflow/example_dags/example_xcomargs.py
[2025-03-18T19:28:41.181+0000] {processor.py:925} INFO - DAG(s) 'example_xcom_args', 'example_xcom_args_with_operators' retrieved from /home/airflow/.local/lib/python3.12/site-packages/airflow/example_dags/example_xcomargs.py
[2025-03-18T19:28:41.201+0000] {logging_mixin.py:190} INFO - [2025-03-18T19:28:41.200+0000] {dag.py:3239} INFO - Sync 2 DAGs
[2025-03-18T19:28:41.212+0000] {logging_mixin.py:190} INFO - [2025-03-18T19:28:41.212+0000] {dag.py:4180} INFO - Setting next_dagrun for example_xcom_args to None, run_after=None
[2025-03-18T19:28:41.215+0000] {logging_mixin.py:190} INFO - [2025-03-18T19:28:41.215+0000] {dag.py:4180} INFO - Setting next_dagrun for example_xcom_args_with_operators to None, run_after=None
[2025-03-18T19:28:41.229+0000] {processor.py:208} INFO - Processing /home/airflow/.local/lib/python3.12/site-packages/airflow/example_dags/example_xcomargs.py took 0.063 seconds
[2025-03-18T19:29:12.101+0000] {processor.py:186} INFO - Started process (PID=4059) to work on /home/airflow/.local/lib/python3.12/site-packages/airflow/example_dags/example_xcomargs.py
[2025-03-18T19:29:12.102+0000] {processor.py:914} INFO - Processing file /home/airflow/.local/lib/python3.12/site-packages/airflow/example_dags/example_xcomargs.py for tasks to queue
[2025-03-18T19:29:12.104+0000] {logging_mixin.py:190} INFO - [2025-03-18T19:29:12.104+0000] {dagbag.py:588} INFO - Filling up the DagBag from /home/airflow/.local/lib/python3.12/site-packages/airflow/example_dags/example_xcomargs.py
[2025-03-18T19:29:12.112+0000] {processor.py:925} INFO - DAG(s) 'example_xcom_args_with_operators', 'example_xcom_args' retrieved from /home/airflow/.local/lib/python3.12/site-packages/airflow/example_dags/example_xcomargs.py
[2025-03-18T19:29:12.132+0000] {logging_mixin.py:190} INFO - [2025-03-18T19:29:12.132+0000] {dag.py:3239} INFO - Sync 2 DAGs
[2025-03-18T19:29:12.144+0000] {logging_mixin.py:190} INFO - [2025-03-18T19:29:12.144+0000] {dag.py:4180} INFO - Setting next_dagrun for example_xcom_args to None, run_after=None
[2025-03-18T19:29:12.147+0000] {logging_mixin.py:190} INFO - [2025-03-18T19:29:12.147+0000] {dag.py:4180} INFO - Setting next_dagrun for example_xcom_args_with_operators to None, run_after=None
[2025-03-18T19:29:12.161+0000] {processor.py:208} INFO - Processing /home/airflow/.local/lib/python3.12/site-packages/airflow/example_dags/example_xcomargs.py took 0.065 seconds
[2025-03-18T19:29:42.982+0000] {processor.py:186} INFO - Started process (PID=4123) to work on /home/airflow/.local/lib/python3.12/site-packages/airflow/example_dags/example_xcomargs.py
[2025-03-18T19:29:42.983+0000] {processor.py:914} INFO - Processing file /home/airflow/.local/lib/python3.12/site-packages/airflow/example_dags/example_xcomargs.py for tasks to queue
[2025-03-18T19:29:42.985+0000] {logging_mixin.py:190} INFO - [2025-03-18T19:29:42.984+0000] {dagbag.py:588} INFO - Filling up the DagBag from /home/airflow/.local/lib/python3.12/site-packages/airflow/example_dags/example_xcomargs.py
[2025-03-18T19:29:42.994+0000] {processor.py:925} INFO - DAG(s) 'example_xcom_args_with_operators', 'example_xcom_args' retrieved from /home/airflow/.local/lib/python3.12/site-packages/airflow/example_dags/example_xcomargs.py
[2025-03-18T19:29:43.014+0000] {logging_mixin.py:190} INFO - [2025-03-18T19:29:43.014+0000] {dag.py:3239} INFO - Sync 2 DAGs
[2025-03-18T19:29:43.027+0000] {logging_mixin.py:190} INFO - [2025-03-18T19:29:43.026+0000] {dag.py:4180} INFO - Setting next_dagrun for example_xcom_args to None, run_after=None
[2025-03-18T19:29:43.029+0000] {logging_mixin.py:190} INFO - [2025-03-18T19:29:43.029+0000] {dag.py:4180} INFO - Setting next_dagrun for example_xcom_args_with_operators to None, run_after=None
[2025-03-18T19:29:43.043+0000] {processor.py:208} INFO - Processing /home/airflow/.local/lib/python3.12/site-packages/airflow/example_dags/example_xcomargs.py took 0.066 seconds
[2025-03-18T19:30:13.804+0000] {processor.py:186} INFO - Started process (PID=4187) to work on /home/airflow/.local/lib/python3.12/site-packages/airflow/example_dags/example_xcomargs.py
[2025-03-18T19:30:13.805+0000] {processor.py:914} INFO - Processing file /home/airflow/.local/lib/python3.12/site-packages/airflow/example_dags/example_xcomargs.py for tasks to queue
[2025-03-18T19:30:13.807+0000] {logging_mixin.py:190} INFO - [2025-03-18T19:30:13.807+0000] {dagbag.py:588} INFO - Filling up the DagBag from /home/airflow/.local/lib/python3.12/site-packages/airflow/example_dags/example_xcomargs.py
[2025-03-18T19:30:13.815+0000] {processor.py:925} INFO - DAG(s) 'example_xcom_args', 'example_xcom_args_with_operators' retrieved from /home/airflow/.local/lib/python3.12/site-packages/airflow/example_dags/example_xcomargs.py
[2025-03-18T19:30:13.835+0000] {logging_mixin.py:190} INFO - [2025-03-18T19:30:13.835+0000] {dag.py:3239} INFO - Sync 2 DAGs
[2025-03-18T19:30:13.847+0000] {logging_mixin.py:190} INFO - [2025-03-18T19:30:13.846+0000] {dag.py:4180} INFO - Setting next_dagrun for example_xcom_args to None, run_after=None
[2025-03-18T19:30:13.849+0000] {logging_mixin.py:190} INFO - [2025-03-18T19:30:13.849+0000] {dag.py:4180} INFO - Setting next_dagrun for example_xcom_args_with_operators to None, run_after=None
[2025-03-18T19:30:13.862+0000] {processor.py:208} INFO - Processing /home/airflow/.local/lib/python3.12/site-packages/airflow/example_dags/example_xcomargs.py took 0.062 seconds
[2025-03-18T19:36:55.047+0000] {processor.py:186} INFO - Started process (PID=5019) to work on /home/airflow/.local/lib/python3.12/site-packages/airflow/example_dags/example_xcomargs.py
[2025-03-18T19:36:55.048+0000] {processor.py:914} INFO - Processing file /home/airflow/.local/lib/python3.12/site-packages/airflow/example_dags/example_xcomargs.py for tasks to queue
[2025-03-18T19:36:55.050+0000] {logging_mixin.py:190} INFO - [2025-03-18T19:36:55.050+0000] {dagbag.py:588} INFO - Filling up the DagBag from /home/airflow/.local/lib/python3.12/site-packages/airflow/example_dags/example_xcomargs.py
[2025-03-18T19:36:55.058+0000] {processor.py:925} INFO - DAG(s) 'example_xcom_args', 'example_xcom_args_with_operators' retrieved from /home/airflow/.local/lib/python3.12/site-packages/airflow/example_dags/example_xcomargs.py
[2025-03-18T19:36:55.078+0000] {logging_mixin.py:190} INFO - [2025-03-18T19:36:55.078+0000] {dag.py:3239} INFO - Sync 2 DAGs
[2025-03-18T19:36:55.090+0000] {logging_mixin.py:190} INFO - [2025-03-18T19:36:55.090+0000] {dag.py:4180} INFO - Setting next_dagrun for example_xcom_args to None, run_after=None
[2025-03-18T19:36:55.093+0000] {logging_mixin.py:190} INFO - [2025-03-18T19:36:55.093+0000] {dag.py:4180} INFO - Setting next_dagrun for example_xcom_args_with_operators to None, run_after=None
[2025-03-18T19:36:55.105+0000] {processor.py:208} INFO - Processing /home/airflow/.local/lib/python3.12/site-packages/airflow/example_dags/example_xcomargs.py took 0.063 seconds
[2025-03-18T19:37:25.810+0000] {processor.py:186} INFO - Started process (PID=5083) to work on /home/airflow/.local/lib/python3.12/site-packages/airflow/example_dags/example_xcomargs.py
[2025-03-18T19:37:25.811+0000] {processor.py:914} INFO - Processing file /home/airflow/.local/lib/python3.12/site-packages/airflow/example_dags/example_xcomargs.py for tasks to queue
[2025-03-18T19:37:25.813+0000] {logging_mixin.py:190} INFO - [2025-03-18T19:37:25.813+0000] {dagbag.py:588} INFO - Filling up the DagBag from /home/airflow/.local/lib/python3.12/site-packages/airflow/example_dags/example_xcomargs.py
[2025-03-18T19:37:25.821+0000] {processor.py:925} INFO - DAG(s) 'example_xcom_args', 'example_xcom_args_with_operators' retrieved from /home/airflow/.local/lib/python3.12/site-packages/airflow/example_dags/example_xcomargs.py
[2025-03-18T19:37:25.840+0000] {logging_mixin.py:190} INFO - [2025-03-18T19:37:25.840+0000] {dag.py:3239} INFO - Sync 2 DAGs
[2025-03-18T19:37:25.853+0000] {logging_mixin.py:190} INFO - [2025-03-18T19:37:25.853+0000] {dag.py:4180} INFO - Setting next_dagrun for example_xcom_args to None, run_after=None
[2025-03-18T19:37:25.856+0000] {logging_mixin.py:190} INFO - [2025-03-18T19:37:25.856+0000] {dag.py:4180} INFO - Setting next_dagrun for example_xcom_args_with_operators to None, run_after=None
[2025-03-18T19:37:25.871+0000] {processor.py:208} INFO - Processing /home/airflow/.local/lib/python3.12/site-packages/airflow/example_dags/example_xcomargs.py took 0.066 seconds
[2025-03-18T19:37:56.511+0000] {processor.py:186} INFO - Started process (PID=5147) to work on /home/airflow/.local/lib/python3.12/site-packages/airflow/example_dags/example_xcomargs.py
[2025-03-18T19:37:56.512+0000] {processor.py:914} INFO - Processing file /home/airflow/.local/lib/python3.12/site-packages/airflow/example_dags/example_xcomargs.py for tasks to queue
[2025-03-18T19:37:56.514+0000] {logging_mixin.py:190} INFO - [2025-03-18T19:37:56.513+0000] {dagbag.py:588} INFO - Filling up the DagBag from /home/airflow/.local/lib/python3.12/site-packages/airflow/example_dags/example_xcomargs.py
[2025-03-18T19:37:56.522+0000] {processor.py:925} INFO - DAG(s) 'example_xcom_args_with_operators', 'example_xcom_args' retrieved from /home/airflow/.local/lib/python3.12/site-packages/airflow/example_dags/example_xcomargs.py
[2025-03-18T19:37:56.542+0000] {logging_mixin.py:190} INFO - [2025-03-18T19:37:56.542+0000] {dag.py:3239} INFO - Sync 2 DAGs
[2025-03-18T19:37:56.554+0000] {logging_mixin.py:190} INFO - [2025-03-18T19:37:56.553+0000] {dag.py:4180} INFO - Setting next_dagrun for example_xcom_args to None, run_after=None
[2025-03-18T19:37:56.556+0000] {logging_mixin.py:190} INFO - [2025-03-18T19:37:56.556+0000] {dag.py:4180} INFO - Setting next_dagrun for example_xcom_args_with_operators to None, run_after=None
[2025-03-18T19:37:56.569+0000] {processor.py:208} INFO - Processing /home/airflow/.local/lib/python3.12/site-packages/airflow/example_dags/example_xcomargs.py took 0.063 seconds
[2025-03-18T19:38:27.253+0000] {processor.py:186} INFO - Started process (PID=5211) to work on /home/airflow/.local/lib/python3.12/site-packages/airflow/example_dags/example_xcomargs.py
[2025-03-18T19:38:27.254+0000] {processor.py:914} INFO - Processing file /home/airflow/.local/lib/python3.12/site-packages/airflow/example_dags/example_xcomargs.py for tasks to queue
[2025-03-18T19:38:27.256+0000] {logging_mixin.py:190} INFO - [2025-03-18T19:38:27.256+0000] {dagbag.py:588} INFO - Filling up the DagBag from /home/airflow/.local/lib/python3.12/site-packages/airflow/example_dags/example_xcomargs.py
[2025-03-18T19:38:27.264+0000] {processor.py:925} INFO - DAG(s) 'example_xcom_args_with_operators', 'example_xcom_args' retrieved from /home/airflow/.local/lib/python3.12/site-packages/airflow/example_dags/example_xcomargs.py
[2025-03-18T19:38:27.284+0000] {logging_mixin.py:190} INFO - [2025-03-18T19:38:27.283+0000] {dag.py:3239} INFO - Sync 2 DAGs
[2025-03-18T19:38:27.296+0000] {logging_mixin.py:190} INFO - [2025-03-18T19:38:27.296+0000] {dag.py:4180} INFO - Setting next_dagrun for example_xcom_args to None, run_after=None
[2025-03-18T19:38:27.300+0000] {logging_mixin.py:190} INFO - [2025-03-18T19:38:27.299+0000] {dag.py:4180} INFO - Setting next_dagrun for example_xcom_args_with_operators to None, run_after=None
[2025-03-18T19:38:27.313+0000] {processor.py:208} INFO - Processing /home/airflow/.local/lib/python3.12/site-packages/airflow/example_dags/example_xcomargs.py took 0.066 seconds
[2025-03-18T19:38:58.131+0000] {processor.py:186} INFO - Started process (PID=5275) to work on /home/airflow/.local/lib/python3.12/site-packages/airflow/example_dags/example_xcomargs.py
[2025-03-18T19:38:58.132+0000] {processor.py:914} INFO - Processing file /home/airflow/.local/lib/python3.12/site-packages/airflow/example_dags/example_xcomargs.py for tasks to queue
[2025-03-18T19:38:58.133+0000] {logging_mixin.py:190} INFO - [2025-03-18T19:38:58.133+0000] {dagbag.py:588} INFO - Filling up the DagBag from /home/airflow/.local/lib/python3.12/site-packages/airflow/example_dags/example_xcomargs.py
[2025-03-18T19:38:58.141+0000] {processor.py:925} INFO - DAG(s) 'example_xcom_args', 'example_xcom_args_with_operators' retrieved from /home/airflow/.local/lib/python3.12/site-packages/airflow/example_dags/example_xcomargs.py
[2025-03-18T19:38:58.162+0000] {logging_mixin.py:190} INFO - [2025-03-18T19:38:58.161+0000] {dag.py:3239} INFO - Sync 2 DAGs
[2025-03-18T19:38:58.173+0000] {logging_mixin.py:190} INFO - [2025-03-18T19:38:58.173+0000] {dag.py:4180} INFO - Setting next_dagrun for example_xcom_args to None, run_after=None
[2025-03-18T19:38:58.176+0000] {logging_mixin.py:190} INFO - [2025-03-18T19:38:58.176+0000] {dag.py:4180} INFO - Setting next_dagrun for example_xcom_args_with_operators to None, run_after=None
[2025-03-18T19:38:58.187+0000] {processor.py:208} INFO - Processing /home/airflow/.local/lib/python3.12/site-packages/airflow/example_dags/example_xcomargs.py took 0.061 seconds
[2025-03-18T19:39:28.840+0000] {processor.py:186} INFO - Started process (PID=5339) to work on /home/airflow/.local/lib/python3.12/site-packages/airflow/example_dags/example_xcomargs.py
[2025-03-18T19:39:28.842+0000] {processor.py:914} INFO - Processing file /home/airflow/.local/lib/python3.12/site-packages/airflow/example_dags/example_xcomargs.py for tasks to queue
[2025-03-18T19:39:28.844+0000] {logging_mixin.py:190} INFO - [2025-03-18T19:39:28.843+0000] {dagbag.py:588} INFO - Filling up the DagBag from /home/airflow/.local/lib/python3.12/site-packages/airflow/example_dags/example_xcomargs.py
[2025-03-18T19:39:28.852+0000] {processor.py:925} INFO - DAG(s) 'example_xcom_args', 'example_xcom_args_with_operators' retrieved from /home/airflow/.local/lib/python3.12/site-packages/airflow/example_dags/example_xcomargs.py
[2025-03-18T19:39:28.873+0000] {logging_mixin.py:190} INFO - [2025-03-18T19:39:28.872+0000] {dag.py:3239} INFO - Sync 2 DAGs
[2025-03-18T19:39:28.886+0000] {logging_mixin.py:190} INFO - [2025-03-18T19:39:28.886+0000] {dag.py:4180} INFO - Setting next_dagrun for example_xcom_args to None, run_after=None
[2025-03-18T19:39:28.889+0000] {logging_mixin.py:190} INFO - [2025-03-18T19:39:28.889+0000] {dag.py:4180} INFO - Setting next_dagrun for example_xcom_args_with_operators to None, run_after=None
[2025-03-18T19:39:28.901+0000] {processor.py:208} INFO - Processing /home/airflow/.local/lib/python3.12/site-packages/airflow/example_dags/example_xcomargs.py took 0.066 seconds
[2025-03-18T19:39:59.666+0000] {processor.py:186} INFO - Started process (PID=5403) to work on /home/airflow/.local/lib/python3.12/site-packages/airflow/example_dags/example_xcomargs.py
[2025-03-18T19:39:59.667+0000] {processor.py:914} INFO - Processing file /home/airflow/.local/lib/python3.12/site-packages/airflow/example_dags/example_xcomargs.py for tasks to queue
[2025-03-18T19:39:59.669+0000] {logging_mixin.py:190} INFO - [2025-03-18T19:39:59.669+0000] {dagbag.py:588} INFO - Filling up the DagBag from /home/airflow/.local/lib/python3.12/site-packages/airflow/example_dags/example_xcomargs.py
[2025-03-18T19:39:59.678+0000] {processor.py:925} INFO - DAG(s) 'example_xcom_args_with_operators', 'example_xcom_args' retrieved from /home/airflow/.local/lib/python3.12/site-packages/airflow/example_dags/example_xcomargs.py
[2025-03-18T19:39:59.697+0000] {logging_mixin.py:190} INFO - [2025-03-18T19:39:59.697+0000] {dag.py:3239} INFO - Sync 2 DAGs
[2025-03-18T19:39:59.708+0000] {logging_mixin.py:190} INFO - [2025-03-18T19:39:59.708+0000] {dag.py:4180} INFO - Setting next_dagrun for example_xcom_args to None, run_after=None
[2025-03-18T19:39:59.711+0000] {logging_mixin.py:190} INFO - [2025-03-18T19:39:59.711+0000] {dag.py:4180} INFO - Setting next_dagrun for example_xcom_args_with_operators to None, run_after=None
[2025-03-18T19:39:59.724+0000] {processor.py:208} INFO - Processing /home/airflow/.local/lib/python3.12/site-packages/airflow/example_dags/example_xcomargs.py took 0.065 seconds
[2025-03-18T19:40:30.332+0000] {processor.py:186} INFO - Started process (PID=5467) to work on /home/airflow/.local/lib/python3.12/site-packages/airflow/example_dags/example_xcomargs.py
[2025-03-18T19:40:30.332+0000] {processor.py:914} INFO - Processing file /home/airflow/.local/lib/python3.12/site-packages/airflow/example_dags/example_xcomargs.py for tasks to queue
[2025-03-18T19:40:30.334+0000] {logging_mixin.py:190} INFO - [2025-03-18T19:40:30.334+0000] {dagbag.py:588} INFO - Filling up the DagBag from /home/airflow/.local/lib/python3.12/site-packages/airflow/example_dags/example_xcomargs.py
[2025-03-18T19:40:30.342+0000] {processor.py:925} INFO - DAG(s) 'example_xcom_args', 'example_xcom_args_with_operators' retrieved from /home/airflow/.local/lib/python3.12/site-packages/airflow/example_dags/example_xcomargs.py
[2025-03-18T19:40:30.359+0000] {logging_mixin.py:190} INFO - [2025-03-18T19:40:30.359+0000] {dag.py:3239} INFO - Sync 2 DAGs
[2025-03-18T19:40:30.371+0000] {logging_mixin.py:190} INFO - [2025-03-18T19:40:30.371+0000] {dag.py:4180} INFO - Setting next_dagrun for example_xcom_args to None, run_after=None
[2025-03-18T19:40:30.374+0000] {logging_mixin.py:190} INFO - [2025-03-18T19:40:30.374+0000] {dag.py:4180} INFO - Setting next_dagrun for example_xcom_args_with_operators to None, run_after=None
[2025-03-18T19:40:30.385+0000] {processor.py:208} INFO - Processing /home/airflow/.local/lib/python3.12/site-packages/airflow/example_dags/example_xcomargs.py took 0.058 seconds
[2025-03-18T19:41:00.947+0000] {processor.py:186} INFO - Started process (PID=5531) to work on /home/airflow/.local/lib/python3.12/site-packages/airflow/example_dags/example_xcomargs.py
[2025-03-18T19:41:00.948+0000] {processor.py:914} INFO - Processing file /home/airflow/.local/lib/python3.12/site-packages/airflow/example_dags/example_xcomargs.py for tasks to queue
[2025-03-18T19:41:00.950+0000] {logging_mixin.py:190} INFO - [2025-03-18T19:41:00.950+0000] {dagbag.py:588} INFO - Filling up the DagBag from /home/airflow/.local/lib/python3.12/site-packages/airflow/example_dags/example_xcomargs.py
[2025-03-18T19:41:00.958+0000] {processor.py:925} INFO - DAG(s) 'example_xcom_args', 'example_xcom_args_with_operators' retrieved from /home/airflow/.local/lib/python3.12/site-packages/airflow/example_dags/example_xcomargs.py
[2025-03-18T19:41:00.976+0000] {logging_mixin.py:190} INFO - [2025-03-18T19:41:00.976+0000] {dag.py:3239} INFO - Sync 2 DAGs
[2025-03-18T19:41:00.988+0000] {logging_mixin.py:190} INFO - [2025-03-18T19:41:00.988+0000] {dag.py:4180} INFO - Setting next_dagrun for example_xcom_args to None, run_after=None
[2025-03-18T19:41:00.991+0000] {logging_mixin.py:190} INFO - [2025-03-18T19:41:00.991+0000] {dag.py:4180} INFO - Setting next_dagrun for example_xcom_args_with_operators to None, run_after=None
[2025-03-18T19:41:01.002+0000] {processor.py:208} INFO - Processing /home/airflow/.local/lib/python3.12/site-packages/airflow/example_dags/example_xcomargs.py took 0.060 seconds
[2025-03-18T19:41:31.686+0000] {processor.py:186} INFO - Started process (PID=5595) to work on /home/airflow/.local/lib/python3.12/site-packages/airflow/example_dags/example_xcomargs.py
[2025-03-18T19:41:31.687+0000] {processor.py:914} INFO - Processing file /home/airflow/.local/lib/python3.12/site-packages/airflow/example_dags/example_xcomargs.py for tasks to queue
[2025-03-18T19:41:31.689+0000] {logging_mixin.py:190} INFO - [2025-03-18T19:41:31.689+0000] {dagbag.py:588} INFO - Filling up the DagBag from /home/airflow/.local/lib/python3.12/site-packages/airflow/example_dags/example_xcomargs.py
[2025-03-18T19:41:31.697+0000] {processor.py:925} INFO - DAG(s) 'example_xcom_args_with_operators', 'example_xcom_args' retrieved from /home/airflow/.local/lib/python3.12/site-packages/airflow/example_dags/example_xcomargs.py
[2025-03-18T19:41:31.717+0000] {logging_mixin.py:190} INFO - [2025-03-18T19:41:31.717+0000] {dag.py:3239} INFO - Sync 2 DAGs
[2025-03-18T19:41:31.728+0000] {logging_mixin.py:190} INFO - [2025-03-18T19:41:31.728+0000] {dag.py:4180} INFO - Setting next_dagrun for example_xcom_args to None, run_after=None
[2025-03-18T19:41:31.731+0000] {logging_mixin.py:190} INFO - [2025-03-18T19:41:31.731+0000] {dag.py:4180} INFO - Setting next_dagrun for example_xcom_args_with_operators to None, run_after=None
[2025-03-18T19:41:31.742+0000] {processor.py:208} INFO - Processing /home/airflow/.local/lib/python3.12/site-packages/airflow/example_dags/example_xcomargs.py took 0.062 seconds
[2025-03-18T19:42:02.894+0000] {processor.py:186} INFO - Started process (PID=5659) to work on /home/airflow/.local/lib/python3.12/site-packages/airflow/example_dags/example_xcomargs.py
[2025-03-18T19:42:02.895+0000] {processor.py:914} INFO - Processing file /home/airflow/.local/lib/python3.12/site-packages/airflow/example_dags/example_xcomargs.py for tasks to queue
[2025-03-18T19:42:02.897+0000] {logging_mixin.py:190} INFO - [2025-03-18T19:42:02.896+0000] {dagbag.py:588} INFO - Filling up the DagBag from /home/airflow/.local/lib/python3.12/site-packages/airflow/example_dags/example_xcomargs.py
[2025-03-18T19:42:02.905+0000] {processor.py:925} INFO - DAG(s) 'example_xcom_args', 'example_xcom_args_with_operators' retrieved from /home/airflow/.local/lib/python3.12/site-packages/airflow/example_dags/example_xcomargs.py
[2025-03-18T19:42:02.925+0000] {logging_mixin.py:190} INFO - [2025-03-18T19:42:02.925+0000] {dag.py:3239} INFO - Sync 2 DAGs
[2025-03-18T19:42:02.937+0000] {logging_mixin.py:190} INFO - [2025-03-18T19:42:02.937+0000] {dag.py:4180} INFO - Setting next_dagrun for example_xcom_args to None, run_after=None
[2025-03-18T19:42:02.940+0000] {logging_mixin.py:190} INFO - [2025-03-18T19:42:02.940+0000] {dag.py:4180} INFO - Setting next_dagrun for example_xcom_args_with_operators to None, run_after=None
[2025-03-18T19:42:02.954+0000] {processor.py:208} INFO - Processing /home/airflow/.local/lib/python3.12/site-packages/airflow/example_dags/example_xcomargs.py took 0.066 seconds
[2025-03-18T19:42:34.017+0000] {processor.py:186} INFO - Started process (PID=5723) to work on /home/airflow/.local/lib/python3.12/site-packages/airflow/example_dags/example_xcomargs.py
[2025-03-18T19:42:34.018+0000] {processor.py:914} INFO - Processing file /home/airflow/.local/lib/python3.12/site-packages/airflow/example_dags/example_xcomargs.py for tasks to queue
[2025-03-18T19:42:34.020+0000] {logging_mixin.py:190} INFO - [2025-03-18T19:42:34.020+0000] {dagbag.py:588} INFO - Filling up the DagBag from /home/airflow/.local/lib/python3.12/site-packages/airflow/example_dags/example_xcomargs.py
[2025-03-18T19:42:34.029+0000] {processor.py:925} INFO - DAG(s) 'example_xcom_args_with_operators', 'example_xcom_args' retrieved from /home/airflow/.local/lib/python3.12/site-packages/airflow/example_dags/example_xcomargs.py
[2025-03-18T19:42:34.050+0000] {logging_mixin.py:190} INFO - [2025-03-18T19:42:34.050+0000] {dag.py:3239} INFO - Sync 2 DAGs
[2025-03-18T19:42:34.063+0000] {logging_mixin.py:190} INFO - [2025-03-18T19:42:34.063+0000] {dag.py:4180} INFO - Setting next_dagrun for example_xcom_args to None, run_after=None
[2025-03-18T19:42:34.066+0000] {logging_mixin.py:190} INFO - [2025-03-18T19:42:34.066+0000] {dag.py:4180} INFO - Setting next_dagrun for example_xcom_args_with_operators to None, run_after=None
[2025-03-18T19:42:34.079+0000] {processor.py:208} INFO - Processing /home/airflow/.local/lib/python3.12/site-packages/airflow/example_dags/example_xcomargs.py took 0.068 seconds
[2025-03-18T19:43:05.062+0000] {processor.py:186} INFO - Started process (PID=5787) to work on /home/airflow/.local/lib/python3.12/site-packages/airflow/example_dags/example_xcomargs.py
[2025-03-18T19:43:05.063+0000] {processor.py:914} INFO - Processing file /home/airflow/.local/lib/python3.12/site-packages/airflow/example_dags/example_xcomargs.py for tasks to queue
[2025-03-18T19:43:05.065+0000] {logging_mixin.py:190} INFO - [2025-03-18T19:43:05.065+0000] {dagbag.py:588} INFO - Filling up the DagBag from /home/airflow/.local/lib/python3.12/site-packages/airflow/example_dags/example_xcomargs.py
[2025-03-18T19:43:05.073+0000] {processor.py:925} INFO - DAG(s) 'example_xcom_args', 'example_xcom_args_with_operators' retrieved from /home/airflow/.local/lib/python3.12/site-packages/airflow/example_dags/example_xcomargs.py
[2025-03-18T19:43:05.093+0000] {logging_mixin.py:190} INFO - [2025-03-18T19:43:05.093+0000] {dag.py:3239} INFO - Sync 2 DAGs
[2025-03-18T19:43:05.105+0000] {logging_mixin.py:190} INFO - [2025-03-18T19:43:05.104+0000] {dag.py:4180} INFO - Setting next_dagrun for example_xcom_args to None, run_after=None
[2025-03-18T19:43:05.107+0000] {logging_mixin.py:190} INFO - [2025-03-18T19:43:05.107+0000] {dag.py:4180} INFO - Setting next_dagrun for example_xcom_args_with_operators to None, run_after=None
[2025-03-18T19:43:05.120+0000] {processor.py:208} INFO - Processing /home/airflow/.local/lib/python3.12/site-packages/airflow/example_dags/example_xcomargs.py took 0.063 seconds
[2025-03-18T19:43:35.954+0000] {processor.py:186} INFO - Started process (PID=5851) to work on /home/airflow/.local/lib/python3.12/site-packages/airflow/example_dags/example_xcomargs.py
[2025-03-18T19:43:35.955+0000] {processor.py:914} INFO - Processing file /home/airflow/.local/lib/python3.12/site-packages/airflow/example_dags/example_xcomargs.py for tasks to queue
[2025-03-18T19:43:35.957+0000] {logging_mixin.py:190} INFO - [2025-03-18T19:43:35.956+0000] {dagbag.py:588} INFO - Filling up the DagBag from /home/airflow/.local/lib/python3.12/site-packages/airflow/example_dags/example_xcomargs.py
[2025-03-18T19:43:35.964+0000] {processor.py:925} INFO - DAG(s) 'example_xcom_args_with_operators', 'example_xcom_args' retrieved from /home/airflow/.local/lib/python3.12/site-packages/airflow/example_dags/example_xcomargs.py
[2025-03-18T19:43:35.983+0000] {logging_mixin.py:190} INFO - [2025-03-18T19:43:35.983+0000] {dag.py:3239} INFO - Sync 2 DAGs
[2025-03-18T19:43:35.994+0000] {logging_mixin.py:190} INFO - [2025-03-18T19:43:35.993+0000] {dag.py:4180} INFO - Setting next_dagrun for example_xcom_args to None, run_after=None
[2025-03-18T19:43:35.996+0000] {logging_mixin.py:190} INFO - [2025-03-18T19:43:35.996+0000] {dag.py:4180} INFO - Setting next_dagrun for example_xcom_args_with_operators to None, run_after=None
[2025-03-18T19:43:36.010+0000] {processor.py:208} INFO - Processing /home/airflow/.local/lib/python3.12/site-packages/airflow/example_dags/example_xcomargs.py took 0.060 seconds
