[2025-03-18T19:24:01.139+0000] {processor.py:186} INFO - Started process (PID=3378) to work on /home/airflow/.local/lib/python3.12/site-packages/airflow/example_dags/example_complex.py
[2025-03-18T19:24:01.140+0000] {processor.py:914} INFO - Processing file /home/airflow/.local/lib/python3.12/site-packages/airflow/example_dags/example_complex.py for tasks to queue
[2025-03-18T19:24:01.142+0000] {logging_mixin.py:190} INFO - [2025-03-18T19:24:01.141+0000] {dagbag.py:588} INFO - Filling up the DagBag from /home/airflow/.local/lib/python3.12/site-packages/airflow/example_dags/example_complex.py
[2025-03-18T19:24:01.152+0000] {processor.py:925} INFO - DAG(s) 'example_complex' retrieved from /home/airflow/.local/lib/python3.12/site-packages/airflow/example_dags/example_complex.py
[2025-03-18T19:24:01.178+0000] {logging_mixin.py:190} INFO - [2025-03-18T19:24:01.177+0000] {dag.py:3239} INFO - Sync 1 DAGs
[2025-03-18T19:24:01.190+0000] {logging_mixin.py:190} INFO - [2025-03-18T19:24:01.189+0000] {dag.py:4180} INFO - Setting next_dagrun for example_complex to None, run_after=None
[2025-03-18T19:24:01.204+0000] {processor.py:208} INFO - Processing /home/airflow/.local/lib/python3.12/site-packages/airflow/example_dags/example_complex.py took 0.070 seconds
[2025-03-18T19:24:31.680+0000] {processor.py:186} INFO - Started process (PID=3442) to work on /home/airflow/.local/lib/python3.12/site-packages/airflow/example_dags/example_complex.py
[2025-03-18T19:24:31.681+0000] {processor.py:914} INFO - Processing file /home/airflow/.local/lib/python3.12/site-packages/airflow/example_dags/example_complex.py for tasks to queue
[2025-03-18T19:24:31.683+0000] {logging_mixin.py:190} INFO - [2025-03-18T19:24:31.683+0000] {dagbag.py:588} INFO - Filling up the DagBag from /home/airflow/.local/lib/python3.12/site-packages/airflow/example_dags/example_complex.py
[2025-03-18T19:24:31.693+0000] {processor.py:925} INFO - DAG(s) 'example_complex' retrieved from /home/airflow/.local/lib/python3.12/site-packages/airflow/example_dags/example_complex.py
[2025-03-18T19:24:31.719+0000] {logging_mixin.py:190} INFO - [2025-03-18T19:24:31.719+0000] {dag.py:3239} INFO - Sync 1 DAGs
[2025-03-18T19:24:31.730+0000] {logging_mixin.py:190} INFO - [2025-03-18T19:24:31.730+0000] {dag.py:4180} INFO - Setting next_dagrun for example_complex to None, run_after=None
[2025-03-18T19:24:31.743+0000] {processor.py:208} INFO - Processing /home/airflow/.local/lib/python3.12/site-packages/airflow/example_dags/example_complex.py took 0.068 seconds
[2025-03-18T19:25:02.239+0000] {processor.py:186} INFO - Started process (PID=3506) to work on /home/airflow/.local/lib/python3.12/site-packages/airflow/example_dags/example_complex.py
[2025-03-18T19:25:02.240+0000] {processor.py:914} INFO - Processing file /home/airflow/.local/lib/python3.12/site-packages/airflow/example_dags/example_complex.py for tasks to queue
[2025-03-18T19:25:02.242+0000] {logging_mixin.py:190} INFO - [2025-03-18T19:25:02.241+0000] {dagbag.py:588} INFO - Filling up the DagBag from /home/airflow/.local/lib/python3.12/site-packages/airflow/example_dags/example_complex.py
[2025-03-18T19:25:02.252+0000] {processor.py:925} INFO - DAG(s) 'example_complex' retrieved from /home/airflow/.local/lib/python3.12/site-packages/airflow/example_dags/example_complex.py
[2025-03-18T19:25:02.278+0000] {logging_mixin.py:190} INFO - [2025-03-18T19:25:02.278+0000] {dag.py:3239} INFO - Sync 1 DAGs
[2025-03-18T19:25:02.289+0000] {logging_mixin.py:190} INFO - [2025-03-18T19:25:02.289+0000] {dag.py:4180} INFO - Setting next_dagrun for example_complex to None, run_after=None
[2025-03-18T19:25:02.303+0000] {processor.py:208} INFO - Processing /home/airflow/.local/lib/python3.12/site-packages/airflow/example_dags/example_complex.py took 0.069 seconds
[2025-03-18T19:25:33.667+0000] {processor.py:186} INFO - Started process (PID=3570) to work on /home/airflow/.local/lib/python3.12/site-packages/airflow/example_dags/example_complex.py
[2025-03-18T19:25:33.668+0000] {processor.py:914} INFO - Processing file /home/airflow/.local/lib/python3.12/site-packages/airflow/example_dags/example_complex.py for tasks to queue
[2025-03-18T19:25:33.670+0000] {logging_mixin.py:190} INFO - [2025-03-18T19:25:33.670+0000] {dagbag.py:588} INFO - Filling up the DagBag from /home/airflow/.local/lib/python3.12/site-packages/airflow/example_dags/example_complex.py
[2025-03-18T19:25:33.680+0000] {processor.py:925} INFO - DAG(s) 'example_complex' retrieved from /home/airflow/.local/lib/python3.12/site-packages/airflow/example_dags/example_complex.py
[2025-03-18T19:25:33.709+0000] {logging_mixin.py:190} INFO - [2025-03-18T19:25:33.709+0000] {dag.py:3239} INFO - Sync 1 DAGs
[2025-03-18T19:25:33.721+0000] {logging_mixin.py:190} INFO - [2025-03-18T19:25:33.721+0000] {dag.py:4180} INFO - Setting next_dagrun for example_complex to None, run_after=None
[2025-03-18T19:25:33.739+0000] {processor.py:208} INFO - Processing /home/airflow/.local/lib/python3.12/site-packages/airflow/example_dags/example_complex.py took 0.077 seconds
[2025-03-18T19:26:04.438+0000] {processor.py:186} INFO - Started process (PID=3634) to work on /home/airflow/.local/lib/python3.12/site-packages/airflow/example_dags/example_complex.py
[2025-03-18T19:26:04.438+0000] {processor.py:914} INFO - Processing file /home/airflow/.local/lib/python3.12/site-packages/airflow/example_dags/example_complex.py for tasks to queue
[2025-03-18T19:26:04.440+0000] {logging_mixin.py:190} INFO - [2025-03-18T19:26:04.440+0000] {dagbag.py:588} INFO - Filling up the DagBag from /home/airflow/.local/lib/python3.12/site-packages/airflow/example_dags/example_complex.py
[2025-03-18T19:26:04.449+0000] {processor.py:925} INFO - DAG(s) 'example_complex' retrieved from /home/airflow/.local/lib/python3.12/site-packages/airflow/example_dags/example_complex.py
[2025-03-18T19:26:04.476+0000] {logging_mixin.py:190} INFO - [2025-03-18T19:26:04.475+0000] {dag.py:3239} INFO - Sync 1 DAGs
[2025-03-18T19:26:04.487+0000] {logging_mixin.py:190} INFO - [2025-03-18T19:26:04.487+0000] {dag.py:4180} INFO - Setting next_dagrun for example_complex to None, run_after=None
[2025-03-18T19:26:04.502+0000] {processor.py:208} INFO - Processing /home/airflow/.local/lib/python3.12/site-packages/airflow/example_dags/example_complex.py took 0.069 seconds
[2025-03-18T19:26:34.892+0000] {processor.py:186} INFO - Started process (PID=3698) to work on /home/airflow/.local/lib/python3.12/site-packages/airflow/example_dags/example_complex.py
[2025-03-18T19:26:34.893+0000] {processor.py:914} INFO - Processing file /home/airflow/.local/lib/python3.12/site-packages/airflow/example_dags/example_complex.py for tasks to queue
[2025-03-18T19:26:34.895+0000] {logging_mixin.py:190} INFO - [2025-03-18T19:26:34.895+0000] {dagbag.py:588} INFO - Filling up the DagBag from /home/airflow/.local/lib/python3.12/site-packages/airflow/example_dags/example_complex.py
[2025-03-18T19:26:34.904+0000] {processor.py:925} INFO - DAG(s) 'example_complex' retrieved from /home/airflow/.local/lib/python3.12/site-packages/airflow/example_dags/example_complex.py
[2025-03-18T19:26:34.931+0000] {logging_mixin.py:190} INFO - [2025-03-18T19:26:34.931+0000] {dag.py:3239} INFO - Sync 1 DAGs
[2025-03-18T19:26:34.942+0000] {logging_mixin.py:190} INFO - [2025-03-18T19:26:34.942+0000] {dag.py:4180} INFO - Setting next_dagrun for example_complex to None, run_after=None
[2025-03-18T19:26:34.956+0000] {processor.py:208} INFO - Processing /home/airflow/.local/lib/python3.12/site-packages/airflow/example_dags/example_complex.py took 0.069 seconds
[2025-03-18T19:27:05.478+0000] {processor.py:186} INFO - Started process (PID=3762) to work on /home/airflow/.local/lib/python3.12/site-packages/airflow/example_dags/example_complex.py
[2025-03-18T19:27:05.479+0000] {processor.py:914} INFO - Processing file /home/airflow/.local/lib/python3.12/site-packages/airflow/example_dags/example_complex.py for tasks to queue
[2025-03-18T19:27:05.481+0000] {logging_mixin.py:190} INFO - [2025-03-18T19:27:05.481+0000] {dagbag.py:588} INFO - Filling up the DagBag from /home/airflow/.local/lib/python3.12/site-packages/airflow/example_dags/example_complex.py
[2025-03-18T19:27:05.490+0000] {processor.py:925} INFO - DAG(s) 'example_complex' retrieved from /home/airflow/.local/lib/python3.12/site-packages/airflow/example_dags/example_complex.py
[2025-03-18T19:27:05.516+0000] {logging_mixin.py:190} INFO - [2025-03-18T19:27:05.516+0000] {dag.py:3239} INFO - Sync 1 DAGs
[2025-03-18T19:27:05.528+0000] {logging_mixin.py:190} INFO - [2025-03-18T19:27:05.527+0000] {dag.py:4180} INFO - Setting next_dagrun for example_complex to None, run_after=None
[2025-03-18T19:27:05.542+0000] {processor.py:208} INFO - Processing /home/airflow/.local/lib/python3.12/site-packages/airflow/example_dags/example_complex.py took 0.068 seconds
[2025-03-18T19:27:36.195+0000] {processor.py:186} INFO - Started process (PID=3826) to work on /home/airflow/.local/lib/python3.12/site-packages/airflow/example_dags/example_complex.py
[2025-03-18T19:27:36.196+0000] {processor.py:914} INFO - Processing file /home/airflow/.local/lib/python3.12/site-packages/airflow/example_dags/example_complex.py for tasks to queue
[2025-03-18T19:27:36.198+0000] {logging_mixin.py:190} INFO - [2025-03-18T19:27:36.197+0000] {dagbag.py:588} INFO - Filling up the DagBag from /home/airflow/.local/lib/python3.12/site-packages/airflow/example_dags/example_complex.py
[2025-03-18T19:27:36.208+0000] {processor.py:925} INFO - DAG(s) 'example_complex' retrieved from /home/airflow/.local/lib/python3.12/site-packages/airflow/example_dags/example_complex.py
[2025-03-18T19:27:36.236+0000] {logging_mixin.py:190} INFO - [2025-03-18T19:27:36.236+0000] {dag.py:3239} INFO - Sync 1 DAGs
[2025-03-18T19:27:36.248+0000] {logging_mixin.py:190} INFO - [2025-03-18T19:27:36.248+0000] {dag.py:4180} INFO - Setting next_dagrun for example_complex to None, run_after=None
[2025-03-18T19:27:36.264+0000] {processor.py:208} INFO - Processing /home/airflow/.local/lib/python3.12/site-packages/airflow/example_dags/example_complex.py took 0.075 seconds
[2025-03-18T19:28:06.920+0000] {processor.py:186} INFO - Started process (PID=3891) to work on /home/airflow/.local/lib/python3.12/site-packages/airflow/example_dags/example_complex.py
[2025-03-18T19:28:06.921+0000] {processor.py:914} INFO - Processing file /home/airflow/.local/lib/python3.12/site-packages/airflow/example_dags/example_complex.py for tasks to queue
[2025-03-18T19:28:06.923+0000] {logging_mixin.py:190} INFO - [2025-03-18T19:28:06.923+0000] {dagbag.py:588} INFO - Filling up the DagBag from /home/airflow/.local/lib/python3.12/site-packages/airflow/example_dags/example_complex.py
[2025-03-18T19:28:06.934+0000] {processor.py:925} INFO - DAG(s) 'example_complex' retrieved from /home/airflow/.local/lib/python3.12/site-packages/airflow/example_dags/example_complex.py
[2025-03-18T19:28:06.961+0000] {logging_mixin.py:190} INFO - [2025-03-18T19:28:06.961+0000] {dag.py:3239} INFO - Sync 1 DAGs
[2025-03-18T19:28:06.973+0000] {logging_mixin.py:190} INFO - [2025-03-18T19:28:06.973+0000] {dag.py:4180} INFO - Setting next_dagrun for example_complex to None, run_after=None
[2025-03-18T19:28:06.987+0000] {processor.py:208} INFO - Processing /home/airflow/.local/lib/python3.12/site-packages/airflow/example_dags/example_complex.py took 0.072 seconds
[2025-03-18T19:28:37.864+0000] {processor.py:186} INFO - Started process (PID=3955) to work on /home/airflow/.local/lib/python3.12/site-packages/airflow/example_dags/example_complex.py
[2025-03-18T19:28:37.865+0000] {processor.py:914} INFO - Processing file /home/airflow/.local/lib/python3.12/site-packages/airflow/example_dags/example_complex.py for tasks to queue
[2025-03-18T19:28:37.867+0000] {logging_mixin.py:190} INFO - [2025-03-18T19:28:37.866+0000] {dagbag.py:588} INFO - Filling up the DagBag from /home/airflow/.local/lib/python3.12/site-packages/airflow/example_dags/example_complex.py
[2025-03-18T19:28:37.877+0000] {processor.py:925} INFO - DAG(s) 'example_complex' retrieved from /home/airflow/.local/lib/python3.12/site-packages/airflow/example_dags/example_complex.py
[2025-03-18T19:28:37.902+0000] {logging_mixin.py:190} INFO - [2025-03-18T19:28:37.902+0000] {dag.py:3239} INFO - Sync 1 DAGs
[2025-03-18T19:28:37.914+0000] {logging_mixin.py:190} INFO - [2025-03-18T19:28:37.913+0000] {dag.py:4180} INFO - Setting next_dagrun for example_complex to None, run_after=None
[2025-03-18T19:28:37.929+0000] {processor.py:208} INFO - Processing /home/airflow/.local/lib/python3.12/site-packages/airflow/example_dags/example_complex.py took 0.070 seconds
[2025-03-18T19:29:08.865+0000] {processor.py:186} INFO - Started process (PID=4019) to work on /home/airflow/.local/lib/python3.12/site-packages/airflow/example_dags/example_complex.py
[2025-03-18T19:29:08.866+0000] {processor.py:914} INFO - Processing file /home/airflow/.local/lib/python3.12/site-packages/airflow/example_dags/example_complex.py for tasks to queue
[2025-03-18T19:29:08.868+0000] {logging_mixin.py:190} INFO - [2025-03-18T19:29:08.867+0000] {dagbag.py:588} INFO - Filling up the DagBag from /home/airflow/.local/lib/python3.12/site-packages/airflow/example_dags/example_complex.py
[2025-03-18T19:29:08.878+0000] {processor.py:925} INFO - DAG(s) 'example_complex' retrieved from /home/airflow/.local/lib/python3.12/site-packages/airflow/example_dags/example_complex.py
[2025-03-18T19:29:08.906+0000] {logging_mixin.py:190} INFO - [2025-03-18T19:29:08.905+0000] {dag.py:3239} INFO - Sync 1 DAGs
[2025-03-18T19:29:08.916+0000] {logging_mixin.py:190} INFO - [2025-03-18T19:29:08.916+0000] {dag.py:4180} INFO - Setting next_dagrun for example_complex to None, run_after=None
[2025-03-18T19:29:08.931+0000] {processor.py:208} INFO - Processing /home/airflow/.local/lib/python3.12/site-packages/airflow/example_dags/example_complex.py took 0.071 seconds
[2025-03-18T19:29:39.780+0000] {processor.py:186} INFO - Started process (PID=4083) to work on /home/airflow/.local/lib/python3.12/site-packages/airflow/example_dags/example_complex.py
[2025-03-18T19:29:39.781+0000] {processor.py:914} INFO - Processing file /home/airflow/.local/lib/python3.12/site-packages/airflow/example_dags/example_complex.py for tasks to queue
[2025-03-18T19:29:39.782+0000] {logging_mixin.py:190} INFO - [2025-03-18T19:29:39.782+0000] {dagbag.py:588} INFO - Filling up the DagBag from /home/airflow/.local/lib/python3.12/site-packages/airflow/example_dags/example_complex.py
[2025-03-18T19:29:39.791+0000] {processor.py:925} INFO - DAG(s) 'example_complex' retrieved from /home/airflow/.local/lib/python3.12/site-packages/airflow/example_dags/example_complex.py
[2025-03-18T19:29:39.817+0000] {logging_mixin.py:190} INFO - [2025-03-18T19:29:39.817+0000] {dag.py:3239} INFO - Sync 1 DAGs
[2025-03-18T19:29:39.830+0000] {logging_mixin.py:190} INFO - [2025-03-18T19:29:39.829+0000] {dag.py:4180} INFO - Setting next_dagrun for example_complex to None, run_after=None
[2025-03-18T19:29:39.844+0000] {processor.py:208} INFO - Processing /home/airflow/.local/lib/python3.12/site-packages/airflow/example_dags/example_complex.py took 0.069 seconds
[2025-03-18T19:30:10.569+0000] {processor.py:186} INFO - Started process (PID=4147) to work on /home/airflow/.local/lib/python3.12/site-packages/airflow/example_dags/example_complex.py
[2025-03-18T19:30:10.570+0000] {processor.py:914} INFO - Processing file /home/airflow/.local/lib/python3.12/site-packages/airflow/example_dags/example_complex.py for tasks to queue
[2025-03-18T19:30:10.572+0000] {logging_mixin.py:190} INFO - [2025-03-18T19:30:10.571+0000] {dagbag.py:588} INFO - Filling up the DagBag from /home/airflow/.local/lib/python3.12/site-packages/airflow/example_dags/example_complex.py
[2025-03-18T19:30:10.582+0000] {processor.py:925} INFO - DAG(s) 'example_complex' retrieved from /home/airflow/.local/lib/python3.12/site-packages/airflow/example_dags/example_complex.py
[2025-03-18T19:30:10.613+0000] {logging_mixin.py:190} INFO - [2025-03-18T19:30:10.613+0000] {dag.py:3239} INFO - Sync 1 DAGs
[2025-03-18T19:30:10.625+0000] {logging_mixin.py:190} INFO - [2025-03-18T19:30:10.624+0000] {dag.py:4180} INFO - Setting next_dagrun for example_complex to None, run_after=None
[2025-03-18T19:30:10.639+0000] {processor.py:208} INFO - Processing /home/airflow/.local/lib/python3.12/site-packages/airflow/example_dags/example_complex.py took 0.076 seconds
[2025-03-18T19:37:22.652+0000] {processor.py:186} INFO - Started process (PID=5049) to work on /home/airflow/.local/lib/python3.12/site-packages/airflow/example_dags/example_complex.py
[2025-03-18T19:37:22.653+0000] {processor.py:914} INFO - Processing file /home/airflow/.local/lib/python3.12/site-packages/airflow/example_dags/example_complex.py for tasks to queue
[2025-03-18T19:37:22.655+0000] {logging_mixin.py:190} INFO - [2025-03-18T19:37:22.655+0000] {dagbag.py:588} INFO - Filling up the DagBag from /home/airflow/.local/lib/python3.12/site-packages/airflow/example_dags/example_complex.py
[2025-03-18T19:37:22.665+0000] {processor.py:925} INFO - DAG(s) 'example_complex' retrieved from /home/airflow/.local/lib/python3.12/site-packages/airflow/example_dags/example_complex.py
[2025-03-18T19:37:22.689+0000] {logging_mixin.py:190} INFO - [2025-03-18T19:37:22.689+0000] {dag.py:3239} INFO - Sync 1 DAGs
[2025-03-18T19:37:22.701+0000] {logging_mixin.py:190} INFO - [2025-03-18T19:37:22.701+0000] {dag.py:4180} INFO - Setting next_dagrun for example_complex to None, run_after=None
[2025-03-18T19:37:22.716+0000] {processor.py:208} INFO - Processing /home/airflow/.local/lib/python3.12/site-packages/airflow/example_dags/example_complex.py took 0.069 seconds
[2025-03-18T19:37:53.371+0000] {processor.py:186} INFO - Started process (PID=5113) to work on /home/airflow/.local/lib/python3.12/site-packages/airflow/example_dags/example_complex.py
[2025-03-18T19:37:53.372+0000] {processor.py:914} INFO - Processing file /home/airflow/.local/lib/python3.12/site-packages/airflow/example_dags/example_complex.py for tasks to queue
[2025-03-18T19:37:53.373+0000] {logging_mixin.py:190} INFO - [2025-03-18T19:37:53.373+0000] {dagbag.py:588} INFO - Filling up the DagBag from /home/airflow/.local/lib/python3.12/site-packages/airflow/example_dags/example_complex.py
[2025-03-18T19:37:53.383+0000] {processor.py:925} INFO - DAG(s) 'example_complex' retrieved from /home/airflow/.local/lib/python3.12/site-packages/airflow/example_dags/example_complex.py
[2025-03-18T19:37:53.408+0000] {logging_mixin.py:190} INFO - [2025-03-18T19:37:53.408+0000] {dag.py:3239} INFO - Sync 1 DAGs
[2025-03-18T19:37:53.420+0000] {logging_mixin.py:190} INFO - [2025-03-18T19:37:53.419+0000] {dag.py:4180} INFO - Setting next_dagrun for example_complex to None, run_after=None
[2025-03-18T19:37:53.434+0000] {processor.py:208} INFO - Processing /home/airflow/.local/lib/python3.12/site-packages/airflow/example_dags/example_complex.py took 0.068 seconds
[2025-03-18T19:38:24.002+0000] {processor.py:186} INFO - Started process (PID=5177) to work on /home/airflow/.local/lib/python3.12/site-packages/airflow/example_dags/example_complex.py
[2025-03-18T19:38:24.003+0000] {processor.py:914} INFO - Processing file /home/airflow/.local/lib/python3.12/site-packages/airflow/example_dags/example_complex.py for tasks to queue
[2025-03-18T19:38:24.005+0000] {logging_mixin.py:190} INFO - [2025-03-18T19:38:24.004+0000] {dagbag.py:588} INFO - Filling up the DagBag from /home/airflow/.local/lib/python3.12/site-packages/airflow/example_dags/example_complex.py
[2025-03-18T19:38:24.014+0000] {processor.py:925} INFO - DAG(s) 'example_complex' retrieved from /home/airflow/.local/lib/python3.12/site-packages/airflow/example_dags/example_complex.py
[2025-03-18T19:38:24.040+0000] {logging_mixin.py:190} INFO - [2025-03-18T19:38:24.040+0000] {dag.py:3239} INFO - Sync 1 DAGs
[2025-03-18T19:38:24.053+0000] {logging_mixin.py:190} INFO - [2025-03-18T19:38:24.052+0000] {dag.py:4180} INFO - Setting next_dagrun for example_complex to None, run_after=None
[2025-03-18T19:38:24.068+0000] {processor.py:208} INFO - Processing /home/airflow/.local/lib/python3.12/site-packages/airflow/example_dags/example_complex.py took 0.071 seconds
[2025-03-18T19:38:54.821+0000] {processor.py:186} INFO - Started process (PID=5241) to work on /home/airflow/.local/lib/python3.12/site-packages/airflow/example_dags/example_complex.py
[2025-03-18T19:38:54.822+0000] {processor.py:914} INFO - Processing file /home/airflow/.local/lib/python3.12/site-packages/airflow/example_dags/example_complex.py for tasks to queue
[2025-03-18T19:38:54.823+0000] {logging_mixin.py:190} INFO - [2025-03-18T19:38:54.823+0000] {dagbag.py:588} INFO - Filling up the DagBag from /home/airflow/.local/lib/python3.12/site-packages/airflow/example_dags/example_complex.py
[2025-03-18T19:38:54.833+0000] {processor.py:925} INFO - DAG(s) 'example_complex' retrieved from /home/airflow/.local/lib/python3.12/site-packages/airflow/example_dags/example_complex.py
[2025-03-18T19:38:54.860+0000] {logging_mixin.py:190} INFO - [2025-03-18T19:38:54.860+0000] {dag.py:3239} INFO - Sync 1 DAGs
[2025-03-18T19:38:54.872+0000] {logging_mixin.py:190} INFO - [2025-03-18T19:38:54.872+0000] {dag.py:4180} INFO - Setting next_dagrun for example_complex to None, run_after=None
[2025-03-18T19:38:54.887+0000] {processor.py:208} INFO - Processing /home/airflow/.local/lib/python3.12/site-packages/airflow/example_dags/example_complex.py took 0.072 seconds
[2025-03-18T19:39:25.683+0000] {processor.py:186} INFO - Started process (PID=5305) to work on /home/airflow/.local/lib/python3.12/site-packages/airflow/example_dags/example_complex.py
[2025-03-18T19:39:25.684+0000] {processor.py:914} INFO - Processing file /home/airflow/.local/lib/python3.12/site-packages/airflow/example_dags/example_complex.py for tasks to queue
[2025-03-18T19:39:25.686+0000] {logging_mixin.py:190} INFO - [2025-03-18T19:39:25.685+0000] {dagbag.py:588} INFO - Filling up the DagBag from /home/airflow/.local/lib/python3.12/site-packages/airflow/example_dags/example_complex.py
[2025-03-18T19:39:25.695+0000] {processor.py:925} INFO - DAG(s) 'example_complex' retrieved from /home/airflow/.local/lib/python3.12/site-packages/airflow/example_dags/example_complex.py
[2025-03-18T19:39:25.719+0000] {logging_mixin.py:190} INFO - [2025-03-18T19:39:25.719+0000] {dag.py:3239} INFO - Sync 1 DAGs
[2025-03-18T19:39:25.731+0000] {logging_mixin.py:190} INFO - [2025-03-18T19:39:25.731+0000] {dag.py:4180} INFO - Setting next_dagrun for example_complex to None, run_after=None
[2025-03-18T19:39:25.744+0000] {processor.py:208} INFO - Processing /home/airflow/.local/lib/python3.12/site-packages/airflow/example_dags/example_complex.py took 0.066 seconds
[2025-03-18T19:39:56.396+0000] {processor.py:186} INFO - Started process (PID=5369) to work on /home/airflow/.local/lib/python3.12/site-packages/airflow/example_dags/example_complex.py
[2025-03-18T19:39:56.397+0000] {processor.py:914} INFO - Processing file /home/airflow/.local/lib/python3.12/site-packages/airflow/example_dags/example_complex.py for tasks to queue
[2025-03-18T19:39:56.399+0000] {logging_mixin.py:190} INFO - [2025-03-18T19:39:56.399+0000] {dagbag.py:588} INFO - Filling up the DagBag from /home/airflow/.local/lib/python3.12/site-packages/airflow/example_dags/example_complex.py
[2025-03-18T19:39:56.409+0000] {processor.py:925} INFO - DAG(s) 'example_complex' retrieved from /home/airflow/.local/lib/python3.12/site-packages/airflow/example_dags/example_complex.py
[2025-03-18T19:39:56.435+0000] {logging_mixin.py:190} INFO - [2025-03-18T19:39:56.434+0000] {dag.py:3239} INFO - Sync 1 DAGs
[2025-03-18T19:39:56.447+0000] {logging_mixin.py:190} INFO - [2025-03-18T19:39:56.446+0000] {dag.py:4180} INFO - Setting next_dagrun for example_complex to None, run_after=None
[2025-03-18T19:39:56.460+0000] {processor.py:208} INFO - Processing /home/airflow/.local/lib/python3.12/site-packages/airflow/example_dags/example_complex.py took 0.069 seconds
[2025-03-18T19:40:27.268+0000] {processor.py:186} INFO - Started process (PID=5433) to work on /home/airflow/.local/lib/python3.12/site-packages/airflow/example_dags/example_complex.py
[2025-03-18T19:40:27.269+0000] {processor.py:914} INFO - Processing file /home/airflow/.local/lib/python3.12/site-packages/airflow/example_dags/example_complex.py for tasks to queue
[2025-03-18T19:40:27.271+0000] {logging_mixin.py:190} INFO - [2025-03-18T19:40:27.271+0000] {dagbag.py:588} INFO - Filling up the DagBag from /home/airflow/.local/lib/python3.12/site-packages/airflow/example_dags/example_complex.py
[2025-03-18T19:40:27.280+0000] {processor.py:925} INFO - DAG(s) 'example_complex' retrieved from /home/airflow/.local/lib/python3.12/site-packages/airflow/example_dags/example_complex.py
[2025-03-18T19:40:27.304+0000] {logging_mixin.py:190} INFO - [2025-03-18T19:40:27.304+0000] {dag.py:3239} INFO - Sync 1 DAGs
[2025-03-18T19:40:27.315+0000] {logging_mixin.py:190} INFO - [2025-03-18T19:40:27.315+0000] {dag.py:4180} INFO - Setting next_dagrun for example_complex to None, run_after=None
[2025-03-18T19:40:27.328+0000] {processor.py:208} INFO - Processing /home/airflow/.local/lib/python3.12/site-packages/airflow/example_dags/example_complex.py took 0.065 seconds
[2025-03-18T19:40:57.848+0000] {processor.py:186} INFO - Started process (PID=5497) to work on /home/airflow/.local/lib/python3.12/site-packages/airflow/example_dags/example_complex.py
[2025-03-18T19:40:57.849+0000] {processor.py:914} INFO - Processing file /home/airflow/.local/lib/python3.12/site-packages/airflow/example_dags/example_complex.py for tasks to queue
[2025-03-18T19:40:57.851+0000] {logging_mixin.py:190} INFO - [2025-03-18T19:40:57.851+0000] {dagbag.py:588} INFO - Filling up the DagBag from /home/airflow/.local/lib/python3.12/site-packages/airflow/example_dags/example_complex.py
[2025-03-18T19:40:57.860+0000] {processor.py:925} INFO - DAG(s) 'example_complex' retrieved from /home/airflow/.local/lib/python3.12/site-packages/airflow/example_dags/example_complex.py
[2025-03-18T19:40:57.886+0000] {logging_mixin.py:190} INFO - [2025-03-18T19:40:57.885+0000] {dag.py:3239} INFO - Sync 1 DAGs
[2025-03-18T19:40:57.896+0000] {logging_mixin.py:190} INFO - [2025-03-18T19:40:57.896+0000] {dag.py:4180} INFO - Setting next_dagrun for example_complex to None, run_after=None
[2025-03-18T19:40:57.910+0000] {processor.py:208} INFO - Processing /home/airflow/.local/lib/python3.12/site-packages/airflow/example_dags/example_complex.py took 0.067 seconds
[2025-03-18T19:41:28.493+0000] {processor.py:186} INFO - Started process (PID=5561) to work on /home/airflow/.local/lib/python3.12/site-packages/airflow/example_dags/example_complex.py
[2025-03-18T19:41:28.494+0000] {processor.py:914} INFO - Processing file /home/airflow/.local/lib/python3.12/site-packages/airflow/example_dags/example_complex.py for tasks to queue
[2025-03-18T19:41:28.495+0000] {logging_mixin.py:190} INFO - [2025-03-18T19:41:28.495+0000] {dagbag.py:588} INFO - Filling up the DagBag from /home/airflow/.local/lib/python3.12/site-packages/airflow/example_dags/example_complex.py
[2025-03-18T19:41:28.504+0000] {processor.py:925} INFO - DAG(s) 'example_complex' retrieved from /home/airflow/.local/lib/python3.12/site-packages/airflow/example_dags/example_complex.py
[2025-03-18T19:41:28.531+0000] {logging_mixin.py:190} INFO - [2025-03-18T19:41:28.531+0000] {dag.py:3239} INFO - Sync 1 DAGs
[2025-03-18T19:41:28.543+0000] {logging_mixin.py:190} INFO - [2025-03-18T19:41:28.543+0000] {dag.py:4180} INFO - Setting next_dagrun for example_complex to None, run_after=None
[2025-03-18T19:41:28.557+0000] {processor.py:208} INFO - Processing /home/airflow/.local/lib/python3.12/site-packages/airflow/example_dags/example_complex.py took 0.070 seconds
[2025-03-18T19:41:59.251+0000] {processor.py:186} INFO - Started process (PID=5625) to work on /home/airflow/.local/lib/python3.12/site-packages/airflow/example_dags/example_complex.py
[2025-03-18T19:41:59.251+0000] {processor.py:914} INFO - Processing file /home/airflow/.local/lib/python3.12/site-packages/airflow/example_dags/example_complex.py for tasks to queue
[2025-03-18T19:41:59.253+0000] {logging_mixin.py:190} INFO - [2025-03-18T19:41:59.253+0000] {dagbag.py:588} INFO - Filling up the DagBag from /home/airflow/.local/lib/python3.12/site-packages/airflow/example_dags/example_complex.py
[2025-03-18T19:41:59.263+0000] {processor.py:925} INFO - DAG(s) 'example_complex' retrieved from /home/airflow/.local/lib/python3.12/site-packages/airflow/example_dags/example_complex.py
[2025-03-18T19:41:59.291+0000] {logging_mixin.py:190} INFO - [2025-03-18T19:41:59.290+0000] {dag.py:3239} INFO - Sync 1 DAGs
[2025-03-18T19:41:59.303+0000] {logging_mixin.py:190} INFO - [2025-03-18T19:41:59.303+0000] {dag.py:4180} INFO - Setting next_dagrun for example_complex to None, run_after=None
[2025-03-18T19:41:59.316+0000] {processor.py:208} INFO - Processing /home/airflow/.local/lib/python3.12/site-packages/airflow/example_dags/example_complex.py took 0.071 seconds
[2025-03-18T19:42:30.710+0000] {processor.py:186} INFO - Started process (PID=5689) to work on /home/airflow/.local/lib/python3.12/site-packages/airflow/example_dags/example_complex.py
[2025-03-18T19:42:30.711+0000] {processor.py:914} INFO - Processing file /home/airflow/.local/lib/python3.12/site-packages/airflow/example_dags/example_complex.py for tasks to queue
[2025-03-18T19:42:30.713+0000] {logging_mixin.py:190} INFO - [2025-03-18T19:42:30.713+0000] {dagbag.py:588} INFO - Filling up the DagBag from /home/airflow/.local/lib/python3.12/site-packages/airflow/example_dags/example_complex.py
[2025-03-18T19:42:30.724+0000] {processor.py:925} INFO - DAG(s) 'example_complex' retrieved from /home/airflow/.local/lib/python3.12/site-packages/airflow/example_dags/example_complex.py
[2025-03-18T19:42:30.754+0000] {logging_mixin.py:190} INFO - [2025-03-18T19:42:30.754+0000] {dag.py:3239} INFO - Sync 1 DAGs
[2025-03-18T19:42:30.769+0000] {logging_mixin.py:190} INFO - [2025-03-18T19:42:30.768+0000] {dag.py:4180} INFO - Setting next_dagrun for example_complex to None, run_after=None
[2025-03-18T19:42:30.787+0000] {processor.py:208} INFO - Processing /home/airflow/.local/lib/python3.12/site-packages/airflow/example_dags/example_complex.py took 0.083 seconds
[2025-03-18T19:43:01.712+0000] {processor.py:186} INFO - Started process (PID=5753) to work on /home/airflow/.local/lib/python3.12/site-packages/airflow/example_dags/example_complex.py
[2025-03-18T19:43:01.713+0000] {processor.py:914} INFO - Processing file /home/airflow/.local/lib/python3.12/site-packages/airflow/example_dags/example_complex.py for tasks to queue
[2025-03-18T19:43:01.715+0000] {logging_mixin.py:190} INFO - [2025-03-18T19:43:01.715+0000] {dagbag.py:588} INFO - Filling up the DagBag from /home/airflow/.local/lib/python3.12/site-packages/airflow/example_dags/example_complex.py
[2025-03-18T19:43:01.724+0000] {processor.py:925} INFO - DAG(s) 'example_complex' retrieved from /home/airflow/.local/lib/python3.12/site-packages/airflow/example_dags/example_complex.py
[2025-03-18T19:43:01.748+0000] {logging_mixin.py:190} INFO - [2025-03-18T19:43:01.748+0000] {dag.py:3239} INFO - Sync 1 DAGs
[2025-03-18T19:43:01.760+0000] {logging_mixin.py:190} INFO - [2025-03-18T19:43:01.759+0000] {dag.py:4180} INFO - Setting next_dagrun for example_complex to None, run_after=None
[2025-03-18T19:43:01.775+0000] {processor.py:208} INFO - Processing /home/airflow/.local/lib/python3.12/site-packages/airflow/example_dags/example_complex.py took 0.068 seconds
[2025-03-18T19:43:32.655+0000] {processor.py:186} INFO - Started process (PID=5817) to work on /home/airflow/.local/lib/python3.12/site-packages/airflow/example_dags/example_complex.py
[2025-03-18T19:43:32.657+0000] {processor.py:914} INFO - Processing file /home/airflow/.local/lib/python3.12/site-packages/airflow/example_dags/example_complex.py for tasks to queue
[2025-03-18T19:43:32.658+0000] {logging_mixin.py:190} INFO - [2025-03-18T19:43:32.658+0000] {dagbag.py:588} INFO - Filling up the DagBag from /home/airflow/.local/lib/python3.12/site-packages/airflow/example_dags/example_complex.py
[2025-03-18T19:43:32.668+0000] {processor.py:925} INFO - DAG(s) 'example_complex' retrieved from /home/airflow/.local/lib/python3.12/site-packages/airflow/example_dags/example_complex.py
[2025-03-18T19:43:32.693+0000] {logging_mixin.py:190} INFO - [2025-03-18T19:43:32.693+0000] {dag.py:3239} INFO - Sync 1 DAGs
[2025-03-18T19:43:32.705+0000] {logging_mixin.py:190} INFO - [2025-03-18T19:43:32.705+0000] {dag.py:4180} INFO - Setting next_dagrun for example_complex to None, run_after=None
[2025-03-18T19:43:32.719+0000] {processor.py:208} INFO - Processing /home/airflow/.local/lib/python3.12/site-packages/airflow/example_dags/example_complex.py took 0.068 seconds
