[2025-03-18T19:23:34.575+0000] {processor.py:186} INFO - Started process (PID=3346) to work on /home/airflow/.local/lib/python3.12/site-packages/airflow/example_dags/example_subdag_operator.py
[2025-03-18T19:23:34.576+0000] {processor.py:914} INFO - Processing file /home/airflow/.local/lib/python3.12/site-packages/airflow/example_dags/example_subdag_operator.py for tasks to queue
[2025-03-18T19:23:34.577+0000] {logging_mixin.py:190} INFO - [2025-03-18T19:23:34.577+0000] {dagbag.py:588} INFO - Filling up the DagBag from /home/airflow/.local/lib/python3.12/site-packages/airflow/example_dags/example_subdag_operator.py
[2025-03-18T19:23:34.600+0000] {processor.py:925} INFO - DAG(s) 'example_subdag_operator.section-1', 'example_subdag_operator.section-2', 'example_subdag_operator' retrieved from /home/airflow/.local/lib/python3.12/site-packages/airflow/example_dags/example_subdag_operator.py
[2025-03-18T19:23:34.613+0000] {logging_mixin.py:190} INFO - [2025-03-18T19:23:34.612+0000] {dag.py:3239} INFO - Sync 3 DAGs
[2025-03-18T19:23:34.632+0000] {logging_mixin.py:190} INFO - [2025-03-18T19:23:34.632+0000] {dag.py:4180} INFO - Setting next_dagrun for example_subdag_operator to 2022-01-01 00:00:00+00:00, run_after=2022-01-01 00:00:00+00:00
[2025-03-18T19:23:34.635+0000] {logging_mixin.py:190} INFO - [2025-03-18T19:23:34.635+0000] {dag.py:4180} INFO - Setting next_dagrun for example_subdag_operator.section-1 to None, run_after=None
[2025-03-18T19:23:34.637+0000] {logging_mixin.py:190} INFO - [2025-03-18T19:23:34.636+0000] {dag.py:4180} INFO - Setting next_dagrun for example_subdag_operator.section-2 to None, run_after=None
[2025-03-18T19:23:34.643+0000] {logging_mixin.py:190} INFO - [2025-03-18T19:23:34.643+0000] {dag.py:3239} INFO - Sync 2 DAGs
[2025-03-18T19:23:34.648+0000] {logging_mixin.py:190} INFO - [2025-03-18T19:23:34.648+0000] {dag.py:4180} INFO - Setting next_dagrun for example_subdag_operator.section-1 to None, run_after=None
[2025-03-18T19:23:34.648+0000] {logging_mixin.py:190} INFO - [2025-03-18T19:23:34.648+0000] {dag.py:4180} INFO - Setting next_dagrun for example_subdag_operator.section-2 to None, run_after=None
[2025-03-18T19:23:34.658+0000] {processor.py:208} INFO - Processing /home/airflow/.local/lib/python3.12/site-packages/airflow/example_dags/example_subdag_operator.py took 0.088 seconds
[2025-03-18T19:24:04.975+0000] {processor.py:186} INFO - Started process (PID=3410) to work on /home/airflow/.local/lib/python3.12/site-packages/airflow/example_dags/example_subdag_operator.py
[2025-03-18T19:24:04.976+0000] {processor.py:914} INFO - Processing file /home/airflow/.local/lib/python3.12/site-packages/airflow/example_dags/example_subdag_operator.py for tasks to queue
[2025-03-18T19:24:04.978+0000] {logging_mixin.py:190} INFO - [2025-03-18T19:24:04.977+0000] {dagbag.py:588} INFO - Filling up the DagBag from /home/airflow/.local/lib/python3.12/site-packages/airflow/example_dags/example_subdag_operator.py
[2025-03-18T19:24:05.000+0000] {processor.py:925} INFO - DAG(s) 'example_subdag_operator.section-1', 'example_subdag_operator.section-2', 'example_subdag_operator' retrieved from /home/airflow/.local/lib/python3.12/site-packages/airflow/example_dags/example_subdag_operator.py
[2025-03-18T19:24:05.013+0000] {logging_mixin.py:190} INFO - [2025-03-18T19:24:05.012+0000] {dag.py:3239} INFO - Sync 3 DAGs
[2025-03-18T19:24:05.031+0000] {logging_mixin.py:190} INFO - [2025-03-18T19:24:05.031+0000] {dag.py:4180} INFO - Setting next_dagrun for example_subdag_operator to 2022-01-01 00:00:00+00:00, run_after=2022-01-01 00:00:00+00:00
[2025-03-18T19:24:05.034+0000] {logging_mixin.py:190} INFO - [2025-03-18T19:24:05.034+0000] {dag.py:4180} INFO - Setting next_dagrun for example_subdag_operator.section-1 to None, run_after=None
[2025-03-18T19:24:05.035+0000] {logging_mixin.py:190} INFO - [2025-03-18T19:24:05.035+0000] {dag.py:4180} INFO - Setting next_dagrun for example_subdag_operator.section-2 to None, run_after=None
[2025-03-18T19:24:05.041+0000] {logging_mixin.py:190} INFO - [2025-03-18T19:24:05.041+0000] {dag.py:3239} INFO - Sync 2 DAGs
[2025-03-18T19:24:05.045+0000] {logging_mixin.py:190} INFO - [2025-03-18T19:24:05.045+0000] {dag.py:4180} INFO - Setting next_dagrun for example_subdag_operator.section-1 to None, run_after=None
[2025-03-18T19:24:05.046+0000] {logging_mixin.py:190} INFO - [2025-03-18T19:24:05.045+0000] {dag.py:4180} INFO - Setting next_dagrun for example_subdag_operator.section-2 to None, run_after=None
[2025-03-18T19:24:05.054+0000] {processor.py:208} INFO - Processing /home/airflow/.local/lib/python3.12/site-packages/airflow/example_dags/example_subdag_operator.py took 0.084 seconds
[2025-03-18T19:24:35.790+0000] {processor.py:186} INFO - Started process (PID=3474) to work on /home/airflow/.local/lib/python3.12/site-packages/airflow/example_dags/example_subdag_operator.py
[2025-03-18T19:24:35.791+0000] {processor.py:914} INFO - Processing file /home/airflow/.local/lib/python3.12/site-packages/airflow/example_dags/example_subdag_operator.py for tasks to queue
[2025-03-18T19:24:35.793+0000] {logging_mixin.py:190} INFO - [2025-03-18T19:24:35.793+0000] {dagbag.py:588} INFO - Filling up the DagBag from /home/airflow/.local/lib/python3.12/site-packages/airflow/example_dags/example_subdag_operator.py
[2025-03-18T19:24:35.816+0000] {processor.py:925} INFO - DAG(s) 'example_subdag_operator.section-1', 'example_subdag_operator.section-2', 'example_subdag_operator' retrieved from /home/airflow/.local/lib/python3.12/site-packages/airflow/example_dags/example_subdag_operator.py
[2025-03-18T19:24:35.828+0000] {logging_mixin.py:190} INFO - [2025-03-18T19:24:35.827+0000] {dag.py:3239} INFO - Sync 3 DAGs
[2025-03-18T19:24:35.846+0000] {logging_mixin.py:190} INFO - [2025-03-18T19:24:35.846+0000] {dag.py:4180} INFO - Setting next_dagrun for example_subdag_operator to 2022-01-01 00:00:00+00:00, run_after=2022-01-01 00:00:00+00:00
[2025-03-18T19:24:35.848+0000] {logging_mixin.py:190} INFO - [2025-03-18T19:24:35.848+0000] {dag.py:4180} INFO - Setting next_dagrun for example_subdag_operator.section-1 to None, run_after=None
[2025-03-18T19:24:35.849+0000] {logging_mixin.py:190} INFO - [2025-03-18T19:24:35.849+0000] {dag.py:4180} INFO - Setting next_dagrun for example_subdag_operator.section-2 to None, run_after=None
[2025-03-18T19:24:35.854+0000] {logging_mixin.py:190} INFO - [2025-03-18T19:24:35.854+0000] {dag.py:3239} INFO - Sync 2 DAGs
[2025-03-18T19:24:35.858+0000] {logging_mixin.py:190} INFO - [2025-03-18T19:24:35.858+0000] {dag.py:4180} INFO - Setting next_dagrun for example_subdag_operator.section-1 to None, run_after=None
[2025-03-18T19:24:35.858+0000] {logging_mixin.py:190} INFO - [2025-03-18T19:24:35.858+0000] {dag.py:4180} INFO - Setting next_dagrun for example_subdag_operator.section-2 to None, run_after=None
[2025-03-18T19:24:35.865+0000] {processor.py:208} INFO - Processing /home/airflow/.local/lib/python3.12/site-packages/airflow/example_dags/example_subdag_operator.py took 0.080 seconds
[2025-03-18T19:25:05.998+0000] {processor.py:186} INFO - Started process (PID=3538) to work on /home/airflow/.local/lib/python3.12/site-packages/airflow/example_dags/example_subdag_operator.py
[2025-03-18T19:25:05.999+0000] {processor.py:914} INFO - Processing file /home/airflow/.local/lib/python3.12/site-packages/airflow/example_dags/example_subdag_operator.py for tasks to queue
[2025-03-18T19:25:06.001+0000] {logging_mixin.py:190} INFO - [2025-03-18T19:25:06.001+0000] {dagbag.py:588} INFO - Filling up the DagBag from /home/airflow/.local/lib/python3.12/site-packages/airflow/example_dags/example_subdag_operator.py
[2025-03-18T19:25:06.022+0000] {processor.py:925} INFO - DAG(s) 'example_subdag_operator.section-1', 'example_subdag_operator.section-2', 'example_subdag_operator' retrieved from /home/airflow/.local/lib/python3.12/site-packages/airflow/example_dags/example_subdag_operator.py
[2025-03-18T19:25:06.033+0000] {logging_mixin.py:190} INFO - [2025-03-18T19:25:06.033+0000] {dag.py:3239} INFO - Sync 3 DAGs
[2025-03-18T19:25:06.050+0000] {logging_mixin.py:190} INFO - [2025-03-18T19:25:06.050+0000] {dag.py:4180} INFO - Setting next_dagrun for example_subdag_operator to 2022-01-01 00:00:00+00:00, run_after=2022-01-01 00:00:00+00:00
[2025-03-18T19:25:06.053+0000] {logging_mixin.py:190} INFO - [2025-03-18T19:25:06.053+0000] {dag.py:4180} INFO - Setting next_dagrun for example_subdag_operator.section-1 to None, run_after=None
[2025-03-18T19:25:06.054+0000] {logging_mixin.py:190} INFO - [2025-03-18T19:25:06.054+0000] {dag.py:4180} INFO - Setting next_dagrun for example_subdag_operator.section-2 to None, run_after=None
[2025-03-18T19:25:06.059+0000] {logging_mixin.py:190} INFO - [2025-03-18T19:25:06.059+0000] {dag.py:3239} INFO - Sync 2 DAGs
[2025-03-18T19:25:06.063+0000] {logging_mixin.py:190} INFO - [2025-03-18T19:25:06.063+0000] {dag.py:4180} INFO - Setting next_dagrun for example_subdag_operator.section-1 to None, run_after=None
[2025-03-18T19:25:06.063+0000] {logging_mixin.py:190} INFO - [2025-03-18T19:25:06.063+0000] {dag.py:4180} INFO - Setting next_dagrun for example_subdag_operator.section-2 to None, run_after=None
[2025-03-18T19:25:06.070+0000] {processor.py:208} INFO - Processing /home/airflow/.local/lib/python3.12/site-packages/airflow/example_dags/example_subdag_operator.py took 0.077 seconds
[2025-03-18T19:25:36.727+0000] {processor.py:186} INFO - Started process (PID=3602) to work on /home/airflow/.local/lib/python3.12/site-packages/airflow/example_dags/example_subdag_operator.py
[2025-03-18T19:25:36.728+0000] {processor.py:914} INFO - Processing file /home/airflow/.local/lib/python3.12/site-packages/airflow/example_dags/example_subdag_operator.py for tasks to queue
[2025-03-18T19:25:36.731+0000] {logging_mixin.py:190} INFO - [2025-03-18T19:25:36.730+0000] {dagbag.py:588} INFO - Filling up the DagBag from /home/airflow/.local/lib/python3.12/site-packages/airflow/example_dags/example_subdag_operator.py
[2025-03-18T19:25:36.753+0000] {processor.py:925} INFO - DAG(s) 'example_subdag_operator.section-1', 'example_subdag_operator.section-2', 'example_subdag_operator' retrieved from /home/airflow/.local/lib/python3.12/site-packages/airflow/example_dags/example_subdag_operator.py
[2025-03-18T19:25:36.766+0000] {logging_mixin.py:190} INFO - [2025-03-18T19:25:36.765+0000] {dag.py:3239} INFO - Sync 3 DAGs
[2025-03-18T19:25:36.785+0000] {logging_mixin.py:190} INFO - [2025-03-18T19:25:36.785+0000] {dag.py:4180} INFO - Setting next_dagrun for example_subdag_operator to 2022-01-01 00:00:00+00:00, run_after=2022-01-01 00:00:00+00:00
[2025-03-18T19:25:36.789+0000] {logging_mixin.py:190} INFO - [2025-03-18T19:25:36.789+0000] {dag.py:4180} INFO - Setting next_dagrun for example_subdag_operator.section-1 to None, run_after=None
[2025-03-18T19:25:36.790+0000] {logging_mixin.py:190} INFO - [2025-03-18T19:25:36.790+0000] {dag.py:4180} INFO - Setting next_dagrun for example_subdag_operator.section-2 to None, run_after=None
[2025-03-18T19:25:36.797+0000] {logging_mixin.py:190} INFO - [2025-03-18T19:25:36.797+0000] {dag.py:3239} INFO - Sync 2 DAGs
[2025-03-18T19:25:36.801+0000] {logging_mixin.py:190} INFO - [2025-03-18T19:25:36.801+0000] {dag.py:4180} INFO - Setting next_dagrun for example_subdag_operator.section-1 to None, run_after=None
[2025-03-18T19:25:36.801+0000] {logging_mixin.py:190} INFO - [2025-03-18T19:25:36.801+0000] {dag.py:4180} INFO - Setting next_dagrun for example_subdag_operator.section-2 to None, run_after=None
[2025-03-18T19:25:36.809+0000] {processor.py:208} INFO - Processing /home/airflow/.local/lib/python3.12/site-packages/airflow/example_dags/example_subdag_operator.py took 0.087 seconds
[2025-03-18T19:26:07.343+0000] {processor.py:186} INFO - Started process (PID=3666) to work on /home/airflow/.local/lib/python3.12/site-packages/airflow/example_dags/example_subdag_operator.py
[2025-03-18T19:26:07.344+0000] {processor.py:914} INFO - Processing file /home/airflow/.local/lib/python3.12/site-packages/airflow/example_dags/example_subdag_operator.py for tasks to queue
[2025-03-18T19:26:07.346+0000] {logging_mixin.py:190} INFO - [2025-03-18T19:26:07.346+0000] {dagbag.py:588} INFO - Filling up the DagBag from /home/airflow/.local/lib/python3.12/site-packages/airflow/example_dags/example_subdag_operator.py
[2025-03-18T19:26:07.369+0000] {processor.py:925} INFO - DAG(s) 'example_subdag_operator.section-1', 'example_subdag_operator.section-2', 'example_subdag_operator' retrieved from /home/airflow/.local/lib/python3.12/site-packages/airflow/example_dags/example_subdag_operator.py
[2025-03-18T19:26:07.383+0000] {logging_mixin.py:190} INFO - [2025-03-18T19:26:07.383+0000] {dag.py:3239} INFO - Sync 3 DAGs
[2025-03-18T19:26:07.402+0000] {logging_mixin.py:190} INFO - [2025-03-18T19:26:07.402+0000] {dag.py:4180} INFO - Setting next_dagrun for example_subdag_operator to 2022-01-01 00:00:00+00:00, run_after=2022-01-01 00:00:00+00:00
[2025-03-18T19:26:07.405+0000] {logging_mixin.py:190} INFO - [2025-03-18T19:26:07.404+0000] {dag.py:4180} INFO - Setting next_dagrun for example_subdag_operator.section-1 to None, run_after=None
[2025-03-18T19:26:07.406+0000] {logging_mixin.py:190} INFO - [2025-03-18T19:26:07.405+0000] {dag.py:4180} INFO - Setting next_dagrun for example_subdag_operator.section-2 to None, run_after=None
[2025-03-18T19:26:07.411+0000] {logging_mixin.py:190} INFO - [2025-03-18T19:26:07.411+0000] {dag.py:3239} INFO - Sync 2 DAGs
[2025-03-18T19:26:07.415+0000] {logging_mixin.py:190} INFO - [2025-03-18T19:26:07.415+0000] {dag.py:4180} INFO - Setting next_dagrun for example_subdag_operator.section-1 to None, run_after=None
[2025-03-18T19:26:07.415+0000] {logging_mixin.py:190} INFO - [2025-03-18T19:26:07.415+0000] {dag.py:4180} INFO - Setting next_dagrun for example_subdag_operator.section-2 to None, run_after=None
[2025-03-18T19:26:07.423+0000] {processor.py:208} INFO - Processing /home/airflow/.local/lib/python3.12/site-packages/airflow/example_dags/example_subdag_operator.py took 0.085 seconds
[2025-03-18T19:26:37.897+0000] {processor.py:186} INFO - Started process (PID=3730) to work on /home/airflow/.local/lib/python3.12/site-packages/airflow/example_dags/example_subdag_operator.py
[2025-03-18T19:26:37.898+0000] {processor.py:914} INFO - Processing file /home/airflow/.local/lib/python3.12/site-packages/airflow/example_dags/example_subdag_operator.py for tasks to queue
[2025-03-18T19:26:37.900+0000] {logging_mixin.py:190} INFO - [2025-03-18T19:26:37.900+0000] {dagbag.py:588} INFO - Filling up the DagBag from /home/airflow/.local/lib/python3.12/site-packages/airflow/example_dags/example_subdag_operator.py
[2025-03-18T19:26:37.921+0000] {processor.py:925} INFO - DAG(s) 'example_subdag_operator.section-1', 'example_subdag_operator.section-2', 'example_subdag_operator' retrieved from /home/airflow/.local/lib/python3.12/site-packages/airflow/example_dags/example_subdag_operator.py
[2025-03-18T19:26:37.933+0000] {logging_mixin.py:190} INFO - [2025-03-18T19:26:37.933+0000] {dag.py:3239} INFO - Sync 3 DAGs
[2025-03-18T19:26:37.951+0000] {logging_mixin.py:190} INFO - [2025-03-18T19:26:37.951+0000] {dag.py:4180} INFO - Setting next_dagrun for example_subdag_operator to 2022-01-01 00:00:00+00:00, run_after=2022-01-01 00:00:00+00:00
[2025-03-18T19:26:37.954+0000] {logging_mixin.py:190} INFO - [2025-03-18T19:26:37.953+0000] {dag.py:4180} INFO - Setting next_dagrun for example_subdag_operator.section-1 to None, run_after=None
[2025-03-18T19:26:37.955+0000] {logging_mixin.py:190} INFO - [2025-03-18T19:26:37.954+0000] {dag.py:4180} INFO - Setting next_dagrun for example_subdag_operator.section-2 to None, run_after=None
[2025-03-18T19:26:37.960+0000] {logging_mixin.py:190} INFO - [2025-03-18T19:26:37.960+0000] {dag.py:3239} INFO - Sync 2 DAGs
[2025-03-18T19:26:37.964+0000] {logging_mixin.py:190} INFO - [2025-03-18T19:26:37.963+0000] {dag.py:4180} INFO - Setting next_dagrun for example_subdag_operator.section-1 to None, run_after=None
[2025-03-18T19:26:37.964+0000] {logging_mixin.py:190} INFO - [2025-03-18T19:26:37.964+0000] {dag.py:4180} INFO - Setting next_dagrun for example_subdag_operator.section-2 to None, run_after=None
[2025-03-18T19:26:37.972+0000] {processor.py:208} INFO - Processing /home/airflow/.local/lib/python3.12/site-packages/airflow/example_dags/example_subdag_operator.py took 0.081 seconds
[2025-03-18T19:27:08.381+0000] {processor.py:186} INFO - Started process (PID=3794) to work on /home/airflow/.local/lib/python3.12/site-packages/airflow/example_dags/example_subdag_operator.py
[2025-03-18T19:27:08.381+0000] {processor.py:914} INFO - Processing file /home/airflow/.local/lib/python3.12/site-packages/airflow/example_dags/example_subdag_operator.py for tasks to queue
[2025-03-18T19:27:08.383+0000] {logging_mixin.py:190} INFO - [2025-03-18T19:27:08.383+0000] {dagbag.py:588} INFO - Filling up the DagBag from /home/airflow/.local/lib/python3.12/site-packages/airflow/example_dags/example_subdag_operator.py
[2025-03-18T19:27:08.404+0000] {processor.py:925} INFO - DAG(s) 'example_subdag_operator.section-1', 'example_subdag_operator.section-2', 'example_subdag_operator' retrieved from /home/airflow/.local/lib/python3.12/site-packages/airflow/example_dags/example_subdag_operator.py
[2025-03-18T19:27:08.416+0000] {logging_mixin.py:190} INFO - [2025-03-18T19:27:08.416+0000] {dag.py:3239} INFO - Sync 3 DAGs
[2025-03-18T19:27:08.434+0000] {logging_mixin.py:190} INFO - [2025-03-18T19:27:08.434+0000] {dag.py:4180} INFO - Setting next_dagrun for example_subdag_operator to 2022-01-01 00:00:00+00:00, run_after=2022-01-01 00:00:00+00:00
[2025-03-18T19:27:08.437+0000] {logging_mixin.py:190} INFO - [2025-03-18T19:27:08.437+0000] {dag.py:4180} INFO - Setting next_dagrun for example_subdag_operator.section-1 to None, run_after=None
[2025-03-18T19:27:08.438+0000] {logging_mixin.py:190} INFO - [2025-03-18T19:27:08.438+0000] {dag.py:4180} INFO - Setting next_dagrun for example_subdag_operator.section-2 to None, run_after=None
[2025-03-18T19:27:08.443+0000] {logging_mixin.py:190} INFO - [2025-03-18T19:27:08.443+0000] {dag.py:3239} INFO - Sync 2 DAGs
[2025-03-18T19:27:08.448+0000] {logging_mixin.py:190} INFO - [2025-03-18T19:27:08.447+0000] {dag.py:4180} INFO - Setting next_dagrun for example_subdag_operator.section-1 to None, run_after=None
[2025-03-18T19:27:08.448+0000] {logging_mixin.py:190} INFO - [2025-03-18T19:27:08.448+0000] {dag.py:4180} INFO - Setting next_dagrun for example_subdag_operator.section-2 to None, run_after=None
[2025-03-18T19:27:08.455+0000] {processor.py:208} INFO - Processing /home/airflow/.local/lib/python3.12/site-packages/airflow/example_dags/example_subdag_operator.py took 0.080 seconds
[2025-03-18T19:27:39.074+0000] {processor.py:186} INFO - Started process (PID=3858) to work on /home/airflow/.local/lib/python3.12/site-packages/airflow/example_dags/example_subdag_operator.py
[2025-03-18T19:27:39.075+0000] {processor.py:914} INFO - Processing file /home/airflow/.local/lib/python3.12/site-packages/airflow/example_dags/example_subdag_operator.py for tasks to queue
[2025-03-18T19:27:39.076+0000] {logging_mixin.py:190} INFO - [2025-03-18T19:27:39.076+0000] {dagbag.py:588} INFO - Filling up the DagBag from /home/airflow/.local/lib/python3.12/site-packages/airflow/example_dags/example_subdag_operator.py
[2025-03-18T19:27:39.098+0000] {processor.py:925} INFO - DAG(s) 'example_subdag_operator.section-1', 'example_subdag_operator.section-2', 'example_subdag_operator' retrieved from /home/airflow/.local/lib/python3.12/site-packages/airflow/example_dags/example_subdag_operator.py
[2025-03-18T19:27:39.110+0000] {logging_mixin.py:190} INFO - [2025-03-18T19:27:39.110+0000] {dag.py:3239} INFO - Sync 3 DAGs
[2025-03-18T19:27:39.130+0000] {logging_mixin.py:190} INFO - [2025-03-18T19:27:39.130+0000] {dag.py:4180} INFO - Setting next_dagrun for example_subdag_operator to 2022-01-01 00:00:00+00:00, run_after=2022-01-01 00:00:00+00:00
[2025-03-18T19:27:39.134+0000] {logging_mixin.py:190} INFO - [2025-03-18T19:27:39.133+0000] {dag.py:4180} INFO - Setting next_dagrun for example_subdag_operator.section-1 to None, run_after=None
[2025-03-18T19:27:39.135+0000] {logging_mixin.py:190} INFO - [2025-03-18T19:27:39.135+0000] {dag.py:4180} INFO - Setting next_dagrun for example_subdag_operator.section-2 to None, run_after=None
[2025-03-18T19:27:39.141+0000] {logging_mixin.py:190} INFO - [2025-03-18T19:27:39.141+0000] {dag.py:3239} INFO - Sync 2 DAGs
[2025-03-18T19:27:39.146+0000] {logging_mixin.py:190} INFO - [2025-03-18T19:27:39.146+0000] {dag.py:4180} INFO - Setting next_dagrun for example_subdag_operator.section-1 to None, run_after=None
[2025-03-18T19:27:39.146+0000] {logging_mixin.py:190} INFO - [2025-03-18T19:27:39.146+0000] {dag.py:4180} INFO - Setting next_dagrun for example_subdag_operator.section-2 to None, run_after=None
[2025-03-18T19:27:39.156+0000] {processor.py:208} INFO - Processing /home/airflow/.local/lib/python3.12/site-packages/airflow/example_dags/example_subdag_operator.py took 0.087 seconds
[2025-03-18T19:28:10.054+0000] {processor.py:186} INFO - Started process (PID=3923) to work on /home/airflow/.local/lib/python3.12/site-packages/airflow/example_dags/example_subdag_operator.py
[2025-03-18T19:28:10.055+0000] {processor.py:914} INFO - Processing file /home/airflow/.local/lib/python3.12/site-packages/airflow/example_dags/example_subdag_operator.py for tasks to queue
[2025-03-18T19:28:10.057+0000] {logging_mixin.py:190} INFO - [2025-03-18T19:28:10.056+0000] {dagbag.py:588} INFO - Filling up the DagBag from /home/airflow/.local/lib/python3.12/site-packages/airflow/example_dags/example_subdag_operator.py
[2025-03-18T19:28:10.078+0000] {processor.py:925} INFO - DAG(s) 'example_subdag_operator.section-1', 'example_subdag_operator.section-2', 'example_subdag_operator' retrieved from /home/airflow/.local/lib/python3.12/site-packages/airflow/example_dags/example_subdag_operator.py
[2025-03-18T19:28:10.091+0000] {logging_mixin.py:190} INFO - [2025-03-18T19:28:10.091+0000] {dag.py:3239} INFO - Sync 3 DAGs
[2025-03-18T19:28:10.110+0000] {logging_mixin.py:190} INFO - [2025-03-18T19:28:10.109+0000] {dag.py:4180} INFO - Setting next_dagrun for example_subdag_operator to 2022-01-01 00:00:00+00:00, run_after=2022-01-01 00:00:00+00:00
[2025-03-18T19:28:10.112+0000] {logging_mixin.py:190} INFO - [2025-03-18T19:28:10.112+0000] {dag.py:4180} INFO - Setting next_dagrun for example_subdag_operator.section-1 to None, run_after=None
[2025-03-18T19:28:10.113+0000] {logging_mixin.py:190} INFO - [2025-03-18T19:28:10.113+0000] {dag.py:4180} INFO - Setting next_dagrun for example_subdag_operator.section-2 to None, run_after=None
[2025-03-18T19:28:10.119+0000] {logging_mixin.py:190} INFO - [2025-03-18T19:28:10.119+0000] {dag.py:3239} INFO - Sync 2 DAGs
[2025-03-18T19:28:10.123+0000] {logging_mixin.py:190} INFO - [2025-03-18T19:28:10.123+0000] {dag.py:4180} INFO - Setting next_dagrun for example_subdag_operator.section-1 to None, run_after=None
[2025-03-18T19:28:10.123+0000] {logging_mixin.py:190} INFO - [2025-03-18T19:28:10.123+0000] {dag.py:4180} INFO - Setting next_dagrun for example_subdag_operator.section-2 to None, run_after=None
[2025-03-18T19:28:10.133+0000] {processor.py:208} INFO - Processing /home/airflow/.local/lib/python3.12/site-packages/airflow/example_dags/example_subdag_operator.py took 0.084 seconds
[2025-03-18T19:28:41.073+0000] {processor.py:186} INFO - Started process (PID=3993) to work on /home/airflow/.local/lib/python3.12/site-packages/airflow/example_dags/example_subdag_operator.py
[2025-03-18T19:28:41.074+0000] {processor.py:914} INFO - Processing file /home/airflow/.local/lib/python3.12/site-packages/airflow/example_dags/example_subdag_operator.py for tasks to queue
[2025-03-18T19:28:41.076+0000] {logging_mixin.py:190} INFO - [2025-03-18T19:28:41.075+0000] {dagbag.py:588} INFO - Filling up the DagBag from /home/airflow/.local/lib/python3.12/site-packages/airflow/example_dags/example_subdag_operator.py
[2025-03-18T19:28:41.096+0000] {processor.py:925} INFO - DAG(s) 'example_subdag_operator.section-1', 'example_subdag_operator.section-2', 'example_subdag_operator' retrieved from /home/airflow/.local/lib/python3.12/site-packages/airflow/example_dags/example_subdag_operator.py
[2025-03-18T19:28:41.107+0000] {logging_mixin.py:190} INFO - [2025-03-18T19:28:41.107+0000] {dag.py:3239} INFO - Sync 3 DAGs
[2025-03-18T19:28:41.124+0000] {logging_mixin.py:190} INFO - [2025-03-18T19:28:41.124+0000] {dag.py:4180} INFO - Setting next_dagrun for example_subdag_operator to 2022-01-01 00:00:00+00:00, run_after=2022-01-01 00:00:00+00:00
[2025-03-18T19:28:41.127+0000] {logging_mixin.py:190} INFO - [2025-03-18T19:28:41.127+0000] {dag.py:4180} INFO - Setting next_dagrun for example_subdag_operator.section-1 to None, run_after=None
[2025-03-18T19:28:41.129+0000] {logging_mixin.py:190} INFO - [2025-03-18T19:28:41.129+0000] {dag.py:4180} INFO - Setting next_dagrun for example_subdag_operator.section-2 to None, run_after=None
[2025-03-18T19:28:41.134+0000] {logging_mixin.py:190} INFO - [2025-03-18T19:28:41.134+0000] {dag.py:3239} INFO - Sync 2 DAGs
[2025-03-18T19:28:41.139+0000] {logging_mixin.py:190} INFO - [2025-03-18T19:28:41.139+0000] {dag.py:4180} INFO - Setting next_dagrun for example_subdag_operator.section-1 to None, run_after=None
[2025-03-18T19:28:41.139+0000] {logging_mixin.py:190} INFO - [2025-03-18T19:28:41.139+0000] {dag.py:4180} INFO - Setting next_dagrun for example_subdag_operator.section-2 to None, run_after=None
[2025-03-18T19:28:41.147+0000] {processor.py:208} INFO - Processing /home/airflow/.local/lib/python3.12/site-packages/airflow/example_dags/example_subdag_operator.py took 0.079 seconds
[2025-03-18T19:29:11.996+0000] {processor.py:186} INFO - Started process (PID=4057) to work on /home/airflow/.local/lib/python3.12/site-packages/airflow/example_dags/example_subdag_operator.py
[2025-03-18T19:29:11.997+0000] {processor.py:914} INFO - Processing file /home/airflow/.local/lib/python3.12/site-packages/airflow/example_dags/example_subdag_operator.py for tasks to queue
[2025-03-18T19:29:11.999+0000] {logging_mixin.py:190} INFO - [2025-03-18T19:29:11.999+0000] {dagbag.py:588} INFO - Filling up the DagBag from /home/airflow/.local/lib/python3.12/site-packages/airflow/example_dags/example_subdag_operator.py
[2025-03-18T19:29:12.022+0000] {processor.py:925} INFO - DAG(s) 'example_subdag_operator.section-1', 'example_subdag_operator.section-2', 'example_subdag_operator' retrieved from /home/airflow/.local/lib/python3.12/site-packages/airflow/example_dags/example_subdag_operator.py
[2025-03-18T19:29:12.034+0000] {logging_mixin.py:190} INFO - [2025-03-18T19:29:12.034+0000] {dag.py:3239} INFO - Sync 3 DAGs
[2025-03-18T19:29:12.055+0000] {logging_mixin.py:190} INFO - [2025-03-18T19:29:12.055+0000] {dag.py:4180} INFO - Setting next_dagrun for example_subdag_operator to 2022-01-01 00:00:00+00:00, run_after=2022-01-01 00:00:00+00:00
[2025-03-18T19:29:12.058+0000] {logging_mixin.py:190} INFO - [2025-03-18T19:29:12.058+0000] {dag.py:4180} INFO - Setting next_dagrun for example_subdag_operator.section-1 to None, run_after=None
[2025-03-18T19:29:12.059+0000] {logging_mixin.py:190} INFO - [2025-03-18T19:29:12.059+0000] {dag.py:4180} INFO - Setting next_dagrun for example_subdag_operator.section-2 to None, run_after=None
[2025-03-18T19:29:12.065+0000] {logging_mixin.py:190} INFO - [2025-03-18T19:29:12.064+0000] {dag.py:3239} INFO - Sync 2 DAGs
[2025-03-18T19:29:12.069+0000] {logging_mixin.py:190} INFO - [2025-03-18T19:29:12.068+0000] {dag.py:4180} INFO - Setting next_dagrun for example_subdag_operator.section-1 to None, run_after=None
[2025-03-18T19:29:12.069+0000] {logging_mixin.py:190} INFO - [2025-03-18T19:29:12.069+0000] {dag.py:4180} INFO - Setting next_dagrun for example_subdag_operator.section-2 to None, run_after=None
[2025-03-18T19:29:12.076+0000] {processor.py:208} INFO - Processing /home/airflow/.local/lib/python3.12/site-packages/airflow/example_dags/example_subdag_operator.py took 0.085 seconds
[2025-03-18T19:29:42.876+0000] {processor.py:186} INFO - Started process (PID=4121) to work on /home/airflow/.local/lib/python3.12/site-packages/airflow/example_dags/example_subdag_operator.py
[2025-03-18T19:29:42.877+0000] {processor.py:914} INFO - Processing file /home/airflow/.local/lib/python3.12/site-packages/airflow/example_dags/example_subdag_operator.py for tasks to queue
[2025-03-18T19:29:42.879+0000] {logging_mixin.py:190} INFO - [2025-03-18T19:29:42.879+0000] {dagbag.py:588} INFO - Filling up the DagBag from /home/airflow/.local/lib/python3.12/site-packages/airflow/example_dags/example_subdag_operator.py
[2025-03-18T19:29:42.902+0000] {processor.py:925} INFO - DAG(s) 'example_subdag_operator.section-1', 'example_subdag_operator.section-2', 'example_subdag_operator' retrieved from /home/airflow/.local/lib/python3.12/site-packages/airflow/example_dags/example_subdag_operator.py
[2025-03-18T19:29:42.914+0000] {logging_mixin.py:190} INFO - [2025-03-18T19:29:42.914+0000] {dag.py:3239} INFO - Sync 3 DAGs
[2025-03-18T19:29:42.932+0000] {logging_mixin.py:190} INFO - [2025-03-18T19:29:42.932+0000] {dag.py:4180} INFO - Setting next_dagrun for example_subdag_operator to 2022-01-01 00:00:00+00:00, run_after=2022-01-01 00:00:00+00:00
[2025-03-18T19:29:42.935+0000] {logging_mixin.py:190} INFO - [2025-03-18T19:29:42.935+0000] {dag.py:4180} INFO - Setting next_dagrun for example_subdag_operator.section-1 to None, run_after=None
[2025-03-18T19:29:42.936+0000] {logging_mixin.py:190} INFO - [2025-03-18T19:29:42.936+0000] {dag.py:4180} INFO - Setting next_dagrun for example_subdag_operator.section-2 to None, run_after=None
[2025-03-18T19:29:42.942+0000] {logging_mixin.py:190} INFO - [2025-03-18T19:29:42.942+0000] {dag.py:3239} INFO - Sync 2 DAGs
[2025-03-18T19:29:42.946+0000] {logging_mixin.py:190} INFO - [2025-03-18T19:29:42.946+0000] {dag.py:4180} INFO - Setting next_dagrun for example_subdag_operator.section-1 to None, run_after=None
[2025-03-18T19:29:42.946+0000] {logging_mixin.py:190} INFO - [2025-03-18T19:29:42.946+0000] {dag.py:4180} INFO - Setting next_dagrun for example_subdag_operator.section-2 to None, run_after=None
[2025-03-18T19:29:42.956+0000] {processor.py:208} INFO - Processing /home/airflow/.local/lib/python3.12/site-packages/airflow/example_dags/example_subdag_operator.py took 0.086 seconds
[2025-03-18T19:30:13.709+0000] {processor.py:186} INFO - Started process (PID=4185) to work on /home/airflow/.local/lib/python3.12/site-packages/airflow/example_dags/example_subdag_operator.py
[2025-03-18T19:30:13.710+0000] {processor.py:914} INFO - Processing file /home/airflow/.local/lib/python3.12/site-packages/airflow/example_dags/example_subdag_operator.py for tasks to queue
[2025-03-18T19:30:13.712+0000] {logging_mixin.py:190} INFO - [2025-03-18T19:30:13.711+0000] {dagbag.py:588} INFO - Filling up the DagBag from /home/airflow/.local/lib/python3.12/site-packages/airflow/example_dags/example_subdag_operator.py
[2025-03-18T19:30:13.732+0000] {processor.py:925} INFO - DAG(s) 'example_subdag_operator.section-1', 'example_subdag_operator.section-2', 'example_subdag_operator' retrieved from /home/airflow/.local/lib/python3.12/site-packages/airflow/example_dags/example_subdag_operator.py
[2025-03-18T19:30:13.744+0000] {logging_mixin.py:190} INFO - [2025-03-18T19:30:13.744+0000] {dag.py:3239} INFO - Sync 3 DAGs
[2025-03-18T19:30:13.761+0000] {logging_mixin.py:190} INFO - [2025-03-18T19:30:13.761+0000] {dag.py:4180} INFO - Setting next_dagrun for example_subdag_operator to 2022-01-01 00:00:00+00:00, run_after=2022-01-01 00:00:00+00:00
[2025-03-18T19:30:13.764+0000] {logging_mixin.py:190} INFO - [2025-03-18T19:30:13.764+0000] {dag.py:4180} INFO - Setting next_dagrun for example_subdag_operator.section-1 to None, run_after=None
[2025-03-18T19:30:13.765+0000] {logging_mixin.py:190} INFO - [2025-03-18T19:30:13.765+0000] {dag.py:4180} INFO - Setting next_dagrun for example_subdag_operator.section-2 to None, run_after=None
[2025-03-18T19:30:13.771+0000] {logging_mixin.py:190} INFO - [2025-03-18T19:30:13.770+0000] {dag.py:3239} INFO - Sync 2 DAGs
[2025-03-18T19:30:13.774+0000] {logging_mixin.py:190} INFO - [2025-03-18T19:30:13.774+0000] {dag.py:4180} INFO - Setting next_dagrun for example_subdag_operator.section-1 to None, run_after=None
[2025-03-18T19:30:13.775+0000] {logging_mixin.py:190} INFO - [2025-03-18T19:30:13.775+0000] {dag.py:4180} INFO - Setting next_dagrun for example_subdag_operator.section-2 to None, run_after=None
[2025-03-18T19:30:13.782+0000] {processor.py:208} INFO - Processing /home/airflow/.local/lib/python3.12/site-packages/airflow/example_dags/example_subdag_operator.py took 0.078 seconds
[2025-03-18T19:36:54.946+0000] {processor.py:186} INFO - Started process (PID=5017) to work on /home/airflow/.local/lib/python3.12/site-packages/airflow/example_dags/example_subdag_operator.py
[2025-03-18T19:36:54.947+0000] {processor.py:914} INFO - Processing file /home/airflow/.local/lib/python3.12/site-packages/airflow/example_dags/example_subdag_operator.py for tasks to queue
[2025-03-18T19:36:54.949+0000] {logging_mixin.py:190} INFO - [2025-03-18T19:36:54.949+0000] {dagbag.py:588} INFO - Filling up the DagBag from /home/airflow/.local/lib/python3.12/site-packages/airflow/example_dags/example_subdag_operator.py
[2025-03-18T19:36:54.971+0000] {processor.py:925} INFO - DAG(s) 'example_subdag_operator.section-1', 'example_subdag_operator.section-2', 'example_subdag_operator' retrieved from /home/airflow/.local/lib/python3.12/site-packages/airflow/example_dags/example_subdag_operator.py
[2025-03-18T19:36:54.983+0000] {logging_mixin.py:190} INFO - [2025-03-18T19:36:54.983+0000] {dag.py:3239} INFO - Sync 3 DAGs
[2025-03-18T19:36:55.001+0000] {logging_mixin.py:190} INFO - [2025-03-18T19:36:55.001+0000] {dag.py:4180} INFO - Setting next_dagrun for example_subdag_operator to 2022-01-01 00:00:00+00:00, run_after=2022-01-01 00:00:00+00:00
[2025-03-18T19:36:55.004+0000] {logging_mixin.py:190} INFO - [2025-03-18T19:36:55.004+0000] {dag.py:4180} INFO - Setting next_dagrun for example_subdag_operator.section-1 to None, run_after=None
[2025-03-18T19:36:55.005+0000] {logging_mixin.py:190} INFO - [2025-03-18T19:36:55.005+0000] {dag.py:4180} INFO - Setting next_dagrun for example_subdag_operator.section-2 to None, run_after=None
[2025-03-18T19:36:55.010+0000] {logging_mixin.py:190} INFO - [2025-03-18T19:36:55.010+0000] {dag.py:3239} INFO - Sync 2 DAGs
[2025-03-18T19:36:55.014+0000] {logging_mixin.py:190} INFO - [2025-03-18T19:36:55.014+0000] {dag.py:4180} INFO - Setting next_dagrun for example_subdag_operator.section-1 to None, run_after=None
[2025-03-18T19:36:55.014+0000] {logging_mixin.py:190} INFO - [2025-03-18T19:36:55.014+0000] {dag.py:4180} INFO - Setting next_dagrun for example_subdag_operator.section-2 to None, run_after=None
[2025-03-18T19:36:55.022+0000] {processor.py:208} INFO - Processing /home/airflow/.local/lib/python3.12/site-packages/airflow/example_dags/example_subdag_operator.py took 0.081 seconds
[2025-03-18T19:37:25.711+0000] {processor.py:186} INFO - Started process (PID=5081) to work on /home/airflow/.local/lib/python3.12/site-packages/airflow/example_dags/example_subdag_operator.py
[2025-03-18T19:37:25.712+0000] {processor.py:914} INFO - Processing file /home/airflow/.local/lib/python3.12/site-packages/airflow/example_dags/example_subdag_operator.py for tasks to queue
[2025-03-18T19:37:25.714+0000] {logging_mixin.py:190} INFO - [2025-03-18T19:37:25.713+0000] {dagbag.py:588} INFO - Filling up the DagBag from /home/airflow/.local/lib/python3.12/site-packages/airflow/example_dags/example_subdag_operator.py
[2025-03-18T19:37:25.736+0000] {processor.py:925} INFO - DAG(s) 'example_subdag_operator.section-1', 'example_subdag_operator.section-2', 'example_subdag_operator' retrieved from /home/airflow/.local/lib/python3.12/site-packages/airflow/example_dags/example_subdag_operator.py
[2025-03-18T19:37:25.748+0000] {logging_mixin.py:190} INFO - [2025-03-18T19:37:25.747+0000] {dag.py:3239} INFO - Sync 3 DAGs
[2025-03-18T19:37:25.766+0000] {logging_mixin.py:190} INFO - [2025-03-18T19:37:25.766+0000] {dag.py:4180} INFO - Setting next_dagrun for example_subdag_operator to 2022-01-01 00:00:00+00:00, run_after=2022-01-01 00:00:00+00:00
[2025-03-18T19:37:25.768+0000] {logging_mixin.py:190} INFO - [2025-03-18T19:37:25.768+0000] {dag.py:4180} INFO - Setting next_dagrun for example_subdag_operator.section-1 to None, run_after=None
[2025-03-18T19:37:25.769+0000] {logging_mixin.py:190} INFO - [2025-03-18T19:37:25.769+0000] {dag.py:4180} INFO - Setting next_dagrun for example_subdag_operator.section-2 to None, run_after=None
[2025-03-18T19:37:25.775+0000] {logging_mixin.py:190} INFO - [2025-03-18T19:37:25.774+0000] {dag.py:3239} INFO - Sync 2 DAGs
[2025-03-18T19:37:25.778+0000] {logging_mixin.py:190} INFO - [2025-03-18T19:37:25.778+0000] {dag.py:4180} INFO - Setting next_dagrun for example_subdag_operator.section-1 to None, run_after=None
[2025-03-18T19:37:25.779+0000] {logging_mixin.py:190} INFO - [2025-03-18T19:37:25.778+0000] {dag.py:4180} INFO - Setting next_dagrun for example_subdag_operator.section-2 to None, run_after=None
[2025-03-18T19:37:25.786+0000] {processor.py:208} INFO - Processing /home/airflow/.local/lib/python3.12/site-packages/airflow/example_dags/example_subdag_operator.py took 0.080 seconds
[2025-03-18T19:37:56.417+0000] {processor.py:186} INFO - Started process (PID=5145) to work on /home/airflow/.local/lib/python3.12/site-packages/airflow/example_dags/example_subdag_operator.py
[2025-03-18T19:37:56.418+0000] {processor.py:914} INFO - Processing file /home/airflow/.local/lib/python3.12/site-packages/airflow/example_dags/example_subdag_operator.py for tasks to queue
[2025-03-18T19:37:56.420+0000] {logging_mixin.py:190} INFO - [2025-03-18T19:37:56.419+0000] {dagbag.py:588} INFO - Filling up the DagBag from /home/airflow/.local/lib/python3.12/site-packages/airflow/example_dags/example_subdag_operator.py
[2025-03-18T19:37:56.440+0000] {processor.py:925} INFO - DAG(s) 'example_subdag_operator.section-1', 'example_subdag_operator.section-2', 'example_subdag_operator' retrieved from /home/airflow/.local/lib/python3.12/site-packages/airflow/example_dags/example_subdag_operator.py
[2025-03-18T19:37:56.450+0000] {logging_mixin.py:190} INFO - [2025-03-18T19:37:56.450+0000] {dag.py:3239} INFO - Sync 3 DAGs
[2025-03-18T19:37:56.468+0000] {logging_mixin.py:190} INFO - [2025-03-18T19:37:56.468+0000] {dag.py:4180} INFO - Setting next_dagrun for example_subdag_operator to 2022-01-01 00:00:00+00:00, run_after=2022-01-01 00:00:00+00:00
[2025-03-18T19:37:56.471+0000] {logging_mixin.py:190} INFO - [2025-03-18T19:37:56.471+0000] {dag.py:4180} INFO - Setting next_dagrun for example_subdag_operator.section-1 to None, run_after=None
[2025-03-18T19:37:56.472+0000] {logging_mixin.py:190} INFO - [2025-03-18T19:37:56.471+0000] {dag.py:4180} INFO - Setting next_dagrun for example_subdag_operator.section-2 to None, run_after=None
[2025-03-18T19:37:56.476+0000] {logging_mixin.py:190} INFO - [2025-03-18T19:37:56.476+0000] {dag.py:3239} INFO - Sync 2 DAGs
[2025-03-18T19:37:56.479+0000] {logging_mixin.py:190} INFO - [2025-03-18T19:37:56.479+0000] {dag.py:4180} INFO - Setting next_dagrun for example_subdag_operator.section-1 to None, run_after=None
[2025-03-18T19:37:56.480+0000] {logging_mixin.py:190} INFO - [2025-03-18T19:37:56.480+0000] {dag.py:4180} INFO - Setting next_dagrun for example_subdag_operator.section-2 to None, run_after=None
[2025-03-18T19:37:56.487+0000] {processor.py:208} INFO - Processing /home/airflow/.local/lib/python3.12/site-packages/airflow/example_dags/example_subdag_operator.py took 0.075 seconds
[2025-03-18T19:38:27.147+0000] {processor.py:186} INFO - Started process (PID=5209) to work on /home/airflow/.local/lib/python3.12/site-packages/airflow/example_dags/example_subdag_operator.py
[2025-03-18T19:38:27.148+0000] {processor.py:914} INFO - Processing file /home/airflow/.local/lib/python3.12/site-packages/airflow/example_dags/example_subdag_operator.py for tasks to queue
[2025-03-18T19:38:27.150+0000] {logging_mixin.py:190} INFO - [2025-03-18T19:38:27.149+0000] {dagbag.py:588} INFO - Filling up the DagBag from /home/airflow/.local/lib/python3.12/site-packages/airflow/example_dags/example_subdag_operator.py
[2025-03-18T19:38:27.171+0000] {processor.py:925} INFO - DAG(s) 'example_subdag_operator.section-1', 'example_subdag_operator.section-2', 'example_subdag_operator' retrieved from /home/airflow/.local/lib/python3.12/site-packages/airflow/example_dags/example_subdag_operator.py
[2025-03-18T19:38:27.184+0000] {logging_mixin.py:190} INFO - [2025-03-18T19:38:27.184+0000] {dag.py:3239} INFO - Sync 3 DAGs
[2025-03-18T19:38:27.203+0000] {logging_mixin.py:190} INFO - [2025-03-18T19:38:27.203+0000] {dag.py:4180} INFO - Setting next_dagrun for example_subdag_operator to 2022-01-01 00:00:00+00:00, run_after=2022-01-01 00:00:00+00:00
[2025-03-18T19:38:27.206+0000] {logging_mixin.py:190} INFO - [2025-03-18T19:38:27.206+0000] {dag.py:4180} INFO - Setting next_dagrun for example_subdag_operator.section-1 to None, run_after=None
[2025-03-18T19:38:27.207+0000] {logging_mixin.py:190} INFO - [2025-03-18T19:38:27.207+0000] {dag.py:4180} INFO - Setting next_dagrun for example_subdag_operator.section-2 to None, run_after=None
[2025-03-18T19:38:27.213+0000] {logging_mixin.py:190} INFO - [2025-03-18T19:38:27.212+0000] {dag.py:3239} INFO - Sync 2 DAGs
[2025-03-18T19:38:27.218+0000] {logging_mixin.py:190} INFO - [2025-03-18T19:38:27.218+0000] {dag.py:4180} INFO - Setting next_dagrun for example_subdag_operator.section-1 to None, run_after=None
[2025-03-18T19:38:27.218+0000] {logging_mixin.py:190} INFO - [2025-03-18T19:38:27.218+0000] {dag.py:4180} INFO - Setting next_dagrun for example_subdag_operator.section-2 to None, run_after=None
[2025-03-18T19:38:27.226+0000] {processor.py:208} INFO - Processing /home/airflow/.local/lib/python3.12/site-packages/airflow/example_dags/example_subdag_operator.py took 0.084 seconds
[2025-03-18T19:38:58.035+0000] {processor.py:186} INFO - Started process (PID=5273) to work on /home/airflow/.local/lib/python3.12/site-packages/airflow/example_dags/example_subdag_operator.py
[2025-03-18T19:38:58.036+0000] {processor.py:914} INFO - Processing file /home/airflow/.local/lib/python3.12/site-packages/airflow/example_dags/example_subdag_operator.py for tasks to queue
[2025-03-18T19:38:58.038+0000] {logging_mixin.py:190} INFO - [2025-03-18T19:38:58.038+0000] {dagbag.py:588} INFO - Filling up the DagBag from /home/airflow/.local/lib/python3.12/site-packages/airflow/example_dags/example_subdag_operator.py
[2025-03-18T19:38:58.059+0000] {processor.py:925} INFO - DAG(s) 'example_subdag_operator.section-1', 'example_subdag_operator.section-2', 'example_subdag_operator' retrieved from /home/airflow/.local/lib/python3.12/site-packages/airflow/example_dags/example_subdag_operator.py
[2025-03-18T19:38:58.070+0000] {logging_mixin.py:190} INFO - [2025-03-18T19:38:58.070+0000] {dag.py:3239} INFO - Sync 3 DAGs
[2025-03-18T19:38:58.087+0000] {logging_mixin.py:190} INFO - [2025-03-18T19:38:58.087+0000] {dag.py:4180} INFO - Setting next_dagrun for example_subdag_operator to 2022-01-01 00:00:00+00:00, run_after=2022-01-01 00:00:00+00:00
[2025-03-18T19:38:58.090+0000] {logging_mixin.py:190} INFO - [2025-03-18T19:38:58.090+0000] {dag.py:4180} INFO - Setting next_dagrun for example_subdag_operator.section-1 to None, run_after=None
[2025-03-18T19:38:58.091+0000] {logging_mixin.py:190} INFO - [2025-03-18T19:38:58.091+0000] {dag.py:4180} INFO - Setting next_dagrun for example_subdag_operator.section-2 to None, run_after=None
[2025-03-18T19:38:58.096+0000] {logging_mixin.py:190} INFO - [2025-03-18T19:38:58.096+0000] {dag.py:3239} INFO - Sync 2 DAGs
[2025-03-18T19:38:58.100+0000] {logging_mixin.py:190} INFO - [2025-03-18T19:38:58.100+0000] {dag.py:4180} INFO - Setting next_dagrun for example_subdag_operator.section-1 to None, run_after=None
[2025-03-18T19:38:58.101+0000] {logging_mixin.py:190} INFO - [2025-03-18T19:38:58.100+0000] {dag.py:4180} INFO - Setting next_dagrun for example_subdag_operator.section-2 to None, run_after=None
[2025-03-18T19:38:58.109+0000] {processor.py:208} INFO - Processing /home/airflow/.local/lib/python3.12/site-packages/airflow/example_dags/example_subdag_operator.py took 0.079 seconds
[2025-03-18T19:39:28.740+0000] {processor.py:186} INFO - Started process (PID=5337) to work on /home/airflow/.local/lib/python3.12/site-packages/airflow/example_dags/example_subdag_operator.py
[2025-03-18T19:39:28.741+0000] {processor.py:914} INFO - Processing file /home/airflow/.local/lib/python3.12/site-packages/airflow/example_dags/example_subdag_operator.py for tasks to queue
[2025-03-18T19:39:28.743+0000] {logging_mixin.py:190} INFO - [2025-03-18T19:39:28.742+0000] {dagbag.py:588} INFO - Filling up the DagBag from /home/airflow/.local/lib/python3.12/site-packages/airflow/example_dags/example_subdag_operator.py
[2025-03-18T19:39:28.764+0000] {processor.py:925} INFO - DAG(s) 'example_subdag_operator.section-1', 'example_subdag_operator.section-2', 'example_subdag_operator' retrieved from /home/airflow/.local/lib/python3.12/site-packages/airflow/example_dags/example_subdag_operator.py
[2025-03-18T19:39:28.775+0000] {logging_mixin.py:190} INFO - [2025-03-18T19:39:28.775+0000] {dag.py:3239} INFO - Sync 3 DAGs
[2025-03-18T19:39:28.793+0000] {logging_mixin.py:190} INFO - [2025-03-18T19:39:28.793+0000] {dag.py:4180} INFO - Setting next_dagrun for example_subdag_operator to 2022-01-01 00:00:00+00:00, run_after=2022-01-01 00:00:00+00:00
[2025-03-18T19:39:28.796+0000] {logging_mixin.py:190} INFO - [2025-03-18T19:39:28.796+0000] {dag.py:4180} INFO - Setting next_dagrun for example_subdag_operator.section-1 to None, run_after=None
[2025-03-18T19:39:28.797+0000] {logging_mixin.py:190} INFO - [2025-03-18T19:39:28.797+0000] {dag.py:4180} INFO - Setting next_dagrun for example_subdag_operator.section-2 to None, run_after=None
[2025-03-18T19:39:28.802+0000] {logging_mixin.py:190} INFO - [2025-03-18T19:39:28.802+0000] {dag.py:3239} INFO - Sync 2 DAGs
[2025-03-18T19:39:28.806+0000] {logging_mixin.py:190} INFO - [2025-03-18T19:39:28.806+0000] {dag.py:4180} INFO - Setting next_dagrun for example_subdag_operator.section-1 to None, run_after=None
[2025-03-18T19:39:28.806+0000] {logging_mixin.py:190} INFO - [2025-03-18T19:39:28.806+0000] {dag.py:4180} INFO - Setting next_dagrun for example_subdag_operator.section-2 to None, run_after=None
[2025-03-18T19:39:28.814+0000] {processor.py:208} INFO - Processing /home/airflow/.local/lib/python3.12/site-packages/airflow/example_dags/example_subdag_operator.py took 0.079 seconds
[2025-03-18T19:39:59.568+0000] {processor.py:186} INFO - Started process (PID=5401) to work on /home/airflow/.local/lib/python3.12/site-packages/airflow/example_dags/example_subdag_operator.py
[2025-03-18T19:39:59.569+0000] {processor.py:914} INFO - Processing file /home/airflow/.local/lib/python3.12/site-packages/airflow/example_dags/example_subdag_operator.py for tasks to queue
[2025-03-18T19:39:59.571+0000] {logging_mixin.py:190} INFO - [2025-03-18T19:39:59.570+0000] {dagbag.py:588} INFO - Filling up the DagBag from /home/airflow/.local/lib/python3.12/site-packages/airflow/example_dags/example_subdag_operator.py
[2025-03-18T19:39:59.591+0000] {processor.py:925} INFO - DAG(s) 'example_subdag_operator.section-1', 'example_subdag_operator.section-2', 'example_subdag_operator' retrieved from /home/airflow/.local/lib/python3.12/site-packages/airflow/example_dags/example_subdag_operator.py
[2025-03-18T19:39:59.602+0000] {logging_mixin.py:190} INFO - [2025-03-18T19:39:59.602+0000] {dag.py:3239} INFO - Sync 3 DAGs
[2025-03-18T19:39:59.620+0000] {logging_mixin.py:190} INFO - [2025-03-18T19:39:59.620+0000] {dag.py:4180} INFO - Setting next_dagrun for example_subdag_operator to 2022-01-01 00:00:00+00:00, run_after=2022-01-01 00:00:00+00:00
[2025-03-18T19:39:59.622+0000] {logging_mixin.py:190} INFO - [2025-03-18T19:39:59.622+0000] {dag.py:4180} INFO - Setting next_dagrun for example_subdag_operator.section-1 to None, run_after=None
[2025-03-18T19:39:59.623+0000] {logging_mixin.py:190} INFO - [2025-03-18T19:39:59.623+0000] {dag.py:4180} INFO - Setting next_dagrun for example_subdag_operator.section-2 to None, run_after=None
[2025-03-18T19:39:59.629+0000] {logging_mixin.py:190} INFO - [2025-03-18T19:39:59.629+0000] {dag.py:3239} INFO - Sync 2 DAGs
[2025-03-18T19:39:59.633+0000] {logging_mixin.py:190} INFO - [2025-03-18T19:39:59.633+0000] {dag.py:4180} INFO - Setting next_dagrun for example_subdag_operator.section-1 to None, run_after=None
[2025-03-18T19:39:59.633+0000] {logging_mixin.py:190} INFO - [2025-03-18T19:39:59.633+0000] {dag.py:4180} INFO - Setting next_dagrun for example_subdag_operator.section-2 to None, run_after=None
[2025-03-18T19:39:59.642+0000] {processor.py:208} INFO - Processing /home/airflow/.local/lib/python3.12/site-packages/airflow/example_dags/example_subdag_operator.py took 0.079 seconds
[2025-03-18T19:40:30.236+0000] {processor.py:186} INFO - Started process (PID=5465) to work on /home/airflow/.local/lib/python3.12/site-packages/airflow/example_dags/example_subdag_operator.py
[2025-03-18T19:40:30.237+0000] {processor.py:914} INFO - Processing file /home/airflow/.local/lib/python3.12/site-packages/airflow/example_dags/example_subdag_operator.py for tasks to queue
[2025-03-18T19:40:30.239+0000] {logging_mixin.py:190} INFO - [2025-03-18T19:40:30.238+0000] {dagbag.py:588} INFO - Filling up the DagBag from /home/airflow/.local/lib/python3.12/site-packages/airflow/example_dags/example_subdag_operator.py
[2025-03-18T19:40:30.259+0000] {processor.py:925} INFO - DAG(s) 'example_subdag_operator.section-1', 'example_subdag_operator.section-2', 'example_subdag_operator' retrieved from /home/airflow/.local/lib/python3.12/site-packages/airflow/example_dags/example_subdag_operator.py
[2025-03-18T19:40:30.271+0000] {logging_mixin.py:190} INFO - [2025-03-18T19:40:30.271+0000] {dag.py:3239} INFO - Sync 3 DAGs
[2025-03-18T19:40:30.288+0000] {logging_mixin.py:190} INFO - [2025-03-18T19:40:30.288+0000] {dag.py:4180} INFO - Setting next_dagrun for example_subdag_operator to 2022-01-01 00:00:00+00:00, run_after=2022-01-01 00:00:00+00:00
[2025-03-18T19:40:30.291+0000] {logging_mixin.py:190} INFO - [2025-03-18T19:40:30.291+0000] {dag.py:4180} INFO - Setting next_dagrun for example_subdag_operator.section-1 to None, run_after=None
[2025-03-18T19:40:30.292+0000] {logging_mixin.py:190} INFO - [2025-03-18T19:40:30.292+0000] {dag.py:4180} INFO - Setting next_dagrun for example_subdag_operator.section-2 to None, run_after=None
[2025-03-18T19:40:30.297+0000] {logging_mixin.py:190} INFO - [2025-03-18T19:40:30.297+0000] {dag.py:3239} INFO - Sync 2 DAGs
[2025-03-18T19:40:30.300+0000] {logging_mixin.py:190} INFO - [2025-03-18T19:40:30.300+0000] {dag.py:4180} INFO - Setting next_dagrun for example_subdag_operator.section-1 to None, run_after=None
[2025-03-18T19:40:30.300+0000] {logging_mixin.py:190} INFO - [2025-03-18T19:40:30.300+0000] {dag.py:4180} INFO - Setting next_dagrun for example_subdag_operator.section-2 to None, run_after=None
[2025-03-18T19:40:30.308+0000] {processor.py:208} INFO - Processing /home/airflow/.local/lib/python3.12/site-packages/airflow/example_dags/example_subdag_operator.py took 0.078 seconds
[2025-03-18T19:41:00.852+0000] {processor.py:186} INFO - Started process (PID=5529) to work on /home/airflow/.local/lib/python3.12/site-packages/airflow/example_dags/example_subdag_operator.py
[2025-03-18T19:41:00.853+0000] {processor.py:914} INFO - Processing file /home/airflow/.local/lib/python3.12/site-packages/airflow/example_dags/example_subdag_operator.py for tasks to queue
[2025-03-18T19:41:00.855+0000] {logging_mixin.py:190} INFO - [2025-03-18T19:41:00.855+0000] {dagbag.py:588} INFO - Filling up the DagBag from /home/airflow/.local/lib/python3.12/site-packages/airflow/example_dags/example_subdag_operator.py
[2025-03-18T19:41:00.876+0000] {processor.py:925} INFO - DAG(s) 'example_subdag_operator.section-1', 'example_subdag_operator.section-2', 'example_subdag_operator' retrieved from /home/airflow/.local/lib/python3.12/site-packages/airflow/example_dags/example_subdag_operator.py
[2025-03-18T19:41:00.888+0000] {logging_mixin.py:190} INFO - [2025-03-18T19:41:00.888+0000] {dag.py:3239} INFO - Sync 3 DAGs
[2025-03-18T19:41:00.905+0000] {logging_mixin.py:190} INFO - [2025-03-18T19:41:00.905+0000] {dag.py:4180} INFO - Setting next_dagrun for example_subdag_operator to 2022-01-01 00:00:00+00:00, run_after=2022-01-01 00:00:00+00:00
[2025-03-18T19:41:00.908+0000] {logging_mixin.py:190} INFO - [2025-03-18T19:41:00.908+0000] {dag.py:4180} INFO - Setting next_dagrun for example_subdag_operator.section-1 to None, run_after=None
[2025-03-18T19:41:00.909+0000] {logging_mixin.py:190} INFO - [2025-03-18T19:41:00.909+0000] {dag.py:4180} INFO - Setting next_dagrun for example_subdag_operator.section-2 to None, run_after=None
[2025-03-18T19:41:00.914+0000] {logging_mixin.py:190} INFO - [2025-03-18T19:41:00.914+0000] {dag.py:3239} INFO - Sync 2 DAGs
[2025-03-18T19:41:00.917+0000] {logging_mixin.py:190} INFO - [2025-03-18T19:41:00.917+0000] {dag.py:4180} INFO - Setting next_dagrun for example_subdag_operator.section-1 to None, run_after=None
[2025-03-18T19:41:00.918+0000] {logging_mixin.py:190} INFO - [2025-03-18T19:41:00.918+0000] {dag.py:4180} INFO - Setting next_dagrun for example_subdag_operator.section-2 to None, run_after=None
[2025-03-18T19:41:00.925+0000] {processor.py:208} INFO - Processing /home/airflow/.local/lib/python3.12/site-packages/airflow/example_dags/example_subdag_operator.py took 0.078 seconds
[2025-03-18T19:41:31.597+0000] {processor.py:186} INFO - Started process (PID=5593) to work on /home/airflow/.local/lib/python3.12/site-packages/airflow/example_dags/example_subdag_operator.py
[2025-03-18T19:41:31.598+0000] {processor.py:914} INFO - Processing file /home/airflow/.local/lib/python3.12/site-packages/airflow/example_dags/example_subdag_operator.py for tasks to queue
[2025-03-18T19:41:31.599+0000] {logging_mixin.py:190} INFO - [2025-03-18T19:41:31.599+0000] {dagbag.py:588} INFO - Filling up the DagBag from /home/airflow/.local/lib/python3.12/site-packages/airflow/example_dags/example_subdag_operator.py
[2025-03-18T19:41:31.619+0000] {processor.py:925} INFO - DAG(s) 'example_subdag_operator.section-1', 'example_subdag_operator.section-2', 'example_subdag_operator' retrieved from /home/airflow/.local/lib/python3.12/site-packages/airflow/example_dags/example_subdag_operator.py
[2025-03-18T19:41:31.631+0000] {logging_mixin.py:190} INFO - [2025-03-18T19:41:31.630+0000] {dag.py:3239} INFO - Sync 3 DAGs
[2025-03-18T19:41:31.648+0000] {logging_mixin.py:190} INFO - [2025-03-18T19:41:31.648+0000] {dag.py:4180} INFO - Setting next_dagrun for example_subdag_operator to 2022-01-01 00:00:00+00:00, run_after=2022-01-01 00:00:00+00:00
[2025-03-18T19:41:31.650+0000] {logging_mixin.py:190} INFO - [2025-03-18T19:41:31.650+0000] {dag.py:4180} INFO - Setting next_dagrun for example_subdag_operator.section-1 to None, run_after=None
[2025-03-18T19:41:31.652+0000] {logging_mixin.py:190} INFO - [2025-03-18T19:41:31.652+0000] {dag.py:4180} INFO - Setting next_dagrun for example_subdag_operator.section-2 to None, run_after=None
[2025-03-18T19:41:31.657+0000] {logging_mixin.py:190} INFO - [2025-03-18T19:41:31.657+0000] {dag.py:3239} INFO - Sync 2 DAGs
[2025-03-18T19:41:31.661+0000] {logging_mixin.py:190} INFO - [2025-03-18T19:41:31.661+0000] {dag.py:4180} INFO - Setting next_dagrun for example_subdag_operator.section-1 to None, run_after=None
[2025-03-18T19:41:31.661+0000] {logging_mixin.py:190} INFO - [2025-03-18T19:41:31.661+0000] {dag.py:4180} INFO - Setting next_dagrun for example_subdag_operator.section-2 to None, run_after=None
[2025-03-18T19:41:31.669+0000] {processor.py:208} INFO - Processing /home/airflow/.local/lib/python3.12/site-packages/airflow/example_dags/example_subdag_operator.py took 0.078 seconds
[2025-03-18T19:42:02.792+0000] {processor.py:186} INFO - Started process (PID=5657) to work on /home/airflow/.local/lib/python3.12/site-packages/airflow/example_dags/example_subdag_operator.py
[2025-03-18T19:42:02.792+0000] {processor.py:914} INFO - Processing file /home/airflow/.local/lib/python3.12/site-packages/airflow/example_dags/example_subdag_operator.py for tasks to queue
[2025-03-18T19:42:02.794+0000] {logging_mixin.py:190} INFO - [2025-03-18T19:42:02.794+0000] {dagbag.py:588} INFO - Filling up the DagBag from /home/airflow/.local/lib/python3.12/site-packages/airflow/example_dags/example_subdag_operator.py
[2025-03-18T19:42:02.816+0000] {processor.py:925} INFO - DAG(s) 'example_subdag_operator.section-1', 'example_subdag_operator.section-2', 'example_subdag_operator' retrieved from /home/airflow/.local/lib/python3.12/site-packages/airflow/example_dags/example_subdag_operator.py
[2025-03-18T19:42:02.829+0000] {logging_mixin.py:190} INFO - [2025-03-18T19:42:02.828+0000] {dag.py:3239} INFO - Sync 3 DAGs
[2025-03-18T19:42:02.848+0000] {logging_mixin.py:190} INFO - [2025-03-18T19:42:02.847+0000] {dag.py:4180} INFO - Setting next_dagrun for example_subdag_operator to 2022-01-01 00:00:00+00:00, run_after=2022-01-01 00:00:00+00:00
[2025-03-18T19:42:02.850+0000] {logging_mixin.py:190} INFO - [2025-03-18T19:42:02.850+0000] {dag.py:4180} INFO - Setting next_dagrun for example_subdag_operator.section-1 to None, run_after=None
[2025-03-18T19:42:02.851+0000] {logging_mixin.py:190} INFO - [2025-03-18T19:42:02.851+0000] {dag.py:4180} INFO - Setting next_dagrun for example_subdag_operator.section-2 to None, run_after=None
[2025-03-18T19:42:02.857+0000] {logging_mixin.py:190} INFO - [2025-03-18T19:42:02.857+0000] {dag.py:3239} INFO - Sync 2 DAGs
[2025-03-18T19:42:02.862+0000] {logging_mixin.py:190} INFO - [2025-03-18T19:42:02.861+0000] {dag.py:4180} INFO - Setting next_dagrun for example_subdag_operator.section-1 to None, run_after=None
[2025-03-18T19:42:02.862+0000] {logging_mixin.py:190} INFO - [2025-03-18T19:42:02.862+0000] {dag.py:4180} INFO - Setting next_dagrun for example_subdag_operator.section-2 to None, run_after=None
[2025-03-18T19:42:02.870+0000] {processor.py:208} INFO - Processing /home/airflow/.local/lib/python3.12/site-packages/airflow/example_dags/example_subdag_operator.py took 0.083 seconds
[2025-03-18T19:42:33.910+0000] {processor.py:186} INFO - Started process (PID=5721) to work on /home/airflow/.local/lib/python3.12/site-packages/airflow/example_dags/example_subdag_operator.py
[2025-03-18T19:42:33.911+0000] {processor.py:914} INFO - Processing file /home/airflow/.local/lib/python3.12/site-packages/airflow/example_dags/example_subdag_operator.py for tasks to queue
[2025-03-18T19:42:33.914+0000] {logging_mixin.py:190} INFO - [2025-03-18T19:42:33.913+0000] {dagbag.py:588} INFO - Filling up the DagBag from /home/airflow/.local/lib/python3.12/site-packages/airflow/example_dags/example_subdag_operator.py
[2025-03-18T19:42:33.936+0000] {processor.py:925} INFO - DAG(s) 'example_subdag_operator.section-1', 'example_subdag_operator.section-2', 'example_subdag_operator' retrieved from /home/airflow/.local/lib/python3.12/site-packages/airflow/example_dags/example_subdag_operator.py
[2025-03-18T19:42:33.949+0000] {logging_mixin.py:190} INFO - [2025-03-18T19:42:33.949+0000] {dag.py:3239} INFO - Sync 3 DAGs
[2025-03-18T19:42:33.968+0000] {logging_mixin.py:190} INFO - [2025-03-18T19:42:33.968+0000] {dag.py:4180} INFO - Setting next_dagrun for example_subdag_operator to 2022-01-01 00:00:00+00:00, run_after=2022-01-01 00:00:00+00:00
[2025-03-18T19:42:33.971+0000] {logging_mixin.py:190} INFO - [2025-03-18T19:42:33.971+0000] {dag.py:4180} INFO - Setting next_dagrun for example_subdag_operator.section-1 to None, run_after=None
[2025-03-18T19:42:33.972+0000] {logging_mixin.py:190} INFO - [2025-03-18T19:42:33.971+0000] {dag.py:4180} INFO - Setting next_dagrun for example_subdag_operator.section-2 to None, run_after=None
[2025-03-18T19:42:33.977+0000] {logging_mixin.py:190} INFO - [2025-03-18T19:42:33.977+0000] {dag.py:3239} INFO - Sync 2 DAGs
[2025-03-18T19:42:33.982+0000] {logging_mixin.py:190} INFO - [2025-03-18T19:42:33.982+0000] {dag.py:4180} INFO - Setting next_dagrun for example_subdag_operator.section-1 to None, run_after=None
[2025-03-18T19:42:33.982+0000] {logging_mixin.py:190} INFO - [2025-03-18T19:42:33.982+0000] {dag.py:4180} INFO - Setting next_dagrun for example_subdag_operator.section-2 to None, run_after=None
[2025-03-18T19:42:33.991+0000] {processor.py:208} INFO - Processing /home/airflow/.local/lib/python3.12/site-packages/airflow/example_dags/example_subdag_operator.py took 0.086 seconds
[2025-03-18T19:43:04.958+0000] {processor.py:186} INFO - Started process (PID=5785) to work on /home/airflow/.local/lib/python3.12/site-packages/airflow/example_dags/example_subdag_operator.py
[2025-03-18T19:43:04.959+0000] {processor.py:914} INFO - Processing file /home/airflow/.local/lib/python3.12/site-packages/airflow/example_dags/example_subdag_operator.py for tasks to queue
[2025-03-18T19:43:04.961+0000] {logging_mixin.py:190} INFO - [2025-03-18T19:43:04.961+0000] {dagbag.py:588} INFO - Filling up the DagBag from /home/airflow/.local/lib/python3.12/site-packages/airflow/example_dags/example_subdag_operator.py
[2025-03-18T19:43:04.983+0000] {processor.py:925} INFO - DAG(s) 'example_subdag_operator.section-1', 'example_subdag_operator.section-2', 'example_subdag_operator' retrieved from /home/airflow/.local/lib/python3.12/site-packages/airflow/example_dags/example_subdag_operator.py
[2025-03-18T19:43:04.994+0000] {logging_mixin.py:190} INFO - [2025-03-18T19:43:04.994+0000] {dag.py:3239} INFO - Sync 3 DAGs
[2025-03-18T19:43:05.013+0000] {logging_mixin.py:190} INFO - [2025-03-18T19:43:05.013+0000] {dag.py:4180} INFO - Setting next_dagrun for example_subdag_operator to 2022-01-01 00:00:00+00:00, run_after=2022-01-01 00:00:00+00:00
[2025-03-18T19:43:05.016+0000] {logging_mixin.py:190} INFO - [2025-03-18T19:43:05.016+0000] {dag.py:4180} INFO - Setting next_dagrun for example_subdag_operator.section-1 to None, run_after=None
[2025-03-18T19:43:05.017+0000] {logging_mixin.py:190} INFO - [2025-03-18T19:43:05.017+0000] {dag.py:4180} INFO - Setting next_dagrun for example_subdag_operator.section-2 to None, run_after=None
[2025-03-18T19:43:05.023+0000] {logging_mixin.py:190} INFO - [2025-03-18T19:43:05.023+0000] {dag.py:3239} INFO - Sync 2 DAGs
[2025-03-18T19:43:05.028+0000] {logging_mixin.py:190} INFO - [2025-03-18T19:43:05.027+0000] {dag.py:4180} INFO - Setting next_dagrun for example_subdag_operator.section-1 to None, run_after=None
[2025-03-18T19:43:05.028+0000] {logging_mixin.py:190} INFO - [2025-03-18T19:43:05.028+0000] {dag.py:4180} INFO - Setting next_dagrun for example_subdag_operator.section-2 to None, run_after=None
[2025-03-18T19:43:05.036+0000] {processor.py:208} INFO - Processing /home/airflow/.local/lib/python3.12/site-packages/airflow/example_dags/example_subdag_operator.py took 0.083 seconds
[2025-03-18T19:43:35.857+0000] {processor.py:186} INFO - Started process (PID=5849) to work on /home/airflow/.local/lib/python3.12/site-packages/airflow/example_dags/example_subdag_operator.py
[2025-03-18T19:43:35.858+0000] {processor.py:914} INFO - Processing file /home/airflow/.local/lib/python3.12/site-packages/airflow/example_dags/example_subdag_operator.py for tasks to queue
[2025-03-18T19:43:35.860+0000] {logging_mixin.py:190} INFO - [2025-03-18T19:43:35.860+0000] {dagbag.py:588} INFO - Filling up the DagBag from /home/airflow/.local/lib/python3.12/site-packages/airflow/example_dags/example_subdag_operator.py
[2025-03-18T19:43:35.882+0000] {processor.py:925} INFO - DAG(s) 'example_subdag_operator.section-1', 'example_subdag_operator.section-2', 'example_subdag_operator' retrieved from /home/airflow/.local/lib/python3.12/site-packages/airflow/example_dags/example_subdag_operator.py
[2025-03-18T19:43:35.893+0000] {logging_mixin.py:190} INFO - [2025-03-18T19:43:35.892+0000] {dag.py:3239} INFO - Sync 3 DAGs
[2025-03-18T19:43:35.909+0000] {logging_mixin.py:190} INFO - [2025-03-18T19:43:35.909+0000] {dag.py:4180} INFO - Setting next_dagrun for example_subdag_operator to 2022-01-01 00:00:00+00:00, run_after=2022-01-01 00:00:00+00:00
[2025-03-18T19:43:35.912+0000] {logging_mixin.py:190} INFO - [2025-03-18T19:43:35.912+0000] {dag.py:4180} INFO - Setting next_dagrun for example_subdag_operator.section-1 to None, run_after=None
[2025-03-18T19:43:35.913+0000] {logging_mixin.py:190} INFO - [2025-03-18T19:43:35.912+0000] {dag.py:4180} INFO - Setting next_dagrun for example_subdag_operator.section-2 to None, run_after=None
[2025-03-18T19:43:35.917+0000] {logging_mixin.py:190} INFO - [2025-03-18T19:43:35.917+0000] {dag.py:3239} INFO - Sync 2 DAGs
[2025-03-18T19:43:35.920+0000] {logging_mixin.py:190} INFO - [2025-03-18T19:43:35.920+0000] {dag.py:4180} INFO - Setting next_dagrun for example_subdag_operator.section-1 to None, run_after=None
[2025-03-18T19:43:35.921+0000] {logging_mixin.py:190} INFO - [2025-03-18T19:43:35.921+0000] {dag.py:4180} INFO - Setting next_dagrun for example_subdag_operator.section-2 to None, run_after=None
[2025-03-18T19:43:35.927+0000] {processor.py:208} INFO - Processing /home/airflow/.local/lib/python3.12/site-packages/airflow/example_dags/example_subdag_operator.py took 0.075 seconds
