[2025-03-18T19:24:03.853+0000] {processor.py:186} INFO - Started process (PID=3387) to work on /home/airflow/.local/lib/python3.12/site-packages/airflow/example_dags/example_dataset_alias.py
[2025-03-18T19:24:03.853+0000] {processor.py:914} INFO - Processing file /home/airflow/.local/lib/python3.12/site-packages/airflow/example_dags/example_dataset_alias.py for tasks to queue
[2025-03-18T19:24:03.855+0000] {logging_mixin.py:190} INFO - [2025-03-18T19:24:03.855+0000] {dagbag.py:588} INFO - Filling up the DagBag from /home/airflow/.local/lib/python3.12/site-packages/airflow/example_dags/example_dataset_alias.py
[2025-03-18T19:24:04.155+0000] {processor.py:925} INFO - DAG(s) 'dataset_s3_bucket_consumer', 'dataset_s3_bucket_producer', 'dataset_alias_example_alias_consumer', 'dataset_alias_example_alias_producer' retrieved from /home/airflow/.local/lib/python3.12/site-packages/airflow/example_dags/example_dataset_alias.py
[2025-03-18T19:24:04.174+0000] {logging_mixin.py:190} INFO - [2025-03-18T19:24:04.174+0000] {dag.py:3239} INFO - Sync 4 DAGs
[2025-03-18T19:24:04.194+0000] {logging_mixin.py:190} INFO - [2025-03-18T19:24:04.194+0000] {dag.py:4180} INFO - Setting next_dagrun for dataset_alias_example_alias_consumer to None, run_after=None
[2025-03-18T19:24:04.196+0000] {logging_mixin.py:190} INFO - [2025-03-18T19:24:04.196+0000] {dag.py:4180} INFO - Setting next_dagrun for dataset_alias_example_alias_producer to None, run_after=None
[2025-03-18T19:24:04.198+0000] {logging_mixin.py:190} INFO - [2025-03-18T19:24:04.197+0000] {dag.py:4180} INFO - Setting next_dagrun for dataset_s3_bucket_consumer to None, run_after=None
[2025-03-18T19:24:04.198+0000] {logging_mixin.py:190} INFO - [2025-03-18T19:24:04.198+0000] {dag.py:4180} INFO - Setting next_dagrun for dataset_s3_bucket_producer to None, run_after=None
[2025-03-18T19:24:04.217+0000] {processor.py:208} INFO - Processing /home/airflow/.local/lib/python3.12/site-packages/airflow/example_dags/example_dataset_alias.py took 0.369 seconds
[2025-03-18T19:24:34.381+0000] {processor.py:186} INFO - Started process (PID=3452) to work on /home/airflow/.local/lib/python3.12/site-packages/airflow/example_dags/example_dataset_alias.py
[2025-03-18T19:24:34.382+0000] {processor.py:914} INFO - Processing file /home/airflow/.local/lib/python3.12/site-packages/airflow/example_dags/example_dataset_alias.py for tasks to queue
[2025-03-18T19:24:34.384+0000] {logging_mixin.py:190} INFO - [2025-03-18T19:24:34.384+0000] {dagbag.py:588} INFO - Filling up the DagBag from /home/airflow/.local/lib/python3.12/site-packages/airflow/example_dags/example_dataset_alias.py
[2025-03-18T19:24:34.679+0000] {processor.py:925} INFO - DAG(s) 'dataset_alias_example_alias_consumer', 'dataset_s3_bucket_consumer', 'dataset_s3_bucket_producer', 'dataset_alias_example_alias_producer' retrieved from /home/airflow/.local/lib/python3.12/site-packages/airflow/example_dags/example_dataset_alias.py
[2025-03-18T19:24:34.696+0000] {logging_mixin.py:190} INFO - [2025-03-18T19:24:34.696+0000] {dag.py:3239} INFO - Sync 4 DAGs
[2025-03-18T19:24:34.714+0000] {logging_mixin.py:190} INFO - [2025-03-18T19:24:34.714+0000] {dag.py:4180} INFO - Setting next_dagrun for dataset_alias_example_alias_consumer to None, run_after=None
[2025-03-18T19:24:34.716+0000] {logging_mixin.py:190} INFO - [2025-03-18T19:24:34.716+0000] {dag.py:4180} INFO - Setting next_dagrun for dataset_alias_example_alias_producer to None, run_after=None
[2025-03-18T19:24:34.717+0000] {logging_mixin.py:190} INFO - [2025-03-18T19:24:34.717+0000] {dag.py:4180} INFO - Setting next_dagrun for dataset_s3_bucket_consumer to None, run_after=None
[2025-03-18T19:24:34.718+0000] {logging_mixin.py:190} INFO - [2025-03-18T19:24:34.718+0000] {dag.py:4180} INFO - Setting next_dagrun for dataset_s3_bucket_producer to None, run_after=None
[2025-03-18T19:24:34.734+0000] {processor.py:208} INFO - Processing /home/airflow/.local/lib/python3.12/site-packages/airflow/example_dags/example_dataset_alias.py took 0.358 seconds
[2025-03-18T19:25:05.029+0000] {processor.py:186} INFO - Started process (PID=3517) to work on /home/airflow/.local/lib/python3.12/site-packages/airflow/example_dags/example_dataset_alias.py
[2025-03-18T19:25:05.030+0000] {processor.py:914} INFO - Processing file /home/airflow/.local/lib/python3.12/site-packages/airflow/example_dags/example_dataset_alias.py for tasks to queue
[2025-03-18T19:25:05.031+0000] {logging_mixin.py:190} INFO - [2025-03-18T19:25:05.031+0000] {dagbag.py:588} INFO - Filling up the DagBag from /home/airflow/.local/lib/python3.12/site-packages/airflow/example_dags/example_dataset_alias.py
[2025-03-18T19:25:05.312+0000] {processor.py:925} INFO - DAG(s) 'dataset_s3_bucket_consumer', 'dataset_alias_example_alias_consumer', 'dataset_s3_bucket_producer', 'dataset_alias_example_alias_producer' retrieved from /home/airflow/.local/lib/python3.12/site-packages/airflow/example_dags/example_dataset_alias.py
[2025-03-18T19:25:05.329+0000] {logging_mixin.py:190} INFO - [2025-03-18T19:25:05.328+0000] {dag.py:3239} INFO - Sync 4 DAGs
[2025-03-18T19:25:05.347+0000] {logging_mixin.py:190} INFO - [2025-03-18T19:25:05.347+0000] {dag.py:4180} INFO - Setting next_dagrun for dataset_alias_example_alias_consumer to None, run_after=None
[2025-03-18T19:25:05.349+0000] {logging_mixin.py:190} INFO - [2025-03-18T19:25:05.349+0000] {dag.py:4180} INFO - Setting next_dagrun for dataset_alias_example_alias_producer to None, run_after=None
[2025-03-18T19:25:05.350+0000] {logging_mixin.py:190} INFO - [2025-03-18T19:25:05.350+0000] {dag.py:4180} INFO - Setting next_dagrun for dataset_s3_bucket_consumer to None, run_after=None
[2025-03-18T19:25:05.351+0000] {logging_mixin.py:190} INFO - [2025-03-18T19:25:05.351+0000] {dag.py:4180} INFO - Setting next_dagrun for dataset_s3_bucket_producer to None, run_after=None
[2025-03-18T19:25:05.368+0000] {processor.py:208} INFO - Processing /home/airflow/.local/lib/python3.12/site-packages/airflow/example_dags/example_dataset_alias.py took 0.344 seconds
[2025-03-18T19:25:35.576+0000] {processor.py:186} INFO - Started process (PID=3581) to work on /home/airflow/.local/lib/python3.12/site-packages/airflow/example_dags/example_dataset_alias.py
[2025-03-18T19:25:35.577+0000] {processor.py:914} INFO - Processing file /home/airflow/.local/lib/python3.12/site-packages/airflow/example_dags/example_dataset_alias.py for tasks to queue
[2025-03-18T19:25:35.579+0000] {logging_mixin.py:190} INFO - [2025-03-18T19:25:35.579+0000] {dagbag.py:588} INFO - Filling up the DagBag from /home/airflow/.local/lib/python3.12/site-packages/airflow/example_dags/example_dataset_alias.py
[2025-03-18T19:25:35.913+0000] {processor.py:925} INFO - DAG(s) 'dataset_s3_bucket_consumer', 'dataset_alias_example_alias_producer', 'dataset_s3_bucket_producer', 'dataset_alias_example_alias_consumer' retrieved from /home/airflow/.local/lib/python3.12/site-packages/airflow/example_dags/example_dataset_alias.py
[2025-03-18T19:25:35.934+0000] {logging_mixin.py:190} INFO - [2025-03-18T19:25:35.933+0000] {dag.py:3239} INFO - Sync 4 DAGs
[2025-03-18T19:25:35.955+0000] {logging_mixin.py:190} INFO - [2025-03-18T19:25:35.954+0000] {dag.py:4180} INFO - Setting next_dagrun for dataset_alias_example_alias_consumer to None, run_after=None
[2025-03-18T19:25:35.957+0000] {logging_mixin.py:190} INFO - [2025-03-18T19:25:35.957+0000] {dag.py:4180} INFO - Setting next_dagrun for dataset_alias_example_alias_producer to None, run_after=None
[2025-03-18T19:25:35.958+0000] {logging_mixin.py:190} INFO - [2025-03-18T19:25:35.958+0000] {dag.py:4180} INFO - Setting next_dagrun for dataset_s3_bucket_consumer to None, run_after=None
[2025-03-18T19:25:35.959+0000] {logging_mixin.py:190} INFO - [2025-03-18T19:25:35.959+0000] {dag.py:4180} INFO - Setting next_dagrun for dataset_s3_bucket_producer to None, run_after=None
[2025-03-18T19:25:35.979+0000] {processor.py:208} INFO - Processing /home/airflow/.local/lib/python3.12/site-packages/airflow/example_dags/example_dataset_alias.py took 0.409 seconds
[2025-03-18T19:26:06.253+0000] {processor.py:186} INFO - Started process (PID=3646) to work on /home/airflow/.local/lib/python3.12/site-packages/airflow/example_dags/example_dataset_alias.py
[2025-03-18T19:26:06.255+0000] {processor.py:914} INFO - Processing file /home/airflow/.local/lib/python3.12/site-packages/airflow/example_dags/example_dataset_alias.py for tasks to queue
[2025-03-18T19:26:06.256+0000] {logging_mixin.py:190} INFO - [2025-03-18T19:26:06.256+0000] {dagbag.py:588} INFO - Filling up the DagBag from /home/airflow/.local/lib/python3.12/site-packages/airflow/example_dags/example_dataset_alias.py
[2025-03-18T19:26:06.574+0000] {processor.py:925} INFO - DAG(s) 'dataset_alias_example_alias_consumer', 'dataset_s3_bucket_producer', 'dataset_s3_bucket_consumer', 'dataset_alias_example_alias_producer' retrieved from /home/airflow/.local/lib/python3.12/site-packages/airflow/example_dags/example_dataset_alias.py
[2025-03-18T19:26:06.591+0000] {logging_mixin.py:190} INFO - [2025-03-18T19:26:06.590+0000] {dag.py:3239} INFO - Sync 4 DAGs
[2025-03-18T19:26:06.610+0000] {logging_mixin.py:190} INFO - [2025-03-18T19:26:06.610+0000] {dag.py:4180} INFO - Setting next_dagrun for dataset_alias_example_alias_consumer to None, run_after=None
[2025-03-18T19:26:06.612+0000] {logging_mixin.py:190} INFO - [2025-03-18T19:26:06.612+0000] {dag.py:4180} INFO - Setting next_dagrun for dataset_alias_example_alias_producer to None, run_after=None
[2025-03-18T19:26:06.613+0000] {logging_mixin.py:190} INFO - [2025-03-18T19:26:06.613+0000] {dag.py:4180} INFO - Setting next_dagrun for dataset_s3_bucket_consumer to None, run_after=None
[2025-03-18T19:26:06.614+0000] {logging_mixin.py:190} INFO - [2025-03-18T19:26:06.614+0000] {dag.py:4180} INFO - Setting next_dagrun for dataset_s3_bucket_producer to None, run_after=None
[2025-03-18T19:26:06.630+0000] {processor.py:208} INFO - Processing /home/airflow/.local/lib/python3.12/site-packages/airflow/example_dags/example_dataset_alias.py took 0.381 seconds
[2025-03-18T19:26:36.730+0000] {processor.py:186} INFO - Started process (PID=3707) to work on /home/airflow/.local/lib/python3.12/site-packages/airflow/example_dags/example_dataset_alias.py
[2025-03-18T19:26:36.732+0000] {processor.py:914} INFO - Processing file /home/airflow/.local/lib/python3.12/site-packages/airflow/example_dags/example_dataset_alias.py for tasks to queue
[2025-03-18T19:26:36.733+0000] {logging_mixin.py:190} INFO - [2025-03-18T19:26:36.733+0000] {dagbag.py:588} INFO - Filling up the DagBag from /home/airflow/.local/lib/python3.12/site-packages/airflow/example_dags/example_dataset_alias.py
[2025-03-18T19:26:37.022+0000] {processor.py:925} INFO - DAG(s) 'dataset_alias_example_alias_producer', 'dataset_alias_example_alias_consumer', 'dataset_s3_bucket_consumer', 'dataset_s3_bucket_producer' retrieved from /home/airflow/.local/lib/python3.12/site-packages/airflow/example_dags/example_dataset_alias.py
[2025-03-18T19:26:37.040+0000] {logging_mixin.py:190} INFO - [2025-03-18T19:26:37.039+0000] {dag.py:3239} INFO - Sync 4 DAGs
[2025-03-18T19:26:37.060+0000] {logging_mixin.py:190} INFO - [2025-03-18T19:26:37.060+0000] {dag.py:4180} INFO - Setting next_dagrun for dataset_alias_example_alias_consumer to None, run_after=None
[2025-03-18T19:26:37.062+0000] {logging_mixin.py:190} INFO - [2025-03-18T19:26:37.062+0000] {dag.py:4180} INFO - Setting next_dagrun for dataset_alias_example_alias_producer to None, run_after=None
[2025-03-18T19:26:37.208+0000] {logging_mixin.py:190} INFO - [2025-03-18T19:26:37.208+0000] {dag.py:4180} INFO - Setting next_dagrun for dataset_s3_bucket_consumer to None, run_after=None
[2025-03-18T19:26:37.210+0000] {logging_mixin.py:190} INFO - [2025-03-18T19:26:37.210+0000] {dag.py:4180} INFO - Setting next_dagrun for dataset_s3_bucket_producer to None, run_after=None
[2025-03-18T19:26:37.227+0000] {processor.py:208} INFO - Processing /home/airflow/.local/lib/python3.12/site-packages/airflow/example_dags/example_dataset_alias.py took 0.502 seconds
[2025-03-18T19:27:07.454+0000] {processor.py:186} INFO - Started process (PID=3775) to work on /home/airflow/.local/lib/python3.12/site-packages/airflow/example_dags/example_dataset_alias.py
[2025-03-18T19:27:07.455+0000] {processor.py:914} INFO - Processing file /home/airflow/.local/lib/python3.12/site-packages/airflow/example_dags/example_dataset_alias.py for tasks to queue
[2025-03-18T19:27:07.457+0000] {logging_mixin.py:190} INFO - [2025-03-18T19:27:07.456+0000] {dagbag.py:588} INFO - Filling up the DagBag from /home/airflow/.local/lib/python3.12/site-packages/airflow/example_dags/example_dataset_alias.py
[2025-03-18T19:27:07.754+0000] {processor.py:925} INFO - DAG(s) 'dataset_s3_bucket_producer', 'dataset_alias_example_alias_consumer', 'dataset_s3_bucket_consumer', 'dataset_alias_example_alias_producer' retrieved from /home/airflow/.local/lib/python3.12/site-packages/airflow/example_dags/example_dataset_alias.py
[2025-03-18T19:27:07.772+0000] {logging_mixin.py:190} INFO - [2025-03-18T19:27:07.771+0000] {dag.py:3239} INFO - Sync 4 DAGs
[2025-03-18T19:27:07.791+0000] {logging_mixin.py:190} INFO - [2025-03-18T19:27:07.790+0000] {dag.py:4180} INFO - Setting next_dagrun for dataset_alias_example_alias_consumer to None, run_after=None
[2025-03-18T19:27:07.793+0000] {logging_mixin.py:190} INFO - [2025-03-18T19:27:07.792+0000] {dag.py:4180} INFO - Setting next_dagrun for dataset_alias_example_alias_producer to None, run_after=None
[2025-03-18T19:27:07.793+0000] {logging_mixin.py:190} INFO - [2025-03-18T19:27:07.793+0000] {dag.py:4180} INFO - Setting next_dagrun for dataset_s3_bucket_consumer to None, run_after=None
[2025-03-18T19:27:07.794+0000] {logging_mixin.py:190} INFO - [2025-03-18T19:27:07.794+0000] {dag.py:4180} INFO - Setting next_dagrun for dataset_s3_bucket_producer to None, run_after=None
[2025-03-18T19:27:07.813+0000] {processor.py:208} INFO - Processing /home/airflow/.local/lib/python3.12/site-packages/airflow/example_dags/example_dataset_alias.py took 0.364 seconds
[2025-03-18T19:27:38.097+0000] {processor.py:186} INFO - Started process (PID=3839) to work on /home/airflow/.local/lib/python3.12/site-packages/airflow/example_dags/example_dataset_alias.py
[2025-03-18T19:27:38.098+0000] {processor.py:914} INFO - Processing file /home/airflow/.local/lib/python3.12/site-packages/airflow/example_dags/example_dataset_alias.py for tasks to queue
[2025-03-18T19:27:38.100+0000] {logging_mixin.py:190} INFO - [2025-03-18T19:27:38.099+0000] {dagbag.py:588} INFO - Filling up the DagBag from /home/airflow/.local/lib/python3.12/site-packages/airflow/example_dags/example_dataset_alias.py
[2025-03-18T19:27:38.395+0000] {processor.py:925} INFO - DAG(s) 'dataset_alias_example_alias_consumer', 'dataset_s3_bucket_consumer', 'dataset_s3_bucket_producer', 'dataset_alias_example_alias_producer' retrieved from /home/airflow/.local/lib/python3.12/site-packages/airflow/example_dags/example_dataset_alias.py
[2025-03-18T19:27:38.413+0000] {logging_mixin.py:190} INFO - [2025-03-18T19:27:38.413+0000] {dag.py:3239} INFO - Sync 4 DAGs
[2025-03-18T19:27:38.432+0000] {logging_mixin.py:190} INFO - [2025-03-18T19:27:38.432+0000] {dag.py:4180} INFO - Setting next_dagrun for dataset_alias_example_alias_consumer to None, run_after=None
[2025-03-18T19:27:38.434+0000] {logging_mixin.py:190} INFO - [2025-03-18T19:27:38.434+0000] {dag.py:4180} INFO - Setting next_dagrun for dataset_alias_example_alias_producer to None, run_after=None
[2025-03-18T19:27:38.435+0000] {logging_mixin.py:190} INFO - [2025-03-18T19:27:38.435+0000] {dag.py:4180} INFO - Setting next_dagrun for dataset_s3_bucket_consumer to None, run_after=None
[2025-03-18T19:27:38.436+0000] {logging_mixin.py:190} INFO - [2025-03-18T19:27:38.436+0000] {dag.py:4180} INFO - Setting next_dagrun for dataset_s3_bucket_producer to None, run_after=None
[2025-03-18T19:27:38.452+0000] {processor.py:208} INFO - Processing /home/airflow/.local/lib/python3.12/site-packages/airflow/example_dags/example_dataset_alias.py took 0.360 seconds
[2025-03-18T19:28:09.020+0000] {processor.py:186} INFO - Started process (PID=3905) to work on /home/airflow/.local/lib/python3.12/site-packages/airflow/example_dags/example_dataset_alias.py
[2025-03-18T19:28:09.021+0000] {processor.py:914} INFO - Processing file /home/airflow/.local/lib/python3.12/site-packages/airflow/example_dags/example_dataset_alias.py for tasks to queue
[2025-03-18T19:28:09.023+0000] {logging_mixin.py:190} INFO - [2025-03-18T19:28:09.022+0000] {dagbag.py:588} INFO - Filling up the DagBag from /home/airflow/.local/lib/python3.12/site-packages/airflow/example_dags/example_dataset_alias.py
[2025-03-18T19:28:09.334+0000] {processor.py:925} INFO - DAG(s) 'dataset_s3_bucket_consumer', 'dataset_s3_bucket_producer', 'dataset_alias_example_alias_producer', 'dataset_alias_example_alias_consumer' retrieved from /home/airflow/.local/lib/python3.12/site-packages/airflow/example_dags/example_dataset_alias.py
[2025-03-18T19:28:09.504+0000] {logging_mixin.py:190} INFO - [2025-03-18T19:28:09.503+0000] {dag.py:3239} INFO - Sync 4 DAGs
[2025-03-18T19:28:09.521+0000] {logging_mixin.py:190} INFO - [2025-03-18T19:28:09.521+0000] {dag.py:4180} INFO - Setting next_dagrun for dataset_alias_example_alias_consumer to None, run_after=None
[2025-03-18T19:28:09.523+0000] {logging_mixin.py:190} INFO - [2025-03-18T19:28:09.523+0000] {dag.py:4180} INFO - Setting next_dagrun for dataset_alias_example_alias_producer to None, run_after=None
[2025-03-18T19:28:09.524+0000] {logging_mixin.py:190} INFO - [2025-03-18T19:28:09.524+0000] {dag.py:4180} INFO - Setting next_dagrun for dataset_s3_bucket_consumer to None, run_after=None
[2025-03-18T19:28:09.525+0000] {logging_mixin.py:190} INFO - [2025-03-18T19:28:09.525+0000] {dag.py:4180} INFO - Setting next_dagrun for dataset_s3_bucket_producer to None, run_after=None
[2025-03-18T19:28:09.542+0000] {processor.py:208} INFO - Processing /home/airflow/.local/lib/python3.12/site-packages/airflow/example_dags/example_dataset_alias.py took 0.527 seconds
[2025-03-18T19:28:40.120+0000] {processor.py:186} INFO - Started process (PID=3969) to work on /home/airflow/.local/lib/python3.12/site-packages/airflow/example_dags/example_dataset_alias.py
[2025-03-18T19:28:40.121+0000] {processor.py:914} INFO - Processing file /home/airflow/.local/lib/python3.12/site-packages/airflow/example_dags/example_dataset_alias.py for tasks to queue
[2025-03-18T19:28:40.123+0000] {logging_mixin.py:190} INFO - [2025-03-18T19:28:40.123+0000] {dagbag.py:588} INFO - Filling up the DagBag from /home/airflow/.local/lib/python3.12/site-packages/airflow/example_dags/example_dataset_alias.py
[2025-03-18T19:28:40.424+0000] {processor.py:925} INFO - DAG(s) 'dataset_alias_example_alias_producer', 'dataset_s3_bucket_consumer', 'dataset_s3_bucket_producer', 'dataset_alias_example_alias_consumer' retrieved from /home/airflow/.local/lib/python3.12/site-packages/airflow/example_dags/example_dataset_alias.py
[2025-03-18T19:28:40.442+0000] {logging_mixin.py:190} INFO - [2025-03-18T19:28:40.442+0000] {dag.py:3239} INFO - Sync 4 DAGs
[2025-03-18T19:28:40.608+0000] {logging_mixin.py:190} INFO - [2025-03-18T19:28:40.607+0000] {dag.py:4180} INFO - Setting next_dagrun for dataset_alias_example_alias_consumer to None, run_after=None
[2025-03-18T19:28:40.610+0000] {logging_mixin.py:190} INFO - [2025-03-18T19:28:40.610+0000] {dag.py:4180} INFO - Setting next_dagrun for dataset_alias_example_alias_producer to None, run_after=None
[2025-03-18T19:28:40.611+0000] {logging_mixin.py:190} INFO - [2025-03-18T19:28:40.611+0000] {dag.py:4180} INFO - Setting next_dagrun for dataset_s3_bucket_consumer to None, run_after=None
[2025-03-18T19:28:40.612+0000] {logging_mixin.py:190} INFO - [2025-03-18T19:28:40.612+0000] {dag.py:4180} INFO - Setting next_dagrun for dataset_s3_bucket_producer to None, run_after=None
[2025-03-18T19:28:40.629+0000] {processor.py:208} INFO - Processing /home/airflow/.local/lib/python3.12/site-packages/airflow/example_dags/example_dataset_alias.py took 0.514 seconds
[2025-03-18T19:29:10.948+0000] {processor.py:186} INFO - Started process (PID=4039) to work on /home/airflow/.local/lib/python3.12/site-packages/airflow/example_dags/example_dataset_alias.py
[2025-03-18T19:29:10.949+0000] {processor.py:914} INFO - Processing file /home/airflow/.local/lib/python3.12/site-packages/airflow/example_dags/example_dataset_alias.py for tasks to queue
[2025-03-18T19:29:10.951+0000] {logging_mixin.py:190} INFO - [2025-03-18T19:29:10.950+0000] {dagbag.py:588} INFO - Filling up the DagBag from /home/airflow/.local/lib/python3.12/site-packages/airflow/example_dags/example_dataset_alias.py
[2025-03-18T19:29:11.257+0000] {processor.py:925} INFO - DAG(s) 'dataset_s3_bucket_producer', 'dataset_s3_bucket_consumer', 'dataset_alias_example_alias_consumer', 'dataset_alias_example_alias_producer' retrieved from /home/airflow/.local/lib/python3.12/site-packages/airflow/example_dags/example_dataset_alias.py
[2025-03-18T19:29:11.275+0000] {logging_mixin.py:190} INFO - [2025-03-18T19:29:11.275+0000] {dag.py:3239} INFO - Sync 4 DAGs
[2025-03-18T19:29:11.452+0000] {logging_mixin.py:190} INFO - [2025-03-18T19:29:11.452+0000] {dag.py:4180} INFO - Setting next_dagrun for dataset_alias_example_alias_consumer to None, run_after=None
[2025-03-18T19:29:11.457+0000] {logging_mixin.py:190} INFO - [2025-03-18T19:29:11.457+0000] {dag.py:4180} INFO - Setting next_dagrun for dataset_alias_example_alias_producer to None, run_after=None
[2025-03-18T19:29:11.459+0000] {logging_mixin.py:190} INFO - [2025-03-18T19:29:11.459+0000] {dag.py:4180} INFO - Setting next_dagrun for dataset_s3_bucket_consumer to None, run_after=None
[2025-03-18T19:29:11.460+0000] {logging_mixin.py:190} INFO - [2025-03-18T19:29:11.460+0000] {dag.py:4180} INFO - Setting next_dagrun for dataset_s3_bucket_producer to None, run_after=None
[2025-03-18T19:29:11.478+0000] {processor.py:208} INFO - Processing /home/airflow/.local/lib/python3.12/site-packages/airflow/example_dags/example_dataset_alias.py took 0.536 seconds
[2025-03-18T19:29:41.824+0000] {processor.py:186} INFO - Started process (PID=4103) to work on /home/airflow/.local/lib/python3.12/site-packages/airflow/example_dags/example_dataset_alias.py
[2025-03-18T19:29:41.825+0000] {processor.py:914} INFO - Processing file /home/airflow/.local/lib/python3.12/site-packages/airflow/example_dags/example_dataset_alias.py for tasks to queue
[2025-03-18T19:29:41.827+0000] {logging_mixin.py:190} INFO - [2025-03-18T19:29:41.827+0000] {dagbag.py:588} INFO - Filling up the DagBag from /home/airflow/.local/lib/python3.12/site-packages/airflow/example_dags/example_dataset_alias.py
[2025-03-18T19:29:42.158+0000] {processor.py:925} INFO - DAG(s) 'dataset_s3_bucket_producer', 'dataset_alias_example_alias_consumer', 'dataset_s3_bucket_consumer', 'dataset_alias_example_alias_producer' retrieved from /home/airflow/.local/lib/python3.12/site-packages/airflow/example_dags/example_dataset_alias.py
[2025-03-18T19:29:42.180+0000] {logging_mixin.py:190} INFO - [2025-03-18T19:29:42.180+0000] {dag.py:3239} INFO - Sync 4 DAGs
[2025-03-18T19:29:42.365+0000] {logging_mixin.py:190} INFO - [2025-03-18T19:29:42.365+0000] {dag.py:4180} INFO - Setting next_dagrun for dataset_alias_example_alias_consumer to None, run_after=None
[2025-03-18T19:29:42.367+0000] {logging_mixin.py:190} INFO - [2025-03-18T19:29:42.367+0000] {dag.py:4180} INFO - Setting next_dagrun for dataset_alias_example_alias_producer to None, run_after=None
[2025-03-18T19:29:42.368+0000] {logging_mixin.py:190} INFO - [2025-03-18T19:29:42.368+0000] {dag.py:4180} INFO - Setting next_dagrun for dataset_s3_bucket_consumer to None, run_after=None
[2025-03-18T19:29:42.369+0000] {logging_mixin.py:190} INFO - [2025-03-18T19:29:42.369+0000] {dag.py:4180} INFO - Setting next_dagrun for dataset_s3_bucket_producer to None, run_after=None
[2025-03-18T19:29:42.385+0000] {processor.py:208} INFO - Processing /home/airflow/.local/lib/python3.12/site-packages/airflow/example_dags/example_dataset_alias.py took 0.567 seconds
[2025-03-18T19:30:12.532+0000] {processor.py:186} INFO - Started process (PID=4166) to work on /home/airflow/.local/lib/python3.12/site-packages/airflow/example_dags/example_dataset_alias.py
[2025-03-18T19:30:12.532+0000] {processor.py:914} INFO - Processing file /home/airflow/.local/lib/python3.12/site-packages/airflow/example_dags/example_dataset_alias.py for tasks to queue
[2025-03-18T19:30:12.534+0000] {logging_mixin.py:190} INFO - [2025-03-18T19:30:12.534+0000] {dagbag.py:588} INFO - Filling up the DagBag from /home/airflow/.local/lib/python3.12/site-packages/airflow/example_dags/example_dataset_alias.py
[2025-03-18T19:30:12.979+0000] {processor.py:925} INFO - DAG(s) 'dataset_alias_example_alias_producer', 'dataset_s3_bucket_consumer', 'dataset_s3_bucket_producer', 'dataset_alias_example_alias_consumer' retrieved from /home/airflow/.local/lib/python3.12/site-packages/airflow/example_dags/example_dataset_alias.py
[2025-03-18T19:30:12.994+0000] {logging_mixin.py:190} INFO - [2025-03-18T19:30:12.993+0000] {dag.py:3239} INFO - Sync 4 DAGs
[2025-03-18T19:30:13.011+0000] {logging_mixin.py:190} INFO - [2025-03-18T19:30:13.011+0000] {dag.py:4180} INFO - Setting next_dagrun for dataset_alias_example_alias_consumer to None, run_after=None
[2025-03-18T19:30:13.013+0000] {logging_mixin.py:190} INFO - [2025-03-18T19:30:13.013+0000] {dag.py:4180} INFO - Setting next_dagrun for dataset_alias_example_alias_producer to None, run_after=None
[2025-03-18T19:30:13.014+0000] {logging_mixin.py:190} INFO - [2025-03-18T19:30:13.014+0000] {dag.py:4180} INFO - Setting next_dagrun for dataset_s3_bucket_consumer to None, run_after=None
[2025-03-18T19:30:13.015+0000] {logging_mixin.py:190} INFO - [2025-03-18T19:30:13.015+0000] {dag.py:4180} INFO - Setting next_dagrun for dataset_s3_bucket_producer to None, run_after=None
[2025-03-18T19:30:13.032+0000] {processor.py:208} INFO - Processing /home/airflow/.local/lib/python3.12/site-packages/airflow/example_dags/example_dataset_alias.py took 0.506 seconds
[2025-03-18T19:36:53.963+0000] {processor.py:186} INFO - Started process (PID=4999) to work on /home/airflow/.local/lib/python3.12/site-packages/airflow/example_dags/example_dataset_alias.py
[2025-03-18T19:36:53.964+0000] {processor.py:914} INFO - Processing file /home/airflow/.local/lib/python3.12/site-packages/airflow/example_dags/example_dataset_alias.py for tasks to queue
[2025-03-18T19:36:53.966+0000] {logging_mixin.py:190} INFO - [2025-03-18T19:36:53.966+0000] {dagbag.py:588} INFO - Filling up the DagBag from /home/airflow/.local/lib/python3.12/site-packages/airflow/example_dags/example_dataset_alias.py
[2025-03-18T19:36:54.448+0000] {processor.py:925} INFO - DAG(s) 'dataset_s3_bucket_consumer', 'dataset_alias_example_alias_producer', 'dataset_alias_example_alias_consumer', 'dataset_s3_bucket_producer' retrieved from /home/airflow/.local/lib/python3.12/site-packages/airflow/example_dags/example_dataset_alias.py
[2025-03-18T19:36:54.463+0000] {logging_mixin.py:190} INFO - [2025-03-18T19:36:54.462+0000] {dag.py:3239} INFO - Sync 4 DAGs
[2025-03-18T19:36:54.479+0000] {logging_mixin.py:190} INFO - [2025-03-18T19:36:54.478+0000] {dag.py:4180} INFO - Setting next_dagrun for dataset_alias_example_alias_consumer to None, run_after=None
[2025-03-18T19:36:54.480+0000] {logging_mixin.py:190} INFO - [2025-03-18T19:36:54.480+0000] {dag.py:4180} INFO - Setting next_dagrun for dataset_alias_example_alias_producer to None, run_after=None
[2025-03-18T19:36:54.481+0000] {logging_mixin.py:190} INFO - [2025-03-18T19:36:54.481+0000] {dag.py:4180} INFO - Setting next_dagrun for dataset_s3_bucket_consumer to None, run_after=None
[2025-03-18T19:36:54.482+0000] {logging_mixin.py:190} INFO - [2025-03-18T19:36:54.482+0000] {dag.py:4180} INFO - Setting next_dagrun for dataset_s3_bucket_producer to None, run_after=None
[2025-03-18T19:36:54.498+0000] {processor.py:208} INFO - Processing /home/airflow/.local/lib/python3.12/site-packages/airflow/example_dags/example_dataset_alias.py took 0.540 seconds
[2025-03-18T19:37:24.713+0000] {processor.py:186} INFO - Started process (PID=5063) to work on /home/airflow/.local/lib/python3.12/site-packages/airflow/example_dags/example_dataset_alias.py
[2025-03-18T19:37:24.714+0000] {processor.py:914} INFO - Processing file /home/airflow/.local/lib/python3.12/site-packages/airflow/example_dags/example_dataset_alias.py for tasks to queue
[2025-03-18T19:37:24.716+0000] {logging_mixin.py:190} INFO - [2025-03-18T19:37:24.715+0000] {dagbag.py:588} INFO - Filling up the DagBag from /home/airflow/.local/lib/python3.12/site-packages/airflow/example_dags/example_dataset_alias.py
[2025-03-18T19:37:25.151+0000] {processor.py:925} INFO - DAG(s) 'dataset_alias_example_alias_consumer', 'dataset_alias_example_alias_producer', 'dataset_s3_bucket_producer', 'dataset_s3_bucket_consumer' retrieved from /home/airflow/.local/lib/python3.12/site-packages/airflow/example_dags/example_dataset_alias.py
[2025-03-18T19:37:25.167+0000] {logging_mixin.py:190} INFO - [2025-03-18T19:37:25.167+0000] {dag.py:3239} INFO - Sync 4 DAGs
[2025-03-18T19:37:25.184+0000] {logging_mixin.py:190} INFO - [2025-03-18T19:37:25.184+0000] {dag.py:4180} INFO - Setting next_dagrun for dataset_alias_example_alias_consumer to None, run_after=None
[2025-03-18T19:37:25.187+0000] {logging_mixin.py:190} INFO - [2025-03-18T19:37:25.187+0000] {dag.py:4180} INFO - Setting next_dagrun for dataset_alias_example_alias_producer to None, run_after=None
[2025-03-18T19:37:25.188+0000] {logging_mixin.py:190} INFO - [2025-03-18T19:37:25.188+0000] {dag.py:4180} INFO - Setting next_dagrun for dataset_s3_bucket_consumer to None, run_after=None
[2025-03-18T19:37:25.189+0000] {logging_mixin.py:190} INFO - [2025-03-18T19:37:25.189+0000] {dag.py:4180} INFO - Setting next_dagrun for dataset_s3_bucket_producer to None, run_after=None
[2025-03-18T19:37:25.206+0000] {processor.py:208} INFO - Processing /home/airflow/.local/lib/python3.12/site-packages/airflow/example_dags/example_dataset_alias.py took 0.498 seconds
[2025-03-18T19:37:55.334+0000] {processor.py:186} INFO - Started process (PID=5125) to work on /home/airflow/.local/lib/python3.12/site-packages/airflow/example_dags/example_dataset_alias.py
[2025-03-18T19:37:55.334+0000] {processor.py:914} INFO - Processing file /home/airflow/.local/lib/python3.12/site-packages/airflow/example_dags/example_dataset_alias.py for tasks to queue
[2025-03-18T19:37:55.336+0000] {logging_mixin.py:190} INFO - [2025-03-18T19:37:55.336+0000] {dagbag.py:588} INFO - Filling up the DagBag from /home/airflow/.local/lib/python3.12/site-packages/airflow/example_dags/example_dataset_alias.py
[2025-03-18T19:37:55.784+0000] {processor.py:925} INFO - DAG(s) 'dataset_alias_example_alias_producer', 'dataset_s3_bucket_producer', 'dataset_s3_bucket_consumer', 'dataset_alias_example_alias_consumer' retrieved from /home/airflow/.local/lib/python3.12/site-packages/airflow/example_dags/example_dataset_alias.py
[2025-03-18T19:37:55.799+0000] {logging_mixin.py:190} INFO - [2025-03-18T19:37:55.799+0000] {dag.py:3239} INFO - Sync 4 DAGs
[2025-03-18T19:37:55.815+0000] {logging_mixin.py:190} INFO - [2025-03-18T19:37:55.815+0000] {dag.py:4180} INFO - Setting next_dagrun for dataset_alias_example_alias_consumer to None, run_after=None
[2025-03-18T19:37:55.817+0000] {logging_mixin.py:190} INFO - [2025-03-18T19:37:55.817+0000] {dag.py:4180} INFO - Setting next_dagrun for dataset_alias_example_alias_producer to None, run_after=None
[2025-03-18T19:37:55.818+0000] {logging_mixin.py:190} INFO - [2025-03-18T19:37:55.818+0000] {dag.py:4180} INFO - Setting next_dagrun for dataset_s3_bucket_consumer to None, run_after=None
[2025-03-18T19:37:55.819+0000] {logging_mixin.py:190} INFO - [2025-03-18T19:37:55.819+0000] {dag.py:4180} INFO - Setting next_dagrun for dataset_s3_bucket_producer to None, run_after=None
[2025-03-18T19:37:55.834+0000] {processor.py:208} INFO - Processing /home/airflow/.local/lib/python3.12/site-packages/airflow/example_dags/example_dataset_alias.py took 0.506 seconds
[2025-03-18T19:38:25.980+0000] {processor.py:186} INFO - Started process (PID=5188) to work on /home/airflow/.local/lib/python3.12/site-packages/airflow/example_dags/example_dataset_alias.py
[2025-03-18T19:38:25.980+0000] {processor.py:914} INFO - Processing file /home/airflow/.local/lib/python3.12/site-packages/airflow/example_dags/example_dataset_alias.py for tasks to queue
[2025-03-18T19:38:25.982+0000] {logging_mixin.py:190} INFO - [2025-03-18T19:38:25.982+0000] {dagbag.py:588} INFO - Filling up the DagBag from /home/airflow/.local/lib/python3.12/site-packages/airflow/example_dags/example_dataset_alias.py
[2025-03-18T19:38:26.454+0000] {processor.py:925} INFO - DAG(s) 'dataset_alias_example_alias_consumer', 'dataset_s3_bucket_producer', 'dataset_alias_example_alias_producer', 'dataset_s3_bucket_consumer' retrieved from /home/airflow/.local/lib/python3.12/site-packages/airflow/example_dags/example_dataset_alias.py
[2025-03-18T19:38:26.478+0000] {logging_mixin.py:190} INFO - [2025-03-18T19:38:26.477+0000] {dag.py:3239} INFO - Sync 4 DAGs
[2025-03-18T19:38:26.496+0000] {logging_mixin.py:190} INFO - [2025-03-18T19:38:26.496+0000] {dag.py:4180} INFO - Setting next_dagrun for dataset_alias_example_alias_consumer to None, run_after=None
[2025-03-18T19:38:26.498+0000] {logging_mixin.py:190} INFO - [2025-03-18T19:38:26.498+0000] {dag.py:4180} INFO - Setting next_dagrun for dataset_alias_example_alias_producer to None, run_after=None
[2025-03-18T19:38:26.499+0000] {logging_mixin.py:190} INFO - [2025-03-18T19:38:26.499+0000] {dag.py:4180} INFO - Setting next_dagrun for dataset_s3_bucket_consumer to None, run_after=None
[2025-03-18T19:38:26.500+0000] {logging_mixin.py:190} INFO - [2025-03-18T19:38:26.500+0000] {dag.py:4180} INFO - Setting next_dagrun for dataset_s3_bucket_producer to None, run_after=None
[2025-03-18T19:38:26.518+0000] {processor.py:208} INFO - Processing /home/airflow/.local/lib/python3.12/site-packages/airflow/example_dags/example_dataset_alias.py took 0.544 seconds
[2025-03-18T19:38:56.811+0000] {processor.py:186} INFO - Started process (PID=5253) to work on /home/airflow/.local/lib/python3.12/site-packages/airflow/example_dags/example_dataset_alias.py
[2025-03-18T19:38:56.812+0000] {processor.py:914} INFO - Processing file /home/airflow/.local/lib/python3.12/site-packages/airflow/example_dags/example_dataset_alias.py for tasks to queue
[2025-03-18T19:38:56.813+0000] {logging_mixin.py:190} INFO - [2025-03-18T19:38:56.813+0000] {dagbag.py:588} INFO - Filling up the DagBag from /home/airflow/.local/lib/python3.12/site-packages/airflow/example_dags/example_dataset_alias.py
[2025-03-18T19:38:57.275+0000] {processor.py:925} INFO - DAG(s) 'dataset_alias_example_alias_consumer', 'dataset_s3_bucket_producer', 'dataset_s3_bucket_consumer', 'dataset_alias_example_alias_producer' retrieved from /home/airflow/.local/lib/python3.12/site-packages/airflow/example_dags/example_dataset_alias.py
[2025-03-18T19:38:57.294+0000] {logging_mixin.py:190} INFO - [2025-03-18T19:38:57.294+0000] {dag.py:3239} INFO - Sync 4 DAGs
[2025-03-18T19:38:57.314+0000] {logging_mixin.py:190} INFO - [2025-03-18T19:38:57.314+0000] {dag.py:4180} INFO - Setting next_dagrun for dataset_alias_example_alias_consumer to None, run_after=None
[2025-03-18T19:38:57.316+0000] {logging_mixin.py:190} INFO - [2025-03-18T19:38:57.316+0000] {dag.py:4180} INFO - Setting next_dagrun for dataset_alias_example_alias_producer to None, run_after=None
[2025-03-18T19:38:57.317+0000] {logging_mixin.py:190} INFO - [2025-03-18T19:38:57.317+0000] {dag.py:4180} INFO - Setting next_dagrun for dataset_s3_bucket_consumer to None, run_after=None
[2025-03-18T19:38:57.318+0000] {logging_mixin.py:190} INFO - [2025-03-18T19:38:57.318+0000] {dag.py:4180} INFO - Setting next_dagrun for dataset_s3_bucket_producer to None, run_after=None
[2025-03-18T19:38:57.333+0000] {processor.py:208} INFO - Processing /home/airflow/.local/lib/python3.12/site-packages/airflow/example_dags/example_dataset_alias.py took 0.527 seconds
[2025-03-18T19:39:27.756+0000] {processor.py:186} INFO - Started process (PID=5319) to work on /home/airflow/.local/lib/python3.12/site-packages/airflow/example_dags/example_dataset_alias.py
[2025-03-18T19:39:27.757+0000] {processor.py:914} INFO - Processing file /home/airflow/.local/lib/python3.12/site-packages/airflow/example_dags/example_dataset_alias.py for tasks to queue
[2025-03-18T19:39:27.759+0000] {logging_mixin.py:190} INFO - [2025-03-18T19:39:27.759+0000] {dagbag.py:588} INFO - Filling up the DagBag from /home/airflow/.local/lib/python3.12/site-packages/airflow/example_dags/example_dataset_alias.py
[2025-03-18T19:39:28.200+0000] {processor.py:925} INFO - DAG(s) 'dataset_alias_example_alias_producer', 'dataset_alias_example_alias_consumer', 'dataset_s3_bucket_producer', 'dataset_s3_bucket_consumer' retrieved from /home/airflow/.local/lib/python3.12/site-packages/airflow/example_dags/example_dataset_alias.py
[2025-03-18T19:39:28.217+0000] {logging_mixin.py:190} INFO - [2025-03-18T19:39:28.216+0000] {dag.py:3239} INFO - Sync 4 DAGs
[2025-03-18T19:39:28.235+0000] {logging_mixin.py:190} INFO - [2025-03-18T19:39:28.235+0000] {dag.py:4180} INFO - Setting next_dagrun for dataset_alias_example_alias_consumer to None, run_after=None
[2025-03-18T19:39:28.237+0000] {logging_mixin.py:190} INFO - [2025-03-18T19:39:28.237+0000] {dag.py:4180} INFO - Setting next_dagrun for dataset_alias_example_alias_producer to None, run_after=None
[2025-03-18T19:39:28.238+0000] {logging_mixin.py:190} INFO - [2025-03-18T19:39:28.238+0000] {dag.py:4180} INFO - Setting next_dagrun for dataset_s3_bucket_consumer to None, run_after=None
[2025-03-18T19:39:28.239+0000] {logging_mixin.py:190} INFO - [2025-03-18T19:39:28.239+0000] {dag.py:4180} INFO - Setting next_dagrun for dataset_s3_bucket_producer to None, run_after=None
[2025-03-18T19:39:28.256+0000] {processor.py:208} INFO - Processing /home/airflow/.local/lib/python3.12/site-packages/airflow/example_dags/example_dataset_alias.py took 0.506 seconds
[2025-03-18T19:39:58.345+0000] {processor.py:186} INFO - Started process (PID=5381) to work on /home/airflow/.local/lib/python3.12/site-packages/airflow/example_dags/example_dataset_alias.py
[2025-03-18T19:39:58.346+0000] {processor.py:914} INFO - Processing file /home/airflow/.local/lib/python3.12/site-packages/airflow/example_dags/example_dataset_alias.py for tasks to queue
[2025-03-18T19:39:58.348+0000] {logging_mixin.py:190} INFO - [2025-03-18T19:39:58.348+0000] {dagbag.py:588} INFO - Filling up the DagBag from /home/airflow/.local/lib/python3.12/site-packages/airflow/example_dags/example_dataset_alias.py
[2025-03-18T19:39:58.810+0000] {processor.py:925} INFO - DAG(s) 'dataset_alias_example_alias_producer', 'dataset_s3_bucket_producer', 'dataset_alias_example_alias_consumer', 'dataset_s3_bucket_consumer' retrieved from /home/airflow/.local/lib/python3.12/site-packages/airflow/example_dags/example_dataset_alias.py
[2025-03-18T19:39:58.825+0000] {logging_mixin.py:190} INFO - [2025-03-18T19:39:58.825+0000] {dag.py:3239} INFO - Sync 4 DAGs
[2025-03-18T19:39:58.842+0000] {logging_mixin.py:190} INFO - [2025-03-18T19:39:58.842+0000] {dag.py:4180} INFO - Setting next_dagrun for dataset_alias_example_alias_consumer to None, run_after=None
[2025-03-18T19:39:58.844+0000] {logging_mixin.py:190} INFO - [2025-03-18T19:39:58.843+0000] {dag.py:4180} INFO - Setting next_dagrun for dataset_alias_example_alias_producer to None, run_after=None
[2025-03-18T19:39:58.844+0000] {logging_mixin.py:190} INFO - [2025-03-18T19:39:58.844+0000] {dag.py:4180} INFO - Setting next_dagrun for dataset_s3_bucket_consumer to None, run_after=None
[2025-03-18T19:39:58.845+0000] {logging_mixin.py:190} INFO - [2025-03-18T19:39:58.845+0000] {dag.py:4180} INFO - Setting next_dagrun for dataset_s3_bucket_producer to None, run_after=None
[2025-03-18T19:39:58.862+0000] {processor.py:208} INFO - Processing /home/airflow/.local/lib/python3.12/site-packages/airflow/example_dags/example_dataset_alias.py took 0.522 seconds
[2025-03-18T19:40:29.266+0000] {processor.py:186} INFO - Started process (PID=5447) to work on /home/airflow/.local/lib/python3.12/site-packages/airflow/example_dags/example_dataset_alias.py
[2025-03-18T19:40:29.267+0000] {processor.py:914} INFO - Processing file /home/airflow/.local/lib/python3.12/site-packages/airflow/example_dags/example_dataset_alias.py for tasks to queue
[2025-03-18T19:40:29.269+0000] {logging_mixin.py:190} INFO - [2025-03-18T19:40:29.269+0000] {dagbag.py:588} INFO - Filling up the DagBag from /home/airflow/.local/lib/python3.12/site-packages/airflow/example_dags/example_dataset_alias.py
[2025-03-18T19:40:29.694+0000] {processor.py:925} INFO - DAG(s) 'dataset_s3_bucket_consumer', 'dataset_alias_example_alias_producer', 'dataset_s3_bucket_producer', 'dataset_alias_example_alias_consumer' retrieved from /home/airflow/.local/lib/python3.12/site-packages/airflow/example_dags/example_dataset_alias.py
[2025-03-18T19:40:29.710+0000] {logging_mixin.py:190} INFO - [2025-03-18T19:40:29.709+0000] {dag.py:3239} INFO - Sync 4 DAGs
[2025-03-18T19:40:29.725+0000] {logging_mixin.py:190} INFO - [2025-03-18T19:40:29.725+0000] {dag.py:4180} INFO - Setting next_dagrun for dataset_alias_example_alias_consumer to None, run_after=None
[2025-03-18T19:40:29.727+0000] {logging_mixin.py:190} INFO - [2025-03-18T19:40:29.727+0000] {dag.py:4180} INFO - Setting next_dagrun for dataset_alias_example_alias_producer to None, run_after=None
[2025-03-18T19:40:29.728+0000] {logging_mixin.py:190} INFO - [2025-03-18T19:40:29.728+0000] {dag.py:4180} INFO - Setting next_dagrun for dataset_s3_bucket_consumer to None, run_after=None
[2025-03-18T19:40:29.729+0000] {logging_mixin.py:190} INFO - [2025-03-18T19:40:29.729+0000] {dag.py:4180} INFO - Setting next_dagrun for dataset_s3_bucket_producer to None, run_after=None
[2025-03-18T19:40:29.745+0000] {processor.py:208} INFO - Processing /home/airflow/.local/lib/python3.12/site-packages/airflow/example_dags/example_dataset_alias.py took 0.484 seconds
[2025-03-18T19:40:59.977+0000] {processor.py:186} INFO - Started process (PID=5515) to work on /home/airflow/.local/lib/python3.12/site-packages/airflow/example_dags/example_dataset_alias.py
[2025-03-18T19:40:59.978+0000] {processor.py:914} INFO - Processing file /home/airflow/.local/lib/python3.12/site-packages/airflow/example_dags/example_dataset_alias.py for tasks to queue
[2025-03-18T19:40:59.979+0000] {logging_mixin.py:190} INFO - [2025-03-18T19:40:59.979+0000] {dagbag.py:588} INFO - Filling up the DagBag from /home/airflow/.local/lib/python3.12/site-packages/airflow/example_dags/example_dataset_alias.py
[2025-03-18T19:41:00.393+0000] {processor.py:925} INFO - DAG(s) 'dataset_s3_bucket_consumer', 'dataset_alias_example_alias_producer', 'dataset_alias_example_alias_consumer', 'dataset_s3_bucket_producer' retrieved from /home/airflow/.local/lib/python3.12/site-packages/airflow/example_dags/example_dataset_alias.py
[2025-03-18T19:41:00.409+0000] {logging_mixin.py:190} INFO - [2025-03-18T19:41:00.409+0000] {dag.py:3239} INFO - Sync 4 DAGs
[2025-03-18T19:41:00.425+0000] {logging_mixin.py:190} INFO - [2025-03-18T19:41:00.424+0000] {dag.py:4180} INFO - Setting next_dagrun for dataset_alias_example_alias_consumer to None, run_after=None
[2025-03-18T19:41:00.427+0000] {logging_mixin.py:190} INFO - [2025-03-18T19:41:00.426+0000] {dag.py:4180} INFO - Setting next_dagrun for dataset_alias_example_alias_producer to None, run_after=None
[2025-03-18T19:41:00.428+0000] {logging_mixin.py:190} INFO - [2025-03-18T19:41:00.427+0000] {dag.py:4180} INFO - Setting next_dagrun for dataset_s3_bucket_consumer to None, run_after=None
[2025-03-18T19:41:00.428+0000] {logging_mixin.py:190} INFO - [2025-03-18T19:41:00.428+0000] {dag.py:4180} INFO - Setting next_dagrun for dataset_s3_bucket_producer to None, run_after=None
[2025-03-18T19:41:00.444+0000] {processor.py:208} INFO - Processing /home/airflow/.local/lib/python3.12/site-packages/airflow/example_dags/example_dataset_alias.py took 0.472 seconds
[2025-03-18T19:41:30.959+0000] {processor.py:186} INFO - Started process (PID=5583) to work on /home/airflow/.local/lib/python3.12/site-packages/airflow/example_dags/example_dataset_alias.py
[2025-03-18T19:41:30.960+0000] {processor.py:914} INFO - Processing file /home/airflow/.local/lib/python3.12/site-packages/airflow/example_dags/example_dataset_alias.py for tasks to queue
[2025-03-18T19:41:30.962+0000] {logging_mixin.py:190} INFO - [2025-03-18T19:41:30.962+0000] {dagbag.py:588} INFO - Filling up the DagBag from /home/airflow/.local/lib/python3.12/site-packages/airflow/example_dags/example_dataset_alias.py
[2025-03-18T19:41:31.371+0000] {processor.py:925} INFO - DAG(s) 'dataset_s3_bucket_consumer', 'dataset_alias_example_alias_consumer', 'dataset_alias_example_alias_producer', 'dataset_s3_bucket_producer' retrieved from /home/airflow/.local/lib/python3.12/site-packages/airflow/example_dags/example_dataset_alias.py
[2025-03-18T19:41:31.387+0000] {logging_mixin.py:190} INFO - [2025-03-18T19:41:31.386+0000] {dag.py:3239} INFO - Sync 4 DAGs
[2025-03-18T19:41:31.402+0000] {logging_mixin.py:190} INFO - [2025-03-18T19:41:31.402+0000] {dag.py:4180} INFO - Setting next_dagrun for dataset_alias_example_alias_consumer to None, run_after=None
[2025-03-18T19:41:31.404+0000] {logging_mixin.py:190} INFO - [2025-03-18T19:41:31.403+0000] {dag.py:4180} INFO - Setting next_dagrun for dataset_alias_example_alias_producer to None, run_after=None
[2025-03-18T19:41:31.405+0000] {logging_mixin.py:190} INFO - [2025-03-18T19:41:31.404+0000] {dag.py:4180} INFO - Setting next_dagrun for dataset_s3_bucket_consumer to None, run_after=None
[2025-03-18T19:41:31.405+0000] {logging_mixin.py:190} INFO - [2025-03-18T19:41:31.405+0000] {dag.py:4180} INFO - Setting next_dagrun for dataset_s3_bucket_producer to None, run_after=None
[2025-03-18T19:41:31.421+0000] {processor.py:208} INFO - Processing /home/airflow/.local/lib/python3.12/site-packages/airflow/example_dags/example_dataset_alias.py took 0.466 seconds
[2025-03-18T19:42:02.137+0000] {processor.py:186} INFO - Started process (PID=5652) to work on /home/airflow/.local/lib/python3.12/site-packages/airflow/example_dags/example_dataset_alias.py
[2025-03-18T19:42:02.138+0000] {processor.py:914} INFO - Processing file /home/airflow/.local/lib/python3.12/site-packages/airflow/example_dags/example_dataset_alias.py for tasks to queue
[2025-03-18T19:42:02.139+0000] {logging_mixin.py:190} INFO - [2025-03-18T19:42:02.139+0000] {dagbag.py:588} INFO - Filling up the DagBag from /home/airflow/.local/lib/python3.12/site-packages/airflow/example_dags/example_dataset_alias.py
[2025-03-18T19:42:02.559+0000] {processor.py:925} INFO - DAG(s) 'dataset_alias_example_alias_producer', 'dataset_s3_bucket_consumer', 'dataset_s3_bucket_producer', 'dataset_alias_example_alias_consumer' retrieved from /home/airflow/.local/lib/python3.12/site-packages/airflow/example_dags/example_dataset_alias.py
[2025-03-18T19:42:02.575+0000] {logging_mixin.py:190} INFO - [2025-03-18T19:42:02.574+0000] {dag.py:3239} INFO - Sync 4 DAGs
[2025-03-18T19:42:02.591+0000] {logging_mixin.py:190} INFO - [2025-03-18T19:42:02.591+0000] {dag.py:4180} INFO - Setting next_dagrun for dataset_alias_example_alias_consumer to None, run_after=None
[2025-03-18T19:42:02.593+0000] {logging_mixin.py:190} INFO - [2025-03-18T19:42:02.593+0000] {dag.py:4180} INFO - Setting next_dagrun for dataset_alias_example_alias_producer to None, run_after=None
[2025-03-18T19:42:02.594+0000] {logging_mixin.py:190} INFO - [2025-03-18T19:42:02.593+0000] {dag.py:4180} INFO - Setting next_dagrun for dataset_s3_bucket_consumer to None, run_after=None
[2025-03-18T19:42:02.594+0000] {logging_mixin.py:190} INFO - [2025-03-18T19:42:02.594+0000] {dag.py:4180} INFO - Setting next_dagrun for dataset_s3_bucket_producer to None, run_after=None
[2025-03-18T19:42:02.609+0000] {processor.py:208} INFO - Processing /home/airflow/.local/lib/python3.12/site-packages/airflow/example_dags/example_dataset_alias.py took 0.478 seconds
[2025-03-18T19:42:33.379+0000] {processor.py:186} INFO - Started process (PID=5714) to work on /home/airflow/.local/lib/python3.12/site-packages/airflow/example_dags/example_dataset_alias.py
[2025-03-18T19:42:33.380+0000] {processor.py:914} INFO - Processing file /home/airflow/.local/lib/python3.12/site-packages/airflow/example_dags/example_dataset_alias.py for tasks to queue
[2025-03-18T19:42:33.382+0000] {logging_mixin.py:190} INFO - [2025-03-18T19:42:33.381+0000] {dagbag.py:588} INFO - Filling up the DagBag from /home/airflow/.local/lib/python3.12/site-packages/airflow/example_dags/example_dataset_alias.py
[2025-03-18T19:42:33.842+0000] {processor.py:925} INFO - DAG(s) 'dataset_s3_bucket_producer', 'dataset_s3_bucket_consumer', 'dataset_alias_example_alias_producer', 'dataset_alias_example_alias_consumer' retrieved from /home/airflow/.local/lib/python3.12/site-packages/airflow/example_dags/example_dataset_alias.py
[2025-03-18T19:42:33.861+0000] {logging_mixin.py:190} INFO - [2025-03-18T19:42:33.860+0000] {dag.py:3239} INFO - Sync 4 DAGs
[2025-03-18T19:42:33.880+0000] {logging_mixin.py:190} INFO - [2025-03-18T19:42:33.879+0000] {dag.py:4180} INFO - Setting next_dagrun for dataset_alias_example_alias_consumer to None, run_after=None
[2025-03-18T19:42:33.881+0000] {logging_mixin.py:190} INFO - [2025-03-18T19:42:33.881+0000] {dag.py:4180} INFO - Setting next_dagrun for dataset_alias_example_alias_producer to None, run_after=None
[2025-03-18T19:42:33.882+0000] {logging_mixin.py:190} INFO - [2025-03-18T19:42:33.882+0000] {dag.py:4180} INFO - Setting next_dagrun for dataset_s3_bucket_consumer to None, run_after=None
[2025-03-18T19:42:33.883+0000] {logging_mixin.py:190} INFO - [2025-03-18T19:42:33.883+0000] {dag.py:4180} INFO - Setting next_dagrun for dataset_s3_bucket_producer to None, run_after=None
[2025-03-18T19:42:33.901+0000] {processor.py:208} INFO - Processing /home/airflow/.local/lib/python3.12/site-packages/airflow/example_dags/example_dataset_alias.py took 0.527 seconds
[2025-03-18T19:43:04.155+0000] {processor.py:186} INFO - Started process (PID=5771) to work on /home/airflow/.local/lib/python3.12/site-packages/airflow/example_dags/example_dataset_alias.py
[2025-03-18T19:43:04.156+0000] {processor.py:914} INFO - Processing file /home/airflow/.local/lib/python3.12/site-packages/airflow/example_dags/example_dataset_alias.py for tasks to queue
[2025-03-18T19:43:04.158+0000] {logging_mixin.py:190} INFO - [2025-03-18T19:43:04.158+0000] {dagbag.py:588} INFO - Filling up the DagBag from /home/airflow/.local/lib/python3.12/site-packages/airflow/example_dags/example_dataset_alias.py
[2025-03-18T19:43:04.595+0000] {processor.py:925} INFO - DAG(s) 'dataset_s3_bucket_producer', 'dataset_alias_example_alias_consumer', 'dataset_alias_example_alias_producer', 'dataset_s3_bucket_consumer' retrieved from /home/airflow/.local/lib/python3.12/site-packages/airflow/example_dags/example_dataset_alias.py
[2025-03-18T19:43:04.612+0000] {logging_mixin.py:190} INFO - [2025-03-18T19:43:04.612+0000] {dag.py:3239} INFO - Sync 4 DAGs
[2025-03-18T19:43:04.630+0000] {logging_mixin.py:190} INFO - [2025-03-18T19:43:04.630+0000] {dag.py:4180} INFO - Setting next_dagrun for dataset_alias_example_alias_consumer to None, run_after=None
[2025-03-18T19:43:04.632+0000] {logging_mixin.py:190} INFO - [2025-03-18T19:43:04.632+0000] {dag.py:4180} INFO - Setting next_dagrun for dataset_alias_example_alias_producer to None, run_after=None
[2025-03-18T19:43:04.633+0000] {logging_mixin.py:190} INFO - [2025-03-18T19:43:04.633+0000] {dag.py:4180} INFO - Setting next_dagrun for dataset_s3_bucket_consumer to None, run_after=None
[2025-03-18T19:43:04.634+0000] {logging_mixin.py:190} INFO - [2025-03-18T19:43:04.634+0000] {dag.py:4180} INFO - Setting next_dagrun for dataset_s3_bucket_producer to None, run_after=None
[2025-03-18T19:43:04.651+0000] {processor.py:208} INFO - Processing /home/airflow/.local/lib/python3.12/site-packages/airflow/example_dags/example_dataset_alias.py took 0.500 seconds
[2025-03-18T19:43:35.166+0000] {processor.py:186} INFO - Started process (PID=5839) to work on /home/airflow/.local/lib/python3.12/site-packages/airflow/example_dags/example_dataset_alias.py
[2025-03-18T19:43:35.167+0000] {processor.py:914} INFO - Processing file /home/airflow/.local/lib/python3.12/site-packages/airflow/example_dags/example_dataset_alias.py for tasks to queue
[2025-03-18T19:43:35.169+0000] {logging_mixin.py:190} INFO - [2025-03-18T19:43:35.168+0000] {dagbag.py:588} INFO - Filling up the DagBag from /home/airflow/.local/lib/python3.12/site-packages/airflow/example_dags/example_dataset_alias.py
[2025-03-18T19:43:35.629+0000] {processor.py:925} INFO - DAG(s) 'dataset_alias_example_alias_producer', 'dataset_alias_example_alias_consumer', 'dataset_s3_bucket_producer', 'dataset_s3_bucket_consumer' retrieved from /home/airflow/.local/lib/python3.12/site-packages/airflow/example_dags/example_dataset_alias.py
[2025-03-18T19:43:35.645+0000] {logging_mixin.py:190} INFO - [2025-03-18T19:43:35.644+0000] {dag.py:3239} INFO - Sync 4 DAGs
[2025-03-18T19:43:35.660+0000] {logging_mixin.py:190} INFO - [2025-03-18T19:43:35.660+0000] {dag.py:4180} INFO - Setting next_dagrun for dataset_alias_example_alias_consumer to None, run_after=None
[2025-03-18T19:43:35.662+0000] {logging_mixin.py:190} INFO - [2025-03-18T19:43:35.662+0000] {dag.py:4180} INFO - Setting next_dagrun for dataset_alias_example_alias_producer to None, run_after=None
[2025-03-18T19:43:35.663+0000] {logging_mixin.py:190} INFO - [2025-03-18T19:43:35.663+0000] {dag.py:4180} INFO - Setting next_dagrun for dataset_s3_bucket_consumer to None, run_after=None
[2025-03-18T19:43:35.664+0000] {logging_mixin.py:190} INFO - [2025-03-18T19:43:35.664+0000] {dag.py:4180} INFO - Setting next_dagrun for dataset_s3_bucket_producer to None, run_after=None
[2025-03-18T19:43:35.680+0000] {processor.py:208} INFO - Processing /home/airflow/.local/lib/python3.12/site-packages/airflow/example_dags/example_dataset_alias.py took 0.521 seconds
