[2025-03-18T19:24:04.687+0000] {processor.py:186} INFO - Started process (PID=3403) to work on /home/airflow/.local/lib/python3.12/site-packages/airflow/example_dags/example_branch_python_dop_operator_3.py
[2025-03-18T19:24:04.688+0000] {processor.py:914} INFO - Processing file /home/airflow/.local/lib/python3.12/site-packages/airflow/example_dags/example_branch_python_dop_operator_3.py for tasks to queue
[2025-03-18T19:24:04.690+0000] {logging_mixin.py:190} INFO - [2025-03-18T19:24:04.689+0000] {dagbag.py:588} INFO - Filling up the DagBag from /home/airflow/.local/lib/python3.12/site-packages/airflow/example_dags/example_branch_python_dop_operator_3.py
[2025-03-18T19:24:04.698+0000] {processor.py:925} INFO - DAG(s) 'example_branch_dop_operator_v3' retrieved from /home/airflow/.local/lib/python3.12/site-packages/airflow/example_dags/example_branch_python_dop_operator_3.py
[2025-03-18T19:24:04.717+0000] {logging_mixin.py:190} INFO - [2025-03-18T19:24:04.717+0000] {dag.py:3239} INFO - Sync 1 DAGs
[2025-03-18T19:24:04.738+0000] {logging_mixin.py:190} INFO - [2025-03-18T19:24:04.738+0000] {dag.py:4180} INFO - Setting next_dagrun for example_branch_dop_operator_v3 to 2025-03-18 19:23:00+00:00, run_after=2025-03-18 19:24:00+00:00
[2025-03-18T19:24:04.753+0000] {processor.py:208} INFO - Processing /home/airflow/.local/lib/python3.12/site-packages/airflow/example_dags/example_branch_python_dop_operator_3.py took 0.071 seconds
[2025-03-18T19:24:35.371+0000] {processor.py:186} INFO - Started process (PID=3467) to work on /home/airflow/.local/lib/python3.12/site-packages/airflow/example_dags/example_branch_python_dop_operator_3.py
[2025-03-18T19:24:35.372+0000] {processor.py:914} INFO - Processing file /home/airflow/.local/lib/python3.12/site-packages/airflow/example_dags/example_branch_python_dop_operator_3.py for tasks to queue
[2025-03-18T19:24:35.374+0000] {logging_mixin.py:190} INFO - [2025-03-18T19:24:35.374+0000] {dagbag.py:588} INFO - Filling up the DagBag from /home/airflow/.local/lib/python3.12/site-packages/airflow/example_dags/example_branch_python_dop_operator_3.py
[2025-03-18T19:24:35.383+0000] {processor.py:925} INFO - DAG(s) 'example_branch_dop_operator_v3' retrieved from /home/airflow/.local/lib/python3.12/site-packages/airflow/example_dags/example_branch_python_dop_operator_3.py
[2025-03-18T19:24:35.401+0000] {logging_mixin.py:190} INFO - [2025-03-18T19:24:35.401+0000] {dag.py:3239} INFO - Sync 1 DAGs
[2025-03-18T19:24:35.422+0000] {logging_mixin.py:190} INFO - [2025-03-18T19:24:35.422+0000] {dag.py:4180} INFO - Setting next_dagrun for example_branch_dop_operator_v3 to 2025-03-18 19:23:00+00:00, run_after=2025-03-18 19:24:00+00:00
[2025-03-18T19:24:35.438+0000] {processor.py:208} INFO - Processing /home/airflow/.local/lib/python3.12/site-packages/airflow/example_dags/example_branch_python_dop_operator_3.py took 0.072 seconds
[2025-03-18T19:25:05.739+0000] {processor.py:186} INFO - Started process (PID=3531) to work on /home/airflow/.local/lib/python3.12/site-packages/airflow/example_dags/example_branch_python_dop_operator_3.py
[2025-03-18T19:25:05.740+0000] {processor.py:914} INFO - Processing file /home/airflow/.local/lib/python3.12/site-packages/airflow/example_dags/example_branch_python_dop_operator_3.py for tasks to queue
[2025-03-18T19:25:05.742+0000] {logging_mixin.py:190} INFO - [2025-03-18T19:25:05.741+0000] {dagbag.py:588} INFO - Filling up the DagBag from /home/airflow/.local/lib/python3.12/site-packages/airflow/example_dags/example_branch_python_dop_operator_3.py
[2025-03-18T19:25:05.750+0000] {processor.py:925} INFO - DAG(s) 'example_branch_dop_operator_v3' retrieved from /home/airflow/.local/lib/python3.12/site-packages/airflow/example_dags/example_branch_python_dop_operator_3.py
[2025-03-18T19:25:05.766+0000] {logging_mixin.py:190} INFO - [2025-03-18T19:25:05.766+0000] {dag.py:3239} INFO - Sync 1 DAGs
[2025-03-18T19:25:05.786+0000] {logging_mixin.py:190} INFO - [2025-03-18T19:25:05.786+0000] {dag.py:4180} INFO - Setting next_dagrun for example_branch_dop_operator_v3 to 2025-03-18 19:24:00+00:00, run_after=2025-03-18 19:25:00+00:00
[2025-03-18T19:25:05.799+0000] {processor.py:208} INFO - Processing /home/airflow/.local/lib/python3.12/site-packages/airflow/example_dags/example_branch_python_dop_operator_3.py took 0.065 seconds
[2025-03-18T19:25:36.403+0000] {processor.py:186} INFO - Started process (PID=3595) to work on /home/airflow/.local/lib/python3.12/site-packages/airflow/example_dags/example_branch_python_dop_operator_3.py
[2025-03-18T19:25:36.404+0000] {processor.py:914} INFO - Processing file /home/airflow/.local/lib/python3.12/site-packages/airflow/example_dags/example_branch_python_dop_operator_3.py for tasks to queue
[2025-03-18T19:25:36.406+0000] {logging_mixin.py:190} INFO - [2025-03-18T19:25:36.406+0000] {dagbag.py:588} INFO - Filling up the DagBag from /home/airflow/.local/lib/python3.12/site-packages/airflow/example_dags/example_branch_python_dop_operator_3.py
[2025-03-18T19:25:36.415+0000] {processor.py:925} INFO - DAG(s) 'example_branch_dop_operator_v3' retrieved from /home/airflow/.local/lib/python3.12/site-packages/airflow/example_dags/example_branch_python_dop_operator_3.py
[2025-03-18T19:25:36.434+0000] {logging_mixin.py:190} INFO - [2025-03-18T19:25:36.434+0000] {dag.py:3239} INFO - Sync 1 DAGs
[2025-03-18T19:25:36.460+0000] {logging_mixin.py:190} INFO - [2025-03-18T19:25:36.460+0000] {dag.py:4180} INFO - Setting next_dagrun for example_branch_dop_operator_v3 to 2025-03-18 19:24:00+00:00, run_after=2025-03-18 19:25:00+00:00
[2025-03-18T19:25:36.478+0000] {processor.py:208} INFO - Processing /home/airflow/.local/lib/python3.12/site-packages/airflow/example_dags/example_branch_python_dop_operator_3.py took 0.081 seconds
[2025-03-18T19:26:07.020+0000] {processor.py:186} INFO - Started process (PID=3659) to work on /home/airflow/.local/lib/python3.12/site-packages/airflow/example_dags/example_branch_python_dop_operator_3.py
[2025-03-18T19:26:07.021+0000] {processor.py:914} INFO - Processing file /home/airflow/.local/lib/python3.12/site-packages/airflow/example_dags/example_branch_python_dop_operator_3.py for tasks to queue
[2025-03-18T19:26:07.023+0000] {logging_mixin.py:190} INFO - [2025-03-18T19:26:07.023+0000] {dagbag.py:588} INFO - Filling up the DagBag from /home/airflow/.local/lib/python3.12/site-packages/airflow/example_dags/example_branch_python_dop_operator_3.py
[2025-03-18T19:26:07.032+0000] {processor.py:925} INFO - DAG(s) 'example_branch_dop_operator_v3' retrieved from /home/airflow/.local/lib/python3.12/site-packages/airflow/example_dags/example_branch_python_dop_operator_3.py
[2025-03-18T19:26:07.050+0000] {logging_mixin.py:190} INFO - [2025-03-18T19:26:07.050+0000] {dag.py:3239} INFO - Sync 1 DAGs
[2025-03-18T19:26:07.070+0000] {logging_mixin.py:190} INFO - [2025-03-18T19:26:07.069+0000] {dag.py:4180} INFO - Setting next_dagrun for example_branch_dop_operator_v3 to 2025-03-18 19:25:00+00:00, run_after=2025-03-18 19:26:00+00:00
[2025-03-18T19:26:07.083+0000] {processor.py:208} INFO - Processing /home/airflow/.local/lib/python3.12/site-packages/airflow/example_dags/example_branch_python_dop_operator_3.py took 0.068 seconds
[2025-03-18T19:26:37.613+0000] {processor.py:186} INFO - Started process (PID=3723) to work on /home/airflow/.local/lib/python3.12/site-packages/airflow/example_dags/example_branch_python_dop_operator_3.py
[2025-03-18T19:26:37.614+0000] {processor.py:914} INFO - Processing file /home/airflow/.local/lib/python3.12/site-packages/airflow/example_dags/example_branch_python_dop_operator_3.py for tasks to queue
[2025-03-18T19:26:37.616+0000] {logging_mixin.py:190} INFO - [2025-03-18T19:26:37.616+0000] {dagbag.py:588} INFO - Filling up the DagBag from /home/airflow/.local/lib/python3.12/site-packages/airflow/example_dags/example_branch_python_dop_operator_3.py
[2025-03-18T19:26:37.625+0000] {processor.py:925} INFO - DAG(s) 'example_branch_dop_operator_v3' retrieved from /home/airflow/.local/lib/python3.12/site-packages/airflow/example_dags/example_branch_python_dop_operator_3.py
[2025-03-18T19:26:37.641+0000] {logging_mixin.py:190} INFO - [2025-03-18T19:26:37.641+0000] {dag.py:3239} INFO - Sync 1 DAGs
[2025-03-18T19:26:37.661+0000] {logging_mixin.py:190} INFO - [2025-03-18T19:26:37.661+0000] {dag.py:4180} INFO - Setting next_dagrun for example_branch_dop_operator_v3 to 2025-03-18 19:25:00+00:00, run_after=2025-03-18 19:26:00+00:00
[2025-03-18T19:26:37.676+0000] {processor.py:208} INFO - Processing /home/airflow/.local/lib/python3.12/site-packages/airflow/example_dags/example_branch_python_dop_operator_3.py took 0.068 seconds
[2025-03-18T19:27:08.104+0000] {processor.py:186} INFO - Started process (PID=3787) to work on /home/airflow/.local/lib/python3.12/site-packages/airflow/example_dags/example_branch_python_dop_operator_3.py
[2025-03-18T19:27:08.105+0000] {processor.py:914} INFO - Processing file /home/airflow/.local/lib/python3.12/site-packages/airflow/example_dags/example_branch_python_dop_operator_3.py for tasks to queue
[2025-03-18T19:27:08.107+0000] {logging_mixin.py:190} INFO - [2025-03-18T19:27:08.106+0000] {dagbag.py:588} INFO - Filling up the DagBag from /home/airflow/.local/lib/python3.12/site-packages/airflow/example_dags/example_branch_python_dop_operator_3.py
[2025-03-18T19:27:08.115+0000] {processor.py:925} INFO - DAG(s) 'example_branch_dop_operator_v3' retrieved from /home/airflow/.local/lib/python3.12/site-packages/airflow/example_dags/example_branch_python_dop_operator_3.py
[2025-03-18T19:27:08.131+0000] {logging_mixin.py:190} INFO - [2025-03-18T19:27:08.131+0000] {dag.py:3239} INFO - Sync 1 DAGs
[2025-03-18T19:27:08.152+0000] {logging_mixin.py:190} INFO - [2025-03-18T19:27:08.152+0000] {dag.py:4180} INFO - Setting next_dagrun for example_branch_dop_operator_v3 to 2025-03-18 19:26:00+00:00, run_after=2025-03-18 19:27:00+00:00
[2025-03-18T19:27:08.165+0000] {processor.py:208} INFO - Processing /home/airflow/.local/lib/python3.12/site-packages/airflow/example_dags/example_branch_python_dop_operator_3.py took 0.066 seconds
[2025-03-18T19:27:38.790+0000] {processor.py:186} INFO - Started process (PID=3851) to work on /home/airflow/.local/lib/python3.12/site-packages/airflow/example_dags/example_branch_python_dop_operator_3.py
[2025-03-18T19:27:38.791+0000] {processor.py:914} INFO - Processing file /home/airflow/.local/lib/python3.12/site-packages/airflow/example_dags/example_branch_python_dop_operator_3.py for tasks to queue
[2025-03-18T19:27:38.793+0000] {logging_mixin.py:190} INFO - [2025-03-18T19:27:38.793+0000] {dagbag.py:588} INFO - Filling up the DagBag from /home/airflow/.local/lib/python3.12/site-packages/airflow/example_dags/example_branch_python_dop_operator_3.py
[2025-03-18T19:27:38.802+0000] {processor.py:925} INFO - DAG(s) 'example_branch_dop_operator_v3' retrieved from /home/airflow/.local/lib/python3.12/site-packages/airflow/example_dags/example_branch_python_dop_operator_3.py
[2025-03-18T19:27:38.819+0000] {logging_mixin.py:190} INFO - [2025-03-18T19:27:38.819+0000] {dag.py:3239} INFO - Sync 1 DAGs
[2025-03-18T19:27:38.839+0000] {logging_mixin.py:190} INFO - [2025-03-18T19:27:38.839+0000] {dag.py:4180} INFO - Setting next_dagrun for example_branch_dop_operator_v3 to 2025-03-18 19:26:00+00:00, run_after=2025-03-18 19:27:00+00:00
[2025-03-18T19:27:38.855+0000] {processor.py:208} INFO - Processing /home/airflow/.local/lib/python3.12/site-packages/airflow/example_dags/example_branch_python_dop_operator_3.py took 0.070 seconds
[2025-03-18T19:28:09.761+0000] {processor.py:186} INFO - Started process (PID=3916) to work on /home/airflow/.local/lib/python3.12/site-packages/airflow/example_dags/example_branch_python_dop_operator_3.py
[2025-03-18T19:28:09.763+0000] {processor.py:914} INFO - Processing file /home/airflow/.local/lib/python3.12/site-packages/airflow/example_dags/example_branch_python_dop_operator_3.py for tasks to queue
[2025-03-18T19:28:09.765+0000] {logging_mixin.py:190} INFO - [2025-03-18T19:28:09.764+0000] {dagbag.py:588} INFO - Filling up the DagBag from /home/airflow/.local/lib/python3.12/site-packages/airflow/example_dags/example_branch_python_dop_operator_3.py
[2025-03-18T19:28:09.775+0000] {processor.py:925} INFO - DAG(s) 'example_branch_dop_operator_v3' retrieved from /home/airflow/.local/lib/python3.12/site-packages/airflow/example_dags/example_branch_python_dop_operator_3.py
[2025-03-18T19:28:09.792+0000] {logging_mixin.py:190} INFO - [2025-03-18T19:28:09.792+0000] {dag.py:3239} INFO - Sync 1 DAGs
[2025-03-18T19:28:09.814+0000] {logging_mixin.py:190} INFO - [2025-03-18T19:28:09.813+0000] {dag.py:4180} INFO - Setting next_dagrun for example_branch_dop_operator_v3 to 2025-03-18 19:27:00+00:00, run_after=2025-03-18 19:28:00+00:00
[2025-03-18T19:28:09.830+0000] {processor.py:208} INFO - Processing /home/airflow/.local/lib/python3.12/site-packages/airflow/example_dags/example_branch_python_dop_operator_3.py took 0.074 seconds
[2025-03-18T19:28:40.811+0000] {processor.py:186} INFO - Started process (PID=3986) to work on /home/airflow/.local/lib/python3.12/site-packages/airflow/example_dags/example_branch_python_dop_operator_3.py
[2025-03-18T19:28:40.812+0000] {processor.py:914} INFO - Processing file /home/airflow/.local/lib/python3.12/site-packages/airflow/example_dags/example_branch_python_dop_operator_3.py for tasks to queue
[2025-03-18T19:28:40.814+0000] {logging_mixin.py:190} INFO - [2025-03-18T19:28:40.814+0000] {dagbag.py:588} INFO - Filling up the DagBag from /home/airflow/.local/lib/python3.12/site-packages/airflow/example_dags/example_branch_python_dop_operator_3.py
[2025-03-18T19:28:40.823+0000] {processor.py:925} INFO - DAG(s) 'example_branch_dop_operator_v3' retrieved from /home/airflow/.local/lib/python3.12/site-packages/airflow/example_dags/example_branch_python_dop_operator_3.py
[2025-03-18T19:28:40.837+0000] {logging_mixin.py:190} INFO - [2025-03-18T19:28:40.837+0000] {dag.py:3239} INFO - Sync 1 DAGs
[2025-03-18T19:28:40.857+0000] {logging_mixin.py:190} INFO - [2025-03-18T19:28:40.856+0000] {dag.py:4180} INFO - Setting next_dagrun for example_branch_dop_operator_v3 to 2025-03-18 19:27:00+00:00, run_after=2025-03-18 19:28:00+00:00
[2025-03-18T19:28:40.871+0000] {processor.py:208} INFO - Processing /home/airflow/.local/lib/python3.12/site-packages/airflow/example_dags/example_branch_python_dop_operator_3.py took 0.066 seconds
[2025-03-18T19:29:11.704+0000] {processor.py:186} INFO - Started process (PID=4050) to work on /home/airflow/.local/lib/python3.12/site-packages/airflow/example_dags/example_branch_python_dop_operator_3.py
[2025-03-18T19:29:11.705+0000] {processor.py:914} INFO - Processing file /home/airflow/.local/lib/python3.12/site-packages/airflow/example_dags/example_branch_python_dop_operator_3.py for tasks to queue
[2025-03-18T19:29:11.708+0000] {logging_mixin.py:190} INFO - [2025-03-18T19:29:11.708+0000] {dagbag.py:588} INFO - Filling up the DagBag from /home/airflow/.local/lib/python3.12/site-packages/airflow/example_dags/example_branch_python_dop_operator_3.py
[2025-03-18T19:29:11.719+0000] {processor.py:925} INFO - DAG(s) 'example_branch_dop_operator_v3' retrieved from /home/airflow/.local/lib/python3.12/site-packages/airflow/example_dags/example_branch_python_dop_operator_3.py
[2025-03-18T19:29:11.737+0000] {logging_mixin.py:190} INFO - [2025-03-18T19:29:11.737+0000] {dag.py:3239} INFO - Sync 1 DAGs
[2025-03-18T19:29:11.759+0000] {logging_mixin.py:190} INFO - [2025-03-18T19:29:11.759+0000] {dag.py:4180} INFO - Setting next_dagrun for example_branch_dop_operator_v3 to 2025-03-18 19:28:00+00:00, run_after=2025-03-18 19:29:00+00:00
[2025-03-18T19:29:11.773+0000] {processor.py:208} INFO - Processing /home/airflow/.local/lib/python3.12/site-packages/airflow/example_dags/example_branch_python_dop_operator_3.py took 0.076 seconds
[2025-03-18T19:29:42.585+0000] {processor.py:186} INFO - Started process (PID=4114) to work on /home/airflow/.local/lib/python3.12/site-packages/airflow/example_dags/example_branch_python_dop_operator_3.py
[2025-03-18T19:29:42.586+0000] {processor.py:914} INFO - Processing file /home/airflow/.local/lib/python3.12/site-packages/airflow/example_dags/example_branch_python_dop_operator_3.py for tasks to queue
[2025-03-18T19:29:42.588+0000] {logging_mixin.py:190} INFO - [2025-03-18T19:29:42.588+0000] {dagbag.py:588} INFO - Filling up the DagBag from /home/airflow/.local/lib/python3.12/site-packages/airflow/example_dags/example_branch_python_dop_operator_3.py
[2025-03-18T19:29:42.596+0000] {processor.py:925} INFO - DAG(s) 'example_branch_dop_operator_v3' retrieved from /home/airflow/.local/lib/python3.12/site-packages/airflow/example_dags/example_branch_python_dop_operator_3.py
[2025-03-18T19:29:42.613+0000] {logging_mixin.py:190} INFO - [2025-03-18T19:29:42.613+0000] {dag.py:3239} INFO - Sync 1 DAGs
[2025-03-18T19:29:42.634+0000] {logging_mixin.py:190} INFO - [2025-03-18T19:29:42.634+0000] {dag.py:4180} INFO - Setting next_dagrun for example_branch_dop_operator_v3 to 2025-03-18 19:28:00+00:00, run_after=2025-03-18 19:29:00+00:00
[2025-03-18T19:29:42.652+0000] {processor.py:208} INFO - Processing /home/airflow/.local/lib/python3.12/site-packages/airflow/example_dags/example_branch_python_dop_operator_3.py took 0.072 seconds
[2025-03-18T19:30:13.396+0000] {processor.py:186} INFO - Started process (PID=4178) to work on /home/airflow/.local/lib/python3.12/site-packages/airflow/example_dags/example_branch_python_dop_operator_3.py
[2025-03-18T19:30:13.397+0000] {processor.py:914} INFO - Processing file /home/airflow/.local/lib/python3.12/site-packages/airflow/example_dags/example_branch_python_dop_operator_3.py for tasks to queue
[2025-03-18T19:30:13.399+0000] {logging_mixin.py:190} INFO - [2025-03-18T19:30:13.399+0000] {dagbag.py:588} INFO - Filling up the DagBag from /home/airflow/.local/lib/python3.12/site-packages/airflow/example_dags/example_branch_python_dop_operator_3.py
[2025-03-18T19:30:13.409+0000] {processor.py:925} INFO - DAG(s) 'example_branch_dop_operator_v3' retrieved from /home/airflow/.local/lib/python3.12/site-packages/airflow/example_dags/example_branch_python_dop_operator_3.py
[2025-03-18T19:30:13.428+0000] {logging_mixin.py:190} INFO - [2025-03-18T19:30:13.428+0000] {dag.py:3239} INFO - Sync 1 DAGs
[2025-03-18T19:30:13.448+0000] {logging_mixin.py:190} INFO - [2025-03-18T19:30:13.448+0000] {dag.py:4180} INFO - Setting next_dagrun for example_branch_dop_operator_v3 to 2025-03-18 19:29:00+00:00, run_after=2025-03-18 19:30:00+00:00
[2025-03-18T19:30:13.462+0000] {processor.py:208} INFO - Processing /home/airflow/.local/lib/python3.12/site-packages/airflow/example_dags/example_branch_python_dop_operator_3.py took 0.072 seconds
[2025-03-18T19:36:54.679+0000] {processor.py:186} INFO - Started process (PID=5010) to work on /home/airflow/.local/lib/python3.12/site-packages/airflow/example_dags/example_branch_python_dop_operator_3.py
[2025-03-18T19:36:54.680+0000] {processor.py:914} INFO - Processing file /home/airflow/.local/lib/python3.12/site-packages/airflow/example_dags/example_branch_python_dop_operator_3.py for tasks to queue
[2025-03-18T19:36:54.682+0000] {logging_mixin.py:190} INFO - [2025-03-18T19:36:54.682+0000] {dagbag.py:588} INFO - Filling up the DagBag from /home/airflow/.local/lib/python3.12/site-packages/airflow/example_dags/example_branch_python_dop_operator_3.py
[2025-03-18T19:36:54.691+0000] {processor.py:925} INFO - DAG(s) 'example_branch_dop_operator_v3' retrieved from /home/airflow/.local/lib/python3.12/site-packages/airflow/example_dags/example_branch_python_dop_operator_3.py
[2025-03-18T19:36:54.707+0000] {logging_mixin.py:190} INFO - [2025-03-18T19:36:54.707+0000] {dag.py:3239} INFO - Sync 1 DAGs
[2025-03-18T19:36:54.728+0000] {logging_mixin.py:190} INFO - [2025-03-18T19:36:54.728+0000] {dag.py:4180} INFO - Setting next_dagrun for example_branch_dop_operator_v3 to 2025-03-18 19:35:00+00:00, run_after=2025-03-18 19:36:00+00:00
[2025-03-18T19:36:54.742+0000] {processor.py:208} INFO - Processing /home/airflow/.local/lib/python3.12/site-packages/airflow/example_dags/example_branch_python_dop_operator_3.py took 0.068 seconds
[2025-03-18T19:37:25.418+0000] {processor.py:186} INFO - Started process (PID=5074) to work on /home/airflow/.local/lib/python3.12/site-packages/airflow/example_dags/example_branch_python_dop_operator_3.py
[2025-03-18T19:37:25.419+0000] {processor.py:914} INFO - Processing file /home/airflow/.local/lib/python3.12/site-packages/airflow/example_dags/example_branch_python_dop_operator_3.py for tasks to queue
[2025-03-18T19:37:25.421+0000] {logging_mixin.py:190} INFO - [2025-03-18T19:37:25.421+0000] {dagbag.py:588} INFO - Filling up the DagBag from /home/airflow/.local/lib/python3.12/site-packages/airflow/example_dags/example_branch_python_dop_operator_3.py
[2025-03-18T19:37:25.431+0000] {processor.py:925} INFO - DAG(s) 'example_branch_dop_operator_v3' retrieved from /home/airflow/.local/lib/python3.12/site-packages/airflow/example_dags/example_branch_python_dop_operator_3.py
[2025-03-18T19:37:25.448+0000] {logging_mixin.py:190} INFO - [2025-03-18T19:37:25.448+0000] {dag.py:3239} INFO - Sync 1 DAGs
[2025-03-18T19:37:25.468+0000] {logging_mixin.py:190} INFO - [2025-03-18T19:37:25.468+0000] {dag.py:4180} INFO - Setting next_dagrun for example_branch_dop_operator_v3 to 2025-03-18 19:36:00+00:00, run_after=2025-03-18 19:37:00+00:00
[2025-03-18T19:37:25.484+0000] {processor.py:208} INFO - Processing /home/airflow/.local/lib/python3.12/site-packages/airflow/example_dags/example_branch_python_dop_operator_3.py took 0.071 seconds
[2025-03-18T19:37:56.125+0000] {processor.py:186} INFO - Started process (PID=5138) to work on /home/airflow/.local/lib/python3.12/site-packages/airflow/example_dags/example_branch_python_dop_operator_3.py
[2025-03-18T19:37:56.126+0000] {processor.py:914} INFO - Processing file /home/airflow/.local/lib/python3.12/site-packages/airflow/example_dags/example_branch_python_dop_operator_3.py for tasks to queue
[2025-03-18T19:37:56.128+0000] {logging_mixin.py:190} INFO - [2025-03-18T19:37:56.128+0000] {dagbag.py:588} INFO - Filling up the DagBag from /home/airflow/.local/lib/python3.12/site-packages/airflow/example_dags/example_branch_python_dop_operator_3.py
[2025-03-18T19:37:56.136+0000] {processor.py:925} INFO - DAG(s) 'example_branch_dop_operator_v3' retrieved from /home/airflow/.local/lib/python3.12/site-packages/airflow/example_dags/example_branch_python_dop_operator_3.py
[2025-03-18T19:37:56.151+0000] {logging_mixin.py:190} INFO - [2025-03-18T19:37:56.151+0000] {dag.py:3239} INFO - Sync 1 DAGs
[2025-03-18T19:37:56.171+0000] {logging_mixin.py:190} INFO - [2025-03-18T19:37:56.171+0000] {dag.py:4180} INFO - Setting next_dagrun for example_branch_dop_operator_v3 to 2025-03-18 19:36:00+00:00, run_after=2025-03-18 19:37:00+00:00
[2025-03-18T19:37:56.185+0000] {processor.py:208} INFO - Processing /home/airflow/.local/lib/python3.12/site-packages/airflow/example_dags/example_branch_python_dop_operator_3.py took 0.065 seconds
[2025-03-18T19:38:26.847+0000] {processor.py:186} INFO - Started process (PID=5202) to work on /home/airflow/.local/lib/python3.12/site-packages/airflow/example_dags/example_branch_python_dop_operator_3.py
[2025-03-18T19:38:26.848+0000] {processor.py:914} INFO - Processing file /home/airflow/.local/lib/python3.12/site-packages/airflow/example_dags/example_branch_python_dop_operator_3.py for tasks to queue
[2025-03-18T19:38:26.850+0000] {logging_mixin.py:190} INFO - [2025-03-18T19:38:26.850+0000] {dagbag.py:588} INFO - Filling up the DagBag from /home/airflow/.local/lib/python3.12/site-packages/airflow/example_dags/example_branch_python_dop_operator_3.py
[2025-03-18T19:38:26.860+0000] {processor.py:925} INFO - DAG(s) 'example_branch_dop_operator_v3' retrieved from /home/airflow/.local/lib/python3.12/site-packages/airflow/example_dags/example_branch_python_dop_operator_3.py
[2025-03-18T19:38:26.877+0000] {logging_mixin.py:190} INFO - [2025-03-18T19:38:26.876+0000] {dag.py:3239} INFO - Sync 1 DAGs
[2025-03-18T19:38:26.898+0000] {logging_mixin.py:190} INFO - [2025-03-18T19:38:26.898+0000] {dag.py:4180} INFO - Setting next_dagrun for example_branch_dop_operator_v3 to 2025-03-18 19:37:00+00:00, run_after=2025-03-18 19:38:00+00:00
[2025-03-18T19:38:26.914+0000] {processor.py:208} INFO - Processing /home/airflow/.local/lib/python3.12/site-packages/airflow/example_dags/example_branch_python_dop_operator_3.py took 0.072 seconds
[2025-03-18T19:38:57.699+0000] {processor.py:186} INFO - Started process (PID=5266) to work on /home/airflow/.local/lib/python3.12/site-packages/airflow/example_dags/example_branch_python_dop_operator_3.py
[2025-03-18T19:38:57.700+0000] {processor.py:914} INFO - Processing file /home/airflow/.local/lib/python3.12/site-packages/airflow/example_dags/example_branch_python_dop_operator_3.py for tasks to queue
[2025-03-18T19:38:57.702+0000] {logging_mixin.py:190} INFO - [2025-03-18T19:38:57.702+0000] {dagbag.py:588} INFO - Filling up the DagBag from /home/airflow/.local/lib/python3.12/site-packages/airflow/example_dags/example_branch_python_dop_operator_3.py
[2025-03-18T19:38:57.712+0000] {processor.py:925} INFO - DAG(s) 'example_branch_dop_operator_v3' retrieved from /home/airflow/.local/lib/python3.12/site-packages/airflow/example_dags/example_branch_python_dop_operator_3.py
[2025-03-18T19:38:57.730+0000] {logging_mixin.py:190} INFO - [2025-03-18T19:38:57.729+0000] {dag.py:3239} INFO - Sync 1 DAGs
[2025-03-18T19:38:57.752+0000] {logging_mixin.py:190} INFO - [2025-03-18T19:38:57.751+0000] {dag.py:4180} INFO - Setting next_dagrun for example_branch_dop_operator_v3 to 2025-03-18 19:37:00+00:00, run_after=2025-03-18 19:38:00+00:00
[2025-03-18T19:38:57.766+0000] {processor.py:208} INFO - Processing /home/airflow/.local/lib/python3.12/site-packages/airflow/example_dags/example_branch_python_dop_operator_3.py took 0.073 seconds
[2025-03-18T19:39:28.466+0000] {processor.py:186} INFO - Started process (PID=5330) to work on /home/airflow/.local/lib/python3.12/site-packages/airflow/example_dags/example_branch_python_dop_operator_3.py
[2025-03-18T19:39:28.467+0000] {processor.py:914} INFO - Processing file /home/airflow/.local/lib/python3.12/site-packages/airflow/example_dags/example_branch_python_dop_operator_3.py for tasks to queue
[2025-03-18T19:39:28.469+0000] {logging_mixin.py:190} INFO - [2025-03-18T19:39:28.469+0000] {dagbag.py:588} INFO - Filling up the DagBag from /home/airflow/.local/lib/python3.12/site-packages/airflow/example_dags/example_branch_python_dop_operator_3.py
[2025-03-18T19:39:28.478+0000] {processor.py:925} INFO - DAG(s) 'example_branch_dop_operator_v3' retrieved from /home/airflow/.local/lib/python3.12/site-packages/airflow/example_dags/example_branch_python_dop_operator_3.py
[2025-03-18T19:39:28.495+0000] {logging_mixin.py:190} INFO - [2025-03-18T19:39:28.494+0000] {dag.py:3239} INFO - Sync 1 DAGs
[2025-03-18T19:39:28.514+0000] {logging_mixin.py:190} INFO - [2025-03-18T19:39:28.514+0000] {dag.py:4180} INFO - Setting next_dagrun for example_branch_dop_operator_v3 to 2025-03-18 19:38:00+00:00, run_after=2025-03-18 19:39:00+00:00
[2025-03-18T19:39:28.528+0000] {processor.py:208} INFO - Processing /home/airflow/.local/lib/python3.12/site-packages/airflow/example_dags/example_branch_python_dop_operator_3.py took 0.067 seconds
[2025-03-18T19:39:59.249+0000] {processor.py:186} INFO - Started process (PID=5394) to work on /home/airflow/.local/lib/python3.12/site-packages/airflow/example_dags/example_branch_python_dop_operator_3.py
[2025-03-18T19:39:59.250+0000] {processor.py:914} INFO - Processing file /home/airflow/.local/lib/python3.12/site-packages/airflow/example_dags/example_branch_python_dop_operator_3.py for tasks to queue
[2025-03-18T19:39:59.252+0000] {logging_mixin.py:190} INFO - [2025-03-18T19:39:59.251+0000] {dagbag.py:588} INFO - Filling up the DagBag from /home/airflow/.local/lib/python3.12/site-packages/airflow/example_dags/example_branch_python_dop_operator_3.py
[2025-03-18T19:39:59.260+0000] {processor.py:925} INFO - DAG(s) 'example_branch_dop_operator_v3' retrieved from /home/airflow/.local/lib/python3.12/site-packages/airflow/example_dags/example_branch_python_dop_operator_3.py
[2025-03-18T19:39:59.276+0000] {logging_mixin.py:190} INFO - [2025-03-18T19:39:59.276+0000] {dag.py:3239} INFO - Sync 1 DAGs
[2025-03-18T19:39:59.297+0000] {logging_mixin.py:190} INFO - [2025-03-18T19:39:59.297+0000] {dag.py:4180} INFO - Setting next_dagrun for example_branch_dop_operator_v3 to 2025-03-18 19:38:00+00:00, run_after=2025-03-18 19:39:00+00:00
[2025-03-18T19:39:59.311+0000] {processor.py:208} INFO - Processing /home/airflow/.local/lib/python3.12/site-packages/airflow/example_dags/example_branch_python_dop_operator_3.py took 0.067 seconds
[2025-03-18T19:40:29.942+0000] {processor.py:186} INFO - Started process (PID=5458) to work on /home/airflow/.local/lib/python3.12/site-packages/airflow/example_dags/example_branch_python_dop_operator_3.py
[2025-03-18T19:40:29.943+0000] {processor.py:914} INFO - Processing file /home/airflow/.local/lib/python3.12/site-packages/airflow/example_dags/example_branch_python_dop_operator_3.py for tasks to queue
[2025-03-18T19:40:29.944+0000] {logging_mixin.py:190} INFO - [2025-03-18T19:40:29.944+0000] {dagbag.py:588} INFO - Filling up the DagBag from /home/airflow/.local/lib/python3.12/site-packages/airflow/example_dags/example_branch_python_dop_operator_3.py
[2025-03-18T19:40:29.952+0000] {processor.py:925} INFO - DAG(s) 'example_branch_dop_operator_v3' retrieved from /home/airflow/.local/lib/python3.12/site-packages/airflow/example_dags/example_branch_python_dop_operator_3.py
[2025-03-18T19:40:29.968+0000] {logging_mixin.py:190} INFO - [2025-03-18T19:40:29.967+0000] {dag.py:3239} INFO - Sync 1 DAGs
[2025-03-18T19:40:29.988+0000] {logging_mixin.py:190} INFO - [2025-03-18T19:40:29.988+0000] {dag.py:4180} INFO - Setting next_dagrun for example_branch_dop_operator_v3 to 2025-03-18 19:39:00+00:00, run_after=2025-03-18 19:40:00+00:00
[2025-03-18T19:40:30.002+0000] {processor.py:208} INFO - Processing /home/airflow/.local/lib/python3.12/site-packages/airflow/example_dags/example_branch_python_dop_operator_3.py took 0.065 seconds
[2025-03-18T19:41:00.547+0000] {processor.py:186} INFO - Started process (PID=5522) to work on /home/airflow/.local/lib/python3.12/site-packages/airflow/example_dags/example_branch_python_dop_operator_3.py
[2025-03-18T19:41:00.547+0000] {processor.py:914} INFO - Processing file /home/airflow/.local/lib/python3.12/site-packages/airflow/example_dags/example_branch_python_dop_operator_3.py for tasks to queue
[2025-03-18T19:41:00.549+0000] {logging_mixin.py:190} INFO - [2025-03-18T19:41:00.549+0000] {dagbag.py:588} INFO - Filling up the DagBag from /home/airflow/.local/lib/python3.12/site-packages/airflow/example_dags/example_branch_python_dop_operator_3.py
[2025-03-18T19:41:00.557+0000] {processor.py:925} INFO - DAG(s) 'example_branch_dop_operator_v3' retrieved from /home/airflow/.local/lib/python3.12/site-packages/airflow/example_dags/example_branch_python_dop_operator_3.py
[2025-03-18T19:41:00.574+0000] {logging_mixin.py:190} INFO - [2025-03-18T19:41:00.574+0000] {dag.py:3239} INFO - Sync 1 DAGs
[2025-03-18T19:41:00.594+0000] {logging_mixin.py:190} INFO - [2025-03-18T19:41:00.594+0000] {dag.py:4180} INFO - Setting next_dagrun for example_branch_dop_operator_v3 to 2025-03-18 19:40:00+00:00, run_after=2025-03-18 19:41:00+00:00
[2025-03-18T19:41:00.608+0000] {processor.py:208} INFO - Processing /home/airflow/.local/lib/python3.12/site-packages/airflow/example_dags/example_branch_python_dop_operator_3.py took 0.067 seconds
[2025-03-18T19:41:31.142+0000] {processor.py:186} INFO - Started process (PID=5586) to work on /home/airflow/.local/lib/python3.12/site-packages/airflow/example_dags/example_branch_python_dop_operator_3.py
[2025-03-18T19:41:31.142+0000] {processor.py:914} INFO - Processing file /home/airflow/.local/lib/python3.12/site-packages/airflow/example_dags/example_branch_python_dop_operator_3.py for tasks to queue
[2025-03-18T19:41:31.144+0000] {logging_mixin.py:190} INFO - [2025-03-18T19:41:31.144+0000] {dagbag.py:588} INFO - Filling up the DagBag from /home/airflow/.local/lib/python3.12/site-packages/airflow/example_dags/example_branch_python_dop_operator_3.py
[2025-03-18T19:41:31.152+0000] {processor.py:925} INFO - DAG(s) 'example_branch_dop_operator_v3' retrieved from /home/airflow/.local/lib/python3.12/site-packages/airflow/example_dags/example_branch_python_dop_operator_3.py
[2025-03-18T19:41:31.170+0000] {logging_mixin.py:190} INFO - [2025-03-18T19:41:31.170+0000] {dag.py:3239} INFO - Sync 1 DAGs
[2025-03-18T19:41:31.190+0000] {logging_mixin.py:190} INFO - [2025-03-18T19:41:31.190+0000] {dag.py:4180} INFO - Setting next_dagrun for example_branch_dop_operator_v3 to 2025-03-18 19:40:00+00:00, run_after=2025-03-18 19:41:00+00:00
[2025-03-18T19:41:31.204+0000] {processor.py:208} INFO - Processing /home/airflow/.local/lib/python3.12/site-packages/airflow/example_dags/example_branch_python_dop_operator_3.py took 0.067 seconds
[2025-03-18T19:42:01.952+0000] {processor.py:186} INFO - Started process (PID=5649) to work on /home/airflow/.local/lib/python3.12/site-packages/airflow/example_dags/example_branch_python_dop_operator_3.py
[2025-03-18T19:42:01.953+0000] {processor.py:914} INFO - Processing file /home/airflow/.local/lib/python3.12/site-packages/airflow/example_dags/example_branch_python_dop_operator_3.py for tasks to queue
[2025-03-18T19:42:01.956+0000] {logging_mixin.py:190} INFO - [2025-03-18T19:42:01.955+0000] {dagbag.py:588} INFO - Filling up the DagBag from /home/airflow/.local/lib/python3.12/site-packages/airflow/example_dags/example_branch_python_dop_operator_3.py
[2025-03-18T19:42:01.965+0000] {processor.py:925} INFO - DAG(s) 'example_branch_dop_operator_v3' retrieved from /home/airflow/.local/lib/python3.12/site-packages/airflow/example_dags/example_branch_python_dop_operator_3.py
[2025-03-18T19:42:01.983+0000] {logging_mixin.py:190} INFO - [2025-03-18T19:42:01.983+0000] {dag.py:3239} INFO - Sync 1 DAGs
[2025-03-18T19:42:02.009+0000] {logging_mixin.py:190} INFO - [2025-03-18T19:42:02.009+0000] {dag.py:4180} INFO - Setting next_dagrun for example_branch_dop_operator_v3 to 2025-03-18 19:41:00+00:00, run_after=2025-03-18 19:42:00+00:00
[2025-03-18T19:42:02.030+0000] {processor.py:208} INFO - Processing /home/airflow/.local/lib/python3.12/site-packages/airflow/example_dags/example_branch_python_dop_operator_3.py took 0.083 seconds
[2025-03-18T19:42:33.330+0000] {processor.py:186} INFO - Started process (PID=5713) to work on /home/airflow/.local/lib/python3.12/site-packages/airflow/example_dags/example_branch_python_dop_operator_3.py
[2025-03-18T19:42:33.331+0000] {processor.py:914} INFO - Processing file /home/airflow/.local/lib/python3.12/site-packages/airflow/example_dags/example_branch_python_dop_operator_3.py for tasks to queue
[2025-03-18T19:42:33.333+0000] {logging_mixin.py:190} INFO - [2025-03-18T19:42:33.333+0000] {dagbag.py:588} INFO - Filling up the DagBag from /home/airflow/.local/lib/python3.12/site-packages/airflow/example_dags/example_branch_python_dop_operator_3.py
[2025-03-18T19:42:33.341+0000] {processor.py:925} INFO - DAG(s) 'example_branch_dop_operator_v3' retrieved from /home/airflow/.local/lib/python3.12/site-packages/airflow/example_dags/example_branch_python_dop_operator_3.py
[2025-03-18T19:42:33.357+0000] {logging_mixin.py:190} INFO - [2025-03-18T19:42:33.357+0000] {dag.py:3239} INFO - Sync 1 DAGs
[2025-03-18T19:42:33.377+0000] {logging_mixin.py:190} INFO - [2025-03-18T19:42:33.377+0000] {dag.py:4180} INFO - Setting next_dagrun for example_branch_dop_operator_v3 to 2025-03-18 19:41:00+00:00, run_after=2025-03-18 19:42:00+00:00
[2025-03-18T19:42:33.389+0000] {processor.py:208} INFO - Processing /home/airflow/.local/lib/python3.12/site-packages/airflow/example_dags/example_branch_python_dop_operator_3.py took 0.064 seconds
[2025-03-18T19:43:04.680+0000] {processor.py:186} INFO - Started process (PID=5778) to work on /home/airflow/.local/lib/python3.12/site-packages/airflow/example_dags/example_branch_python_dop_operator_3.py
[2025-03-18T19:43:04.681+0000] {processor.py:914} INFO - Processing file /home/airflow/.local/lib/python3.12/site-packages/airflow/example_dags/example_branch_python_dop_operator_3.py for tasks to queue
[2025-03-18T19:43:04.683+0000] {logging_mixin.py:190} INFO - [2025-03-18T19:43:04.683+0000] {dagbag.py:588} INFO - Filling up the DagBag from /home/airflow/.local/lib/python3.12/site-packages/airflow/example_dags/example_branch_python_dop_operator_3.py
[2025-03-18T19:43:04.692+0000] {processor.py:925} INFO - DAG(s) 'example_branch_dop_operator_v3' retrieved from /home/airflow/.local/lib/python3.12/site-packages/airflow/example_dags/example_branch_python_dop_operator_3.py
[2025-03-18T19:43:04.709+0000] {logging_mixin.py:190} INFO - [2025-03-18T19:43:04.709+0000] {dag.py:3239} INFO - Sync 1 DAGs
[2025-03-18T19:43:04.731+0000] {logging_mixin.py:190} INFO - [2025-03-18T19:43:04.731+0000] {dag.py:4180} INFO - Setting next_dagrun for example_branch_dop_operator_v3 to 2025-03-18 19:42:00+00:00, run_after=2025-03-18 19:43:00+00:00
[2025-03-18T19:43:04.747+0000] {processor.py:208} INFO - Processing /home/airflow/.local/lib/python3.12/site-packages/airflow/example_dags/example_branch_python_dop_operator_3.py took 0.072 seconds
[2025-03-18T19:43:35.374+0000] {processor.py:186} INFO - Started process (PID=5842) to work on /home/airflow/.local/lib/python3.12/site-packages/airflow/example_dags/example_branch_python_dop_operator_3.py
[2025-03-18T19:43:35.375+0000] {processor.py:914} INFO - Processing file /home/airflow/.local/lib/python3.12/site-packages/airflow/example_dags/example_branch_python_dop_operator_3.py for tasks to queue
[2025-03-18T19:43:35.377+0000] {logging_mixin.py:190} INFO - [2025-03-18T19:43:35.377+0000] {dagbag.py:588} INFO - Filling up the DagBag from /home/airflow/.local/lib/python3.12/site-packages/airflow/example_dags/example_branch_python_dop_operator_3.py
[2025-03-18T19:43:35.386+0000] {processor.py:925} INFO - DAG(s) 'example_branch_dop_operator_v3' retrieved from /home/airflow/.local/lib/python3.12/site-packages/airflow/example_dags/example_branch_python_dop_operator_3.py
[2025-03-18T19:43:35.405+0000] {logging_mixin.py:190} INFO - [2025-03-18T19:43:35.405+0000] {dag.py:3239} INFO - Sync 1 DAGs
[2025-03-18T19:43:35.426+0000] {logging_mixin.py:190} INFO - [2025-03-18T19:43:35.426+0000] {dag.py:4180} INFO - Setting next_dagrun for example_branch_dop_operator_v3 to 2025-03-18 19:42:00+00:00, run_after=2025-03-18 19:43:00+00:00
[2025-03-18T19:43:35.439+0000] {processor.py:208} INFO - Processing /home/airflow/.local/lib/python3.12/site-packages/airflow/example_dags/example_branch_python_dop_operator_3.py took 0.070 seconds
