[2025-03-18T19:23:38.967+0000] {processor.py:186} INFO - Started process (PID=3357) to work on /home/airflow/.local/lib/python3.12/site-packages/airflow/example_dags/example_short_circuit_operator.py
[2025-03-18T19:23:38.968+0000] {processor.py:914} INFO - Processing file /home/airflow/.local/lib/python3.12/site-packages/airflow/example_dags/example_short_circuit_operator.py for tasks to queue
[2025-03-18T19:23:38.970+0000] {logging_mixin.py:190} INFO - [2025-03-18T19:23:38.970+0000] {dagbag.py:588} INFO - Filling up the DagBag from /home/airflow/.local/lib/python3.12/site-packages/airflow/example_dags/example_short_circuit_operator.py
[2025-03-18T19:23:38.977+0000] {processor.py:925} INFO - DAG(s) 'example_short_circuit_operator' retrieved from /home/airflow/.local/lib/python3.12/site-packages/airflow/example_dags/example_short_circuit_operator.py
[2025-03-18T19:23:38.995+0000] {logging_mixin.py:190} INFO - [2025-03-18T19:23:38.995+0000] {dag.py:3239} INFO - Sync 1 DAGs
[2025-03-18T19:23:39.006+0000] {logging_mixin.py:190} INFO - [2025-03-18T19:23:39.006+0000] {dag.py:4180} INFO - Setting next_dagrun for example_short_circuit_operator to None, run_after=None
[2025-03-18T19:23:39.021+0000] {processor.py:208} INFO - Processing /home/airflow/.local/lib/python3.12/site-packages/airflow/example_dags/example_short_circuit_operator.py took 0.058 seconds
[2025-03-18T19:24:09.353+0000] {processor.py:186} INFO - Started process (PID=3421) to work on /home/airflow/.local/lib/python3.12/site-packages/airflow/example_dags/example_short_circuit_operator.py
[2025-03-18T19:24:09.354+0000] {processor.py:914} INFO - Processing file /home/airflow/.local/lib/python3.12/site-packages/airflow/example_dags/example_short_circuit_operator.py for tasks to queue
[2025-03-18T19:24:09.356+0000] {logging_mixin.py:190} INFO - [2025-03-18T19:24:09.355+0000] {dagbag.py:588} INFO - Filling up the DagBag from /home/airflow/.local/lib/python3.12/site-packages/airflow/example_dags/example_short_circuit_operator.py
[2025-03-18T19:24:09.363+0000] {processor.py:925} INFO - DAG(s) 'example_short_circuit_operator' retrieved from /home/airflow/.local/lib/python3.12/site-packages/airflow/example_dags/example_short_circuit_operator.py
[2025-03-18T19:24:09.383+0000] {logging_mixin.py:190} INFO - [2025-03-18T19:24:09.382+0000] {dag.py:3239} INFO - Sync 1 DAGs
[2025-03-18T19:24:09.395+0000] {logging_mixin.py:190} INFO - [2025-03-18T19:24:09.395+0000] {dag.py:4180} INFO - Setting next_dagrun for example_short_circuit_operator to None, run_after=None
[2025-03-18T19:24:09.411+0000] {processor.py:208} INFO - Processing /home/airflow/.local/lib/python3.12/site-packages/airflow/example_dags/example_short_circuit_operator.py took 0.063 seconds
[2025-03-18T19:24:40.127+0000] {processor.py:186} INFO - Started process (PID=3485) to work on /home/airflow/.local/lib/python3.12/site-packages/airflow/example_dags/example_short_circuit_operator.py
[2025-03-18T19:24:40.128+0000] {processor.py:914} INFO - Processing file /home/airflow/.local/lib/python3.12/site-packages/airflow/example_dags/example_short_circuit_operator.py for tasks to queue
[2025-03-18T19:24:40.130+0000] {logging_mixin.py:190} INFO - [2025-03-18T19:24:40.129+0000] {dagbag.py:588} INFO - Filling up the DagBag from /home/airflow/.local/lib/python3.12/site-packages/airflow/example_dags/example_short_circuit_operator.py
[2025-03-18T19:24:40.136+0000] {processor.py:925} INFO - DAG(s) 'example_short_circuit_operator' retrieved from /home/airflow/.local/lib/python3.12/site-packages/airflow/example_dags/example_short_circuit_operator.py
[2025-03-18T19:24:40.154+0000] {logging_mixin.py:190} INFO - [2025-03-18T19:24:40.154+0000] {dag.py:3239} INFO - Sync 1 DAGs
[2025-03-18T19:24:40.165+0000] {logging_mixin.py:190} INFO - [2025-03-18T19:24:40.165+0000] {dag.py:4180} INFO - Setting next_dagrun for example_short_circuit_operator to None, run_after=None
[2025-03-18T19:24:40.179+0000] {processor.py:208} INFO - Processing /home/airflow/.local/lib/python3.12/site-packages/airflow/example_dags/example_short_circuit_operator.py took 0.057 seconds
[2025-03-18T19:25:10.372+0000] {processor.py:186} INFO - Started process (PID=3555) to work on /home/airflow/.local/lib/python3.12/site-packages/airflow/example_dags/example_short_circuit_operator.py
[2025-03-18T19:25:10.373+0000] {processor.py:914} INFO - Processing file /home/airflow/.local/lib/python3.12/site-packages/airflow/example_dags/example_short_circuit_operator.py for tasks to queue
[2025-03-18T19:25:10.376+0000] {logging_mixin.py:190} INFO - [2025-03-18T19:25:10.375+0000] {dagbag.py:588} INFO - Filling up the DagBag from /home/airflow/.local/lib/python3.12/site-packages/airflow/example_dags/example_short_circuit_operator.py
[2025-03-18T19:25:10.384+0000] {processor.py:925} INFO - DAG(s) 'example_short_circuit_operator' retrieved from /home/airflow/.local/lib/python3.12/site-packages/airflow/example_dags/example_short_circuit_operator.py
[2025-03-18T19:25:10.404+0000] {logging_mixin.py:190} INFO - [2025-03-18T19:25:10.404+0000] {dag.py:3239} INFO - Sync 1 DAGs
[2025-03-18T19:25:10.417+0000] {logging_mixin.py:190} INFO - [2025-03-18T19:25:10.417+0000] {dag.py:4180} INFO - Setting next_dagrun for example_short_circuit_operator to None, run_after=None
[2025-03-18T19:25:10.433+0000] {processor.py:208} INFO - Processing /home/airflow/.local/lib/python3.12/site-packages/airflow/example_dags/example_short_circuit_operator.py took 0.067 seconds
[2025-03-18T19:25:41.144+0000] {processor.py:186} INFO - Started process (PID=3619) to work on /home/airflow/.local/lib/python3.12/site-packages/airflow/example_dags/example_short_circuit_operator.py
[2025-03-18T19:25:41.145+0000] {processor.py:914} INFO - Processing file /home/airflow/.local/lib/python3.12/site-packages/airflow/example_dags/example_short_circuit_operator.py for tasks to queue
[2025-03-18T19:25:41.147+0000] {logging_mixin.py:190} INFO - [2025-03-18T19:25:41.146+0000] {dagbag.py:588} INFO - Filling up the DagBag from /home/airflow/.local/lib/python3.12/site-packages/airflow/example_dags/example_short_circuit_operator.py
[2025-03-18T19:25:41.155+0000] {processor.py:925} INFO - DAG(s) 'example_short_circuit_operator' retrieved from /home/airflow/.local/lib/python3.12/site-packages/airflow/example_dags/example_short_circuit_operator.py
[2025-03-18T19:25:41.178+0000] {logging_mixin.py:190} INFO - [2025-03-18T19:25:41.178+0000] {dag.py:3239} INFO - Sync 1 DAGs
[2025-03-18T19:25:41.192+0000] {logging_mixin.py:190} INFO - [2025-03-18T19:25:41.192+0000] {dag.py:4180} INFO - Setting next_dagrun for example_short_circuit_operator to None, run_after=None
[2025-03-18T19:25:41.209+0000] {processor.py:208} INFO - Processing /home/airflow/.local/lib/python3.12/site-packages/airflow/example_dags/example_short_circuit_operator.py took 0.070 seconds
[2025-03-18T19:26:11.707+0000] {processor.py:186} INFO - Started process (PID=3683) to work on /home/airflow/.local/lib/python3.12/site-packages/airflow/example_dags/example_short_circuit_operator.py
[2025-03-18T19:26:11.708+0000] {processor.py:914} INFO - Processing file /home/airflow/.local/lib/python3.12/site-packages/airflow/example_dags/example_short_circuit_operator.py for tasks to queue
[2025-03-18T19:26:11.710+0000] {logging_mixin.py:190} INFO - [2025-03-18T19:26:11.710+0000] {dagbag.py:588} INFO - Filling up the DagBag from /home/airflow/.local/lib/python3.12/site-packages/airflow/example_dags/example_short_circuit_operator.py
[2025-03-18T19:26:11.717+0000] {processor.py:925} INFO - DAG(s) 'example_short_circuit_operator' retrieved from /home/airflow/.local/lib/python3.12/site-packages/airflow/example_dags/example_short_circuit_operator.py
[2025-03-18T19:26:11.735+0000] {logging_mixin.py:190} INFO - [2025-03-18T19:26:11.735+0000] {dag.py:3239} INFO - Sync 1 DAGs
[2025-03-18T19:26:11.746+0000] {logging_mixin.py:190} INFO - [2025-03-18T19:26:11.746+0000] {dag.py:4180} INFO - Setting next_dagrun for example_short_circuit_operator to None, run_after=None
[2025-03-18T19:26:11.761+0000] {processor.py:208} INFO - Processing /home/airflow/.local/lib/python3.12/site-packages/airflow/example_dags/example_short_circuit_operator.py took 0.058 seconds
[2025-03-18T19:26:42.288+0000] {processor.py:186} INFO - Started process (PID=3747) to work on /home/airflow/.local/lib/python3.12/site-packages/airflow/example_dags/example_short_circuit_operator.py
[2025-03-18T19:26:42.289+0000] {processor.py:914} INFO - Processing file /home/airflow/.local/lib/python3.12/site-packages/airflow/example_dags/example_short_circuit_operator.py for tasks to queue
[2025-03-18T19:26:42.291+0000] {logging_mixin.py:190} INFO - [2025-03-18T19:26:42.290+0000] {dagbag.py:588} INFO - Filling up the DagBag from /home/airflow/.local/lib/python3.12/site-packages/airflow/example_dags/example_short_circuit_operator.py
[2025-03-18T19:26:42.298+0000] {processor.py:925} INFO - DAG(s) 'example_short_circuit_operator' retrieved from /home/airflow/.local/lib/python3.12/site-packages/airflow/example_dags/example_short_circuit_operator.py
[2025-03-18T19:26:42.319+0000] {logging_mixin.py:190} INFO - [2025-03-18T19:26:42.318+0000] {dag.py:3239} INFO - Sync 1 DAGs
[2025-03-18T19:26:42.330+0000] {logging_mixin.py:190} INFO - [2025-03-18T19:26:42.330+0000] {dag.py:4180} INFO - Setting next_dagrun for example_short_circuit_operator to None, run_after=None
[2025-03-18T19:26:42.345+0000] {processor.py:208} INFO - Processing /home/airflow/.local/lib/python3.12/site-packages/airflow/example_dags/example_short_circuit_operator.py took 0.062 seconds
[2025-03-18T19:27:12.762+0000] {processor.py:186} INFO - Started process (PID=3811) to work on /home/airflow/.local/lib/python3.12/site-packages/airflow/example_dags/example_short_circuit_operator.py
[2025-03-18T19:27:12.762+0000] {processor.py:914} INFO - Processing file /home/airflow/.local/lib/python3.12/site-packages/airflow/example_dags/example_short_circuit_operator.py for tasks to queue
[2025-03-18T19:27:12.764+0000] {logging_mixin.py:190} INFO - [2025-03-18T19:27:12.764+0000] {dagbag.py:588} INFO - Filling up the DagBag from /home/airflow/.local/lib/python3.12/site-packages/airflow/example_dags/example_short_circuit_operator.py
[2025-03-18T19:27:12.772+0000] {processor.py:925} INFO - DAG(s) 'example_short_circuit_operator' retrieved from /home/airflow/.local/lib/python3.12/site-packages/airflow/example_dags/example_short_circuit_operator.py
[2025-03-18T19:27:12.790+0000] {logging_mixin.py:190} INFO - [2025-03-18T19:27:12.790+0000] {dag.py:3239} INFO - Sync 1 DAGs
[2025-03-18T19:27:12.801+0000] {logging_mixin.py:190} INFO - [2025-03-18T19:27:12.801+0000] {dag.py:4180} INFO - Setting next_dagrun for example_short_circuit_operator to None, run_after=None
[2025-03-18T19:27:12.814+0000] {processor.py:208} INFO - Processing /home/airflow/.local/lib/python3.12/site-packages/airflow/example_dags/example_short_circuit_operator.py took 0.058 seconds
[2025-03-18T19:27:43.525+0000] {processor.py:186} INFO - Started process (PID=3876) to work on /home/airflow/.local/lib/python3.12/site-packages/airflow/example_dags/example_short_circuit_operator.py
[2025-03-18T19:27:43.526+0000] {processor.py:914} INFO - Processing file /home/airflow/.local/lib/python3.12/site-packages/airflow/example_dags/example_short_circuit_operator.py for tasks to queue
[2025-03-18T19:27:43.528+0000] {logging_mixin.py:190} INFO - [2025-03-18T19:27:43.528+0000] {dagbag.py:588} INFO - Filling up the DagBag from /home/airflow/.local/lib/python3.12/site-packages/airflow/example_dags/example_short_circuit_operator.py
[2025-03-18T19:27:43.536+0000] {processor.py:925} INFO - DAG(s) 'example_short_circuit_operator' retrieved from /home/airflow/.local/lib/python3.12/site-packages/airflow/example_dags/example_short_circuit_operator.py
[2025-03-18T19:27:43.558+0000] {logging_mixin.py:190} INFO - [2025-03-18T19:27:43.558+0000] {dag.py:3239} INFO - Sync 1 DAGs
[2025-03-18T19:27:43.570+0000] {logging_mixin.py:190} INFO - [2025-03-18T19:27:43.570+0000] {dag.py:4180} INFO - Setting next_dagrun for example_short_circuit_operator to None, run_after=None
[2025-03-18T19:27:43.585+0000] {processor.py:208} INFO - Processing /home/airflow/.local/lib/python3.12/site-packages/airflow/example_dags/example_short_circuit_operator.py took 0.066 seconds
[2025-03-18T19:28:14.444+0000] {processor.py:186} INFO - Started process (PID=3940) to work on /home/airflow/.local/lib/python3.12/site-packages/airflow/example_dags/example_short_circuit_operator.py
[2025-03-18T19:28:14.445+0000] {processor.py:914} INFO - Processing file /home/airflow/.local/lib/python3.12/site-packages/airflow/example_dags/example_short_circuit_operator.py for tasks to queue
[2025-03-18T19:28:14.447+0000] {logging_mixin.py:190} INFO - [2025-03-18T19:28:14.447+0000] {dagbag.py:588} INFO - Filling up the DagBag from /home/airflow/.local/lib/python3.12/site-packages/airflow/example_dags/example_short_circuit_operator.py
[2025-03-18T19:28:14.454+0000] {processor.py:925} INFO - DAG(s) 'example_short_circuit_operator' retrieved from /home/airflow/.local/lib/python3.12/site-packages/airflow/example_dags/example_short_circuit_operator.py
[2025-03-18T19:28:14.472+0000] {logging_mixin.py:190} INFO - [2025-03-18T19:28:14.472+0000] {dag.py:3239} INFO - Sync 1 DAGs
[2025-03-18T19:28:14.484+0000] {logging_mixin.py:190} INFO - [2025-03-18T19:28:14.483+0000] {dag.py:4180} INFO - Setting next_dagrun for example_short_circuit_operator to None, run_after=None
[2025-03-18T19:28:14.498+0000] {processor.py:208} INFO - Processing /home/airflow/.local/lib/python3.12/site-packages/airflow/example_dags/example_short_circuit_operator.py took 0.059 seconds
[2025-03-18T19:28:45.458+0000] {processor.py:186} INFO - Started process (PID=4004) to work on /home/airflow/.local/lib/python3.12/site-packages/airflow/example_dags/example_short_circuit_operator.py
[2025-03-18T19:28:45.458+0000] {processor.py:914} INFO - Processing file /home/airflow/.local/lib/python3.12/site-packages/airflow/example_dags/example_short_circuit_operator.py for tasks to queue
[2025-03-18T19:28:45.460+0000] {logging_mixin.py:190} INFO - [2025-03-18T19:28:45.460+0000] {dagbag.py:588} INFO - Filling up the DagBag from /home/airflow/.local/lib/python3.12/site-packages/airflow/example_dags/example_short_circuit_operator.py
[2025-03-18T19:28:45.467+0000] {processor.py:925} INFO - DAG(s) 'example_short_circuit_operator' retrieved from /home/airflow/.local/lib/python3.12/site-packages/airflow/example_dags/example_short_circuit_operator.py
[2025-03-18T19:28:45.484+0000] {logging_mixin.py:190} INFO - [2025-03-18T19:28:45.484+0000] {dag.py:3239} INFO - Sync 1 DAGs
[2025-03-18T19:28:45.495+0000] {logging_mixin.py:190} INFO - [2025-03-18T19:28:45.495+0000] {dag.py:4180} INFO - Setting next_dagrun for example_short_circuit_operator to None, run_after=None
[2025-03-18T19:28:45.509+0000] {processor.py:208} INFO - Processing /home/airflow/.local/lib/python3.12/site-packages/airflow/example_dags/example_short_circuit_operator.py took 0.057 seconds
[2025-03-18T19:29:16.405+0000] {processor.py:186} INFO - Started process (PID=4068) to work on /home/airflow/.local/lib/python3.12/site-packages/airflow/example_dags/example_short_circuit_operator.py
[2025-03-18T19:29:16.406+0000] {processor.py:914} INFO - Processing file /home/airflow/.local/lib/python3.12/site-packages/airflow/example_dags/example_short_circuit_operator.py for tasks to queue
[2025-03-18T19:29:16.408+0000] {logging_mixin.py:190} INFO - [2025-03-18T19:29:16.408+0000] {dagbag.py:588} INFO - Filling up the DagBag from /home/airflow/.local/lib/python3.12/site-packages/airflow/example_dags/example_short_circuit_operator.py
[2025-03-18T19:29:16.416+0000] {processor.py:925} INFO - DAG(s) 'example_short_circuit_operator' retrieved from /home/airflow/.local/lib/python3.12/site-packages/airflow/example_dags/example_short_circuit_operator.py
[2025-03-18T19:29:16.436+0000] {logging_mixin.py:190} INFO - [2025-03-18T19:29:16.436+0000] {dag.py:3239} INFO - Sync 1 DAGs
[2025-03-18T19:29:16.448+0000] {logging_mixin.py:190} INFO - [2025-03-18T19:29:16.447+0000] {dag.py:4180} INFO - Setting next_dagrun for example_short_circuit_operator to None, run_after=None
[2025-03-18T19:29:16.463+0000] {processor.py:208} INFO - Processing /home/airflow/.local/lib/python3.12/site-packages/airflow/example_dags/example_short_circuit_operator.py took 0.063 seconds
[2025-03-18T19:29:47.276+0000] {processor.py:186} INFO - Started process (PID=4132) to work on /home/airflow/.local/lib/python3.12/site-packages/airflow/example_dags/example_short_circuit_operator.py
[2025-03-18T19:29:47.277+0000] {processor.py:914} INFO - Processing file /home/airflow/.local/lib/python3.12/site-packages/airflow/example_dags/example_short_circuit_operator.py for tasks to queue
[2025-03-18T19:29:47.279+0000] {logging_mixin.py:190} INFO - [2025-03-18T19:29:47.279+0000] {dagbag.py:588} INFO - Filling up the DagBag from /home/airflow/.local/lib/python3.12/site-packages/airflow/example_dags/example_short_circuit_operator.py
[2025-03-18T19:29:47.286+0000] {processor.py:925} INFO - DAG(s) 'example_short_circuit_operator' retrieved from /home/airflow/.local/lib/python3.12/site-packages/airflow/example_dags/example_short_circuit_operator.py
[2025-03-18T19:29:47.305+0000] {logging_mixin.py:190} INFO - [2025-03-18T19:29:47.305+0000] {dag.py:3239} INFO - Sync 1 DAGs
[2025-03-18T19:29:47.316+0000] {logging_mixin.py:190} INFO - [2025-03-18T19:29:47.316+0000] {dag.py:4180} INFO - Setting next_dagrun for example_short_circuit_operator to None, run_after=None
[2025-03-18T19:29:47.331+0000] {processor.py:208} INFO - Processing /home/airflow/.local/lib/python3.12/site-packages/airflow/example_dags/example_short_circuit_operator.py took 0.060 seconds
[2025-03-18T19:30:18.052+0000] {processor.py:186} INFO - Started process (PID=4196) to work on /home/airflow/.local/lib/python3.12/site-packages/airflow/example_dags/example_short_circuit_operator.py
[2025-03-18T19:30:18.053+0000] {processor.py:914} INFO - Processing file /home/airflow/.local/lib/python3.12/site-packages/airflow/example_dags/example_short_circuit_operator.py for tasks to queue
[2025-03-18T19:30:18.055+0000] {logging_mixin.py:190} INFO - [2025-03-18T19:30:18.054+0000] {dagbag.py:588} INFO - Filling up the DagBag from /home/airflow/.local/lib/python3.12/site-packages/airflow/example_dags/example_short_circuit_operator.py
[2025-03-18T19:30:18.062+0000] {processor.py:925} INFO - DAG(s) 'example_short_circuit_operator' retrieved from /home/airflow/.local/lib/python3.12/site-packages/airflow/example_dags/example_short_circuit_operator.py
[2025-03-18T19:30:18.081+0000] {logging_mixin.py:190} INFO - [2025-03-18T19:30:18.081+0000] {dag.py:3239} INFO - Sync 1 DAGs
[2025-03-18T19:30:18.092+0000] {logging_mixin.py:190} INFO - [2025-03-18T19:30:18.092+0000] {dag.py:4180} INFO - Setting next_dagrun for example_short_circuit_operator to None, run_after=None
[2025-03-18T19:30:18.107+0000] {processor.py:208} INFO - Processing /home/airflow/.local/lib/python3.12/site-packages/airflow/example_dags/example_short_circuit_operator.py took 0.061 seconds
[2025-03-18T19:36:58.343+0000] {processor.py:186} INFO - Started process (PID=5028) to work on /home/airflow/.local/lib/python3.12/site-packages/airflow/example_dags/example_short_circuit_operator.py
[2025-03-18T19:36:58.344+0000] {processor.py:914} INFO - Processing file /home/airflow/.local/lib/python3.12/site-packages/airflow/example_dags/example_short_circuit_operator.py for tasks to queue
[2025-03-18T19:36:58.346+0000] {logging_mixin.py:190} INFO - [2025-03-18T19:36:58.345+0000] {dagbag.py:588} INFO - Filling up the DagBag from /home/airflow/.local/lib/python3.12/site-packages/airflow/example_dags/example_short_circuit_operator.py
[2025-03-18T19:36:58.353+0000] {processor.py:925} INFO - DAG(s) 'example_short_circuit_operator' retrieved from /home/airflow/.local/lib/python3.12/site-packages/airflow/example_dags/example_short_circuit_operator.py
[2025-03-18T19:36:58.374+0000] {logging_mixin.py:190} INFO - [2025-03-18T19:36:58.373+0000] {dag.py:3239} INFO - Sync 1 DAGs
[2025-03-18T19:36:58.384+0000] {logging_mixin.py:190} INFO - [2025-03-18T19:36:58.384+0000] {dag.py:4180} INFO - Setting next_dagrun for example_short_circuit_operator to None, run_after=None
[2025-03-18T19:36:58.399+0000] {processor.py:208} INFO - Processing /home/airflow/.local/lib/python3.12/site-packages/airflow/example_dags/example_short_circuit_operator.py took 0.060 seconds
[2025-03-18T19:37:29.082+0000] {processor.py:186} INFO - Started process (PID=5092) to work on /home/airflow/.local/lib/python3.12/site-packages/airflow/example_dags/example_short_circuit_operator.py
[2025-03-18T19:37:29.082+0000] {processor.py:914} INFO - Processing file /home/airflow/.local/lib/python3.12/site-packages/airflow/example_dags/example_short_circuit_operator.py for tasks to queue
[2025-03-18T19:37:29.084+0000] {logging_mixin.py:190} INFO - [2025-03-18T19:37:29.084+0000] {dagbag.py:588} INFO - Filling up the DagBag from /home/airflow/.local/lib/python3.12/site-packages/airflow/example_dags/example_short_circuit_operator.py
[2025-03-18T19:37:29.092+0000] {processor.py:925} INFO - DAG(s) 'example_short_circuit_operator' retrieved from /home/airflow/.local/lib/python3.12/site-packages/airflow/example_dags/example_short_circuit_operator.py
[2025-03-18T19:37:29.111+0000] {logging_mixin.py:190} INFO - [2025-03-18T19:37:29.111+0000] {dag.py:3239} INFO - Sync 1 DAGs
[2025-03-18T19:37:29.124+0000] {logging_mixin.py:190} INFO - [2025-03-18T19:37:29.123+0000] {dag.py:4180} INFO - Setting next_dagrun for example_short_circuit_operator to None, run_after=None
[2025-03-18T19:37:29.138+0000] {processor.py:208} INFO - Processing /home/airflow/.local/lib/python3.12/site-packages/airflow/example_dags/example_short_circuit_operator.py took 0.061 seconds
[2025-03-18T19:37:59.762+0000] {processor.py:186} INFO - Started process (PID=5156) to work on /home/airflow/.local/lib/python3.12/site-packages/airflow/example_dags/example_short_circuit_operator.py
[2025-03-18T19:37:59.763+0000] {processor.py:914} INFO - Processing file /home/airflow/.local/lib/python3.12/site-packages/airflow/example_dags/example_short_circuit_operator.py for tasks to queue
[2025-03-18T19:37:59.764+0000] {logging_mixin.py:190} INFO - [2025-03-18T19:37:59.764+0000] {dagbag.py:588} INFO - Filling up the DagBag from /home/airflow/.local/lib/python3.12/site-packages/airflow/example_dags/example_short_circuit_operator.py
[2025-03-18T19:37:59.771+0000] {processor.py:925} INFO - DAG(s) 'example_short_circuit_operator' retrieved from /home/airflow/.local/lib/python3.12/site-packages/airflow/example_dags/example_short_circuit_operator.py
[2025-03-18T19:37:59.788+0000] {logging_mixin.py:190} INFO - [2025-03-18T19:37:59.788+0000] {dag.py:3239} INFO - Sync 1 DAGs
[2025-03-18T19:37:59.799+0000] {logging_mixin.py:190} INFO - [2025-03-18T19:37:59.799+0000] {dag.py:4180} INFO - Setting next_dagrun for example_short_circuit_operator to None, run_after=None
[2025-03-18T19:37:59.812+0000] {processor.py:208} INFO - Processing /home/airflow/.local/lib/python3.12/site-packages/airflow/example_dags/example_short_circuit_operator.py took 0.055 seconds
[2025-03-18T19:38:30.544+0000] {processor.py:186} INFO - Started process (PID=5220) to work on /home/airflow/.local/lib/python3.12/site-packages/airflow/example_dags/example_short_circuit_operator.py
[2025-03-18T19:38:30.545+0000] {processor.py:914} INFO - Processing file /home/airflow/.local/lib/python3.12/site-packages/airflow/example_dags/example_short_circuit_operator.py for tasks to queue
[2025-03-18T19:38:30.547+0000] {logging_mixin.py:190} INFO - [2025-03-18T19:38:30.546+0000] {dagbag.py:588} INFO - Filling up the DagBag from /home/airflow/.local/lib/python3.12/site-packages/airflow/example_dags/example_short_circuit_operator.py
[2025-03-18T19:38:30.554+0000] {processor.py:925} INFO - DAG(s) 'example_short_circuit_operator' retrieved from /home/airflow/.local/lib/python3.12/site-packages/airflow/example_dags/example_short_circuit_operator.py
[2025-03-18T19:38:30.572+0000] {logging_mixin.py:190} INFO - [2025-03-18T19:38:30.572+0000] {dag.py:3239} INFO - Sync 1 DAGs
[2025-03-18T19:38:30.584+0000] {logging_mixin.py:190} INFO - [2025-03-18T19:38:30.583+0000] {dag.py:4180} INFO - Setting next_dagrun for example_short_circuit_operator to None, run_after=None
[2025-03-18T19:38:30.599+0000] {processor.py:208} INFO - Processing /home/airflow/.local/lib/python3.12/site-packages/airflow/example_dags/example_short_circuit_operator.py took 0.060 seconds
[2025-03-18T19:39:01.393+0000] {processor.py:186} INFO - Started process (PID=5284) to work on /home/airflow/.local/lib/python3.12/site-packages/airflow/example_dags/example_short_circuit_operator.py
[2025-03-18T19:39:01.394+0000] {processor.py:914} INFO - Processing file /home/airflow/.local/lib/python3.12/site-packages/airflow/example_dags/example_short_circuit_operator.py for tasks to queue
[2025-03-18T19:39:01.396+0000] {logging_mixin.py:190} INFO - [2025-03-18T19:39:01.396+0000] {dagbag.py:588} INFO - Filling up the DagBag from /home/airflow/.local/lib/python3.12/site-packages/airflow/example_dags/example_short_circuit_operator.py
[2025-03-18T19:39:01.404+0000] {processor.py:925} INFO - DAG(s) 'example_short_circuit_operator' retrieved from /home/airflow/.local/lib/python3.12/site-packages/airflow/example_dags/example_short_circuit_operator.py
[2025-03-18T19:39:01.423+0000] {logging_mixin.py:190} INFO - [2025-03-18T19:39:01.423+0000] {dag.py:3239} INFO - Sync 1 DAGs
[2025-03-18T19:39:01.434+0000] {logging_mixin.py:190} INFO - [2025-03-18T19:39:01.434+0000] {dag.py:4180} INFO - Setting next_dagrun for example_short_circuit_operator to None, run_after=None
[2025-03-18T19:39:01.448+0000] {processor.py:208} INFO - Processing /home/airflow/.local/lib/python3.12/site-packages/airflow/example_dags/example_short_circuit_operator.py took 0.060 seconds
[2025-03-18T19:39:32.123+0000] {processor.py:186} INFO - Started process (PID=5348) to work on /home/airflow/.local/lib/python3.12/site-packages/airflow/example_dags/example_short_circuit_operator.py
[2025-03-18T19:39:32.124+0000] {processor.py:914} INFO - Processing file /home/airflow/.local/lib/python3.12/site-packages/airflow/example_dags/example_short_circuit_operator.py for tasks to queue
[2025-03-18T19:39:32.126+0000] {logging_mixin.py:190} INFO - [2025-03-18T19:39:32.126+0000] {dagbag.py:588} INFO - Filling up the DagBag from /home/airflow/.local/lib/python3.12/site-packages/airflow/example_dags/example_short_circuit_operator.py
[2025-03-18T19:39:32.134+0000] {processor.py:925} INFO - DAG(s) 'example_short_circuit_operator' retrieved from /home/airflow/.local/lib/python3.12/site-packages/airflow/example_dags/example_short_circuit_operator.py
[2025-03-18T19:39:32.153+0000] {logging_mixin.py:190} INFO - [2025-03-18T19:39:32.153+0000] {dag.py:3239} INFO - Sync 1 DAGs
[2025-03-18T19:39:32.165+0000] {logging_mixin.py:190} INFO - [2025-03-18T19:39:32.164+0000] {dag.py:4180} INFO - Setting next_dagrun for example_short_circuit_operator to None, run_after=None
[2025-03-18T19:39:32.179+0000] {processor.py:208} INFO - Processing /home/airflow/.local/lib/python3.12/site-packages/airflow/example_dags/example_short_circuit_operator.py took 0.061 seconds
[2025-03-18T19:40:02.954+0000] {processor.py:186} INFO - Started process (PID=5412) to work on /home/airflow/.local/lib/python3.12/site-packages/airflow/example_dags/example_short_circuit_operator.py
[2025-03-18T19:40:02.955+0000] {processor.py:914} INFO - Processing file /home/airflow/.local/lib/python3.12/site-packages/airflow/example_dags/example_short_circuit_operator.py for tasks to queue
[2025-03-18T19:40:02.957+0000] {logging_mixin.py:190} INFO - [2025-03-18T19:40:02.956+0000] {dagbag.py:588} INFO - Filling up the DagBag from /home/airflow/.local/lib/python3.12/site-packages/airflow/example_dags/example_short_circuit_operator.py
[2025-03-18T19:40:02.963+0000] {processor.py:925} INFO - DAG(s) 'example_short_circuit_operator' retrieved from /home/airflow/.local/lib/python3.12/site-packages/airflow/example_dags/example_short_circuit_operator.py
[2025-03-18T19:40:02.980+0000] {logging_mixin.py:190} INFO - [2025-03-18T19:40:02.980+0000] {dag.py:3239} INFO - Sync 1 DAGs
[2025-03-18T19:40:02.990+0000] {logging_mixin.py:190} INFO - [2025-03-18T19:40:02.990+0000] {dag.py:4180} INFO - Setting next_dagrun for example_short_circuit_operator to None, run_after=None
[2025-03-18T19:40:03.004+0000] {processor.py:208} INFO - Processing /home/airflow/.local/lib/python3.12/site-packages/airflow/example_dags/example_short_circuit_operator.py took 0.055 seconds
[2025-03-18T19:40:33.581+0000] {processor.py:186} INFO - Started process (PID=5476) to work on /home/airflow/.local/lib/python3.12/site-packages/airflow/example_dags/example_short_circuit_operator.py
[2025-03-18T19:40:33.582+0000] {processor.py:914} INFO - Processing file /home/airflow/.local/lib/python3.12/site-packages/airflow/example_dags/example_short_circuit_operator.py for tasks to queue
[2025-03-18T19:40:33.584+0000] {logging_mixin.py:190} INFO - [2025-03-18T19:40:33.584+0000] {dagbag.py:588} INFO - Filling up the DagBag from /home/airflow/.local/lib/python3.12/site-packages/airflow/example_dags/example_short_circuit_operator.py
[2025-03-18T19:40:33.591+0000] {processor.py:925} INFO - DAG(s) 'example_short_circuit_operator' retrieved from /home/airflow/.local/lib/python3.12/site-packages/airflow/example_dags/example_short_circuit_operator.py
[2025-03-18T19:40:33.608+0000] {logging_mixin.py:190} INFO - [2025-03-18T19:40:33.608+0000] {dag.py:3239} INFO - Sync 1 DAGs
[2025-03-18T19:40:33.619+0000] {logging_mixin.py:190} INFO - [2025-03-18T19:40:33.618+0000] {dag.py:4180} INFO - Setting next_dagrun for example_short_circuit_operator to None, run_after=None
[2025-03-18T19:40:33.633+0000] {processor.py:208} INFO - Processing /home/airflow/.local/lib/python3.12/site-packages/airflow/example_dags/example_short_circuit_operator.py took 0.056 seconds
[2025-03-18T19:41:04.210+0000] {processor.py:186} INFO - Started process (PID=5540) to work on /home/airflow/.local/lib/python3.12/site-packages/airflow/example_dags/example_short_circuit_operator.py
[2025-03-18T19:41:04.211+0000] {processor.py:914} INFO - Processing file /home/airflow/.local/lib/python3.12/site-packages/airflow/example_dags/example_short_circuit_operator.py for tasks to queue
[2025-03-18T19:41:04.212+0000] {logging_mixin.py:190} INFO - [2025-03-18T19:41:04.212+0000] {dagbag.py:588} INFO - Filling up the DagBag from /home/airflow/.local/lib/python3.12/site-packages/airflow/example_dags/example_short_circuit_operator.py
[2025-03-18T19:41:04.220+0000] {processor.py:925} INFO - DAG(s) 'example_short_circuit_operator' retrieved from /home/airflow/.local/lib/python3.12/site-packages/airflow/example_dags/example_short_circuit_operator.py
[2025-03-18T19:41:04.238+0000] {logging_mixin.py:190} INFO - [2025-03-18T19:41:04.237+0000] {dag.py:3239} INFO - Sync 1 DAGs
[2025-03-18T19:41:04.249+0000] {logging_mixin.py:190} INFO - [2025-03-18T19:41:04.249+0000] {dag.py:4180} INFO - Setting next_dagrun for example_short_circuit_operator to None, run_after=None
[2025-03-18T19:41:04.262+0000] {processor.py:208} INFO - Processing /home/airflow/.local/lib/python3.12/site-packages/airflow/example_dags/example_short_circuit_operator.py took 0.057 seconds
[2025-03-18T19:41:34.963+0000] {processor.py:186} INFO - Started process (PID=5604) to work on /home/airflow/.local/lib/python3.12/site-packages/airflow/example_dags/example_short_circuit_operator.py
[2025-03-18T19:41:34.964+0000] {processor.py:914} INFO - Processing file /home/airflow/.local/lib/python3.12/site-packages/airflow/example_dags/example_short_circuit_operator.py for tasks to queue
[2025-03-18T19:41:34.966+0000] {logging_mixin.py:190} INFO - [2025-03-18T19:41:34.966+0000] {dagbag.py:588} INFO - Filling up the DagBag from /home/airflow/.local/lib/python3.12/site-packages/airflow/example_dags/example_short_circuit_operator.py
[2025-03-18T19:41:34.973+0000] {processor.py:925} INFO - DAG(s) 'example_short_circuit_operator' retrieved from /home/airflow/.local/lib/python3.12/site-packages/airflow/example_dags/example_short_circuit_operator.py
[2025-03-18T19:41:34.990+0000] {logging_mixin.py:190} INFO - [2025-03-18T19:41:34.990+0000] {dag.py:3239} INFO - Sync 1 DAGs
[2025-03-18T19:41:35.001+0000] {logging_mixin.py:190} INFO - [2025-03-18T19:41:35.001+0000] {dag.py:4180} INFO - Setting next_dagrun for example_short_circuit_operator to None, run_after=None
[2025-03-18T19:41:35.016+0000] {processor.py:208} INFO - Processing /home/airflow/.local/lib/python3.12/site-packages/airflow/example_dags/example_short_circuit_operator.py took 0.058 seconds
[2025-03-18T19:42:05.180+0000] {processor.py:186} INFO - Started process (PID=5668) to work on /home/airflow/.local/lib/python3.12/site-packages/airflow/example_dags/example_short_circuit_operator.py
[2025-03-18T19:42:05.181+0000] {processor.py:914} INFO - Processing file /home/airflow/.local/lib/python3.12/site-packages/airflow/example_dags/example_short_circuit_operator.py for tasks to queue
[2025-03-18T19:42:05.183+0000] {logging_mixin.py:190} INFO - [2025-03-18T19:42:05.183+0000] {dagbag.py:588} INFO - Filling up the DagBag from /home/airflow/.local/lib/python3.12/site-packages/airflow/example_dags/example_short_circuit_operator.py
[2025-03-18T19:42:05.191+0000] {processor.py:925} INFO - DAG(s) 'example_short_circuit_operator' retrieved from /home/airflow/.local/lib/python3.12/site-packages/airflow/example_dags/example_short_circuit_operator.py
[2025-03-18T19:42:05.211+0000] {logging_mixin.py:190} INFO - [2025-03-18T19:42:05.211+0000] {dag.py:3239} INFO - Sync 1 DAGs
[2025-03-18T19:42:05.227+0000] {logging_mixin.py:190} INFO - [2025-03-18T19:42:05.227+0000] {dag.py:4180} INFO - Setting next_dagrun for example_short_circuit_operator to None, run_after=None
[2025-03-18T19:42:05.244+0000] {processor.py:208} INFO - Processing /home/airflow/.local/lib/python3.12/site-packages/airflow/example_dags/example_short_circuit_operator.py took 0.069 seconds
[2025-03-18T19:42:35.293+0000] {processor.py:186} INFO - Started process (PID=5731) to work on /home/airflow/.local/lib/python3.12/site-packages/airflow/example_dags/example_short_circuit_operator.py
[2025-03-18T19:42:35.294+0000] {processor.py:914} INFO - Processing file /home/airflow/.local/lib/python3.12/site-packages/airflow/example_dags/example_short_circuit_operator.py for tasks to queue
[2025-03-18T19:42:35.296+0000] {logging_mixin.py:190} INFO - [2025-03-18T19:42:35.296+0000] {dagbag.py:588} INFO - Filling up the DagBag from /home/airflow/.local/lib/python3.12/site-packages/airflow/example_dags/example_short_circuit_operator.py
[2025-03-18T19:42:35.304+0000] {processor.py:925} INFO - DAG(s) 'example_short_circuit_operator' retrieved from /home/airflow/.local/lib/python3.12/site-packages/airflow/example_dags/example_short_circuit_operator.py
[2025-03-18T19:42:35.325+0000] {logging_mixin.py:190} INFO - [2025-03-18T19:42:35.325+0000] {dag.py:3239} INFO - Sync 1 DAGs
[2025-03-18T19:42:35.336+0000] {logging_mixin.py:190} INFO - [2025-03-18T19:42:35.336+0000] {dag.py:4180} INFO - Setting next_dagrun for example_short_circuit_operator to None, run_after=None
[2025-03-18T19:42:35.350+0000] {processor.py:208} INFO - Processing /home/airflow/.local/lib/python3.12/site-packages/airflow/example_dags/example_short_circuit_operator.py took 0.063 seconds
[2025-03-18T19:43:06.372+0000] {processor.py:186} INFO - Started process (PID=5796) to work on /home/airflow/.local/lib/python3.12/site-packages/airflow/example_dags/example_short_circuit_operator.py
[2025-03-18T19:43:06.373+0000] {processor.py:914} INFO - Processing file /home/airflow/.local/lib/python3.12/site-packages/airflow/example_dags/example_short_circuit_operator.py for tasks to queue
[2025-03-18T19:43:06.375+0000] {logging_mixin.py:190} INFO - [2025-03-18T19:43:06.375+0000] {dagbag.py:588} INFO - Filling up the DagBag from /home/airflow/.local/lib/python3.12/site-packages/airflow/example_dags/example_short_circuit_operator.py
[2025-03-18T19:43:06.383+0000] {processor.py:925} INFO - DAG(s) 'example_short_circuit_operator' retrieved from /home/airflow/.local/lib/python3.12/site-packages/airflow/example_dags/example_short_circuit_operator.py
[2025-03-18T19:43:06.405+0000] {logging_mixin.py:190} INFO - [2025-03-18T19:43:06.405+0000] {dag.py:3239} INFO - Sync 1 DAGs
[2025-03-18T19:43:06.418+0000] {logging_mixin.py:190} INFO - [2025-03-18T19:43:06.417+0000] {dag.py:4180} INFO - Setting next_dagrun for example_short_circuit_operator to None, run_after=None
[2025-03-18T19:43:06.434+0000] {processor.py:208} INFO - Processing /home/airflow/.local/lib/python3.12/site-packages/airflow/example_dags/example_short_circuit_operator.py took 0.067 seconds
[2025-03-18T19:43:37.250+0000] {processor.py:186} INFO - Started process (PID=5860) to work on /home/airflow/.local/lib/python3.12/site-packages/airflow/example_dags/example_short_circuit_operator.py
[2025-03-18T19:43:37.251+0000] {processor.py:914} INFO - Processing file /home/airflow/.local/lib/python3.12/site-packages/airflow/example_dags/example_short_circuit_operator.py for tasks to queue
[2025-03-18T19:43:37.253+0000] {logging_mixin.py:190} INFO - [2025-03-18T19:43:37.252+0000] {dagbag.py:588} INFO - Filling up the DagBag from /home/airflow/.local/lib/python3.12/site-packages/airflow/example_dags/example_short_circuit_operator.py
[2025-03-18T19:43:37.260+0000] {processor.py:925} INFO - DAG(s) 'example_short_circuit_operator' retrieved from /home/airflow/.local/lib/python3.12/site-packages/airflow/example_dags/example_short_circuit_operator.py
[2025-03-18T19:43:37.277+0000] {logging_mixin.py:190} INFO - [2025-03-18T19:43:37.277+0000] {dag.py:3239} INFO - Sync 1 DAGs
[2025-03-18T19:43:37.288+0000] {logging_mixin.py:190} INFO - [2025-03-18T19:43:37.288+0000] {dag.py:4180} INFO - Setting next_dagrun for example_short_circuit_operator to None, run_after=None
[2025-03-18T19:43:37.302+0000] {processor.py:208} INFO - Processing /home/airflow/.local/lib/python3.12/site-packages/airflow/example_dags/example_short_circuit_operator.py took 0.057 seconds
