[2025-03-18T19:23:39.046+0000] {processor.py:186} INFO - Started process (PID=3358) to work on /home/airflow/.local/lib/python3.12/site-packages/airflow/example_dags/example_xcom.py
[2025-03-18T19:23:39.047+0000] {processor.py:914} INFO - Processing file /home/airflow/.local/lib/python3.12/site-packages/airflow/example_dags/example_xcom.py for tasks to queue
[2025-03-18T19:23:39.049+0000] {logging_mixin.py:190} INFO - [2025-03-18T19:23:39.049+0000] {dagbag.py:588} INFO - Filling up the DagBag from /home/airflow/.local/lib/python3.12/site-packages/airflow/example_dags/example_xcom.py
[2025-03-18T19:23:39.057+0000] {processor.py:925} INFO - DAG(s) 'example_xcom' retrieved from /home/airflow/.local/lib/python3.12/site-packages/airflow/example_dags/example_xcom.py
[2025-03-18T19:23:39.074+0000] {logging_mixin.py:190} INFO - [2025-03-18T19:23:39.074+0000] {dag.py:3239} INFO - Sync 1 DAGs
[2025-03-18T19:23:39.092+0000] {logging_mixin.py:190} INFO - [2025-03-18T19:23:39.091+0000] {dag.py:4180} INFO - Setting next_dagrun for example_xcom to 2021-01-01 00:00:00+00:00, run_after=2021-01-01 00:00:00+00:00
[2025-03-18T19:23:39.106+0000] {processor.py:208} INFO - Processing /home/airflow/.local/lib/python3.12/site-packages/airflow/example_dags/example_xcom.py took 0.065 seconds
[2025-03-18T19:24:09.434+0000] {processor.py:186} INFO - Started process (PID=3422) to work on /home/airflow/.local/lib/python3.12/site-packages/airflow/example_dags/example_xcom.py
[2025-03-18T19:24:09.435+0000] {processor.py:914} INFO - Processing file /home/airflow/.local/lib/python3.12/site-packages/airflow/example_dags/example_xcom.py for tasks to queue
[2025-03-18T19:24:09.437+0000] {logging_mixin.py:190} INFO - [2025-03-18T19:24:09.437+0000] {dagbag.py:588} INFO - Filling up the DagBag from /home/airflow/.local/lib/python3.12/site-packages/airflow/example_dags/example_xcom.py
[2025-03-18T19:24:09.445+0000] {processor.py:925} INFO - DAG(s) 'example_xcom' retrieved from /home/airflow/.local/lib/python3.12/site-packages/airflow/example_dags/example_xcom.py
[2025-03-18T19:24:09.461+0000] {logging_mixin.py:190} INFO - [2025-03-18T19:24:09.461+0000] {dag.py:3239} INFO - Sync 1 DAGs
[2025-03-18T19:24:09.477+0000] {logging_mixin.py:190} INFO - [2025-03-18T19:24:09.477+0000] {dag.py:4180} INFO - Setting next_dagrun for example_xcom to 2021-01-01 00:00:00+00:00, run_after=2021-01-01 00:00:00+00:00
[2025-03-18T19:24:09.491+0000] {processor.py:208} INFO - Processing /home/airflow/.local/lib/python3.12/site-packages/airflow/example_dags/example_xcom.py took 0.061 seconds
[2025-03-18T19:24:40.202+0000] {processor.py:186} INFO - Started process (PID=3486) to work on /home/airflow/.local/lib/python3.12/site-packages/airflow/example_dags/example_xcom.py
[2025-03-18T19:24:40.203+0000] {processor.py:914} INFO - Processing file /home/airflow/.local/lib/python3.12/site-packages/airflow/example_dags/example_xcom.py for tasks to queue
[2025-03-18T19:24:40.205+0000] {logging_mixin.py:190} INFO - [2025-03-18T19:24:40.205+0000] {dagbag.py:588} INFO - Filling up the DagBag from /home/airflow/.local/lib/python3.12/site-packages/airflow/example_dags/example_xcom.py
[2025-03-18T19:24:40.213+0000] {processor.py:925} INFO - DAG(s) 'example_xcom' retrieved from /home/airflow/.local/lib/python3.12/site-packages/airflow/example_dags/example_xcom.py
[2025-03-18T19:24:40.230+0000] {logging_mixin.py:190} INFO - [2025-03-18T19:24:40.230+0000] {dag.py:3239} INFO - Sync 1 DAGs
[2025-03-18T19:24:40.246+0000] {logging_mixin.py:190} INFO - [2025-03-18T19:24:40.246+0000] {dag.py:4180} INFO - Setting next_dagrun for example_xcom to 2021-01-01 00:00:00+00:00, run_after=2021-01-01 00:00:00+00:00
[2025-03-18T19:24:40.260+0000] {processor.py:208} INFO - Processing /home/airflow/.local/lib/python3.12/site-packages/airflow/example_dags/example_xcom.py took 0.063 seconds
[2025-03-18T19:25:10.457+0000] {processor.py:186} INFO - Started process (PID=3556) to work on /home/airflow/.local/lib/python3.12/site-packages/airflow/example_dags/example_xcom.py
[2025-03-18T19:25:10.457+0000] {processor.py:914} INFO - Processing file /home/airflow/.local/lib/python3.12/site-packages/airflow/example_dags/example_xcom.py for tasks to queue
[2025-03-18T19:25:10.459+0000] {logging_mixin.py:190} INFO - [2025-03-18T19:25:10.459+0000] {dagbag.py:588} INFO - Filling up the DagBag from /home/airflow/.local/lib/python3.12/site-packages/airflow/example_dags/example_xcom.py
[2025-03-18T19:25:10.467+0000] {processor.py:925} INFO - DAG(s) 'example_xcom' retrieved from /home/airflow/.local/lib/python3.12/site-packages/airflow/example_dags/example_xcom.py
[2025-03-18T19:25:10.483+0000] {logging_mixin.py:190} INFO - [2025-03-18T19:25:10.483+0000] {dag.py:3239} INFO - Sync 1 DAGs
[2025-03-18T19:25:10.500+0000] {logging_mixin.py:190} INFO - [2025-03-18T19:25:10.500+0000] {dag.py:4180} INFO - Setting next_dagrun for example_xcom to 2021-01-01 00:00:00+00:00, run_after=2021-01-01 00:00:00+00:00
[2025-03-18T19:25:10.513+0000] {processor.py:208} INFO - Processing /home/airflow/.local/lib/python3.12/site-packages/airflow/example_dags/example_xcom.py took 0.062 seconds
[2025-03-18T19:25:41.235+0000] {processor.py:186} INFO - Started process (PID=3620) to work on /home/airflow/.local/lib/python3.12/site-packages/airflow/example_dags/example_xcom.py
[2025-03-18T19:25:41.236+0000] {processor.py:914} INFO - Processing file /home/airflow/.local/lib/python3.12/site-packages/airflow/example_dags/example_xcom.py for tasks to queue
[2025-03-18T19:25:41.238+0000] {logging_mixin.py:190} INFO - [2025-03-18T19:25:41.238+0000] {dagbag.py:588} INFO - Filling up the DagBag from /home/airflow/.local/lib/python3.12/site-packages/airflow/example_dags/example_xcom.py
[2025-03-18T19:25:41.248+0000] {processor.py:925} INFO - DAG(s) 'example_xcom' retrieved from /home/airflow/.local/lib/python3.12/site-packages/airflow/example_dags/example_xcom.py
[2025-03-18T19:25:41.269+0000] {logging_mixin.py:190} INFO - [2025-03-18T19:25:41.269+0000] {dag.py:3239} INFO - Sync 1 DAGs
[2025-03-18T19:25:41.296+0000] {logging_mixin.py:190} INFO - [2025-03-18T19:25:41.295+0000] {dag.py:4180} INFO - Setting next_dagrun for example_xcom to 2021-01-01 00:00:00+00:00, run_after=2021-01-01 00:00:00+00:00
[2025-03-18T19:25:41.315+0000] {processor.py:208} INFO - Processing /home/airflow/.local/lib/python3.12/site-packages/airflow/example_dags/example_xcom.py took 0.086 seconds
[2025-03-18T19:26:11.789+0000] {processor.py:186} INFO - Started process (PID=3684) to work on /home/airflow/.local/lib/python3.12/site-packages/airflow/example_dags/example_xcom.py
[2025-03-18T19:26:11.790+0000] {processor.py:914} INFO - Processing file /home/airflow/.local/lib/python3.12/site-packages/airflow/example_dags/example_xcom.py for tasks to queue
[2025-03-18T19:26:11.792+0000] {logging_mixin.py:190} INFO - [2025-03-18T19:26:11.792+0000] {dagbag.py:588} INFO - Filling up the DagBag from /home/airflow/.local/lib/python3.12/site-packages/airflow/example_dags/example_xcom.py
[2025-03-18T19:26:11.801+0000] {processor.py:925} INFO - DAG(s) 'example_xcom' retrieved from /home/airflow/.local/lib/python3.12/site-packages/airflow/example_dags/example_xcom.py
[2025-03-18T19:26:11.818+0000] {logging_mixin.py:190} INFO - [2025-03-18T19:26:11.818+0000] {dag.py:3239} INFO - Sync 1 DAGs
[2025-03-18T19:26:11.836+0000] {logging_mixin.py:190} INFO - [2025-03-18T19:26:11.836+0000] {dag.py:4180} INFO - Setting next_dagrun for example_xcom to 2021-01-01 00:00:00+00:00, run_after=2021-01-01 00:00:00+00:00
[2025-03-18T19:26:11.850+0000] {processor.py:208} INFO - Processing /home/airflow/.local/lib/python3.12/site-packages/airflow/example_dags/example_xcom.py took 0.066 seconds
[2025-03-18T19:26:42.370+0000] {processor.py:186} INFO - Started process (PID=3748) to work on /home/airflow/.local/lib/python3.12/site-packages/airflow/example_dags/example_xcom.py
[2025-03-18T19:26:42.371+0000] {processor.py:914} INFO - Processing file /home/airflow/.local/lib/python3.12/site-packages/airflow/example_dags/example_xcom.py for tasks to queue
[2025-03-18T19:26:42.372+0000] {logging_mixin.py:190} INFO - [2025-03-18T19:26:42.372+0000] {dagbag.py:588} INFO - Filling up the DagBag from /home/airflow/.local/lib/python3.12/site-packages/airflow/example_dags/example_xcom.py
[2025-03-18T19:26:42.381+0000] {processor.py:925} INFO - DAG(s) 'example_xcom' retrieved from /home/airflow/.local/lib/python3.12/site-packages/airflow/example_dags/example_xcom.py
[2025-03-18T19:26:42.398+0000] {logging_mixin.py:190} INFO - [2025-03-18T19:26:42.398+0000] {dag.py:3239} INFO - Sync 1 DAGs
[2025-03-18T19:26:42.417+0000] {logging_mixin.py:190} INFO - [2025-03-18T19:26:42.417+0000] {dag.py:4180} INFO - Setting next_dagrun for example_xcom to 2021-01-01 00:00:00+00:00, run_after=2021-01-01 00:00:00+00:00
[2025-03-18T19:26:42.433+0000] {processor.py:208} INFO - Processing /home/airflow/.local/lib/python3.12/site-packages/airflow/example_dags/example_xcom.py took 0.069 seconds
[2025-03-18T19:27:12.839+0000] {processor.py:186} INFO - Started process (PID=3812) to work on /home/airflow/.local/lib/python3.12/site-packages/airflow/example_dags/example_xcom.py
[2025-03-18T19:27:12.840+0000] {processor.py:914} INFO - Processing file /home/airflow/.local/lib/python3.12/site-packages/airflow/example_dags/example_xcom.py for tasks to queue
[2025-03-18T19:27:12.842+0000] {logging_mixin.py:190} INFO - [2025-03-18T19:27:12.841+0000] {dagbag.py:588} INFO - Filling up the DagBag from /home/airflow/.local/lib/python3.12/site-packages/airflow/example_dags/example_xcom.py
[2025-03-18T19:27:12.850+0000] {processor.py:925} INFO - DAG(s) 'example_xcom' retrieved from /home/airflow/.local/lib/python3.12/site-packages/airflow/example_dags/example_xcom.py
[2025-03-18T19:27:12.866+0000] {logging_mixin.py:190} INFO - [2025-03-18T19:27:12.865+0000] {dag.py:3239} INFO - Sync 1 DAGs
[2025-03-18T19:27:12.882+0000] {logging_mixin.py:190} INFO - [2025-03-18T19:27:12.882+0000] {dag.py:4180} INFO - Setting next_dagrun for example_xcom to 2021-01-01 00:00:00+00:00, run_after=2021-01-01 00:00:00+00:00
[2025-03-18T19:27:12.896+0000] {processor.py:208} INFO - Processing /home/airflow/.local/lib/python3.12/site-packages/airflow/example_dags/example_xcom.py took 0.062 seconds
[2025-03-18T19:27:43.611+0000] {processor.py:186} INFO - Started process (PID=3877) to work on /home/airflow/.local/lib/python3.12/site-packages/airflow/example_dags/example_xcom.py
[2025-03-18T19:27:43.612+0000] {processor.py:914} INFO - Processing file /home/airflow/.local/lib/python3.12/site-packages/airflow/example_dags/example_xcom.py for tasks to queue
[2025-03-18T19:27:43.614+0000] {logging_mixin.py:190} INFO - [2025-03-18T19:27:43.613+0000] {dagbag.py:588} INFO - Filling up the DagBag from /home/airflow/.local/lib/python3.12/site-packages/airflow/example_dags/example_xcom.py
[2025-03-18T19:27:43.622+0000] {processor.py:925} INFO - DAG(s) 'example_xcom' retrieved from /home/airflow/.local/lib/python3.12/site-packages/airflow/example_dags/example_xcom.py
[2025-03-18T19:27:43.644+0000] {logging_mixin.py:190} INFO - [2025-03-18T19:27:43.644+0000] {dag.py:3239} INFO - Sync 1 DAGs
[2025-03-18T19:27:43.664+0000] {logging_mixin.py:190} INFO - [2025-03-18T19:27:43.664+0000] {dag.py:4180} INFO - Setting next_dagrun for example_xcom to 2021-01-01 00:00:00+00:00, run_after=2021-01-01 00:00:00+00:00
[2025-03-18T19:27:43.677+0000] {processor.py:208} INFO - Processing /home/airflow/.local/lib/python3.12/site-packages/airflow/example_dags/example_xcom.py took 0.072 seconds
[2025-03-18T19:28:14.521+0000] {processor.py:186} INFO - Started process (PID=3941) to work on /home/airflow/.local/lib/python3.12/site-packages/airflow/example_dags/example_xcom.py
[2025-03-18T19:28:14.522+0000] {processor.py:914} INFO - Processing file /home/airflow/.local/lib/python3.12/site-packages/airflow/example_dags/example_xcom.py for tasks to queue
[2025-03-18T19:28:14.524+0000] {logging_mixin.py:190} INFO - [2025-03-18T19:28:14.524+0000] {dagbag.py:588} INFO - Filling up the DagBag from /home/airflow/.local/lib/python3.12/site-packages/airflow/example_dags/example_xcom.py
[2025-03-18T19:28:14.532+0000] {processor.py:925} INFO - DAG(s) 'example_xcom' retrieved from /home/airflow/.local/lib/python3.12/site-packages/airflow/example_dags/example_xcom.py
[2025-03-18T19:28:14.550+0000] {logging_mixin.py:190} INFO - [2025-03-18T19:28:14.550+0000] {dag.py:3239} INFO - Sync 1 DAGs
[2025-03-18T19:28:14.568+0000] {logging_mixin.py:190} INFO - [2025-03-18T19:28:14.567+0000] {dag.py:4180} INFO - Setting next_dagrun for example_xcom to 2021-01-01 00:00:00+00:00, run_after=2021-01-01 00:00:00+00:00
[2025-03-18T19:28:14.581+0000] {processor.py:208} INFO - Processing /home/airflow/.local/lib/python3.12/site-packages/airflow/example_dags/example_xcom.py took 0.065 seconds
[2025-03-18T19:28:45.534+0000] {processor.py:186} INFO - Started process (PID=4005) to work on /home/airflow/.local/lib/python3.12/site-packages/airflow/example_dags/example_xcom.py
[2025-03-18T19:28:45.534+0000] {processor.py:914} INFO - Processing file /home/airflow/.local/lib/python3.12/site-packages/airflow/example_dags/example_xcom.py for tasks to queue
[2025-03-18T19:28:45.536+0000] {logging_mixin.py:190} INFO - [2025-03-18T19:28:45.536+0000] {dagbag.py:588} INFO - Filling up the DagBag from /home/airflow/.local/lib/python3.12/site-packages/airflow/example_dags/example_xcom.py
[2025-03-18T19:28:45.544+0000] {processor.py:925} INFO - DAG(s) 'example_xcom' retrieved from /home/airflow/.local/lib/python3.12/site-packages/airflow/example_dags/example_xcom.py
[2025-03-18T19:28:45.561+0000] {logging_mixin.py:190} INFO - [2025-03-18T19:28:45.561+0000] {dag.py:3239} INFO - Sync 1 DAGs
[2025-03-18T19:28:45.579+0000] {logging_mixin.py:190} INFO - [2025-03-18T19:28:45.578+0000] {dag.py:4180} INFO - Setting next_dagrun for example_xcom to 2021-01-01 00:00:00+00:00, run_after=2021-01-01 00:00:00+00:00
[2025-03-18T19:28:45.592+0000] {processor.py:208} INFO - Processing /home/airflow/.local/lib/python3.12/site-packages/airflow/example_dags/example_xcom.py took 0.063 seconds
[2025-03-18T19:29:16.491+0000] {processor.py:186} INFO - Started process (PID=4069) to work on /home/airflow/.local/lib/python3.12/site-packages/airflow/example_dags/example_xcom.py
[2025-03-18T19:29:16.492+0000] {processor.py:914} INFO - Processing file /home/airflow/.local/lib/python3.12/site-packages/airflow/example_dags/example_xcom.py for tasks to queue
[2025-03-18T19:29:16.493+0000] {logging_mixin.py:190} INFO - [2025-03-18T19:29:16.493+0000] {dagbag.py:588} INFO - Filling up the DagBag from /home/airflow/.local/lib/python3.12/site-packages/airflow/example_dags/example_xcom.py
[2025-03-18T19:29:16.502+0000] {processor.py:925} INFO - DAG(s) 'example_xcom' retrieved from /home/airflow/.local/lib/python3.12/site-packages/airflow/example_dags/example_xcom.py
[2025-03-18T19:29:16.520+0000] {logging_mixin.py:190} INFO - [2025-03-18T19:29:16.520+0000] {dag.py:3239} INFO - Sync 1 DAGs
[2025-03-18T19:29:16.537+0000] {logging_mixin.py:190} INFO - [2025-03-18T19:29:16.537+0000] {dag.py:4180} INFO - Setting next_dagrun for example_xcom to 2021-01-01 00:00:00+00:00, run_after=2021-01-01 00:00:00+00:00
[2025-03-18T19:29:16.550+0000] {processor.py:208} INFO - Processing /home/airflow/.local/lib/python3.12/site-packages/airflow/example_dags/example_xcom.py took 0.066 seconds
[2025-03-18T19:29:47.355+0000] {processor.py:186} INFO - Started process (PID=4133) to work on /home/airflow/.local/lib/python3.12/site-packages/airflow/example_dags/example_xcom.py
[2025-03-18T19:29:47.356+0000] {processor.py:914} INFO - Processing file /home/airflow/.local/lib/python3.12/site-packages/airflow/example_dags/example_xcom.py for tasks to queue
[2025-03-18T19:29:47.358+0000] {logging_mixin.py:190} INFO - [2025-03-18T19:29:47.357+0000] {dagbag.py:588} INFO - Filling up the DagBag from /home/airflow/.local/lib/python3.12/site-packages/airflow/example_dags/example_xcom.py
[2025-03-18T19:29:47.366+0000] {processor.py:925} INFO - DAG(s) 'example_xcom' retrieved from /home/airflow/.local/lib/python3.12/site-packages/airflow/example_dags/example_xcom.py
[2025-03-18T19:29:47.383+0000] {logging_mixin.py:190} INFO - [2025-03-18T19:29:47.383+0000] {dag.py:3239} INFO - Sync 1 DAGs
[2025-03-18T19:29:47.401+0000] {logging_mixin.py:190} INFO - [2025-03-18T19:29:47.400+0000] {dag.py:4180} INFO - Setting next_dagrun for example_xcom to 2021-01-01 00:00:00+00:00, run_after=2021-01-01 00:00:00+00:00
[2025-03-18T19:29:47.414+0000] {processor.py:208} INFO - Processing /home/airflow/.local/lib/python3.12/site-packages/airflow/example_dags/example_xcom.py took 0.064 seconds
[2025-03-18T19:30:18.130+0000] {processor.py:186} INFO - Started process (PID=4197) to work on /home/airflow/.local/lib/python3.12/site-packages/airflow/example_dags/example_xcom.py
[2025-03-18T19:30:18.131+0000] {processor.py:914} INFO - Processing file /home/airflow/.local/lib/python3.12/site-packages/airflow/example_dags/example_xcom.py for tasks to queue
[2025-03-18T19:30:18.133+0000] {logging_mixin.py:190} INFO - [2025-03-18T19:30:18.133+0000] {dagbag.py:588} INFO - Filling up the DagBag from /home/airflow/.local/lib/python3.12/site-packages/airflow/example_dags/example_xcom.py
[2025-03-18T19:30:18.142+0000] {processor.py:925} INFO - DAG(s) 'example_xcom' retrieved from /home/airflow/.local/lib/python3.12/site-packages/airflow/example_dags/example_xcom.py
[2025-03-18T19:30:18.158+0000] {logging_mixin.py:190} INFO - [2025-03-18T19:30:18.157+0000] {dag.py:3239} INFO - Sync 1 DAGs
[2025-03-18T19:30:18.174+0000] {logging_mixin.py:190} INFO - [2025-03-18T19:30:18.174+0000] {dag.py:4180} INFO - Setting next_dagrun for example_xcom to 2021-01-01 00:00:00+00:00, run_after=2021-01-01 00:00:00+00:00
[2025-03-18T19:30:18.187+0000] {processor.py:208} INFO - Processing /home/airflow/.local/lib/python3.12/site-packages/airflow/example_dags/example_xcom.py took 0.062 seconds
[2025-03-18T19:36:58.424+0000] {processor.py:186} INFO - Started process (PID=5029) to work on /home/airflow/.local/lib/python3.12/site-packages/airflow/example_dags/example_xcom.py
[2025-03-18T19:36:58.424+0000] {processor.py:914} INFO - Processing file /home/airflow/.local/lib/python3.12/site-packages/airflow/example_dags/example_xcom.py for tasks to queue
[2025-03-18T19:36:58.426+0000] {logging_mixin.py:190} INFO - [2025-03-18T19:36:58.426+0000] {dagbag.py:588} INFO - Filling up the DagBag from /home/airflow/.local/lib/python3.12/site-packages/airflow/example_dags/example_xcom.py
[2025-03-18T19:36:58.434+0000] {processor.py:925} INFO - DAG(s) 'example_xcom' retrieved from /home/airflow/.local/lib/python3.12/site-packages/airflow/example_dags/example_xcom.py
[2025-03-18T19:36:58.451+0000] {logging_mixin.py:190} INFO - [2025-03-18T19:36:58.450+0000] {dag.py:3239} INFO - Sync 1 DAGs
[2025-03-18T19:36:58.467+0000] {logging_mixin.py:190} INFO - [2025-03-18T19:36:58.467+0000] {dag.py:4180} INFO - Setting next_dagrun for example_xcom to 2021-01-01 00:00:00+00:00, run_after=2021-01-01 00:00:00+00:00
[2025-03-18T19:36:58.485+0000] {processor.py:208} INFO - Processing /home/airflow/.local/lib/python3.12/site-packages/airflow/example_dags/example_xcom.py took 0.067 seconds
[2025-03-18T19:37:29.162+0000] {processor.py:186} INFO - Started process (PID=5093) to work on /home/airflow/.local/lib/python3.12/site-packages/airflow/example_dags/example_xcom.py
[2025-03-18T19:37:29.163+0000] {processor.py:914} INFO - Processing file /home/airflow/.local/lib/python3.12/site-packages/airflow/example_dags/example_xcom.py for tasks to queue
[2025-03-18T19:37:29.165+0000] {logging_mixin.py:190} INFO - [2025-03-18T19:37:29.165+0000] {dagbag.py:588} INFO - Filling up the DagBag from /home/airflow/.local/lib/python3.12/site-packages/airflow/example_dags/example_xcom.py
[2025-03-18T19:37:29.173+0000] {processor.py:925} INFO - DAG(s) 'example_xcom' retrieved from /home/airflow/.local/lib/python3.12/site-packages/airflow/example_dags/example_xcom.py
[2025-03-18T19:37:29.189+0000] {logging_mixin.py:190} INFO - [2025-03-18T19:37:29.189+0000] {dag.py:3239} INFO - Sync 1 DAGs
[2025-03-18T19:37:29.207+0000] {logging_mixin.py:190} INFO - [2025-03-18T19:37:29.207+0000] {dag.py:4180} INFO - Setting next_dagrun for example_xcom to 2021-01-01 00:00:00+00:00, run_after=2021-01-01 00:00:00+00:00
[2025-03-18T19:37:29.221+0000] {processor.py:208} INFO - Processing /home/airflow/.local/lib/python3.12/site-packages/airflow/example_dags/example_xcom.py took 0.064 seconds
[2025-03-18T19:37:59.835+0000] {processor.py:186} INFO - Started process (PID=5157) to work on /home/airflow/.local/lib/python3.12/site-packages/airflow/example_dags/example_xcom.py
[2025-03-18T19:37:59.836+0000] {processor.py:914} INFO - Processing file /home/airflow/.local/lib/python3.12/site-packages/airflow/example_dags/example_xcom.py for tasks to queue
[2025-03-18T19:37:59.838+0000] {logging_mixin.py:190} INFO - [2025-03-18T19:37:59.837+0000] {dagbag.py:588} INFO - Filling up the DagBag from /home/airflow/.local/lib/python3.12/site-packages/airflow/example_dags/example_xcom.py
[2025-03-18T19:37:59.845+0000] {processor.py:925} INFO - DAG(s) 'example_xcom' retrieved from /home/airflow/.local/lib/python3.12/site-packages/airflow/example_dags/example_xcom.py
[2025-03-18T19:37:59.861+0000] {logging_mixin.py:190} INFO - [2025-03-18T19:37:59.861+0000] {dag.py:3239} INFO - Sync 1 DAGs
[2025-03-18T19:37:59.878+0000] {logging_mixin.py:190} INFO - [2025-03-18T19:37:59.877+0000] {dag.py:4180} INFO - Setting next_dagrun for example_xcom to 2021-01-01 00:00:00+00:00, run_after=2021-01-01 00:00:00+00:00
[2025-03-18T19:37:59.890+0000] {processor.py:208} INFO - Processing /home/airflow/.local/lib/python3.12/site-packages/airflow/example_dags/example_xcom.py took 0.060 seconds
[2025-03-18T19:38:30.623+0000] {processor.py:186} INFO - Started process (PID=5221) to work on /home/airflow/.local/lib/python3.12/site-packages/airflow/example_dags/example_xcom.py
[2025-03-18T19:38:30.624+0000] {processor.py:914} INFO - Processing file /home/airflow/.local/lib/python3.12/site-packages/airflow/example_dags/example_xcom.py for tasks to queue
[2025-03-18T19:38:30.627+0000] {logging_mixin.py:190} INFO - [2025-03-18T19:38:30.626+0000] {dagbag.py:588} INFO - Filling up the DagBag from /home/airflow/.local/lib/python3.12/site-packages/airflow/example_dags/example_xcom.py
[2025-03-18T19:38:30.636+0000] {processor.py:925} INFO - DAG(s) 'example_xcom' retrieved from /home/airflow/.local/lib/python3.12/site-packages/airflow/example_dags/example_xcom.py
[2025-03-18T19:38:30.653+0000] {logging_mixin.py:190} INFO - [2025-03-18T19:38:30.653+0000] {dag.py:3239} INFO - Sync 1 DAGs
[2025-03-18T19:38:30.671+0000] {logging_mixin.py:190} INFO - [2025-03-18T19:38:30.671+0000] {dag.py:4180} INFO - Setting next_dagrun for example_xcom to 2021-01-01 00:00:00+00:00, run_after=2021-01-01 00:00:00+00:00
[2025-03-18T19:38:30.686+0000] {processor.py:208} INFO - Processing /home/airflow/.local/lib/python3.12/site-packages/airflow/example_dags/example_xcom.py took 0.068 seconds
[2025-03-18T19:39:01.471+0000] {processor.py:186} INFO - Started process (PID=5285) to work on /home/airflow/.local/lib/python3.12/site-packages/airflow/example_dags/example_xcom.py
[2025-03-18T19:39:01.472+0000] {processor.py:914} INFO - Processing file /home/airflow/.local/lib/python3.12/site-packages/airflow/example_dags/example_xcom.py for tasks to queue
[2025-03-18T19:39:01.474+0000] {logging_mixin.py:190} INFO - [2025-03-18T19:39:01.474+0000] {dagbag.py:588} INFO - Filling up the DagBag from /home/airflow/.local/lib/python3.12/site-packages/airflow/example_dags/example_xcom.py
[2025-03-18T19:39:01.481+0000] {processor.py:925} INFO - DAG(s) 'example_xcom' retrieved from /home/airflow/.local/lib/python3.12/site-packages/airflow/example_dags/example_xcom.py
[2025-03-18T19:39:01.498+0000] {logging_mixin.py:190} INFO - [2025-03-18T19:39:01.497+0000] {dag.py:3239} INFO - Sync 1 DAGs
[2025-03-18T19:39:01.514+0000] {logging_mixin.py:190} INFO - [2025-03-18T19:39:01.514+0000] {dag.py:4180} INFO - Setting next_dagrun for example_xcom to 2021-01-01 00:00:00+00:00, run_after=2021-01-01 00:00:00+00:00
[2025-03-18T19:39:01.526+0000] {processor.py:208} INFO - Processing /home/airflow/.local/lib/python3.12/site-packages/airflow/example_dags/example_xcom.py took 0.060 seconds
[2025-03-18T19:39:32.202+0000] {processor.py:186} INFO - Started process (PID=5349) to work on /home/airflow/.local/lib/python3.12/site-packages/airflow/example_dags/example_xcom.py
[2025-03-18T19:39:32.203+0000] {processor.py:914} INFO - Processing file /home/airflow/.local/lib/python3.12/site-packages/airflow/example_dags/example_xcom.py for tasks to queue
[2025-03-18T19:39:32.205+0000] {logging_mixin.py:190} INFO - [2025-03-18T19:39:32.204+0000] {dagbag.py:588} INFO - Filling up the DagBag from /home/airflow/.local/lib/python3.12/site-packages/airflow/example_dags/example_xcom.py
[2025-03-18T19:39:32.213+0000] {processor.py:925} INFO - DAG(s) 'example_xcom' retrieved from /home/airflow/.local/lib/python3.12/site-packages/airflow/example_dags/example_xcom.py
[2025-03-18T19:39:32.230+0000] {logging_mixin.py:190} INFO - [2025-03-18T19:39:32.230+0000] {dag.py:3239} INFO - Sync 1 DAGs
[2025-03-18T19:39:32.249+0000] {logging_mixin.py:190} INFO - [2025-03-18T19:39:32.249+0000] {dag.py:4180} INFO - Setting next_dagrun for example_xcom to 2021-01-01 00:00:00+00:00, run_after=2021-01-01 00:00:00+00:00
[2025-03-18T19:39:32.262+0000] {processor.py:208} INFO - Processing /home/airflow/.local/lib/python3.12/site-packages/airflow/example_dags/example_xcom.py took 0.065 seconds
[2025-03-18T19:40:03.027+0000] {processor.py:186} INFO - Started process (PID=5413) to work on /home/airflow/.local/lib/python3.12/site-packages/airflow/example_dags/example_xcom.py
[2025-03-18T19:40:03.028+0000] {processor.py:914} INFO - Processing file /home/airflow/.local/lib/python3.12/site-packages/airflow/example_dags/example_xcom.py for tasks to queue
[2025-03-18T19:40:03.030+0000] {logging_mixin.py:190} INFO - [2025-03-18T19:40:03.029+0000] {dagbag.py:588} INFO - Filling up the DagBag from /home/airflow/.local/lib/python3.12/site-packages/airflow/example_dags/example_xcom.py
[2025-03-18T19:40:03.037+0000] {processor.py:925} INFO - DAG(s) 'example_xcom' retrieved from /home/airflow/.local/lib/python3.12/site-packages/airflow/example_dags/example_xcom.py
[2025-03-18T19:40:03.053+0000] {logging_mixin.py:190} INFO - [2025-03-18T19:40:03.053+0000] {dag.py:3239} INFO - Sync 1 DAGs
[2025-03-18T19:40:03.069+0000] {logging_mixin.py:190} INFO - [2025-03-18T19:40:03.069+0000] {dag.py:4180} INFO - Setting next_dagrun for example_xcom to 2021-01-01 00:00:00+00:00, run_after=2021-01-01 00:00:00+00:00
[2025-03-18T19:40:03.081+0000] {processor.py:208} INFO - Processing /home/airflow/.local/lib/python3.12/site-packages/airflow/example_dags/example_xcom.py took 0.059 seconds
[2025-03-18T19:40:33.657+0000] {processor.py:186} INFO - Started process (PID=5477) to work on /home/airflow/.local/lib/python3.12/site-packages/airflow/example_dags/example_xcom.py
[2025-03-18T19:40:33.658+0000] {processor.py:914} INFO - Processing file /home/airflow/.local/lib/python3.12/site-packages/airflow/example_dags/example_xcom.py for tasks to queue
[2025-03-18T19:40:33.660+0000] {logging_mixin.py:190} INFO - [2025-03-18T19:40:33.659+0000] {dagbag.py:588} INFO - Filling up the DagBag from /home/airflow/.local/lib/python3.12/site-packages/airflow/example_dags/example_xcom.py
[2025-03-18T19:40:33.667+0000] {processor.py:925} INFO - DAG(s) 'example_xcom' retrieved from /home/airflow/.local/lib/python3.12/site-packages/airflow/example_dags/example_xcom.py
[2025-03-18T19:40:33.684+0000] {logging_mixin.py:190} INFO - [2025-03-18T19:40:33.684+0000] {dag.py:3239} INFO - Sync 1 DAGs
[2025-03-18T19:40:33.700+0000] {logging_mixin.py:190} INFO - [2025-03-18T19:40:33.700+0000] {dag.py:4180} INFO - Setting next_dagrun for example_xcom to 2021-01-01 00:00:00+00:00, run_after=2021-01-01 00:00:00+00:00
[2025-03-18T19:40:33.713+0000] {processor.py:208} INFO - Processing /home/airflow/.local/lib/python3.12/site-packages/airflow/example_dags/example_xcom.py took 0.061 seconds
[2025-03-18T19:41:04.283+0000] {processor.py:186} INFO - Started process (PID=5541) to work on /home/airflow/.local/lib/python3.12/site-packages/airflow/example_dags/example_xcom.py
[2025-03-18T19:41:04.284+0000] {processor.py:914} INFO - Processing file /home/airflow/.local/lib/python3.12/site-packages/airflow/example_dags/example_xcom.py for tasks to queue
[2025-03-18T19:41:04.286+0000] {logging_mixin.py:190} INFO - [2025-03-18T19:41:04.286+0000] {dagbag.py:588} INFO - Filling up the DagBag from /home/airflow/.local/lib/python3.12/site-packages/airflow/example_dags/example_xcom.py
[2025-03-18T19:41:04.294+0000] {processor.py:925} INFO - DAG(s) 'example_xcom' retrieved from /home/airflow/.local/lib/python3.12/site-packages/airflow/example_dags/example_xcom.py
[2025-03-18T19:41:04.310+0000] {logging_mixin.py:190} INFO - [2025-03-18T19:41:04.310+0000] {dag.py:3239} INFO - Sync 1 DAGs
[2025-03-18T19:41:04.327+0000] {logging_mixin.py:190} INFO - [2025-03-18T19:41:04.326+0000] {dag.py:4180} INFO - Setting next_dagrun for example_xcom to 2021-01-01 00:00:00+00:00, run_after=2021-01-01 00:00:00+00:00
[2025-03-18T19:41:04.339+0000] {processor.py:208} INFO - Processing /home/airflow/.local/lib/python3.12/site-packages/airflow/example_dags/example_xcom.py took 0.060 seconds
[2025-03-18T19:41:35.039+0000] {processor.py:186} INFO - Started process (PID=5605) to work on /home/airflow/.local/lib/python3.12/site-packages/airflow/example_dags/example_xcom.py
[2025-03-18T19:41:35.040+0000] {processor.py:914} INFO - Processing file /home/airflow/.local/lib/python3.12/site-packages/airflow/example_dags/example_xcom.py for tasks to queue
[2025-03-18T19:41:35.042+0000] {logging_mixin.py:190} INFO - [2025-03-18T19:41:35.041+0000] {dagbag.py:588} INFO - Filling up the DagBag from /home/airflow/.local/lib/python3.12/site-packages/airflow/example_dags/example_xcom.py
[2025-03-18T19:41:35.049+0000] {processor.py:925} INFO - DAG(s) 'example_xcom' retrieved from /home/airflow/.local/lib/python3.12/site-packages/airflow/example_dags/example_xcom.py
[2025-03-18T19:41:35.065+0000] {logging_mixin.py:190} INFO - [2025-03-18T19:41:35.064+0000] {dag.py:3239} INFO - Sync 1 DAGs
[2025-03-18T19:41:35.081+0000] {logging_mixin.py:190} INFO - [2025-03-18T19:41:35.081+0000] {dag.py:4180} INFO - Setting next_dagrun for example_xcom to 2021-01-01 00:00:00+00:00, run_after=2021-01-01 00:00:00+00:00
[2025-03-18T19:41:35.094+0000] {processor.py:208} INFO - Processing /home/airflow/.local/lib/python3.12/site-packages/airflow/example_dags/example_xcom.py took 0.060 seconds
[2025-03-18T19:42:05.273+0000] {processor.py:186} INFO - Started process (PID=5669) to work on /home/airflow/.local/lib/python3.12/site-packages/airflow/example_dags/example_xcom.py
[2025-03-18T19:42:05.274+0000] {processor.py:914} INFO - Processing file /home/airflow/.local/lib/python3.12/site-packages/airflow/example_dags/example_xcom.py for tasks to queue
[2025-03-18T19:42:05.276+0000] {logging_mixin.py:190} INFO - [2025-03-18T19:42:05.276+0000] {dagbag.py:588} INFO - Filling up the DagBag from /home/airflow/.local/lib/python3.12/site-packages/airflow/example_dags/example_xcom.py
[2025-03-18T19:42:05.285+0000] {processor.py:925} INFO - DAG(s) 'example_xcom' retrieved from /home/airflow/.local/lib/python3.12/site-packages/airflow/example_dags/example_xcom.py
[2025-03-18T19:42:05.304+0000] {logging_mixin.py:190} INFO - [2025-03-18T19:42:05.304+0000] {dag.py:3239} INFO - Sync 1 DAGs
[2025-03-18T19:42:05.324+0000] {logging_mixin.py:190} INFO - [2025-03-18T19:42:05.324+0000] {dag.py:4180} INFO - Setting next_dagrun for example_xcom to 2021-01-01 00:00:00+00:00, run_after=2021-01-01 00:00:00+00:00
[2025-03-18T19:42:05.341+0000] {processor.py:208} INFO - Processing /home/airflow/.local/lib/python3.12/site-packages/airflow/example_dags/example_xcom.py took 0.075 seconds
[2025-03-18T19:42:35.382+0000] {processor.py:186} INFO - Started process (PID=5733) to work on /home/airflow/.local/lib/python3.12/site-packages/airflow/example_dags/example_xcom.py
[2025-03-18T19:42:35.383+0000] {processor.py:914} INFO - Processing file /home/airflow/.local/lib/python3.12/site-packages/airflow/example_dags/example_xcom.py for tasks to queue
[2025-03-18T19:42:35.385+0000] {logging_mixin.py:190} INFO - [2025-03-18T19:42:35.385+0000] {dagbag.py:588} INFO - Filling up the DagBag from /home/airflow/.local/lib/python3.12/site-packages/airflow/example_dags/example_xcom.py
[2025-03-18T19:42:35.393+0000] {processor.py:925} INFO - DAG(s) 'example_xcom' retrieved from /home/airflow/.local/lib/python3.12/site-packages/airflow/example_dags/example_xcom.py
[2025-03-18T19:42:35.415+0000] {logging_mixin.py:190} INFO - [2025-03-18T19:42:35.415+0000] {dag.py:3239} INFO - Sync 1 DAGs
[2025-03-18T19:42:35.438+0000] {logging_mixin.py:190} INFO - [2025-03-18T19:42:35.438+0000] {dag.py:4180} INFO - Setting next_dagrun for example_xcom to 2021-01-01 00:00:00+00:00, run_after=2021-01-01 00:00:00+00:00
[2025-03-18T19:42:35.453+0000] {processor.py:208} INFO - Processing /home/airflow/.local/lib/python3.12/site-packages/airflow/example_dags/example_xcom.py took 0.076 seconds
[2025-03-18T19:43:06.460+0000] {processor.py:186} INFO - Started process (PID=5797) to work on /home/airflow/.local/lib/python3.12/site-packages/airflow/example_dags/example_xcom.py
[2025-03-18T19:43:06.461+0000] {processor.py:914} INFO - Processing file /home/airflow/.local/lib/python3.12/site-packages/airflow/example_dags/example_xcom.py for tasks to queue
[2025-03-18T19:43:06.463+0000] {logging_mixin.py:190} INFO - [2025-03-18T19:43:06.463+0000] {dagbag.py:588} INFO - Filling up the DagBag from /home/airflow/.local/lib/python3.12/site-packages/airflow/example_dags/example_xcom.py
[2025-03-18T19:43:06.471+0000] {processor.py:925} INFO - DAG(s) 'example_xcom' retrieved from /home/airflow/.local/lib/python3.12/site-packages/airflow/example_dags/example_xcom.py
[2025-03-18T19:43:06.489+0000] {logging_mixin.py:190} INFO - [2025-03-18T19:43:06.489+0000] {dag.py:3239} INFO - Sync 1 DAGs
[2025-03-18T19:43:06.507+0000] {logging_mixin.py:190} INFO - [2025-03-18T19:43:06.507+0000] {dag.py:4180} INFO - Setting next_dagrun for example_xcom to 2021-01-01 00:00:00+00:00, run_after=2021-01-01 00:00:00+00:00
[2025-03-18T19:43:06.521+0000] {processor.py:208} INFO - Processing /home/airflow/.local/lib/python3.12/site-packages/airflow/example_dags/example_xcom.py took 0.067 seconds
[2025-03-18T19:43:37.325+0000] {processor.py:186} INFO - Started process (PID=5861) to work on /home/airflow/.local/lib/python3.12/site-packages/airflow/example_dags/example_xcom.py
[2025-03-18T19:43:37.326+0000] {processor.py:914} INFO - Processing file /home/airflow/.local/lib/python3.12/site-packages/airflow/example_dags/example_xcom.py for tasks to queue
[2025-03-18T19:43:37.328+0000] {logging_mixin.py:190} INFO - [2025-03-18T19:43:37.328+0000] {dagbag.py:588} INFO - Filling up the DagBag from /home/airflow/.local/lib/python3.12/site-packages/airflow/example_dags/example_xcom.py
[2025-03-18T19:43:37.335+0000] {processor.py:925} INFO - DAG(s) 'example_xcom' retrieved from /home/airflow/.local/lib/python3.12/site-packages/airflow/example_dags/example_xcom.py
[2025-03-18T19:43:37.352+0000] {logging_mixin.py:190} INFO - [2025-03-18T19:43:37.351+0000] {dag.py:3239} INFO - Sync 1 DAGs
[2025-03-18T19:43:37.368+0000] {logging_mixin.py:190} INFO - [2025-03-18T19:43:37.368+0000] {dag.py:4180} INFO - Setting next_dagrun for example_xcom to 2021-01-01 00:00:00+00:00, run_after=2021-01-01 00:00:00+00:00
[2025-03-18T19:43:37.381+0000] {processor.py:208} INFO - Processing /home/airflow/.local/lib/python3.12/site-packages/airflow/example_dags/example_xcom.py took 0.061 seconds
