[2025-03-18T19:24:04.045+0000] {processor.py:186} INFO - Started process (PID=3390) to work on /home/airflow/.local/lib/python3.12/site-packages/airflow/example_dags/example_setup_teardown.py
[2025-03-18T19:24:04.046+0000] {processor.py:914} INFO - Processing file /home/airflow/.local/lib/python3.12/site-packages/airflow/example_dags/example_setup_teardown.py for tasks to queue
[2025-03-18T19:24:04.048+0000] {logging_mixin.py:190} INFO - [2025-03-18T19:24:04.048+0000] {dagbag.py:588} INFO - Filling up the DagBag from /home/airflow/.local/lib/python3.12/site-packages/airflow/example_dags/example_setup_teardown.py
[2025-03-18T19:24:04.055+0000] {processor.py:925} INFO - DAG(s) 'example_setup_teardown' retrieved from /home/airflow/.local/lib/python3.12/site-packages/airflow/example_dags/example_setup_teardown.py
[2025-03-18T19:24:04.072+0000] {logging_mixin.py:190} INFO - [2025-03-18T19:24:04.072+0000] {dag.py:3239} INFO - Sync 1 DAGs
[2025-03-18T19:24:04.086+0000] {logging_mixin.py:190} INFO - [2025-03-18T19:24:04.086+0000] {dag.py:4180} INFO - Setting next_dagrun for example_setup_teardown to None, run_after=None
[2025-03-18T19:24:04.100+0000] {processor.py:208} INFO - Processing /home/airflow/.local/lib/python3.12/site-packages/airflow/example_dags/example_setup_teardown.py took 0.060 seconds
[2025-03-18T19:24:34.517+0000] {processor.py:186} INFO - Started process (PID=3454) to work on /home/airflow/.local/lib/python3.12/site-packages/airflow/example_dags/example_setup_teardown.py
[2025-03-18T19:24:34.518+0000] {processor.py:914} INFO - Processing file /home/airflow/.local/lib/python3.12/site-packages/airflow/example_dags/example_setup_teardown.py for tasks to queue
[2025-03-18T19:24:34.520+0000] {logging_mixin.py:190} INFO - [2025-03-18T19:24:34.520+0000] {dagbag.py:588} INFO - Filling up the DagBag from /home/airflow/.local/lib/python3.12/site-packages/airflow/example_dags/example_setup_teardown.py
[2025-03-18T19:24:34.527+0000] {processor.py:925} INFO - DAG(s) 'example_setup_teardown' retrieved from /home/airflow/.local/lib/python3.12/site-packages/airflow/example_dags/example_setup_teardown.py
[2025-03-18T19:24:34.545+0000] {logging_mixin.py:190} INFO - [2025-03-18T19:24:34.545+0000] {dag.py:3239} INFO - Sync 1 DAGs
[2025-03-18T19:24:34.557+0000] {logging_mixin.py:190} INFO - [2025-03-18T19:24:34.557+0000] {dag.py:4180} INFO - Setting next_dagrun for example_setup_teardown to None, run_after=None
[2025-03-18T19:24:34.571+0000] {processor.py:208} INFO - Processing /home/airflow/.local/lib/python3.12/site-packages/airflow/example_dags/example_setup_teardown.py took 0.059 seconds
[2025-03-18T19:25:05.045+0000] {processor.py:186} INFO - Started process (PID=3518) to work on /home/airflow/.local/lib/python3.12/site-packages/airflow/example_dags/example_setup_teardown.py
[2025-03-18T19:25:05.046+0000] {processor.py:914} INFO - Processing file /home/airflow/.local/lib/python3.12/site-packages/airflow/example_dags/example_setup_teardown.py for tasks to queue
[2025-03-18T19:25:05.048+0000] {logging_mixin.py:190} INFO - [2025-03-18T19:25:05.048+0000] {dagbag.py:588} INFO - Filling up the DagBag from /home/airflow/.local/lib/python3.12/site-packages/airflow/example_dags/example_setup_teardown.py
[2025-03-18T19:25:05.055+0000] {processor.py:925} INFO - DAG(s) 'example_setup_teardown' retrieved from /home/airflow/.local/lib/python3.12/site-packages/airflow/example_dags/example_setup_teardown.py
[2025-03-18T19:25:05.071+0000] {logging_mixin.py:190} INFO - [2025-03-18T19:25:05.071+0000] {dag.py:3239} INFO - Sync 1 DAGs
[2025-03-18T19:25:05.081+0000] {logging_mixin.py:190} INFO - [2025-03-18T19:25:05.081+0000] {dag.py:4180} INFO - Setting next_dagrun for example_setup_teardown to None, run_after=None
[2025-03-18T19:25:05.096+0000] {processor.py:208} INFO - Processing /home/airflow/.local/lib/python3.12/site-packages/airflow/example_dags/example_setup_teardown.py took 0.055 seconds
[2025-03-18T19:25:35.600+0000] {processor.py:186} INFO - Started process (PID=3582) to work on /home/airflow/.local/lib/python3.12/site-packages/airflow/example_dags/example_setup_teardown.py
[2025-03-18T19:25:35.601+0000] {processor.py:914} INFO - Processing file /home/airflow/.local/lib/python3.12/site-packages/airflow/example_dags/example_setup_teardown.py for tasks to queue
[2025-03-18T19:25:35.603+0000] {logging_mixin.py:190} INFO - [2025-03-18T19:25:35.603+0000] {dagbag.py:588} INFO - Filling up the DagBag from /home/airflow/.local/lib/python3.12/site-packages/airflow/example_dags/example_setup_teardown.py
[2025-03-18T19:25:35.610+0000] {processor.py:925} INFO - DAG(s) 'example_setup_teardown' retrieved from /home/airflow/.local/lib/python3.12/site-packages/airflow/example_dags/example_setup_teardown.py
[2025-03-18T19:25:35.629+0000] {logging_mixin.py:190} INFO - [2025-03-18T19:25:35.628+0000] {dag.py:3239} INFO - Sync 1 DAGs
[2025-03-18T19:25:35.641+0000] {logging_mixin.py:190} INFO - [2025-03-18T19:25:35.641+0000] {dag.py:4180} INFO - Setting next_dagrun for example_setup_teardown to None, run_after=None
[2025-03-18T19:25:35.657+0000] {processor.py:208} INFO - Processing /home/airflow/.local/lib/python3.12/site-packages/airflow/example_dags/example_setup_teardown.py took 0.064 seconds
[2025-03-18T19:26:06.235+0000] {processor.py:186} INFO - Started process (PID=3645) to work on /home/airflow/.local/lib/python3.12/site-packages/airflow/example_dags/example_setup_teardown.py
[2025-03-18T19:26:06.236+0000] {processor.py:914} INFO - Processing file /home/airflow/.local/lib/python3.12/site-packages/airflow/example_dags/example_setup_teardown.py for tasks to queue
[2025-03-18T19:26:06.239+0000] {logging_mixin.py:190} INFO - [2025-03-18T19:26:06.238+0000] {dagbag.py:588} INFO - Filling up the DagBag from /home/airflow/.local/lib/python3.12/site-packages/airflow/example_dags/example_setup_teardown.py
[2025-03-18T19:26:06.245+0000] {processor.py:925} INFO - DAG(s) 'example_setup_teardown' retrieved from /home/airflow/.local/lib/python3.12/site-packages/airflow/example_dags/example_setup_teardown.py
[2025-03-18T19:26:06.262+0000] {logging_mixin.py:190} INFO - [2025-03-18T19:26:06.262+0000] {dag.py:3239} INFO - Sync 1 DAGs
[2025-03-18T19:26:06.274+0000] {logging_mixin.py:190} INFO - [2025-03-18T19:26:06.274+0000] {dag.py:4180} INFO - Setting next_dagrun for example_setup_teardown to None, run_after=None
[2025-03-18T19:26:06.291+0000] {processor.py:208} INFO - Processing /home/airflow/.local/lib/python3.12/site-packages/airflow/example_dags/example_setup_teardown.py took 0.060 seconds
[2025-03-18T19:26:36.903+0000] {processor.py:186} INFO - Started process (PID=3710) to work on /home/airflow/.local/lib/python3.12/site-packages/airflow/example_dags/example_setup_teardown.py
[2025-03-18T19:26:36.904+0000] {processor.py:914} INFO - Processing file /home/airflow/.local/lib/python3.12/site-packages/airflow/example_dags/example_setup_teardown.py for tasks to queue
[2025-03-18T19:26:36.906+0000] {logging_mixin.py:190} INFO - [2025-03-18T19:26:36.906+0000] {dagbag.py:588} INFO - Filling up the DagBag from /home/airflow/.local/lib/python3.12/site-packages/airflow/example_dags/example_setup_teardown.py
[2025-03-18T19:26:36.913+0000] {processor.py:925} INFO - DAG(s) 'example_setup_teardown' retrieved from /home/airflow/.local/lib/python3.12/site-packages/airflow/example_dags/example_setup_teardown.py
[2025-03-18T19:26:36.929+0000] {logging_mixin.py:190} INFO - [2025-03-18T19:26:36.929+0000] {dag.py:3239} INFO - Sync 1 DAGs
[2025-03-18T19:26:36.941+0000] {logging_mixin.py:190} INFO - [2025-03-18T19:26:36.940+0000] {dag.py:4180} INFO - Setting next_dagrun for example_setup_teardown to None, run_after=None
[2025-03-18T19:26:36.953+0000] {processor.py:208} INFO - Processing /home/airflow/.local/lib/python3.12/site-packages/airflow/example_dags/example_setup_teardown.py took 0.055 seconds
[2025-03-18T19:27:07.291+0000] {processor.py:186} INFO - Started process (PID=3773) to work on /home/airflow/.local/lib/python3.12/site-packages/airflow/example_dags/example_setup_teardown.py
[2025-03-18T19:27:07.292+0000] {processor.py:914} INFO - Processing file /home/airflow/.local/lib/python3.12/site-packages/airflow/example_dags/example_setup_teardown.py for tasks to queue
[2025-03-18T19:27:07.294+0000] {logging_mixin.py:190} INFO - [2025-03-18T19:27:07.294+0000] {dagbag.py:588} INFO - Filling up the DagBag from /home/airflow/.local/lib/python3.12/site-packages/airflow/example_dags/example_setup_teardown.py
[2025-03-18T19:27:07.301+0000] {processor.py:925} INFO - DAG(s) 'example_setup_teardown' retrieved from /home/airflow/.local/lib/python3.12/site-packages/airflow/example_dags/example_setup_teardown.py
[2025-03-18T19:27:07.317+0000] {logging_mixin.py:190} INFO - [2025-03-18T19:27:07.317+0000] {dag.py:3239} INFO - Sync 1 DAGs
[2025-03-18T19:27:07.329+0000] {logging_mixin.py:190} INFO - [2025-03-18T19:27:07.329+0000] {dag.py:4180} INFO - Setting next_dagrun for example_setup_teardown to None, run_after=None
[2025-03-18T19:27:07.343+0000] {processor.py:208} INFO - Processing /home/airflow/.local/lib/python3.12/site-packages/airflow/example_dags/example_setup_teardown.py took 0.056 seconds
[2025-03-18T19:27:38.015+0000] {processor.py:186} INFO - Started process (PID=3837) to work on /home/airflow/.local/lib/python3.12/site-packages/airflow/example_dags/example_setup_teardown.py
[2025-03-18T19:27:38.016+0000] {processor.py:914} INFO - Processing file /home/airflow/.local/lib/python3.12/site-packages/airflow/example_dags/example_setup_teardown.py for tasks to queue
[2025-03-18T19:27:38.018+0000] {logging_mixin.py:190} INFO - [2025-03-18T19:27:38.018+0000] {dagbag.py:588} INFO - Filling up the DagBag from /home/airflow/.local/lib/python3.12/site-packages/airflow/example_dags/example_setup_teardown.py
[2025-03-18T19:27:38.025+0000] {processor.py:925} INFO - DAG(s) 'example_setup_teardown' retrieved from /home/airflow/.local/lib/python3.12/site-packages/airflow/example_dags/example_setup_teardown.py
[2025-03-18T19:27:38.042+0000] {logging_mixin.py:190} INFO - [2025-03-18T19:27:38.042+0000] {dag.py:3239} INFO - Sync 1 DAGs
[2025-03-18T19:27:38.054+0000] {logging_mixin.py:190} INFO - [2025-03-18T19:27:38.054+0000] {dag.py:4180} INFO - Setting next_dagrun for example_setup_teardown to None, run_after=None
[2025-03-18T19:27:38.068+0000] {processor.py:208} INFO - Processing /home/airflow/.local/lib/python3.12/site-packages/airflow/example_dags/example_setup_teardown.py took 0.059 seconds
[2025-03-18T19:28:08.904+0000] {processor.py:186} INFO - Started process (PID=3902) to work on /home/airflow/.local/lib/python3.12/site-packages/airflow/example_dags/example_setup_teardown.py
[2025-03-18T19:28:08.904+0000] {processor.py:914} INFO - Processing file /home/airflow/.local/lib/python3.12/site-packages/airflow/example_dags/example_setup_teardown.py for tasks to queue
[2025-03-18T19:28:08.906+0000] {logging_mixin.py:190} INFO - [2025-03-18T19:28:08.906+0000] {dagbag.py:588} INFO - Filling up the DagBag from /home/airflow/.local/lib/python3.12/site-packages/airflow/example_dags/example_setup_teardown.py
[2025-03-18T19:28:08.914+0000] {processor.py:925} INFO - DAG(s) 'example_setup_teardown' retrieved from /home/airflow/.local/lib/python3.12/site-packages/airflow/example_dags/example_setup_teardown.py
[2025-03-18T19:28:08.931+0000] {logging_mixin.py:190} INFO - [2025-03-18T19:28:08.930+0000] {dag.py:3239} INFO - Sync 1 DAGs
[2025-03-18T19:28:08.942+0000] {logging_mixin.py:190} INFO - [2025-03-18T19:28:08.942+0000] {dag.py:4180} INFO - Setting next_dagrun for example_setup_teardown to None, run_after=None
[2025-03-18T19:28:08.956+0000] {processor.py:208} INFO - Processing /home/airflow/.local/lib/python3.12/site-packages/airflow/example_dags/example_setup_teardown.py took 0.057 seconds
[2025-03-18T19:28:39.854+0000] {processor.py:186} INFO - Started process (PID=3966) to work on /home/airflow/.local/lib/python3.12/site-packages/airflow/example_dags/example_setup_teardown.py
[2025-03-18T19:28:39.854+0000] {processor.py:914} INFO - Processing file /home/airflow/.local/lib/python3.12/site-packages/airflow/example_dags/example_setup_teardown.py for tasks to queue
[2025-03-18T19:28:39.856+0000] {logging_mixin.py:190} INFO - [2025-03-18T19:28:39.856+0000] {dagbag.py:588} INFO - Filling up the DagBag from /home/airflow/.local/lib/python3.12/site-packages/airflow/example_dags/example_setup_teardown.py
[2025-03-18T19:28:39.864+0000] {processor.py:925} INFO - DAG(s) 'example_setup_teardown' retrieved from /home/airflow/.local/lib/python3.12/site-packages/airflow/example_dags/example_setup_teardown.py
[2025-03-18T19:28:39.884+0000] {logging_mixin.py:190} INFO - [2025-03-18T19:28:39.884+0000] {dag.py:3239} INFO - Sync 1 DAGs
[2025-03-18T19:28:39.896+0000] {logging_mixin.py:190} INFO - [2025-03-18T19:28:39.896+0000] {dag.py:4180} INFO - Setting next_dagrun for example_setup_teardown to None, run_after=None
[2025-03-18T19:28:39.912+0000] {processor.py:208} INFO - Processing /home/airflow/.local/lib/python3.12/site-packages/airflow/example_dags/example_setup_teardown.py took 0.064 seconds
[2025-03-18T19:29:10.833+0000] {processor.py:186} INFO - Started process (PID=4036) to work on /home/airflow/.local/lib/python3.12/site-packages/airflow/example_dags/example_setup_teardown.py
[2025-03-18T19:29:10.834+0000] {processor.py:914} INFO - Processing file /home/airflow/.local/lib/python3.12/site-packages/airflow/example_dags/example_setup_teardown.py for tasks to queue
[2025-03-18T19:29:10.836+0000] {logging_mixin.py:190} INFO - [2025-03-18T19:29:10.836+0000] {dagbag.py:588} INFO - Filling up the DagBag from /home/airflow/.local/lib/python3.12/site-packages/airflow/example_dags/example_setup_teardown.py
[2025-03-18T19:29:10.845+0000] {processor.py:925} INFO - DAG(s) 'example_setup_teardown' retrieved from /home/airflow/.local/lib/python3.12/site-packages/airflow/example_dags/example_setup_teardown.py
[2025-03-18T19:29:10.863+0000] {logging_mixin.py:190} INFO - [2025-03-18T19:29:10.863+0000] {dag.py:3239} INFO - Sync 1 DAGs
[2025-03-18T19:29:10.875+0000] {logging_mixin.py:190} INFO - [2025-03-18T19:29:10.875+0000] {dag.py:4180} INFO - Setting next_dagrun for example_setup_teardown to None, run_after=None
[2025-03-18T19:29:10.892+0000] {processor.py:208} INFO - Processing /home/airflow/.local/lib/python3.12/site-packages/airflow/example_dags/example_setup_teardown.py took 0.064 seconds
[2025-03-18T19:29:41.716+0000] {processor.py:186} INFO - Started process (PID=4100) to work on /home/airflow/.local/lib/python3.12/site-packages/airflow/example_dags/example_setup_teardown.py
[2025-03-18T19:29:41.716+0000] {processor.py:914} INFO - Processing file /home/airflow/.local/lib/python3.12/site-packages/airflow/example_dags/example_setup_teardown.py for tasks to queue
[2025-03-18T19:29:41.718+0000] {logging_mixin.py:190} INFO - [2025-03-18T19:29:41.718+0000] {dagbag.py:588} INFO - Filling up the DagBag from /home/airflow/.local/lib/python3.12/site-packages/airflow/example_dags/example_setup_teardown.py
[2025-03-18T19:29:41.726+0000] {processor.py:925} INFO - DAG(s) 'example_setup_teardown' retrieved from /home/airflow/.local/lib/python3.12/site-packages/airflow/example_dags/example_setup_teardown.py
[2025-03-18T19:29:41.745+0000] {logging_mixin.py:190} INFO - [2025-03-18T19:29:41.744+0000] {dag.py:3239} INFO - Sync 1 DAGs
[2025-03-18T19:29:41.757+0000] {logging_mixin.py:190} INFO - [2025-03-18T19:29:41.757+0000] {dag.py:4180} INFO - Setting next_dagrun for example_setup_teardown to None, run_after=None
[2025-03-18T19:29:41.772+0000] {processor.py:208} INFO - Processing /home/airflow/.local/lib/python3.12/site-packages/airflow/example_dags/example_setup_teardown.py took 0.062 seconds
[2025-03-18T19:30:12.455+0000] {processor.py:186} INFO - Started process (PID=4164) to work on /home/airflow/.local/lib/python3.12/site-packages/airflow/example_dags/example_setup_teardown.py
[2025-03-18T19:30:12.455+0000] {processor.py:914} INFO - Processing file /home/airflow/.local/lib/python3.12/site-packages/airflow/example_dags/example_setup_teardown.py for tasks to queue
[2025-03-18T19:30:12.457+0000] {logging_mixin.py:190} INFO - [2025-03-18T19:30:12.457+0000] {dagbag.py:588} INFO - Filling up the DagBag from /home/airflow/.local/lib/python3.12/site-packages/airflow/example_dags/example_setup_teardown.py
[2025-03-18T19:30:12.464+0000] {processor.py:925} INFO - DAG(s) 'example_setup_teardown' retrieved from /home/airflow/.local/lib/python3.12/site-packages/airflow/example_dags/example_setup_teardown.py
[2025-03-18T19:30:12.480+0000] {logging_mixin.py:190} INFO - [2025-03-18T19:30:12.480+0000] {dag.py:3239} INFO - Sync 1 DAGs
[2025-03-18T19:30:12.492+0000] {logging_mixin.py:190} INFO - [2025-03-18T19:30:12.492+0000] {dag.py:4180} INFO - Setting next_dagrun for example_setup_teardown to None, run_after=None
[2025-03-18T19:30:12.506+0000] {processor.py:208} INFO - Processing /home/airflow/.local/lib/python3.12/site-packages/airflow/example_dags/example_setup_teardown.py took 0.057 seconds
[2025-03-18T19:36:53.726+0000] {processor.py:186} INFO - Started process (PID=4996) to work on /home/airflow/.local/lib/python3.12/site-packages/airflow/example_dags/example_setup_teardown.py
[2025-03-18T19:36:53.727+0000] {processor.py:914} INFO - Processing file /home/airflow/.local/lib/python3.12/site-packages/airflow/example_dags/example_setup_teardown.py for tasks to queue
[2025-03-18T19:36:53.729+0000] {logging_mixin.py:190} INFO - [2025-03-18T19:36:53.728+0000] {dagbag.py:588} INFO - Filling up the DagBag from /home/airflow/.local/lib/python3.12/site-packages/airflow/example_dags/example_setup_teardown.py
[2025-03-18T19:36:53.736+0000] {processor.py:925} INFO - DAG(s) 'example_setup_teardown' retrieved from /home/airflow/.local/lib/python3.12/site-packages/airflow/example_dags/example_setup_teardown.py
[2025-03-18T19:36:53.753+0000] {logging_mixin.py:190} INFO - [2025-03-18T19:36:53.753+0000] {dag.py:3239} INFO - Sync 1 DAGs
[2025-03-18T19:36:53.764+0000] {logging_mixin.py:190} INFO - [2025-03-18T19:36:53.764+0000] {dag.py:4180} INFO - Setting next_dagrun for example_setup_teardown to None, run_after=None
[2025-03-18T19:36:53.779+0000] {processor.py:208} INFO - Processing /home/airflow/.local/lib/python3.12/site-packages/airflow/example_dags/example_setup_teardown.py took 0.058 seconds
[2025-03-18T19:37:24.604+0000] {processor.py:186} INFO - Started process (PID=5060) to work on /home/airflow/.local/lib/python3.12/site-packages/airflow/example_dags/example_setup_teardown.py
[2025-03-18T19:37:24.605+0000] {processor.py:914} INFO - Processing file /home/airflow/.local/lib/python3.12/site-packages/airflow/example_dags/example_setup_teardown.py for tasks to queue
[2025-03-18T19:37:24.607+0000] {logging_mixin.py:190} INFO - [2025-03-18T19:37:24.606+0000] {dagbag.py:588} INFO - Filling up the DagBag from /home/airflow/.local/lib/python3.12/site-packages/airflow/example_dags/example_setup_teardown.py
[2025-03-18T19:37:24.614+0000] {processor.py:925} INFO - DAG(s) 'example_setup_teardown' retrieved from /home/airflow/.local/lib/python3.12/site-packages/airflow/example_dags/example_setup_teardown.py
[2025-03-18T19:37:24.631+0000] {logging_mixin.py:190} INFO - [2025-03-18T19:37:24.631+0000] {dag.py:3239} INFO - Sync 1 DAGs
[2025-03-18T19:37:24.644+0000] {logging_mixin.py:190} INFO - [2025-03-18T19:37:24.643+0000] {dag.py:4180} INFO - Setting next_dagrun for example_setup_teardown to None, run_after=None
[2025-03-18T19:37:24.658+0000] {processor.py:208} INFO - Processing /home/airflow/.local/lib/python3.12/site-packages/airflow/example_dags/example_setup_teardown.py took 0.060 seconds
[2025-03-18T19:37:55.313+0000] {processor.py:186} INFO - Started process (PID=5124) to work on /home/airflow/.local/lib/python3.12/site-packages/airflow/example_dags/example_setup_teardown.py
[2025-03-18T19:37:55.314+0000] {processor.py:914} INFO - Processing file /home/airflow/.local/lib/python3.12/site-packages/airflow/example_dags/example_setup_teardown.py for tasks to queue
[2025-03-18T19:37:55.316+0000] {logging_mixin.py:190} INFO - [2025-03-18T19:37:55.315+0000] {dagbag.py:588} INFO - Filling up the DagBag from /home/airflow/.local/lib/python3.12/site-packages/airflow/example_dags/example_setup_teardown.py
[2025-03-18T19:37:55.323+0000] {processor.py:925} INFO - DAG(s) 'example_setup_teardown' retrieved from /home/airflow/.local/lib/python3.12/site-packages/airflow/example_dags/example_setup_teardown.py
[2025-03-18T19:37:55.338+0000] {logging_mixin.py:190} INFO - [2025-03-18T19:37:55.338+0000] {dag.py:3239} INFO - Sync 1 DAGs
[2025-03-18T19:37:55.349+0000] {logging_mixin.py:190} INFO - [2025-03-18T19:37:55.349+0000] {dag.py:4180} INFO - Setting next_dagrun for example_setup_teardown to None, run_after=None
[2025-03-18T19:37:55.363+0000] {processor.py:208} INFO - Processing /home/airflow/.local/lib/python3.12/site-packages/airflow/example_dags/example_setup_teardown.py took 0.055 seconds
[2025-03-18T19:38:25.995+0000] {processor.py:186} INFO - Started process (PID=5189) to work on /home/airflow/.local/lib/python3.12/site-packages/airflow/example_dags/example_setup_teardown.py
[2025-03-18T19:38:25.996+0000] {processor.py:914} INFO - Processing file /home/airflow/.local/lib/python3.12/site-packages/airflow/example_dags/example_setup_teardown.py for tasks to queue
[2025-03-18T19:38:25.998+0000] {logging_mixin.py:190} INFO - [2025-03-18T19:38:25.997+0000] {dagbag.py:588} INFO - Filling up the DagBag from /home/airflow/.local/lib/python3.12/site-packages/airflow/example_dags/example_setup_teardown.py
[2025-03-18T19:38:26.005+0000] {processor.py:925} INFO - DAG(s) 'example_setup_teardown' retrieved from /home/airflow/.local/lib/python3.12/site-packages/airflow/example_dags/example_setup_teardown.py
[2025-03-18T19:38:26.022+0000] {logging_mixin.py:190} INFO - [2025-03-18T19:38:26.022+0000] {dag.py:3239} INFO - Sync 1 DAGs
[2025-03-18T19:38:26.033+0000] {logging_mixin.py:190} INFO - [2025-03-18T19:38:26.033+0000] {dag.py:4180} INFO - Setting next_dagrun for example_setup_teardown to None, run_after=None
[2025-03-18T19:38:26.047+0000] {processor.py:208} INFO - Processing /home/airflow/.local/lib/python3.12/site-packages/airflow/example_dags/example_setup_teardown.py took 0.057 seconds
[2025-03-18T19:38:56.775+0000] {processor.py:186} INFO - Started process (PID=5252) to work on /home/airflow/.local/lib/python3.12/site-packages/airflow/example_dags/example_setup_teardown.py
[2025-03-18T19:38:56.776+0000] {processor.py:914} INFO - Processing file /home/airflow/.local/lib/python3.12/site-packages/airflow/example_dags/example_setup_teardown.py for tasks to queue
[2025-03-18T19:38:56.778+0000] {logging_mixin.py:190} INFO - [2025-03-18T19:38:56.778+0000] {dagbag.py:588} INFO - Filling up the DagBag from /home/airflow/.local/lib/python3.12/site-packages/airflow/example_dags/example_setup_teardown.py
[2025-03-18T19:38:56.785+0000] {processor.py:925} INFO - DAG(s) 'example_setup_teardown' retrieved from /home/airflow/.local/lib/python3.12/site-packages/airflow/example_dags/example_setup_teardown.py
[2025-03-18T19:38:56.801+0000] {logging_mixin.py:190} INFO - [2025-03-18T19:38:56.801+0000] {dag.py:3239} INFO - Sync 1 DAGs
[2025-03-18T19:38:56.812+0000] {logging_mixin.py:190} INFO - [2025-03-18T19:38:56.812+0000] {dag.py:4180} INFO - Setting next_dagrun for example_setup_teardown to None, run_after=None
[2025-03-18T19:38:56.826+0000] {processor.py:208} INFO - Processing /home/airflow/.local/lib/python3.12/site-packages/airflow/example_dags/example_setup_teardown.py took 0.056 seconds
[2025-03-18T19:39:27.646+0000] {processor.py:186} INFO - Started process (PID=5316) to work on /home/airflow/.local/lib/python3.12/site-packages/airflow/example_dags/example_setup_teardown.py
[2025-03-18T19:39:27.647+0000] {processor.py:914} INFO - Processing file /home/airflow/.local/lib/python3.12/site-packages/airflow/example_dags/example_setup_teardown.py for tasks to queue
[2025-03-18T19:39:27.649+0000] {logging_mixin.py:190} INFO - [2025-03-18T19:39:27.649+0000] {dagbag.py:588} INFO - Filling up the DagBag from /home/airflow/.local/lib/python3.12/site-packages/airflow/example_dags/example_setup_teardown.py
[2025-03-18T19:39:27.657+0000] {processor.py:925} INFO - DAG(s) 'example_setup_teardown' retrieved from /home/airflow/.local/lib/python3.12/site-packages/airflow/example_dags/example_setup_teardown.py
[2025-03-18T19:39:27.674+0000] {logging_mixin.py:190} INFO - [2025-03-18T19:39:27.674+0000] {dag.py:3239} INFO - Sync 1 DAGs
[2025-03-18T19:39:27.685+0000] {logging_mixin.py:190} INFO - [2025-03-18T19:39:27.685+0000] {dag.py:4180} INFO - Setting next_dagrun for example_setup_teardown to None, run_after=None
[2025-03-18T19:39:27.699+0000] {processor.py:208} INFO - Processing /home/airflow/.local/lib/python3.12/site-packages/airflow/example_dags/example_setup_teardown.py took 0.058 seconds
[2025-03-18T19:39:58.315+0000] {processor.py:186} INFO - Started process (PID=5380) to work on /home/airflow/.local/lib/python3.12/site-packages/airflow/example_dags/example_setup_teardown.py
[2025-03-18T19:39:58.317+0000] {processor.py:914} INFO - Processing file /home/airflow/.local/lib/python3.12/site-packages/airflow/example_dags/example_setup_teardown.py for tasks to queue
[2025-03-18T19:39:58.319+0000] {logging_mixin.py:190} INFO - [2025-03-18T19:39:58.319+0000] {dagbag.py:588} INFO - Filling up the DagBag from /home/airflow/.local/lib/python3.12/site-packages/airflow/example_dags/example_setup_teardown.py
[2025-03-18T19:39:58.327+0000] {processor.py:925} INFO - DAG(s) 'example_setup_teardown' retrieved from /home/airflow/.local/lib/python3.12/site-packages/airflow/example_dags/example_setup_teardown.py
[2025-03-18T19:39:58.345+0000] {logging_mixin.py:190} INFO - [2025-03-18T19:39:58.345+0000] {dag.py:3239} INFO - Sync 1 DAGs
[2025-03-18T19:39:58.358+0000] {logging_mixin.py:190} INFO - [2025-03-18T19:39:58.357+0000] {dag.py:4180} INFO - Setting next_dagrun for example_setup_teardown to None, run_after=None
[2025-03-18T19:39:58.372+0000] {processor.py:208} INFO - Processing /home/airflow/.local/lib/python3.12/site-packages/airflow/example_dags/example_setup_teardown.py took 0.064 seconds
[2025-03-18T19:40:29.163+0000] {processor.py:186} INFO - Started process (PID=5444) to work on /home/airflow/.local/lib/python3.12/site-packages/airflow/example_dags/example_setup_teardown.py
[2025-03-18T19:40:29.165+0000] {processor.py:914} INFO - Processing file /home/airflow/.local/lib/python3.12/site-packages/airflow/example_dags/example_setup_teardown.py for tasks to queue
[2025-03-18T19:40:29.166+0000] {logging_mixin.py:190} INFO - [2025-03-18T19:40:29.166+0000] {dagbag.py:588} INFO - Filling up the DagBag from /home/airflow/.local/lib/python3.12/site-packages/airflow/example_dags/example_setup_teardown.py
[2025-03-18T19:40:29.173+0000] {processor.py:925} INFO - DAG(s) 'example_setup_teardown' retrieved from /home/airflow/.local/lib/python3.12/site-packages/airflow/example_dags/example_setup_teardown.py
[2025-03-18T19:40:29.189+0000] {logging_mixin.py:190} INFO - [2025-03-18T19:40:29.189+0000] {dag.py:3239} INFO - Sync 1 DAGs
[2025-03-18T19:40:29.200+0000] {logging_mixin.py:190} INFO - [2025-03-18T19:40:29.200+0000] {dag.py:4180} INFO - Setting next_dagrun for example_setup_teardown to None, run_after=None
[2025-03-18T19:40:29.214+0000] {processor.py:208} INFO - Processing /home/airflow/.local/lib/python3.12/site-packages/airflow/example_dags/example_setup_teardown.py took 0.056 seconds
[2025-03-18T19:40:59.729+0000] {processor.py:186} INFO - Started process (PID=5508) to work on /home/airflow/.local/lib/python3.12/site-packages/airflow/example_dags/example_setup_teardown.py
[2025-03-18T19:40:59.730+0000] {processor.py:914} INFO - Processing file /home/airflow/.local/lib/python3.12/site-packages/airflow/example_dags/example_setup_teardown.py for tasks to queue
[2025-03-18T19:40:59.731+0000] {logging_mixin.py:190} INFO - [2025-03-18T19:40:59.731+0000] {dagbag.py:588} INFO - Filling up the DagBag from /home/airflow/.local/lib/python3.12/site-packages/airflow/example_dags/example_setup_teardown.py
[2025-03-18T19:40:59.738+0000] {processor.py:925} INFO - DAG(s) 'example_setup_teardown' retrieved from /home/airflow/.local/lib/python3.12/site-packages/airflow/example_dags/example_setup_teardown.py
[2025-03-18T19:40:59.754+0000] {logging_mixin.py:190} INFO - [2025-03-18T19:40:59.754+0000] {dag.py:3239} INFO - Sync 1 DAGs
[2025-03-18T19:40:59.764+0000] {logging_mixin.py:190} INFO - [2025-03-18T19:40:59.764+0000] {dag.py:4180} INFO - Setting next_dagrun for example_setup_teardown to None, run_after=None
[2025-03-18T19:40:59.778+0000] {processor.py:208} INFO - Processing /home/airflow/.local/lib/python3.12/site-packages/airflow/example_dags/example_setup_teardown.py took 0.054 seconds
[2025-03-18T19:41:30.419+0000] {processor.py:186} INFO - Started process (PID=5572) to work on /home/airflow/.local/lib/python3.12/site-packages/airflow/example_dags/example_setup_teardown.py
[2025-03-18T19:41:30.420+0000] {processor.py:914} INFO - Processing file /home/airflow/.local/lib/python3.12/site-packages/airflow/example_dags/example_setup_teardown.py for tasks to queue
[2025-03-18T19:41:30.422+0000] {logging_mixin.py:190} INFO - [2025-03-18T19:41:30.421+0000] {dagbag.py:588} INFO - Filling up the DagBag from /home/airflow/.local/lib/python3.12/site-packages/airflow/example_dags/example_setup_teardown.py
[2025-03-18T19:41:30.428+0000] {processor.py:925} INFO - DAG(s) 'example_setup_teardown' retrieved from /home/airflow/.local/lib/python3.12/site-packages/airflow/example_dags/example_setup_teardown.py
[2025-03-18T19:41:30.446+0000] {logging_mixin.py:190} INFO - [2025-03-18T19:41:30.446+0000] {dag.py:3239} INFO - Sync 1 DAGs
[2025-03-18T19:41:30.457+0000] {logging_mixin.py:190} INFO - [2025-03-18T19:41:30.457+0000] {dag.py:4180} INFO - Setting next_dagrun for example_setup_teardown to None, run_after=None
[2025-03-18T19:41:30.469+0000] {processor.py:208} INFO - Processing /home/airflow/.local/lib/python3.12/site-packages/airflow/example_dags/example_setup_teardown.py took 0.055 seconds
[2025-03-18T19:42:01.232+0000] {processor.py:186} INFO - Started process (PID=5636) to work on /home/airflow/.local/lib/python3.12/site-packages/airflow/example_dags/example_setup_teardown.py
[2025-03-18T19:42:01.233+0000] {processor.py:914} INFO - Processing file /home/airflow/.local/lib/python3.12/site-packages/airflow/example_dags/example_setup_teardown.py for tasks to queue
[2025-03-18T19:42:01.236+0000] {logging_mixin.py:190} INFO - [2025-03-18T19:42:01.236+0000] {dagbag.py:588} INFO - Filling up the DagBag from /home/airflow/.local/lib/python3.12/site-packages/airflow/example_dags/example_setup_teardown.py
[2025-03-18T19:42:01.243+0000] {processor.py:925} INFO - DAG(s) 'example_setup_teardown' retrieved from /home/airflow/.local/lib/python3.12/site-packages/airflow/example_dags/example_setup_teardown.py
[2025-03-18T19:42:01.260+0000] {logging_mixin.py:190} INFO - [2025-03-18T19:42:01.260+0000] {dag.py:3239} INFO - Sync 1 DAGs
[2025-03-18T19:42:01.271+0000] {logging_mixin.py:190} INFO - [2025-03-18T19:42:01.271+0000] {dag.py:4180} INFO - Setting next_dagrun for example_setup_teardown to None, run_after=None
[2025-03-18T19:42:01.284+0000] {processor.py:208} INFO - Processing /home/airflow/.local/lib/python3.12/site-packages/airflow/example_dags/example_setup_teardown.py took 0.057 seconds
[2025-03-18T19:42:32.775+0000] {processor.py:186} INFO - Started process (PID=5700) to work on /home/airflow/.local/lib/python3.12/site-packages/airflow/example_dags/example_setup_teardown.py
[2025-03-18T19:42:32.776+0000] {processor.py:914} INFO - Processing file /home/airflow/.local/lib/python3.12/site-packages/airflow/example_dags/example_setup_teardown.py for tasks to queue
[2025-03-18T19:42:32.778+0000] {logging_mixin.py:190} INFO - [2025-03-18T19:42:32.778+0000] {dagbag.py:588} INFO - Filling up the DagBag from /home/airflow/.local/lib/python3.12/site-packages/airflow/example_dags/example_setup_teardown.py
[2025-03-18T19:42:32.785+0000] {processor.py:925} INFO - DAG(s) 'example_setup_teardown' retrieved from /home/airflow/.local/lib/python3.12/site-packages/airflow/example_dags/example_setup_teardown.py
[2025-03-18T19:42:32.801+0000] {logging_mixin.py:190} INFO - [2025-03-18T19:42:32.801+0000] {dag.py:3239} INFO - Sync 1 DAGs
[2025-03-18T19:42:32.813+0000] {logging_mixin.py:190} INFO - [2025-03-18T19:42:32.813+0000] {dag.py:4180} INFO - Setting next_dagrun for example_setup_teardown to None, run_after=None
[2025-03-18T19:42:32.826+0000] {processor.py:208} INFO - Processing /home/airflow/.local/lib/python3.12/site-packages/airflow/example_dags/example_setup_teardown.py took 0.056 seconds
[2025-03-18T19:43:03.750+0000] {processor.py:186} INFO - Started process (PID=5764) to work on /home/airflow/.local/lib/python3.12/site-packages/airflow/example_dags/example_setup_teardown.py
[2025-03-18T19:43:03.751+0000] {processor.py:914} INFO - Processing file /home/airflow/.local/lib/python3.12/site-packages/airflow/example_dags/example_setup_teardown.py for tasks to queue
[2025-03-18T19:43:03.753+0000] {logging_mixin.py:190} INFO - [2025-03-18T19:43:03.753+0000] {dagbag.py:588} INFO - Filling up the DagBag from /home/airflow/.local/lib/python3.12/site-packages/airflow/example_dags/example_setup_teardown.py
[2025-03-18T19:43:03.760+0000] {processor.py:925} INFO - DAG(s) 'example_setup_teardown' retrieved from /home/airflow/.local/lib/python3.12/site-packages/airflow/example_dags/example_setup_teardown.py
[2025-03-18T19:43:03.778+0000] {logging_mixin.py:190} INFO - [2025-03-18T19:43:03.778+0000] {dag.py:3239} INFO - Sync 1 DAGs
[2025-03-18T19:43:03.790+0000] {logging_mixin.py:190} INFO - [2025-03-18T19:43:03.790+0000] {dag.py:4180} INFO - Setting next_dagrun for example_setup_teardown to None, run_after=None
[2025-03-18T19:43:03.805+0000] {processor.py:208} INFO - Processing /home/airflow/.local/lib/python3.12/site-packages/airflow/example_dags/example_setup_teardown.py took 0.060 seconds
[2025-03-18T19:43:34.540+0000] {processor.py:186} INFO - Started process (PID=5828) to work on /home/airflow/.local/lib/python3.12/site-packages/airflow/example_dags/example_setup_teardown.py
[2025-03-18T19:43:34.541+0000] {processor.py:914} INFO - Processing file /home/airflow/.local/lib/python3.12/site-packages/airflow/example_dags/example_setup_teardown.py for tasks to queue
[2025-03-18T19:43:34.543+0000] {logging_mixin.py:190} INFO - [2025-03-18T19:43:34.543+0000] {dagbag.py:588} INFO - Filling up the DagBag from /home/airflow/.local/lib/python3.12/site-packages/airflow/example_dags/example_setup_teardown.py
[2025-03-18T19:43:34.551+0000] {processor.py:925} INFO - DAG(s) 'example_setup_teardown' retrieved from /home/airflow/.local/lib/python3.12/site-packages/airflow/example_dags/example_setup_teardown.py
[2025-03-18T19:43:34.570+0000] {logging_mixin.py:190} INFO - [2025-03-18T19:43:34.569+0000] {dag.py:3239} INFO - Sync 1 DAGs
[2025-03-18T19:43:34.584+0000] {logging_mixin.py:190} INFO - [2025-03-18T19:43:34.584+0000] {dag.py:4180} INFO - Setting next_dagrun for example_setup_teardown to None, run_after=None
[2025-03-18T19:43:34.599+0000] {processor.py:208} INFO - Processing /home/airflow/.local/lib/python3.12/site-packages/airflow/example_dags/example_setup_teardown.py took 0.064 seconds
