[2025-03-18T19:24:04.818+0000] {processor.py:186} INFO - Started process (PID=3406) to work on /home/airflow/.local/lib/python3.12/site-packages/airflow/example_dags/example_dynamic_task_mapping.py
[2025-03-18T19:24:04.819+0000] {processor.py:914} INFO - Processing file /home/airflow/.local/lib/python3.12/site-packages/airflow/example_dags/example_dynamic_task_mapping.py for tasks to queue
[2025-03-18T19:24:04.821+0000] {logging_mixin.py:190} INFO - [2025-03-18T19:24:04.820+0000] {dagbag.py:588} INFO - Filling up the DagBag from /home/airflow/.local/lib/python3.12/site-packages/airflow/example_dags/example_dynamic_task_mapping.py
[2025-03-18T19:24:04.828+0000] {processor.py:925} INFO - DAG(s) 'example_dynamic_task_mapping' retrieved from /home/airflow/.local/lib/python3.12/site-packages/airflow/example_dags/example_dynamic_task_mapping.py
[2025-03-18T19:24:04.845+0000] {logging_mixin.py:190} INFO - [2025-03-18T19:24:04.845+0000] {dag.py:3239} INFO - Sync 1 DAGs
[2025-03-18T19:24:04.857+0000] {logging_mixin.py:190} INFO - [2025-03-18T19:24:04.856+0000] {dag.py:4180} INFO - Setting next_dagrun for example_dynamic_task_mapping to None, run_after=None
[2025-03-18T19:24:04.870+0000] {processor.py:208} INFO - Processing /home/airflow/.local/lib/python3.12/site-packages/airflow/example_dags/example_dynamic_task_mapping.py took 0.057 seconds
[2025-03-18T19:24:35.543+0000] {processor.py:186} INFO - Started process (PID=3470) to work on /home/airflow/.local/lib/python3.12/site-packages/airflow/example_dags/example_dynamic_task_mapping.py
[2025-03-18T19:24:35.544+0000] {processor.py:914} INFO - Processing file /home/airflow/.local/lib/python3.12/site-packages/airflow/example_dags/example_dynamic_task_mapping.py for tasks to queue
[2025-03-18T19:24:35.546+0000] {logging_mixin.py:190} INFO - [2025-03-18T19:24:35.546+0000] {dagbag.py:588} INFO - Filling up the DagBag from /home/airflow/.local/lib/python3.12/site-packages/airflow/example_dags/example_dynamic_task_mapping.py
[2025-03-18T19:24:35.553+0000] {processor.py:925} INFO - DAG(s) 'example_dynamic_task_mapping' retrieved from /home/airflow/.local/lib/python3.12/site-packages/airflow/example_dags/example_dynamic_task_mapping.py
[2025-03-18T19:24:35.571+0000] {logging_mixin.py:190} INFO - [2025-03-18T19:24:35.571+0000] {dag.py:3239} INFO - Sync 1 DAGs
[2025-03-18T19:24:35.584+0000] {logging_mixin.py:190} INFO - [2025-03-18T19:24:35.583+0000] {dag.py:4180} INFO - Setting next_dagrun for example_dynamic_task_mapping to None, run_after=None
[2025-03-18T19:24:35.598+0000] {processor.py:208} INFO - Processing /home/airflow/.local/lib/python3.12/site-packages/airflow/example_dags/example_dynamic_task_mapping.py took 0.060 seconds
[2025-03-18T19:25:05.850+0000] {processor.py:186} INFO - Started process (PID=3534) to work on /home/airflow/.local/lib/python3.12/site-packages/airflow/example_dags/example_dynamic_task_mapping.py
[2025-03-18T19:25:05.851+0000] {processor.py:914} INFO - Processing file /home/airflow/.local/lib/python3.12/site-packages/airflow/example_dags/example_dynamic_task_mapping.py for tasks to queue
[2025-03-18T19:25:05.853+0000] {logging_mixin.py:190} INFO - [2025-03-18T19:25:05.852+0000] {dagbag.py:588} INFO - Filling up the DagBag from /home/airflow/.local/lib/python3.12/site-packages/airflow/example_dags/example_dynamic_task_mapping.py
[2025-03-18T19:25:05.860+0000] {processor.py:925} INFO - DAG(s) 'example_dynamic_task_mapping' retrieved from /home/airflow/.local/lib/python3.12/site-packages/airflow/example_dags/example_dynamic_task_mapping.py
[2025-03-18T19:25:05.876+0000] {logging_mixin.py:190} INFO - [2025-03-18T19:25:05.875+0000] {dag.py:3239} INFO - Sync 1 DAGs
[2025-03-18T19:25:05.887+0000] {logging_mixin.py:190} INFO - [2025-03-18T19:25:05.887+0000] {dag.py:4180} INFO - Setting next_dagrun for example_dynamic_task_mapping to None, run_after=None
[2025-03-18T19:25:05.899+0000] {processor.py:208} INFO - Processing /home/airflow/.local/lib/python3.12/site-packages/airflow/example_dags/example_dynamic_task_mapping.py took 0.054 seconds
[2025-03-18T19:25:36.553+0000] {processor.py:186} INFO - Started process (PID=3598) to work on /home/airflow/.local/lib/python3.12/site-packages/airflow/example_dags/example_dynamic_task_mapping.py
[2025-03-18T19:25:36.554+0000] {processor.py:914} INFO - Processing file /home/airflow/.local/lib/python3.12/site-packages/airflow/example_dags/example_dynamic_task_mapping.py for tasks to queue
[2025-03-18T19:25:36.557+0000] {logging_mixin.py:190} INFO - [2025-03-18T19:25:36.556+0000] {dagbag.py:588} INFO - Filling up the DagBag from /home/airflow/.local/lib/python3.12/site-packages/airflow/example_dags/example_dynamic_task_mapping.py
[2025-03-18T19:25:36.564+0000] {processor.py:925} INFO - DAG(s) 'example_dynamic_task_mapping' retrieved from /home/airflow/.local/lib/python3.12/site-packages/airflow/example_dags/example_dynamic_task_mapping.py
[2025-03-18T19:25:36.583+0000] {logging_mixin.py:190} INFO - [2025-03-18T19:25:36.583+0000] {dag.py:3239} INFO - Sync 1 DAGs
[2025-03-18T19:25:36.596+0000] {logging_mixin.py:190} INFO - [2025-03-18T19:25:36.596+0000] {dag.py:4180} INFO - Setting next_dagrun for example_dynamic_task_mapping to None, run_after=None
[2025-03-18T19:25:36.612+0000] {processor.py:208} INFO - Processing /home/airflow/.local/lib/python3.12/site-packages/airflow/example_dags/example_dynamic_task_mapping.py took 0.064 seconds
[2025-03-18T19:26:07.179+0000] {processor.py:186} INFO - Started process (PID=3662) to work on /home/airflow/.local/lib/python3.12/site-packages/airflow/example_dags/example_dynamic_task_mapping.py
[2025-03-18T19:26:07.180+0000] {processor.py:914} INFO - Processing file /home/airflow/.local/lib/python3.12/site-packages/airflow/example_dags/example_dynamic_task_mapping.py for tasks to queue
[2025-03-18T19:26:07.182+0000] {logging_mixin.py:190} INFO - [2025-03-18T19:26:07.182+0000] {dagbag.py:588} INFO - Filling up the DagBag from /home/airflow/.local/lib/python3.12/site-packages/airflow/example_dags/example_dynamic_task_mapping.py
[2025-03-18T19:26:07.190+0000] {processor.py:925} INFO - DAG(s) 'example_dynamic_task_mapping' retrieved from /home/airflow/.local/lib/python3.12/site-packages/airflow/example_dags/example_dynamic_task_mapping.py
[2025-03-18T19:26:07.206+0000] {logging_mixin.py:190} INFO - [2025-03-18T19:26:07.206+0000] {dag.py:3239} INFO - Sync 1 DAGs
[2025-03-18T19:26:07.218+0000] {logging_mixin.py:190} INFO - [2025-03-18T19:26:07.218+0000] {dag.py:4180} INFO - Setting next_dagrun for example_dynamic_task_mapping to None, run_after=None
[2025-03-18T19:26:07.233+0000] {processor.py:208} INFO - Processing /home/airflow/.local/lib/python3.12/site-packages/airflow/example_dags/example_dynamic_task_mapping.py took 0.058 seconds
[2025-03-18T19:26:37.732+0000] {processor.py:186} INFO - Started process (PID=3726) to work on /home/airflow/.local/lib/python3.12/site-packages/airflow/example_dags/example_dynamic_task_mapping.py
[2025-03-18T19:26:37.732+0000] {processor.py:914} INFO - Processing file /home/airflow/.local/lib/python3.12/site-packages/airflow/example_dags/example_dynamic_task_mapping.py for tasks to queue
[2025-03-18T19:26:37.735+0000] {logging_mixin.py:190} INFO - [2025-03-18T19:26:37.734+0000] {dagbag.py:588} INFO - Filling up the DagBag from /home/airflow/.local/lib/python3.12/site-packages/airflow/example_dags/example_dynamic_task_mapping.py
[2025-03-18T19:26:37.741+0000] {processor.py:925} INFO - DAG(s) 'example_dynamic_task_mapping' retrieved from /home/airflow/.local/lib/python3.12/site-packages/airflow/example_dags/example_dynamic_task_mapping.py
[2025-03-18T19:26:37.757+0000] {logging_mixin.py:190} INFO - [2025-03-18T19:26:37.757+0000] {dag.py:3239} INFO - Sync 1 DAGs
[2025-03-18T19:26:37.769+0000] {logging_mixin.py:190} INFO - [2025-03-18T19:26:37.769+0000] {dag.py:4180} INFO - Setting next_dagrun for example_dynamic_task_mapping to None, run_after=None
[2025-03-18T19:26:37.783+0000] {processor.py:208} INFO - Processing /home/airflow/.local/lib/python3.12/site-packages/airflow/example_dags/example_dynamic_task_mapping.py took 0.057 seconds
[2025-03-18T19:27:08.228+0000] {processor.py:186} INFO - Started process (PID=3790) to work on /home/airflow/.local/lib/python3.12/site-packages/airflow/example_dags/example_dynamic_task_mapping.py
[2025-03-18T19:27:08.229+0000] {processor.py:914} INFO - Processing file /home/airflow/.local/lib/python3.12/site-packages/airflow/example_dags/example_dynamic_task_mapping.py for tasks to queue
[2025-03-18T19:27:08.231+0000] {logging_mixin.py:190} INFO - [2025-03-18T19:27:08.231+0000] {dagbag.py:588} INFO - Filling up the DagBag from /home/airflow/.local/lib/python3.12/site-packages/airflow/example_dags/example_dynamic_task_mapping.py
[2025-03-18T19:27:08.238+0000] {processor.py:925} INFO - DAG(s) 'example_dynamic_task_mapping' retrieved from /home/airflow/.local/lib/python3.12/site-packages/airflow/example_dags/example_dynamic_task_mapping.py
[2025-03-18T19:27:08.255+0000] {logging_mixin.py:190} INFO - [2025-03-18T19:27:08.255+0000] {dag.py:3239} INFO - Sync 1 DAGs
[2025-03-18T19:27:08.268+0000] {logging_mixin.py:190} INFO - [2025-03-18T19:27:08.268+0000] {dag.py:4180} INFO - Setting next_dagrun for example_dynamic_task_mapping to None, run_after=None
[2025-03-18T19:27:08.281+0000] {processor.py:208} INFO - Processing /home/airflow/.local/lib/python3.12/site-packages/airflow/example_dags/example_dynamic_task_mapping.py took 0.058 seconds
[2025-03-18T19:27:38.913+0000] {processor.py:186} INFO - Started process (PID=3854) to work on /home/airflow/.local/lib/python3.12/site-packages/airflow/example_dags/example_dynamic_task_mapping.py
[2025-03-18T19:27:38.914+0000] {processor.py:914} INFO - Processing file /home/airflow/.local/lib/python3.12/site-packages/airflow/example_dags/example_dynamic_task_mapping.py for tasks to queue
[2025-03-18T19:27:38.916+0000] {logging_mixin.py:190} INFO - [2025-03-18T19:27:38.915+0000] {dagbag.py:588} INFO - Filling up the DagBag from /home/airflow/.local/lib/python3.12/site-packages/airflow/example_dags/example_dynamic_task_mapping.py
[2025-03-18T19:27:38.923+0000] {processor.py:925} INFO - DAG(s) 'example_dynamic_task_mapping' retrieved from /home/airflow/.local/lib/python3.12/site-packages/airflow/example_dags/example_dynamic_task_mapping.py
[2025-03-18T19:27:38.939+0000] {logging_mixin.py:190} INFO - [2025-03-18T19:27:38.938+0000] {dag.py:3239} INFO - Sync 1 DAGs
[2025-03-18T19:27:38.950+0000] {logging_mixin.py:190} INFO - [2025-03-18T19:27:38.950+0000] {dag.py:4180} INFO - Setting next_dagrun for example_dynamic_task_mapping to None, run_after=None
[2025-03-18T19:27:38.964+0000] {processor.py:208} INFO - Processing /home/airflow/.local/lib/python3.12/site-packages/airflow/example_dags/example_dynamic_task_mapping.py took 0.056 seconds
[2025-03-18T19:28:09.887+0000] {processor.py:186} INFO - Started process (PID=3919) to work on /home/airflow/.local/lib/python3.12/site-packages/airflow/example_dags/example_dynamic_task_mapping.py
[2025-03-18T19:28:09.889+0000] {processor.py:914} INFO - Processing file /home/airflow/.local/lib/python3.12/site-packages/airflow/example_dags/example_dynamic_task_mapping.py for tasks to queue
[2025-03-18T19:28:09.891+0000] {logging_mixin.py:190} INFO - [2025-03-18T19:28:09.890+0000] {dagbag.py:588} INFO - Filling up the DagBag from /home/airflow/.local/lib/python3.12/site-packages/airflow/example_dags/example_dynamic_task_mapping.py
[2025-03-18T19:28:09.898+0000] {processor.py:925} INFO - DAG(s) 'example_dynamic_task_mapping' retrieved from /home/airflow/.local/lib/python3.12/site-packages/airflow/example_dags/example_dynamic_task_mapping.py
[2025-03-18T19:28:09.915+0000] {logging_mixin.py:190} INFO - [2025-03-18T19:28:09.914+0000] {dag.py:3239} INFO - Sync 1 DAGs
[2025-03-18T19:28:09.926+0000] {logging_mixin.py:190} INFO - [2025-03-18T19:28:09.926+0000] {dag.py:4180} INFO - Setting next_dagrun for example_dynamic_task_mapping to None, run_after=None
[2025-03-18T19:28:09.940+0000] {processor.py:208} INFO - Processing /home/airflow/.local/lib/python3.12/site-packages/airflow/example_dags/example_dynamic_task_mapping.py took 0.058 seconds
[2025-03-18T19:28:40.918+0000] {processor.py:186} INFO - Started process (PID=3989) to work on /home/airflow/.local/lib/python3.12/site-packages/airflow/example_dags/example_dynamic_task_mapping.py
[2025-03-18T19:28:40.919+0000] {processor.py:914} INFO - Processing file /home/airflow/.local/lib/python3.12/site-packages/airflow/example_dags/example_dynamic_task_mapping.py for tasks to queue
[2025-03-18T19:28:40.921+0000] {logging_mixin.py:190} INFO - [2025-03-18T19:28:40.920+0000] {dagbag.py:588} INFO - Filling up the DagBag from /home/airflow/.local/lib/python3.12/site-packages/airflow/example_dags/example_dynamic_task_mapping.py
[2025-03-18T19:28:40.928+0000] {processor.py:925} INFO - DAG(s) 'example_dynamic_task_mapping' retrieved from /home/airflow/.local/lib/python3.12/site-packages/airflow/example_dags/example_dynamic_task_mapping.py
[2025-03-18T19:28:40.945+0000] {logging_mixin.py:190} INFO - [2025-03-18T19:28:40.945+0000] {dag.py:3239} INFO - Sync 1 DAGs
[2025-03-18T19:28:40.957+0000] {logging_mixin.py:190} INFO - [2025-03-18T19:28:40.957+0000] {dag.py:4180} INFO - Setting next_dagrun for example_dynamic_task_mapping to None, run_after=None
[2025-03-18T19:28:40.972+0000] {processor.py:208} INFO - Processing /home/airflow/.local/lib/python3.12/site-packages/airflow/example_dags/example_dynamic_task_mapping.py took 0.059 seconds
[2025-03-18T19:29:11.835+0000] {processor.py:186} INFO - Started process (PID=4053) to work on /home/airflow/.local/lib/python3.12/site-packages/airflow/example_dags/example_dynamic_task_mapping.py
[2025-03-18T19:29:11.836+0000] {processor.py:914} INFO - Processing file /home/airflow/.local/lib/python3.12/site-packages/airflow/example_dags/example_dynamic_task_mapping.py for tasks to queue
[2025-03-18T19:29:11.839+0000] {logging_mixin.py:190} INFO - [2025-03-18T19:29:11.838+0000] {dagbag.py:588} INFO - Filling up the DagBag from /home/airflow/.local/lib/python3.12/site-packages/airflow/example_dags/example_dynamic_task_mapping.py
[2025-03-18T19:29:11.845+0000] {processor.py:925} INFO - DAG(s) 'example_dynamic_task_mapping' retrieved from /home/airflow/.local/lib/python3.12/site-packages/airflow/example_dags/example_dynamic_task_mapping.py
[2025-03-18T19:29:11.863+0000] {logging_mixin.py:190} INFO - [2025-03-18T19:29:11.863+0000] {dag.py:3239} INFO - Sync 1 DAGs
[2025-03-18T19:29:11.874+0000] {logging_mixin.py:190} INFO - [2025-03-18T19:29:11.874+0000] {dag.py:4180} INFO - Setting next_dagrun for example_dynamic_task_mapping to None, run_after=None
[2025-03-18T19:29:11.888+0000] {processor.py:208} INFO - Processing /home/airflow/.local/lib/python3.12/site-packages/airflow/example_dags/example_dynamic_task_mapping.py took 0.058 seconds
[2025-03-18T19:29:42.711+0000] {processor.py:186} INFO - Started process (PID=4117) to work on /home/airflow/.local/lib/python3.12/site-packages/airflow/example_dags/example_dynamic_task_mapping.py
[2025-03-18T19:29:42.712+0000] {processor.py:914} INFO - Processing file /home/airflow/.local/lib/python3.12/site-packages/airflow/example_dags/example_dynamic_task_mapping.py for tasks to queue
[2025-03-18T19:29:42.714+0000] {logging_mixin.py:190} INFO - [2025-03-18T19:29:42.714+0000] {dagbag.py:588} INFO - Filling up the DagBag from /home/airflow/.local/lib/python3.12/site-packages/airflow/example_dags/example_dynamic_task_mapping.py
[2025-03-18T19:29:42.721+0000] {processor.py:925} INFO - DAG(s) 'example_dynamic_task_mapping' retrieved from /home/airflow/.local/lib/python3.12/site-packages/airflow/example_dags/example_dynamic_task_mapping.py
[2025-03-18T19:29:42.737+0000] {logging_mixin.py:190} INFO - [2025-03-18T19:29:42.737+0000] {dag.py:3239} INFO - Sync 1 DAGs
[2025-03-18T19:29:42.749+0000] {logging_mixin.py:190} INFO - [2025-03-18T19:29:42.748+0000] {dag.py:4180} INFO - Setting next_dagrun for example_dynamic_task_mapping to None, run_after=None
[2025-03-18T19:29:42.762+0000] {processor.py:208} INFO - Processing /home/airflow/.local/lib/python3.12/site-packages/airflow/example_dags/example_dynamic_task_mapping.py took 0.056 seconds
[2025-03-18T19:30:13.558+0000] {processor.py:186} INFO - Started process (PID=4181) to work on /home/airflow/.local/lib/python3.12/site-packages/airflow/example_dags/example_dynamic_task_mapping.py
[2025-03-18T19:30:13.559+0000] {processor.py:914} INFO - Processing file /home/airflow/.local/lib/python3.12/site-packages/airflow/example_dags/example_dynamic_task_mapping.py for tasks to queue
[2025-03-18T19:30:13.561+0000] {logging_mixin.py:190} INFO - [2025-03-18T19:30:13.561+0000] {dagbag.py:588} INFO - Filling up the DagBag from /home/airflow/.local/lib/python3.12/site-packages/airflow/example_dags/example_dynamic_task_mapping.py
[2025-03-18T19:30:13.568+0000] {processor.py:925} INFO - DAG(s) 'example_dynamic_task_mapping' retrieved from /home/airflow/.local/lib/python3.12/site-packages/airflow/example_dags/example_dynamic_task_mapping.py
[2025-03-18T19:30:13.585+0000] {logging_mixin.py:190} INFO - [2025-03-18T19:30:13.584+0000] {dag.py:3239} INFO - Sync 1 DAGs
[2025-03-18T19:30:13.596+0000] {logging_mixin.py:190} INFO - [2025-03-18T19:30:13.596+0000] {dag.py:4180} INFO - Setting next_dagrun for example_dynamic_task_mapping to None, run_after=None
[2025-03-18T19:30:13.610+0000] {processor.py:208} INFO - Processing /home/airflow/.local/lib/python3.12/site-packages/airflow/example_dags/example_dynamic_task_mapping.py took 0.057 seconds
[2025-03-18T19:36:54.787+0000] {processor.py:186} INFO - Started process (PID=5013) to work on /home/airflow/.local/lib/python3.12/site-packages/airflow/example_dags/example_dynamic_task_mapping.py
[2025-03-18T19:36:54.788+0000] {processor.py:914} INFO - Processing file /home/airflow/.local/lib/python3.12/site-packages/airflow/example_dags/example_dynamic_task_mapping.py for tasks to queue
[2025-03-18T19:36:54.790+0000] {logging_mixin.py:190} INFO - [2025-03-18T19:36:54.790+0000] {dagbag.py:588} INFO - Filling up the DagBag from /home/airflow/.local/lib/python3.12/site-packages/airflow/example_dags/example_dynamic_task_mapping.py
[2025-03-18T19:36:54.797+0000] {processor.py:925} INFO - DAG(s) 'example_dynamic_task_mapping' retrieved from /home/airflow/.local/lib/python3.12/site-packages/airflow/example_dags/example_dynamic_task_mapping.py
[2025-03-18T19:36:54.813+0000] {logging_mixin.py:190} INFO - [2025-03-18T19:36:54.813+0000] {dag.py:3239} INFO - Sync 1 DAGs
[2025-03-18T19:36:54.825+0000] {logging_mixin.py:190} INFO - [2025-03-18T19:36:54.824+0000] {dag.py:4180} INFO - Setting next_dagrun for example_dynamic_task_mapping to None, run_after=None
[2025-03-18T19:36:54.838+0000] {processor.py:208} INFO - Processing /home/airflow/.local/lib/python3.12/site-packages/airflow/example_dags/example_dynamic_task_mapping.py took 0.056 seconds
[2025-03-18T19:37:25.556+0000] {processor.py:186} INFO - Started process (PID=5077) to work on /home/airflow/.local/lib/python3.12/site-packages/airflow/example_dags/example_dynamic_task_mapping.py
[2025-03-18T19:37:25.557+0000] {processor.py:914} INFO - Processing file /home/airflow/.local/lib/python3.12/site-packages/airflow/example_dags/example_dynamic_task_mapping.py for tasks to queue
[2025-03-18T19:37:25.560+0000] {logging_mixin.py:190} INFO - [2025-03-18T19:37:25.559+0000] {dagbag.py:588} INFO - Filling up the DagBag from /home/airflow/.local/lib/python3.12/site-packages/airflow/example_dags/example_dynamic_task_mapping.py
[2025-03-18T19:37:25.568+0000] {processor.py:925} INFO - DAG(s) 'example_dynamic_task_mapping' retrieved from /home/airflow/.local/lib/python3.12/site-packages/airflow/example_dags/example_dynamic_task_mapping.py
[2025-03-18T19:37:25.583+0000] {logging_mixin.py:190} INFO - [2025-03-18T19:37:25.583+0000] {dag.py:3239} INFO - Sync 1 DAGs
[2025-03-18T19:37:25.595+0000] {logging_mixin.py:190} INFO - [2025-03-18T19:37:25.595+0000] {dag.py:4180} INFO - Setting next_dagrun for example_dynamic_task_mapping to None, run_after=None
[2025-03-18T19:37:25.610+0000] {processor.py:208} INFO - Processing /home/airflow/.local/lib/python3.12/site-packages/airflow/example_dags/example_dynamic_task_mapping.py took 0.058 seconds
[2025-03-18T19:37:56.269+0000] {processor.py:186} INFO - Started process (PID=5141) to work on /home/airflow/.local/lib/python3.12/site-packages/airflow/example_dags/example_dynamic_task_mapping.py
[2025-03-18T19:37:56.270+0000] {processor.py:914} INFO - Processing file /home/airflow/.local/lib/python3.12/site-packages/airflow/example_dags/example_dynamic_task_mapping.py for tasks to queue
[2025-03-18T19:37:56.272+0000] {logging_mixin.py:190} INFO - [2025-03-18T19:37:56.271+0000] {dagbag.py:588} INFO - Filling up the DagBag from /home/airflow/.local/lib/python3.12/site-packages/airflow/example_dags/example_dynamic_task_mapping.py
[2025-03-18T19:37:56.279+0000] {processor.py:925} INFO - DAG(s) 'example_dynamic_task_mapping' retrieved from /home/airflow/.local/lib/python3.12/site-packages/airflow/example_dags/example_dynamic_task_mapping.py
[2025-03-18T19:37:56.294+0000] {logging_mixin.py:190} INFO - [2025-03-18T19:37:56.294+0000] {dag.py:3239} INFO - Sync 1 DAGs
[2025-03-18T19:37:56.305+0000] {logging_mixin.py:190} INFO - [2025-03-18T19:37:56.304+0000] {dag.py:4180} INFO - Setting next_dagrun for example_dynamic_task_mapping to None, run_after=None
[2025-03-18T19:37:56.318+0000] {processor.py:208} INFO - Processing /home/airflow/.local/lib/python3.12/site-packages/airflow/example_dags/example_dynamic_task_mapping.py took 0.055 seconds
[2025-03-18T19:38:26.976+0000] {processor.py:186} INFO - Started process (PID=5205) to work on /home/airflow/.local/lib/python3.12/site-packages/airflow/example_dags/example_dynamic_task_mapping.py
[2025-03-18T19:38:26.978+0000] {processor.py:914} INFO - Processing file /home/airflow/.local/lib/python3.12/site-packages/airflow/example_dags/example_dynamic_task_mapping.py for tasks to queue
[2025-03-18T19:38:26.980+0000] {logging_mixin.py:190} INFO - [2025-03-18T19:38:26.979+0000] {dagbag.py:588} INFO - Filling up the DagBag from /home/airflow/.local/lib/python3.12/site-packages/airflow/example_dags/example_dynamic_task_mapping.py
[2025-03-18T19:38:26.988+0000] {processor.py:925} INFO - DAG(s) 'example_dynamic_task_mapping' retrieved from /home/airflow/.local/lib/python3.12/site-packages/airflow/example_dags/example_dynamic_task_mapping.py
[2025-03-18T19:38:27.008+0000] {logging_mixin.py:190} INFO - [2025-03-18T19:38:27.007+0000] {dag.py:3239} INFO - Sync 1 DAGs
[2025-03-18T19:38:27.021+0000] {logging_mixin.py:190} INFO - [2025-03-18T19:38:27.021+0000] {dag.py:4180} INFO - Setting next_dagrun for example_dynamic_task_mapping to None, run_after=None
[2025-03-18T19:38:27.037+0000] {processor.py:208} INFO - Processing /home/airflow/.local/lib/python3.12/site-packages/airflow/example_dags/example_dynamic_task_mapping.py took 0.066 seconds
[2025-03-18T19:38:57.880+0000] {processor.py:186} INFO - Started process (PID=5269) to work on /home/airflow/.local/lib/python3.12/site-packages/airflow/example_dags/example_dynamic_task_mapping.py
[2025-03-18T19:38:57.881+0000] {processor.py:914} INFO - Processing file /home/airflow/.local/lib/python3.12/site-packages/airflow/example_dags/example_dynamic_task_mapping.py for tasks to queue
[2025-03-18T19:38:57.883+0000] {logging_mixin.py:190} INFO - [2025-03-18T19:38:57.882+0000] {dagbag.py:588} INFO - Filling up the DagBag from /home/airflow/.local/lib/python3.12/site-packages/airflow/example_dags/example_dynamic_task_mapping.py
[2025-03-18T19:38:57.890+0000] {processor.py:925} INFO - DAG(s) 'example_dynamic_task_mapping' retrieved from /home/airflow/.local/lib/python3.12/site-packages/airflow/example_dags/example_dynamic_task_mapping.py
[2025-03-18T19:38:57.908+0000] {logging_mixin.py:190} INFO - [2025-03-18T19:38:57.907+0000] {dag.py:3239} INFO - Sync 1 DAGs
[2025-03-18T19:38:57.919+0000] {logging_mixin.py:190} INFO - [2025-03-18T19:38:57.919+0000] {dag.py:4180} INFO - Setting next_dagrun for example_dynamic_task_mapping to None, run_after=None
[2025-03-18T19:38:57.934+0000] {processor.py:208} INFO - Processing /home/airflow/.local/lib/python3.12/site-packages/airflow/example_dags/example_dynamic_task_mapping.py took 0.060 seconds
[2025-03-18T19:39:28.588+0000] {processor.py:186} INFO - Started process (PID=5333) to work on /home/airflow/.local/lib/python3.12/site-packages/airflow/example_dags/example_dynamic_task_mapping.py
[2025-03-18T19:39:28.589+0000] {processor.py:914} INFO - Processing file /home/airflow/.local/lib/python3.12/site-packages/airflow/example_dags/example_dynamic_task_mapping.py for tasks to queue
[2025-03-18T19:39:28.591+0000] {logging_mixin.py:190} INFO - [2025-03-18T19:39:28.591+0000] {dagbag.py:588} INFO - Filling up the DagBag from /home/airflow/.local/lib/python3.12/site-packages/airflow/example_dags/example_dynamic_task_mapping.py
[2025-03-18T19:39:28.598+0000] {processor.py:925} INFO - DAG(s) 'example_dynamic_task_mapping' retrieved from /home/airflow/.local/lib/python3.12/site-packages/airflow/example_dags/example_dynamic_task_mapping.py
[2025-03-18T19:39:28.613+0000] {logging_mixin.py:190} INFO - [2025-03-18T19:39:28.613+0000] {dag.py:3239} INFO - Sync 1 DAGs
[2025-03-18T19:39:28.624+0000] {logging_mixin.py:190} INFO - [2025-03-18T19:39:28.624+0000] {dag.py:4180} INFO - Setting next_dagrun for example_dynamic_task_mapping to None, run_after=None
[2025-03-18T19:39:28.638+0000] {processor.py:208} INFO - Processing /home/airflow/.local/lib/python3.12/site-packages/airflow/example_dags/example_dynamic_task_mapping.py took 0.054 seconds
[2025-03-18T19:39:59.412+0000] {processor.py:186} INFO - Started process (PID=5397) to work on /home/airflow/.local/lib/python3.12/site-packages/airflow/example_dags/example_dynamic_task_mapping.py
[2025-03-18T19:39:59.413+0000] {processor.py:914} INFO - Processing file /home/airflow/.local/lib/python3.12/site-packages/airflow/example_dags/example_dynamic_task_mapping.py for tasks to queue
[2025-03-18T19:39:59.415+0000] {logging_mixin.py:190} INFO - [2025-03-18T19:39:59.415+0000] {dagbag.py:588} INFO - Filling up the DagBag from /home/airflow/.local/lib/python3.12/site-packages/airflow/example_dags/example_dynamic_task_mapping.py
[2025-03-18T19:39:59.423+0000] {processor.py:925} INFO - DAG(s) 'example_dynamic_task_mapping' retrieved from /home/airflow/.local/lib/python3.12/site-packages/airflow/example_dags/example_dynamic_task_mapping.py
[2025-03-18T19:39:59.442+0000] {logging_mixin.py:190} INFO - [2025-03-18T19:39:59.441+0000] {dag.py:3239} INFO - Sync 1 DAGs
[2025-03-18T19:39:59.453+0000] {logging_mixin.py:190} INFO - [2025-03-18T19:39:59.453+0000] {dag.py:4180} INFO - Setting next_dagrun for example_dynamic_task_mapping to None, run_after=None
[2025-03-18T19:39:59.467+0000] {processor.py:208} INFO - Processing /home/airflow/.local/lib/python3.12/site-packages/airflow/example_dags/example_dynamic_task_mapping.py took 0.060 seconds
[2025-03-18T19:40:30.080+0000] {processor.py:186} INFO - Started process (PID=5461) to work on /home/airflow/.local/lib/python3.12/site-packages/airflow/example_dags/example_dynamic_task_mapping.py
[2025-03-18T19:40:30.081+0000] {processor.py:914} INFO - Processing file /home/airflow/.local/lib/python3.12/site-packages/airflow/example_dags/example_dynamic_task_mapping.py for tasks to queue
[2025-03-18T19:40:30.083+0000] {logging_mixin.py:190} INFO - [2025-03-18T19:40:30.083+0000] {dagbag.py:588} INFO - Filling up the DagBag from /home/airflow/.local/lib/python3.12/site-packages/airflow/example_dags/example_dynamic_task_mapping.py
[2025-03-18T19:40:30.090+0000] {processor.py:925} INFO - DAG(s) 'example_dynamic_task_mapping' retrieved from /home/airflow/.local/lib/python3.12/site-packages/airflow/example_dags/example_dynamic_task_mapping.py
[2025-03-18T19:40:30.105+0000] {logging_mixin.py:190} INFO - [2025-03-18T19:40:30.105+0000] {dag.py:3239} INFO - Sync 1 DAGs
[2025-03-18T19:40:30.117+0000] {logging_mixin.py:190} INFO - [2025-03-18T19:40:30.117+0000] {dag.py:4180} INFO - Setting next_dagrun for example_dynamic_task_mapping to None, run_after=None
[2025-03-18T19:40:30.131+0000] {processor.py:208} INFO - Processing /home/airflow/.local/lib/python3.12/site-packages/airflow/example_dags/example_dynamic_task_mapping.py took 0.056 seconds
[2025-03-18T19:41:00.702+0000] {processor.py:186} INFO - Started process (PID=5525) to work on /home/airflow/.local/lib/python3.12/site-packages/airflow/example_dags/example_dynamic_task_mapping.py
[2025-03-18T19:41:00.703+0000] {processor.py:914} INFO - Processing file /home/airflow/.local/lib/python3.12/site-packages/airflow/example_dags/example_dynamic_task_mapping.py for tasks to queue
[2025-03-18T19:41:00.705+0000] {logging_mixin.py:190} INFO - [2025-03-18T19:41:00.704+0000] {dagbag.py:588} INFO - Filling up the DagBag from /home/airflow/.local/lib/python3.12/site-packages/airflow/example_dags/example_dynamic_task_mapping.py
[2025-03-18T19:41:00.712+0000] {processor.py:925} INFO - DAG(s) 'example_dynamic_task_mapping' retrieved from /home/airflow/.local/lib/python3.12/site-packages/airflow/example_dags/example_dynamic_task_mapping.py
[2025-03-18T19:41:00.728+0000] {logging_mixin.py:190} INFO - [2025-03-18T19:41:00.728+0000] {dag.py:3239} INFO - Sync 1 DAGs
[2025-03-18T19:41:00.740+0000] {logging_mixin.py:190} INFO - [2025-03-18T19:41:00.740+0000] {dag.py:4180} INFO - Setting next_dagrun for example_dynamic_task_mapping to None, run_after=None
[2025-03-18T19:41:00.753+0000] {processor.py:208} INFO - Processing /home/airflow/.local/lib/python3.12/site-packages/airflow/example_dags/example_dynamic_task_mapping.py took 0.056 seconds
[2025-03-18T19:41:31.374+0000] {processor.py:186} INFO - Started process (PID=5589) to work on /home/airflow/.local/lib/python3.12/site-packages/airflow/example_dags/example_dynamic_task_mapping.py
[2025-03-18T19:41:31.375+0000] {processor.py:914} INFO - Processing file /home/airflow/.local/lib/python3.12/site-packages/airflow/example_dags/example_dynamic_task_mapping.py for tasks to queue
[2025-03-18T19:41:31.377+0000] {logging_mixin.py:190} INFO - [2025-03-18T19:41:31.376+0000] {dagbag.py:588} INFO - Filling up the DagBag from /home/airflow/.local/lib/python3.12/site-packages/airflow/example_dags/example_dynamic_task_mapping.py
[2025-03-18T19:41:31.383+0000] {processor.py:925} INFO - DAG(s) 'example_dynamic_task_mapping' retrieved from /home/airflow/.local/lib/python3.12/site-packages/airflow/example_dags/example_dynamic_task_mapping.py
[2025-03-18T19:41:31.398+0000] {logging_mixin.py:190} INFO - [2025-03-18T19:41:31.398+0000] {dag.py:3239} INFO - Sync 1 DAGs
[2025-03-18T19:41:31.409+0000] {logging_mixin.py:190} INFO - [2025-03-18T19:41:31.409+0000] {dag.py:4180} INFO - Setting next_dagrun for example_dynamic_task_mapping to None, run_after=None
[2025-03-18T19:41:31.422+0000] {processor.py:208} INFO - Processing /home/airflow/.local/lib/python3.12/site-packages/airflow/example_dags/example_dynamic_task_mapping.py took 0.053 seconds
[2025-03-18T19:42:02.637+0000] {processor.py:186} INFO - Started process (PID=5653) to work on /home/airflow/.local/lib/python3.12/site-packages/airflow/example_dags/example_dynamic_task_mapping.py
[2025-03-18T19:42:02.638+0000] {processor.py:914} INFO - Processing file /home/airflow/.local/lib/python3.12/site-packages/airflow/example_dags/example_dynamic_task_mapping.py for tasks to queue
[2025-03-18T19:42:02.640+0000] {logging_mixin.py:190} INFO - [2025-03-18T19:42:02.640+0000] {dagbag.py:588} INFO - Filling up the DagBag from /home/airflow/.local/lib/python3.12/site-packages/airflow/example_dags/example_dynamic_task_mapping.py
[2025-03-18T19:42:02.648+0000] {processor.py:925} INFO - DAG(s) 'example_dynamic_task_mapping' retrieved from /home/airflow/.local/lib/python3.12/site-packages/airflow/example_dags/example_dynamic_task_mapping.py
[2025-03-18T19:42:02.665+0000] {logging_mixin.py:190} INFO - [2025-03-18T19:42:02.665+0000] {dag.py:3239} INFO - Sync 1 DAGs
[2025-03-18T19:42:02.678+0000] {logging_mixin.py:190} INFO - [2025-03-18T19:42:02.677+0000] {dag.py:4180} INFO - Setting next_dagrun for example_dynamic_task_mapping to None, run_after=None
[2025-03-18T19:42:02.692+0000] {processor.py:208} INFO - Processing /home/airflow/.local/lib/python3.12/site-packages/airflow/example_dags/example_dynamic_task_mapping.py took 0.060 seconds
[2025-03-18T19:42:33.574+0000] {processor.py:186} INFO - Started process (PID=5717) to work on /home/airflow/.local/lib/python3.12/site-packages/airflow/example_dags/example_dynamic_task_mapping.py
[2025-03-18T19:42:33.575+0000] {processor.py:914} INFO - Processing file /home/airflow/.local/lib/python3.12/site-packages/airflow/example_dags/example_dynamic_task_mapping.py for tasks to queue
[2025-03-18T19:42:33.577+0000] {logging_mixin.py:190} INFO - [2025-03-18T19:42:33.577+0000] {dagbag.py:588} INFO - Filling up the DagBag from /home/airflow/.local/lib/python3.12/site-packages/airflow/example_dags/example_dynamic_task_mapping.py
[2025-03-18T19:42:33.584+0000] {processor.py:925} INFO - DAG(s) 'example_dynamic_task_mapping' retrieved from /home/airflow/.local/lib/python3.12/site-packages/airflow/example_dags/example_dynamic_task_mapping.py
[2025-03-18T19:42:33.602+0000] {logging_mixin.py:190} INFO - [2025-03-18T19:42:33.602+0000] {dag.py:3239} INFO - Sync 1 DAGs
[2025-03-18T19:42:33.613+0000] {logging_mixin.py:190} INFO - [2025-03-18T19:42:33.613+0000] {dag.py:4180} INFO - Setting next_dagrun for example_dynamic_task_mapping to None, run_after=None
[2025-03-18T19:42:33.628+0000] {processor.py:208} INFO - Processing /home/airflow/.local/lib/python3.12/site-packages/airflow/example_dags/example_dynamic_task_mapping.py took 0.060 seconds
[2025-03-18T19:43:04.804+0000] {processor.py:186} INFO - Started process (PID=5781) to work on /home/airflow/.local/lib/python3.12/site-packages/airflow/example_dags/example_dynamic_task_mapping.py
[2025-03-18T19:43:04.805+0000] {processor.py:914} INFO - Processing file /home/airflow/.local/lib/python3.12/site-packages/airflow/example_dags/example_dynamic_task_mapping.py for tasks to queue
[2025-03-18T19:43:04.807+0000] {logging_mixin.py:190} INFO - [2025-03-18T19:43:04.806+0000] {dagbag.py:588} INFO - Filling up the DagBag from /home/airflow/.local/lib/python3.12/site-packages/airflow/example_dags/example_dynamic_task_mapping.py
[2025-03-18T19:43:04.814+0000] {processor.py:925} INFO - DAG(s) 'example_dynamic_task_mapping' retrieved from /home/airflow/.local/lib/python3.12/site-packages/airflow/example_dags/example_dynamic_task_mapping.py
[2025-03-18T19:43:04.830+0000] {logging_mixin.py:190} INFO - [2025-03-18T19:43:04.830+0000] {dag.py:3239} INFO - Sync 1 DAGs
[2025-03-18T19:43:04.842+0000] {logging_mixin.py:190} INFO - [2025-03-18T19:43:04.841+0000] {dag.py:4180} INFO - Setting next_dagrun for example_dynamic_task_mapping to None, run_after=None
[2025-03-18T19:43:04.855+0000] {processor.py:208} INFO - Processing /home/airflow/.local/lib/python3.12/site-packages/airflow/example_dags/example_dynamic_task_mapping.py took 0.056 seconds
[2025-03-18T19:43:35.626+0000] {processor.py:186} INFO - Started process (PID=5845) to work on /home/airflow/.local/lib/python3.12/site-packages/airflow/example_dags/example_dynamic_task_mapping.py
[2025-03-18T19:43:35.627+0000] {processor.py:914} INFO - Processing file /home/airflow/.local/lib/python3.12/site-packages/airflow/example_dags/example_dynamic_task_mapping.py for tasks to queue
[2025-03-18T19:43:35.629+0000] {logging_mixin.py:190} INFO - [2025-03-18T19:43:35.629+0000] {dagbag.py:588} INFO - Filling up the DagBag from /home/airflow/.local/lib/python3.12/site-packages/airflow/example_dags/example_dynamic_task_mapping.py
[2025-03-18T19:43:35.637+0000] {processor.py:925} INFO - DAG(s) 'example_dynamic_task_mapping' retrieved from /home/airflow/.local/lib/python3.12/site-packages/airflow/example_dags/example_dynamic_task_mapping.py
[2025-03-18T19:43:35.653+0000] {logging_mixin.py:190} INFO - [2025-03-18T19:43:35.653+0000] {dag.py:3239} INFO - Sync 1 DAGs
[2025-03-18T19:43:35.664+0000] {logging_mixin.py:190} INFO - [2025-03-18T19:43:35.664+0000] {dag.py:4180} INFO - Setting next_dagrun for example_dynamic_task_mapping to None, run_after=None
[2025-03-18T19:43:35.679+0000] {processor.py:208} INFO - Processing /home/airflow/.local/lib/python3.12/site-packages/airflow/example_dags/example_dynamic_task_mapping.py took 0.057 seconds
