[2025-03-18T19:24:04.206+0000] {processor.py:186} INFO - Started process (PID=3392) to work on /home/airflow/.local/lib/python3.12/site-packages/airflow/example_dags/example_branch_day_of_week_operator.py
[2025-03-18T19:24:04.207+0000] {processor.py:914} INFO - Processing file /home/airflow/.local/lib/python3.12/site-packages/airflow/example_dags/example_branch_day_of_week_operator.py for tasks to queue
[2025-03-18T19:24:04.209+0000] {logging_mixin.py:190} INFO - [2025-03-18T19:24:04.208+0000] {dagbag.py:588} INFO - Filling up the DagBag from /home/airflow/.local/lib/python3.12/site-packages/airflow/example_dags/example_branch_day_of_week_operator.py
[2025-03-18T19:24:04.217+0000] {processor.py:925} INFO - DAG(s) 'example_weekday_branch_operator' retrieved from /home/airflow/.local/lib/python3.12/site-packages/airflow/example_dags/example_branch_day_of_week_operator.py
[2025-03-18T19:24:04.234+0000] {logging_mixin.py:190} INFO - [2025-03-18T19:24:04.234+0000] {dag.py:3239} INFO - Sync 1 DAGs
[2025-03-18T19:24:04.253+0000] {logging_mixin.py:190} INFO - [2025-03-18T19:24:04.253+0000] {dag.py:4180} INFO - Setting next_dagrun for example_weekday_branch_operator to 2025-03-17 00:00:00+00:00, run_after=2025-03-18 00:00:00+00:00
[2025-03-18T19:24:04.268+0000] {processor.py:208} INFO - Processing /home/airflow/.local/lib/python3.12/site-packages/airflow/example_dags/example_branch_day_of_week_operator.py took 0.067 seconds
[2025-03-18T19:24:34.681+0000] {processor.py:186} INFO - Started process (PID=3456) to work on /home/airflow/.local/lib/python3.12/site-packages/airflow/example_dags/example_branch_day_of_week_operator.py
[2025-03-18T19:24:34.682+0000] {processor.py:914} INFO - Processing file /home/airflow/.local/lib/python3.12/site-packages/airflow/example_dags/example_branch_day_of_week_operator.py for tasks to queue
[2025-03-18T19:24:34.684+0000] {logging_mixin.py:190} INFO - [2025-03-18T19:24:34.683+0000] {dagbag.py:588} INFO - Filling up the DagBag from /home/airflow/.local/lib/python3.12/site-packages/airflow/example_dags/example_branch_day_of_week_operator.py
[2025-03-18T19:24:34.692+0000] {processor.py:925} INFO - DAG(s) 'example_weekday_branch_operator' retrieved from /home/airflow/.local/lib/python3.12/site-packages/airflow/example_dags/example_branch_day_of_week_operator.py
[2025-03-18T19:24:34.708+0000] {logging_mixin.py:190} INFO - [2025-03-18T19:24:34.708+0000] {dag.py:3239} INFO - Sync 1 DAGs
[2025-03-18T19:24:34.727+0000] {logging_mixin.py:190} INFO - [2025-03-18T19:24:34.726+0000] {dag.py:4180} INFO - Setting next_dagrun for example_weekday_branch_operator to 2025-03-17 00:00:00+00:00, run_after=2025-03-18 00:00:00+00:00
[2025-03-18T19:24:34.741+0000] {processor.py:208} INFO - Processing /home/airflow/.local/lib/python3.12/site-packages/airflow/example_dags/example_branch_day_of_week_operator.py took 0.066 seconds
[2025-03-18T19:25:05.194+0000] {processor.py:186} INFO - Started process (PID=3520) to work on /home/airflow/.local/lib/python3.12/site-packages/airflow/example_dags/example_branch_day_of_week_operator.py
[2025-03-18T19:25:05.195+0000] {processor.py:914} INFO - Processing file /home/airflow/.local/lib/python3.12/site-packages/airflow/example_dags/example_branch_day_of_week_operator.py for tasks to queue
[2025-03-18T19:25:05.197+0000] {logging_mixin.py:190} INFO - [2025-03-18T19:25:05.196+0000] {dagbag.py:588} INFO - Filling up the DagBag from /home/airflow/.local/lib/python3.12/site-packages/airflow/example_dags/example_branch_day_of_week_operator.py
[2025-03-18T19:25:05.204+0000] {processor.py:925} INFO - DAG(s) 'example_weekday_branch_operator' retrieved from /home/airflow/.local/lib/python3.12/site-packages/airflow/example_dags/example_branch_day_of_week_operator.py
[2025-03-18T19:25:05.221+0000] {logging_mixin.py:190} INFO - [2025-03-18T19:25:05.221+0000] {dag.py:3239} INFO - Sync 1 DAGs
[2025-03-18T19:25:05.239+0000] {logging_mixin.py:190} INFO - [2025-03-18T19:25:05.239+0000] {dag.py:4180} INFO - Setting next_dagrun for example_weekday_branch_operator to 2025-03-17 00:00:00+00:00, run_after=2025-03-18 00:00:00+00:00
[2025-03-18T19:25:05.253+0000] {processor.py:208} INFO - Processing /home/airflow/.local/lib/python3.12/site-packages/airflow/example_dags/example_branch_day_of_week_operator.py took 0.064 seconds
[2025-03-18T19:25:35.785+0000] {processor.py:186} INFO - Started process (PID=3584) to work on /home/airflow/.local/lib/python3.12/site-packages/airflow/example_dags/example_branch_day_of_week_operator.py
[2025-03-18T19:25:35.786+0000] {processor.py:914} INFO - Processing file /home/airflow/.local/lib/python3.12/site-packages/airflow/example_dags/example_branch_day_of_week_operator.py for tasks to queue
[2025-03-18T19:25:35.788+0000] {logging_mixin.py:190} INFO - [2025-03-18T19:25:35.788+0000] {dagbag.py:588} INFO - Filling up the DagBag from /home/airflow/.local/lib/python3.12/site-packages/airflow/example_dags/example_branch_day_of_week_operator.py
[2025-03-18T19:25:35.797+0000] {processor.py:925} INFO - DAG(s) 'example_weekday_branch_operator' retrieved from /home/airflow/.local/lib/python3.12/site-packages/airflow/example_dags/example_branch_day_of_week_operator.py
[2025-03-18T19:25:35.815+0000] {logging_mixin.py:190} INFO - [2025-03-18T19:25:35.815+0000] {dag.py:3239} INFO - Sync 1 DAGs
[2025-03-18T19:25:35.836+0000] {logging_mixin.py:190} INFO - [2025-03-18T19:25:35.836+0000] {dag.py:4180} INFO - Setting next_dagrun for example_weekday_branch_operator to 2025-03-17 00:00:00+00:00, run_after=2025-03-18 00:00:00+00:00
[2025-03-18T19:25:35.854+0000] {processor.py:208} INFO - Processing /home/airflow/.local/lib/python3.12/site-packages/airflow/example_dags/example_branch_day_of_week_operator.py took 0.075 seconds
[2025-03-18T19:26:06.405+0000] {processor.py:186} INFO - Started process (PID=3648) to work on /home/airflow/.local/lib/python3.12/site-packages/airflow/example_dags/example_branch_day_of_week_operator.py
[2025-03-18T19:26:06.406+0000] {processor.py:914} INFO - Processing file /home/airflow/.local/lib/python3.12/site-packages/airflow/example_dags/example_branch_day_of_week_operator.py for tasks to queue
[2025-03-18T19:26:06.408+0000] {logging_mixin.py:190} INFO - [2025-03-18T19:26:06.408+0000] {dagbag.py:588} INFO - Filling up the DagBag from /home/airflow/.local/lib/python3.12/site-packages/airflow/example_dags/example_branch_day_of_week_operator.py
[2025-03-18T19:26:06.416+0000] {processor.py:925} INFO - DAG(s) 'example_weekday_branch_operator' retrieved from /home/airflow/.local/lib/python3.12/site-packages/airflow/example_dags/example_branch_day_of_week_operator.py
[2025-03-18T19:26:06.435+0000] {logging_mixin.py:190} INFO - [2025-03-18T19:26:06.434+0000] {dag.py:3239} INFO - Sync 1 DAGs
[2025-03-18T19:26:06.455+0000] {logging_mixin.py:190} INFO - [2025-03-18T19:26:06.455+0000] {dag.py:4180} INFO - Setting next_dagrun for example_weekday_branch_operator to 2025-03-17 00:00:00+00:00, run_after=2025-03-18 00:00:00+00:00
[2025-03-18T19:26:06.469+0000] {processor.py:208} INFO - Processing /home/airflow/.local/lib/python3.12/site-packages/airflow/example_dags/example_branch_day_of_week_operator.py took 0.070 seconds
[2025-03-18T19:26:37.055+0000] {processor.py:186} INFO - Started process (PID=3712) to work on /home/airflow/.local/lib/python3.12/site-packages/airflow/example_dags/example_branch_day_of_week_operator.py
[2025-03-18T19:26:37.056+0000] {processor.py:914} INFO - Processing file /home/airflow/.local/lib/python3.12/site-packages/airflow/example_dags/example_branch_day_of_week_operator.py for tasks to queue
[2025-03-18T19:26:37.058+0000] {logging_mixin.py:190} INFO - [2025-03-18T19:26:37.058+0000] {dagbag.py:588} INFO - Filling up the DagBag from /home/airflow/.local/lib/python3.12/site-packages/airflow/example_dags/example_branch_day_of_week_operator.py
[2025-03-18T19:26:37.067+0000] {processor.py:925} INFO - DAG(s) 'example_weekday_branch_operator' retrieved from /home/airflow/.local/lib/python3.12/site-packages/airflow/example_dags/example_branch_day_of_week_operator.py
[2025-03-18T19:26:37.084+0000] {logging_mixin.py:190} INFO - [2025-03-18T19:26:37.084+0000] {dag.py:3239} INFO - Sync 1 DAGs
[2025-03-18T19:26:37.103+0000] {logging_mixin.py:190} INFO - [2025-03-18T19:26:37.103+0000] {dag.py:4180} INFO - Setting next_dagrun for example_weekday_branch_operator to 2025-03-17 00:00:00+00:00, run_after=2025-03-18 00:00:00+00:00
[2025-03-18T19:26:37.118+0000] {processor.py:208} INFO - Processing /home/airflow/.local/lib/python3.12/site-packages/airflow/example_dags/example_branch_day_of_week_operator.py took 0.068 seconds
[2025-03-18T19:27:07.460+0000] {processor.py:186} INFO - Started process (PID=3776) to work on /home/airflow/.local/lib/python3.12/site-packages/airflow/example_dags/example_branch_day_of_week_operator.py
[2025-03-18T19:27:07.461+0000] {processor.py:914} INFO - Processing file /home/airflow/.local/lib/python3.12/site-packages/airflow/example_dags/example_branch_day_of_week_operator.py for tasks to queue
[2025-03-18T19:27:07.463+0000] {logging_mixin.py:190} INFO - [2025-03-18T19:27:07.462+0000] {dagbag.py:588} INFO - Filling up the DagBag from /home/airflow/.local/lib/python3.12/site-packages/airflow/example_dags/example_branch_day_of_week_operator.py
[2025-03-18T19:27:07.471+0000] {processor.py:925} INFO - DAG(s) 'example_weekday_branch_operator' retrieved from /home/airflow/.local/lib/python3.12/site-packages/airflow/example_dags/example_branch_day_of_week_operator.py
[2025-03-18T19:27:07.490+0000] {logging_mixin.py:190} INFO - [2025-03-18T19:27:07.490+0000] {dag.py:3239} INFO - Sync 1 DAGs
[2025-03-18T19:27:07.511+0000] {logging_mixin.py:190} INFO - [2025-03-18T19:27:07.511+0000] {dag.py:4180} INFO - Setting next_dagrun for example_weekday_branch_operator to 2025-03-17 00:00:00+00:00, run_after=2025-03-18 00:00:00+00:00
[2025-03-18T19:27:07.526+0000] {processor.py:208} INFO - Processing /home/airflow/.local/lib/python3.12/site-packages/airflow/example_dags/example_branch_day_of_week_operator.py took 0.071 seconds
[2025-03-18T19:27:38.119+0000] {processor.py:186} INFO - Started process (PID=3840) to work on /home/airflow/.local/lib/python3.12/site-packages/airflow/example_dags/example_branch_day_of_week_operator.py
[2025-03-18T19:27:38.120+0000] {processor.py:914} INFO - Processing file /home/airflow/.local/lib/python3.12/site-packages/airflow/example_dags/example_branch_day_of_week_operator.py for tasks to queue
[2025-03-18T19:27:38.122+0000] {logging_mixin.py:190} INFO - [2025-03-18T19:27:38.122+0000] {dagbag.py:588} INFO - Filling up the DagBag from /home/airflow/.local/lib/python3.12/site-packages/airflow/example_dags/example_branch_day_of_week_operator.py
[2025-03-18T19:27:38.130+0000] {processor.py:925} INFO - DAG(s) 'example_weekday_branch_operator' retrieved from /home/airflow/.local/lib/python3.12/site-packages/airflow/example_dags/example_branch_day_of_week_operator.py
[2025-03-18T19:27:38.149+0000] {logging_mixin.py:190} INFO - [2025-03-18T19:27:38.149+0000] {dag.py:3239} INFO - Sync 1 DAGs
[2025-03-18T19:27:38.167+0000] {logging_mixin.py:190} INFO - [2025-03-18T19:27:38.167+0000] {dag.py:4180} INFO - Setting next_dagrun for example_weekday_branch_operator to 2025-03-17 00:00:00+00:00, run_after=2025-03-18 00:00:00+00:00
[2025-03-18T19:27:38.182+0000] {processor.py:208} INFO - Processing /home/airflow/.local/lib/python3.12/site-packages/airflow/example_dags/example_branch_day_of_week_operator.py took 0.069 seconds
[2025-03-18T19:28:08.982+0000] {processor.py:186} INFO - Started process (PID=3904) to work on /home/airflow/.local/lib/python3.12/site-packages/airflow/example_dags/example_branch_day_of_week_operator.py
[2025-03-18T19:28:08.983+0000] {processor.py:914} INFO - Processing file /home/airflow/.local/lib/python3.12/site-packages/airflow/example_dags/example_branch_day_of_week_operator.py for tasks to queue
[2025-03-18T19:28:08.985+0000] {logging_mixin.py:190} INFO - [2025-03-18T19:28:08.985+0000] {dagbag.py:588} INFO - Filling up the DagBag from /home/airflow/.local/lib/python3.12/site-packages/airflow/example_dags/example_branch_day_of_week_operator.py
[2025-03-18T19:28:08.994+0000] {processor.py:925} INFO - DAG(s) 'example_weekday_branch_operator' retrieved from /home/airflow/.local/lib/python3.12/site-packages/airflow/example_dags/example_branch_day_of_week_operator.py
[2025-03-18T19:28:09.012+0000] {logging_mixin.py:190} INFO - [2025-03-18T19:28:09.011+0000] {dag.py:3239} INFO - Sync 1 DAGs
[2025-03-18T19:28:09.031+0000] {logging_mixin.py:190} INFO - [2025-03-18T19:28:09.031+0000] {dag.py:4180} INFO - Setting next_dagrun for example_weekday_branch_operator to 2025-03-17 00:00:00+00:00, run_after=2025-03-18 00:00:00+00:00
[2025-03-18T19:28:09.044+0000] {processor.py:208} INFO - Processing /home/airflow/.local/lib/python3.12/site-packages/airflow/example_dags/example_branch_day_of_week_operator.py took 0.067 seconds
[2025-03-18T19:28:40.027+0000] {processor.py:186} INFO - Started process (PID=3968) to work on /home/airflow/.local/lib/python3.12/site-packages/airflow/example_dags/example_branch_day_of_week_operator.py
[2025-03-18T19:28:40.028+0000] {processor.py:914} INFO - Processing file /home/airflow/.local/lib/python3.12/site-packages/airflow/example_dags/example_branch_day_of_week_operator.py for tasks to queue
[2025-03-18T19:28:40.030+0000] {logging_mixin.py:190} INFO - [2025-03-18T19:28:40.030+0000] {dagbag.py:588} INFO - Filling up the DagBag from /home/airflow/.local/lib/python3.12/site-packages/airflow/example_dags/example_branch_day_of_week_operator.py
[2025-03-18T19:28:40.039+0000] {processor.py:925} INFO - DAG(s) 'example_weekday_branch_operator' retrieved from /home/airflow/.local/lib/python3.12/site-packages/airflow/example_dags/example_branch_day_of_week_operator.py
[2025-03-18T19:28:40.058+0000] {logging_mixin.py:190} INFO - [2025-03-18T19:28:40.058+0000] {dag.py:3239} INFO - Sync 1 DAGs
[2025-03-18T19:28:40.079+0000] {logging_mixin.py:190} INFO - [2025-03-18T19:28:40.079+0000] {dag.py:4180} INFO - Setting next_dagrun for example_weekday_branch_operator to 2025-03-17 00:00:00+00:00, run_after=2025-03-18 00:00:00+00:00
[2025-03-18T19:28:40.094+0000] {processor.py:208} INFO - Processing /home/airflow/.local/lib/python3.12/site-packages/airflow/example_dags/example_branch_day_of_week_operator.py took 0.072 seconds
[2025-03-18T19:29:10.919+0000] {processor.py:186} INFO - Started process (PID=4038) to work on /home/airflow/.local/lib/python3.12/site-packages/airflow/example_dags/example_branch_day_of_week_operator.py
[2025-03-18T19:29:10.920+0000] {processor.py:914} INFO - Processing file /home/airflow/.local/lib/python3.12/site-packages/airflow/example_dags/example_branch_day_of_week_operator.py for tasks to queue
[2025-03-18T19:29:10.922+0000] {logging_mixin.py:190} INFO - [2025-03-18T19:29:10.922+0000] {dagbag.py:588} INFO - Filling up the DagBag from /home/airflow/.local/lib/python3.12/site-packages/airflow/example_dags/example_branch_day_of_week_operator.py
[2025-03-18T19:29:10.931+0000] {processor.py:925} INFO - DAG(s) 'example_weekday_branch_operator' retrieved from /home/airflow/.local/lib/python3.12/site-packages/airflow/example_dags/example_branch_day_of_week_operator.py
[2025-03-18T19:29:10.949+0000] {logging_mixin.py:190} INFO - [2025-03-18T19:29:10.949+0000] {dag.py:3239} INFO - Sync 1 DAGs
[2025-03-18T19:29:10.968+0000] {logging_mixin.py:190} INFO - [2025-03-18T19:29:10.968+0000] {dag.py:4180} INFO - Setting next_dagrun for example_weekday_branch_operator to 2025-03-17 00:00:00+00:00, run_after=2025-03-18 00:00:00+00:00
[2025-03-18T19:29:10.982+0000] {processor.py:208} INFO - Processing /home/airflow/.local/lib/python3.12/site-packages/airflow/example_dags/example_branch_day_of_week_operator.py took 0.069 seconds
[2025-03-18T19:29:41.800+0000] {processor.py:186} INFO - Started process (PID=4102) to work on /home/airflow/.local/lib/python3.12/site-packages/airflow/example_dags/example_branch_day_of_week_operator.py
[2025-03-18T19:29:41.801+0000] {processor.py:914} INFO - Processing file /home/airflow/.local/lib/python3.12/site-packages/airflow/example_dags/example_branch_day_of_week_operator.py for tasks to queue
[2025-03-18T19:29:41.803+0000] {logging_mixin.py:190} INFO - [2025-03-18T19:29:41.802+0000] {dagbag.py:588} INFO - Filling up the DagBag from /home/airflow/.local/lib/python3.12/site-packages/airflow/example_dags/example_branch_day_of_week_operator.py
[2025-03-18T19:29:41.811+0000] {processor.py:925} INFO - DAG(s) 'example_weekday_branch_operator' retrieved from /home/airflow/.local/lib/python3.12/site-packages/airflow/example_dags/example_branch_day_of_week_operator.py
[2025-03-18T19:29:41.829+0000] {logging_mixin.py:190} INFO - [2025-03-18T19:29:41.829+0000] {dag.py:3239} INFO - Sync 1 DAGs
[2025-03-18T19:29:41.852+0000] {logging_mixin.py:190} INFO - [2025-03-18T19:29:41.851+0000] {dag.py:4180} INFO - Setting next_dagrun for example_weekday_branch_operator to 2025-03-17 00:00:00+00:00, run_after=2025-03-18 00:00:00+00:00
[2025-03-18T19:29:41.870+0000] {processor.py:208} INFO - Processing /home/airflow/.local/lib/python3.12/site-packages/airflow/example_dags/example_branch_day_of_week_operator.py took 0.075 seconds
[2025-03-18T19:30:12.558+0000] {processor.py:186} INFO - Started process (PID=4167) to work on /home/airflow/.local/lib/python3.12/site-packages/airflow/example_dags/example_branch_day_of_week_operator.py
[2025-03-18T19:30:12.559+0000] {processor.py:914} INFO - Processing file /home/airflow/.local/lib/python3.12/site-packages/airflow/example_dags/example_branch_day_of_week_operator.py for tasks to queue
[2025-03-18T19:30:12.561+0000] {logging_mixin.py:190} INFO - [2025-03-18T19:30:12.561+0000] {dagbag.py:588} INFO - Filling up the DagBag from /home/airflow/.local/lib/python3.12/site-packages/airflow/example_dags/example_branch_day_of_week_operator.py
[2025-03-18T19:30:12.569+0000] {processor.py:925} INFO - DAG(s) 'example_weekday_branch_operator' retrieved from /home/airflow/.local/lib/python3.12/site-packages/airflow/example_dags/example_branch_day_of_week_operator.py
[2025-03-18T19:30:12.585+0000] {logging_mixin.py:190} INFO - [2025-03-18T19:30:12.585+0000] {dag.py:3239} INFO - Sync 1 DAGs
[2025-03-18T19:30:12.603+0000] {logging_mixin.py:190} INFO - [2025-03-18T19:30:12.603+0000] {dag.py:4180} INFO - Setting next_dagrun for example_weekday_branch_operator to 2025-03-17 00:00:00+00:00, run_after=2025-03-18 00:00:00+00:00
[2025-03-18T19:30:12.617+0000] {processor.py:208} INFO - Processing /home/airflow/.local/lib/python3.12/site-packages/airflow/example_dags/example_branch_day_of_week_operator.py took 0.064 seconds
[2025-03-18T19:36:53.876+0000] {processor.py:186} INFO - Started process (PID=4998) to work on /home/airflow/.local/lib/python3.12/site-packages/airflow/example_dags/example_branch_day_of_week_operator.py
[2025-03-18T19:36:53.877+0000] {processor.py:914} INFO - Processing file /home/airflow/.local/lib/python3.12/site-packages/airflow/example_dags/example_branch_day_of_week_operator.py for tasks to queue
[2025-03-18T19:36:53.879+0000] {logging_mixin.py:190} INFO - [2025-03-18T19:36:53.879+0000] {dagbag.py:588} INFO - Filling up the DagBag from /home/airflow/.local/lib/python3.12/site-packages/airflow/example_dags/example_branch_day_of_week_operator.py
[2025-03-18T19:36:53.887+0000] {processor.py:925} INFO - DAG(s) 'example_weekday_branch_operator' retrieved from /home/airflow/.local/lib/python3.12/site-packages/airflow/example_dags/example_branch_day_of_week_operator.py
[2025-03-18T19:36:53.904+0000] {logging_mixin.py:190} INFO - [2025-03-18T19:36:53.904+0000] {dag.py:3239} INFO - Sync 1 DAGs
[2025-03-18T19:36:53.923+0000] {logging_mixin.py:190} INFO - [2025-03-18T19:36:53.923+0000] {dag.py:4180} INFO - Setting next_dagrun for example_weekday_branch_operator to 2025-03-17 00:00:00+00:00, run_after=2025-03-18 00:00:00+00:00
[2025-03-18T19:36:53.937+0000] {processor.py:208} INFO - Processing /home/airflow/.local/lib/python3.12/site-packages/airflow/example_dags/example_branch_day_of_week_operator.py took 0.066 seconds
[2025-03-18T19:37:24.685+0000] {processor.py:186} INFO - Started process (PID=5062) to work on /home/airflow/.local/lib/python3.12/site-packages/airflow/example_dags/example_branch_day_of_week_operator.py
[2025-03-18T19:37:24.685+0000] {processor.py:914} INFO - Processing file /home/airflow/.local/lib/python3.12/site-packages/airflow/example_dags/example_branch_day_of_week_operator.py for tasks to queue
[2025-03-18T19:37:24.687+0000] {logging_mixin.py:190} INFO - [2025-03-18T19:37:24.687+0000] {dagbag.py:588} INFO - Filling up the DagBag from /home/airflow/.local/lib/python3.12/site-packages/airflow/example_dags/example_branch_day_of_week_operator.py
[2025-03-18T19:37:24.696+0000] {processor.py:925} INFO - DAG(s) 'example_weekday_branch_operator' retrieved from /home/airflow/.local/lib/python3.12/site-packages/airflow/example_dags/example_branch_day_of_week_operator.py
[2025-03-18T19:37:24.713+0000] {logging_mixin.py:190} INFO - [2025-03-18T19:37:24.712+0000] {dag.py:3239} INFO - Sync 1 DAGs
[2025-03-18T19:37:24.731+0000] {logging_mixin.py:190} INFO - [2025-03-18T19:37:24.730+0000] {dag.py:4180} INFO - Setting next_dagrun for example_weekday_branch_operator to 2025-03-17 00:00:00+00:00, run_after=2025-03-18 00:00:00+00:00
[2025-03-18T19:37:24.745+0000] {processor.py:208} INFO - Processing /home/airflow/.local/lib/python3.12/site-packages/airflow/example_dags/example_branch_day_of_week_operator.py took 0.065 seconds
[2025-03-18T19:37:55.471+0000] {processor.py:186} INFO - Started process (PID=5127) to work on /home/airflow/.local/lib/python3.12/site-packages/airflow/example_dags/example_branch_day_of_week_operator.py
[2025-03-18T19:37:55.472+0000] {processor.py:914} INFO - Processing file /home/airflow/.local/lib/python3.12/site-packages/airflow/example_dags/example_branch_day_of_week_operator.py for tasks to queue
[2025-03-18T19:37:55.474+0000] {logging_mixin.py:190} INFO - [2025-03-18T19:37:55.473+0000] {dagbag.py:588} INFO - Filling up the DagBag from /home/airflow/.local/lib/python3.12/site-packages/airflow/example_dags/example_branch_day_of_week_operator.py
[2025-03-18T19:37:55.481+0000] {processor.py:925} INFO - DAG(s) 'example_weekday_branch_operator' retrieved from /home/airflow/.local/lib/python3.12/site-packages/airflow/example_dags/example_branch_day_of_week_operator.py
[2025-03-18T19:37:55.497+0000] {logging_mixin.py:190} INFO - [2025-03-18T19:37:55.497+0000] {dag.py:3239} INFO - Sync 1 DAGs
[2025-03-18T19:37:55.516+0000] {logging_mixin.py:190} INFO - [2025-03-18T19:37:55.515+0000] {dag.py:4180} INFO - Setting next_dagrun for example_weekday_branch_operator to 2025-03-17 00:00:00+00:00, run_after=2025-03-18 00:00:00+00:00
[2025-03-18T19:37:55.530+0000] {processor.py:208} INFO - Processing /home/airflow/.local/lib/python3.12/site-packages/airflow/example_dags/example_branch_day_of_week_operator.py took 0.064 seconds
[2025-03-18T19:38:26.156+0000] {processor.py:186} INFO - Started process (PID=5191) to work on /home/airflow/.local/lib/python3.12/site-packages/airflow/example_dags/example_branch_day_of_week_operator.py
[2025-03-18T19:38:26.157+0000] {processor.py:914} INFO - Processing file /home/airflow/.local/lib/python3.12/site-packages/airflow/example_dags/example_branch_day_of_week_operator.py for tasks to queue
[2025-03-18T19:38:26.159+0000] {logging_mixin.py:190} INFO - [2025-03-18T19:38:26.159+0000] {dagbag.py:588} INFO - Filling up the DagBag from /home/airflow/.local/lib/python3.12/site-packages/airflow/example_dags/example_branch_day_of_week_operator.py
[2025-03-18T19:38:26.167+0000] {processor.py:925} INFO - DAG(s) 'example_weekday_branch_operator' retrieved from /home/airflow/.local/lib/python3.12/site-packages/airflow/example_dags/example_branch_day_of_week_operator.py
[2025-03-18T19:38:26.186+0000] {logging_mixin.py:190} INFO - [2025-03-18T19:38:26.185+0000] {dag.py:3239} INFO - Sync 1 DAGs
[2025-03-18T19:38:26.205+0000] {logging_mixin.py:190} INFO - [2025-03-18T19:38:26.205+0000] {dag.py:4180} INFO - Setting next_dagrun for example_weekday_branch_operator to 2025-03-17 00:00:00+00:00, run_after=2025-03-18 00:00:00+00:00
[2025-03-18T19:38:26.219+0000] {processor.py:208} INFO - Processing /home/airflow/.local/lib/python3.12/site-packages/airflow/example_dags/example_branch_day_of_week_operator.py took 0.068 seconds
[2025-03-18T19:38:56.928+0000] {processor.py:186} INFO - Started process (PID=5255) to work on /home/airflow/.local/lib/python3.12/site-packages/airflow/example_dags/example_branch_day_of_week_operator.py
[2025-03-18T19:38:56.929+0000] {processor.py:914} INFO - Processing file /home/airflow/.local/lib/python3.12/site-packages/airflow/example_dags/example_branch_day_of_week_operator.py for tasks to queue
[2025-03-18T19:38:56.931+0000] {logging_mixin.py:190} INFO - [2025-03-18T19:38:56.931+0000] {dagbag.py:588} INFO - Filling up the DagBag from /home/airflow/.local/lib/python3.12/site-packages/airflow/example_dags/example_branch_day_of_week_operator.py
[2025-03-18T19:38:56.939+0000] {processor.py:925} INFO - DAG(s) 'example_weekday_branch_operator' retrieved from /home/airflow/.local/lib/python3.12/site-packages/airflow/example_dags/example_branch_day_of_week_operator.py
[2025-03-18T19:38:56.955+0000] {logging_mixin.py:190} INFO - [2025-03-18T19:38:56.955+0000] {dag.py:3239} INFO - Sync 1 DAGs
[2025-03-18T19:38:56.973+0000] {logging_mixin.py:190} INFO - [2025-03-18T19:38:56.973+0000] {dag.py:4180} INFO - Setting next_dagrun for example_weekday_branch_operator to 2025-03-17 00:00:00+00:00, run_after=2025-03-18 00:00:00+00:00
[2025-03-18T19:38:56.987+0000] {processor.py:208} INFO - Processing /home/airflow/.local/lib/python3.12/site-packages/airflow/example_dags/example_branch_day_of_week_operator.py took 0.063 seconds
[2025-03-18T19:39:27.723+0000] {processor.py:186} INFO - Started process (PID=5318) to work on /home/airflow/.local/lib/python3.12/site-packages/airflow/example_dags/example_branch_day_of_week_operator.py
[2025-03-18T19:39:27.724+0000] {processor.py:914} INFO - Processing file /home/airflow/.local/lib/python3.12/site-packages/airflow/example_dags/example_branch_day_of_week_operator.py for tasks to queue
[2025-03-18T19:39:27.726+0000] {logging_mixin.py:190} INFO - [2025-03-18T19:39:27.726+0000] {dagbag.py:588} INFO - Filling up the DagBag from /home/airflow/.local/lib/python3.12/site-packages/airflow/example_dags/example_branch_day_of_week_operator.py
[2025-03-18T19:39:27.734+0000] {processor.py:925} INFO - DAG(s) 'example_weekday_branch_operator' retrieved from /home/airflow/.local/lib/python3.12/site-packages/airflow/example_dags/example_branch_day_of_week_operator.py
[2025-03-18T19:39:27.752+0000] {logging_mixin.py:190} INFO - [2025-03-18T19:39:27.752+0000] {dag.py:3239} INFO - Sync 1 DAGs
[2025-03-18T19:39:27.772+0000] {logging_mixin.py:190} INFO - [2025-03-18T19:39:27.772+0000] {dag.py:4180} INFO - Setting next_dagrun for example_weekday_branch_operator to 2025-03-17 00:00:00+00:00, run_after=2025-03-18 00:00:00+00:00
[2025-03-18T19:39:27.786+0000] {processor.py:208} INFO - Processing /home/airflow/.local/lib/python3.12/site-packages/airflow/example_dags/example_branch_day_of_week_operator.py took 0.068 seconds
[2025-03-18T19:39:58.483+0000] {processor.py:186} INFO - Started process (PID=5383) to work on /home/airflow/.local/lib/python3.12/site-packages/airflow/example_dags/example_branch_day_of_week_operator.py
[2025-03-18T19:39:58.484+0000] {processor.py:914} INFO - Processing file /home/airflow/.local/lib/python3.12/site-packages/airflow/example_dags/example_branch_day_of_week_operator.py for tasks to queue
[2025-03-18T19:39:58.486+0000] {logging_mixin.py:190} INFO - [2025-03-18T19:39:58.486+0000] {dagbag.py:588} INFO - Filling up the DagBag from /home/airflow/.local/lib/python3.12/site-packages/airflow/example_dags/example_branch_day_of_week_operator.py
[2025-03-18T19:39:58.494+0000] {processor.py:925} INFO - DAG(s) 'example_weekday_branch_operator' retrieved from /home/airflow/.local/lib/python3.12/site-packages/airflow/example_dags/example_branch_day_of_week_operator.py
[2025-03-18T19:39:58.513+0000] {logging_mixin.py:190} INFO - [2025-03-18T19:39:58.513+0000] {dag.py:3239} INFO - Sync 1 DAGs
[2025-03-18T19:39:58.532+0000] {logging_mixin.py:190} INFO - [2025-03-18T19:39:58.532+0000] {dag.py:4180} INFO - Setting next_dagrun for example_weekday_branch_operator to 2025-03-17 00:00:00+00:00, run_after=2025-03-18 00:00:00+00:00
[2025-03-18T19:39:58.546+0000] {processor.py:208} INFO - Processing /home/airflow/.local/lib/python3.12/site-packages/airflow/example_dags/example_branch_day_of_week_operator.py took 0.068 seconds
[2025-03-18T19:40:29.239+0000] {processor.py:186} INFO - Started process (PID=5446) to work on /home/airflow/.local/lib/python3.12/site-packages/airflow/example_dags/example_branch_day_of_week_operator.py
[2025-03-18T19:40:29.240+0000] {processor.py:914} INFO - Processing file /home/airflow/.local/lib/python3.12/site-packages/airflow/example_dags/example_branch_day_of_week_operator.py for tasks to queue
[2025-03-18T19:40:29.242+0000] {logging_mixin.py:190} INFO - [2025-03-18T19:40:29.241+0000] {dagbag.py:588} INFO - Filling up the DagBag from /home/airflow/.local/lib/python3.12/site-packages/airflow/example_dags/example_branch_day_of_week_operator.py
[2025-03-18T19:40:29.250+0000] {processor.py:925} INFO - DAG(s) 'example_weekday_branch_operator' retrieved from /home/airflow/.local/lib/python3.12/site-packages/airflow/example_dags/example_branch_day_of_week_operator.py
[2025-03-18T19:40:29.267+0000] {logging_mixin.py:190} INFO - [2025-03-18T19:40:29.266+0000] {dag.py:3239} INFO - Sync 1 DAGs
[2025-03-18T19:40:29.285+0000] {logging_mixin.py:190} INFO - [2025-03-18T19:40:29.285+0000] {dag.py:4180} INFO - Setting next_dagrun for example_weekday_branch_operator to 2025-03-17 00:00:00+00:00, run_after=2025-03-18 00:00:00+00:00
[2025-03-18T19:40:29.299+0000] {processor.py:208} INFO - Processing /home/airflow/.local/lib/python3.12/site-packages/airflow/example_dags/example_branch_day_of_week_operator.py took 0.066 seconds
[2025-03-18T19:40:59.801+0000] {processor.py:186} INFO - Started process (PID=5510) to work on /home/airflow/.local/lib/python3.12/site-packages/airflow/example_dags/example_branch_day_of_week_operator.py
[2025-03-18T19:40:59.802+0000] {processor.py:914} INFO - Processing file /home/airflow/.local/lib/python3.12/site-packages/airflow/example_dags/example_branch_day_of_week_operator.py for tasks to queue
[2025-03-18T19:40:59.804+0000] {logging_mixin.py:190} INFO - [2025-03-18T19:40:59.804+0000] {dagbag.py:588} INFO - Filling up the DagBag from /home/airflow/.local/lib/python3.12/site-packages/airflow/example_dags/example_branch_day_of_week_operator.py
[2025-03-18T19:40:59.812+0000] {processor.py:925} INFO - DAG(s) 'example_weekday_branch_operator' retrieved from /home/airflow/.local/lib/python3.12/site-packages/airflow/example_dags/example_branch_day_of_week_operator.py
[2025-03-18T19:40:59.827+0000] {logging_mixin.py:190} INFO - [2025-03-18T19:40:59.827+0000] {dag.py:3239} INFO - Sync 1 DAGs
[2025-03-18T19:40:59.845+0000] {logging_mixin.py:190} INFO - [2025-03-18T19:40:59.844+0000] {dag.py:4180} INFO - Setting next_dagrun for example_weekday_branch_operator to 2025-03-17 00:00:00+00:00, run_after=2025-03-18 00:00:00+00:00
[2025-03-18T19:40:59.858+0000] {processor.py:208} INFO - Processing /home/airflow/.local/lib/python3.12/site-packages/airflow/example_dags/example_branch_day_of_week_operator.py took 0.062 seconds
[2025-03-18T19:41:30.492+0000] {processor.py:186} INFO - Started process (PID=5574) to work on /home/airflow/.local/lib/python3.12/site-packages/airflow/example_dags/example_branch_day_of_week_operator.py
[2025-03-18T19:41:30.493+0000] {processor.py:914} INFO - Processing file /home/airflow/.local/lib/python3.12/site-packages/airflow/example_dags/example_branch_day_of_week_operator.py for tasks to queue
[2025-03-18T19:41:30.495+0000] {logging_mixin.py:190} INFO - [2025-03-18T19:41:30.495+0000] {dagbag.py:588} INFO - Filling up the DagBag from /home/airflow/.local/lib/python3.12/site-packages/airflow/example_dags/example_branch_day_of_week_operator.py
[2025-03-18T19:41:30.503+0000] {processor.py:925} INFO - DAG(s) 'example_weekday_branch_operator' retrieved from /home/airflow/.local/lib/python3.12/site-packages/airflow/example_dags/example_branch_day_of_week_operator.py
[2025-03-18T19:41:30.518+0000] {logging_mixin.py:190} INFO - [2025-03-18T19:41:30.518+0000] {dag.py:3239} INFO - Sync 1 DAGs
[2025-03-18T19:41:30.536+0000] {logging_mixin.py:190} INFO - [2025-03-18T19:41:30.535+0000] {dag.py:4180} INFO - Setting next_dagrun for example_weekday_branch_operator to 2025-03-17 00:00:00+00:00, run_after=2025-03-18 00:00:00+00:00
[2025-03-18T19:41:30.547+0000] {processor.py:208} INFO - Processing /home/airflow/.local/lib/python3.12/site-packages/airflow/example_dags/example_branch_day_of_week_operator.py took 0.060 seconds
[2025-03-18T19:42:01.310+0000] {processor.py:186} INFO - Started process (PID=5638) to work on /home/airflow/.local/lib/python3.12/site-packages/airflow/example_dags/example_branch_day_of_week_operator.py
[2025-03-18T19:42:01.311+0000] {processor.py:914} INFO - Processing file /home/airflow/.local/lib/python3.12/site-packages/airflow/example_dags/example_branch_day_of_week_operator.py for tasks to queue
[2025-03-18T19:42:01.314+0000] {logging_mixin.py:190} INFO - [2025-03-18T19:42:01.313+0000] {dagbag.py:588} INFO - Filling up the DagBag from /home/airflow/.local/lib/python3.12/site-packages/airflow/example_dags/example_branch_day_of_week_operator.py
[2025-03-18T19:42:01.322+0000] {processor.py:925} INFO - DAG(s) 'example_weekday_branch_operator' retrieved from /home/airflow/.local/lib/python3.12/site-packages/airflow/example_dags/example_branch_day_of_week_operator.py
[2025-03-18T19:42:01.340+0000] {logging_mixin.py:190} INFO - [2025-03-18T19:42:01.340+0000] {dag.py:3239} INFO - Sync 1 DAGs
[2025-03-18T19:42:01.360+0000] {logging_mixin.py:190} INFO - [2025-03-18T19:42:01.360+0000] {dag.py:4180} INFO - Setting next_dagrun for example_weekday_branch_operator to 2025-03-17 00:00:00+00:00, run_after=2025-03-18 00:00:00+00:00
[2025-03-18T19:42:01.374+0000] {processor.py:208} INFO - Processing /home/airflow/.local/lib/python3.12/site-packages/airflow/example_dags/example_branch_day_of_week_operator.py took 0.069 seconds
[2025-03-18T19:42:32.852+0000] {processor.py:186} INFO - Started process (PID=5702) to work on /home/airflow/.local/lib/python3.12/site-packages/airflow/example_dags/example_branch_day_of_week_operator.py
[2025-03-18T19:42:32.853+0000] {processor.py:914} INFO - Processing file /home/airflow/.local/lib/python3.12/site-packages/airflow/example_dags/example_branch_day_of_week_operator.py for tasks to queue
[2025-03-18T19:42:32.855+0000] {logging_mixin.py:190} INFO - [2025-03-18T19:42:32.854+0000] {dagbag.py:588} INFO - Filling up the DagBag from /home/airflow/.local/lib/python3.12/site-packages/airflow/example_dags/example_branch_day_of_week_operator.py
[2025-03-18T19:42:32.863+0000] {processor.py:925} INFO - DAG(s) 'example_weekday_branch_operator' retrieved from /home/airflow/.local/lib/python3.12/site-packages/airflow/example_dags/example_branch_day_of_week_operator.py
[2025-03-18T19:42:32.880+0000] {logging_mixin.py:190} INFO - [2025-03-18T19:42:32.880+0000] {dag.py:3239} INFO - Sync 1 DAGs
[2025-03-18T19:42:32.899+0000] {logging_mixin.py:190} INFO - [2025-03-18T19:42:32.899+0000] {dag.py:4180} INFO - Setting next_dagrun for example_weekday_branch_operator to 2025-03-17 00:00:00+00:00, run_after=2025-03-18 00:00:00+00:00
[2025-03-18T19:42:32.912+0000] {processor.py:208} INFO - Processing /home/airflow/.local/lib/python3.12/site-packages/airflow/example_dags/example_branch_day_of_week_operator.py took 0.066 seconds
[2025-03-18T19:43:03.833+0000] {processor.py:186} INFO - Started process (PID=5766) to work on /home/airflow/.local/lib/python3.12/site-packages/airflow/example_dags/example_branch_day_of_week_operator.py
[2025-03-18T19:43:03.834+0000] {processor.py:914} INFO - Processing file /home/airflow/.local/lib/python3.12/site-packages/airflow/example_dags/example_branch_day_of_week_operator.py for tasks to queue
[2025-03-18T19:43:03.836+0000] {logging_mixin.py:190} INFO - [2025-03-18T19:43:03.835+0000] {dagbag.py:588} INFO - Filling up the DagBag from /home/airflow/.local/lib/python3.12/site-packages/airflow/example_dags/example_branch_day_of_week_operator.py
[2025-03-18T19:43:03.844+0000] {processor.py:925} INFO - DAG(s) 'example_weekday_branch_operator' retrieved from /home/airflow/.local/lib/python3.12/site-packages/airflow/example_dags/example_branch_day_of_week_operator.py
[2025-03-18T19:43:03.862+0000] {logging_mixin.py:190} INFO - [2025-03-18T19:43:03.862+0000] {dag.py:3239} INFO - Sync 1 DAGs
[2025-03-18T19:43:03.879+0000] {logging_mixin.py:190} INFO - [2025-03-18T19:43:03.879+0000] {dag.py:4180} INFO - Setting next_dagrun for example_weekday_branch_operator to 2025-03-17 00:00:00+00:00, run_after=2025-03-18 00:00:00+00:00
[2025-03-18T19:43:03.894+0000] {processor.py:208} INFO - Processing /home/airflow/.local/lib/python3.12/site-packages/airflow/example_dags/example_branch_day_of_week_operator.py took 0.066 seconds
[2025-03-18T19:43:34.632+0000] {processor.py:186} INFO - Started process (PID=5830) to work on /home/airflow/.local/lib/python3.12/site-packages/airflow/example_dags/example_branch_day_of_week_operator.py
[2025-03-18T19:43:34.633+0000] {processor.py:914} INFO - Processing file /home/airflow/.local/lib/python3.12/site-packages/airflow/example_dags/example_branch_day_of_week_operator.py for tasks to queue
[2025-03-18T19:43:34.635+0000] {logging_mixin.py:190} INFO - [2025-03-18T19:43:34.635+0000] {dagbag.py:588} INFO - Filling up the DagBag from /home/airflow/.local/lib/python3.12/site-packages/airflow/example_dags/example_branch_day_of_week_operator.py
[2025-03-18T19:43:34.646+0000] {processor.py:925} INFO - DAG(s) 'example_weekday_branch_operator' retrieved from /home/airflow/.local/lib/python3.12/site-packages/airflow/example_dags/example_branch_day_of_week_operator.py
[2025-03-18T19:43:34.666+0000] {logging_mixin.py:190} INFO - [2025-03-18T19:43:34.666+0000] {dag.py:3239} INFO - Sync 1 DAGs
[2025-03-18T19:43:34.689+0000] {logging_mixin.py:190} INFO - [2025-03-18T19:43:34.689+0000] {dag.py:4180} INFO - Setting next_dagrun for example_weekday_branch_operator to 2025-03-17 00:00:00+00:00, run_after=2025-03-18 00:00:00+00:00
[2025-03-18T19:43:34.706+0000] {processor.py:208} INFO - Processing /home/airflow/.local/lib/python3.12/site-packages/airflow/example_dags/example_branch_day_of_week_operator.py took 0.082 seconds
