[2025-03-18T19:24:01.188+0000] {processor.py:186} INFO - Started process (PID=3379) to work on /home/airflow/.local/lib/python3.12/site-packages/airflow/example_dags/example_skip_dag.py
[2025-03-18T19:24:01.189+0000] {processor.py:914} INFO - Processing file /home/airflow/.local/lib/python3.12/site-packages/airflow/example_dags/example_skip_dag.py for tasks to queue
[2025-03-18T19:24:01.191+0000] {logging_mixin.py:190} INFO - [2025-03-18T19:24:01.190+0000] {dagbag.py:588} INFO - Filling up the DagBag from /home/airflow/.local/lib/python3.12/site-packages/airflow/example_dags/example_skip_dag.py
[2025-03-18T19:24:01.197+0000] {processor.py:925} INFO - DAG(s) 'example_skip_dag' retrieved from /home/airflow/.local/lib/python3.12/site-packages/airflow/example_dags/example_skip_dag.py
[2025-03-18T19:24:01.216+0000] {logging_mixin.py:190} INFO - [2025-03-18T19:24:01.216+0000] {dag.py:3239} INFO - Sync 1 DAGs
[2025-03-18T19:24:01.234+0000] {logging_mixin.py:190} INFO - [2025-03-18T19:24:01.234+0000] {dag.py:4180} INFO - Setting next_dagrun for example_skip_dag to 2025-03-17 00:00:00+00:00, run_after=2025-03-18 00:00:00+00:00
[2025-03-18T19:24:01.247+0000] {processor.py:208} INFO - Processing /home/airflow/.local/lib/python3.12/site-packages/airflow/example_dags/example_skip_dag.py took 0.065 seconds
[2025-03-18T19:24:31.686+0000] {processor.py:186} INFO - Started process (PID=3443) to work on /home/airflow/.local/lib/python3.12/site-packages/airflow/example_dags/example_skip_dag.py
[2025-03-18T19:24:31.687+0000] {processor.py:914} INFO - Processing file /home/airflow/.local/lib/python3.12/site-packages/airflow/example_dags/example_skip_dag.py for tasks to queue
[2025-03-18T19:24:31.689+0000] {logging_mixin.py:190} INFO - [2025-03-18T19:24:31.689+0000] {dagbag.py:588} INFO - Filling up the DagBag from /home/airflow/.local/lib/python3.12/site-packages/airflow/example_dags/example_skip_dag.py
[2025-03-18T19:24:31.695+0000] {processor.py:925} INFO - DAG(s) 'example_skip_dag' retrieved from /home/airflow/.local/lib/python3.12/site-packages/airflow/example_dags/example_skip_dag.py
[2025-03-18T19:24:31.713+0000] {logging_mixin.py:190} INFO - [2025-03-18T19:24:31.713+0000] {dag.py:3239} INFO - Sync 1 DAGs
[2025-03-18T19:24:31.730+0000] {logging_mixin.py:190} INFO - [2025-03-18T19:24:31.730+0000] {dag.py:4180} INFO - Setting next_dagrun for example_skip_dag to 2025-03-17 00:00:00+00:00, run_after=2025-03-18 00:00:00+00:00
[2025-03-18T19:24:31.743+0000] {processor.py:208} INFO - Processing /home/airflow/.local/lib/python3.12/site-packages/airflow/example_dags/example_skip_dag.py took 0.063 seconds
[2025-03-18T19:25:02.302+0000] {processor.py:186} INFO - Started process (PID=3507) to work on /home/airflow/.local/lib/python3.12/site-packages/airflow/example_dags/example_skip_dag.py
[2025-03-18T19:25:02.303+0000] {processor.py:914} INFO - Processing file /home/airflow/.local/lib/python3.12/site-packages/airflow/example_dags/example_skip_dag.py for tasks to queue
[2025-03-18T19:25:02.305+0000] {logging_mixin.py:190} INFO - [2025-03-18T19:25:02.304+0000] {dagbag.py:588} INFO - Filling up the DagBag from /home/airflow/.local/lib/python3.12/site-packages/airflow/example_dags/example_skip_dag.py
[2025-03-18T19:25:02.311+0000] {processor.py:925} INFO - DAG(s) 'example_skip_dag' retrieved from /home/airflow/.local/lib/python3.12/site-packages/airflow/example_dags/example_skip_dag.py
[2025-03-18T19:25:02.329+0000] {logging_mixin.py:190} INFO - [2025-03-18T19:25:02.329+0000] {dag.py:3239} INFO - Sync 1 DAGs
[2025-03-18T19:25:02.348+0000] {logging_mixin.py:190} INFO - [2025-03-18T19:25:02.348+0000] {dag.py:4180} INFO - Setting next_dagrun for example_skip_dag to 2025-03-17 00:00:00+00:00, run_after=2025-03-18 00:00:00+00:00
[2025-03-18T19:25:02.362+0000] {processor.py:208} INFO - Processing /home/airflow/.local/lib/python3.12/site-packages/airflow/example_dags/example_skip_dag.py took 0.065 seconds
[2025-03-18T19:25:33.721+0000] {processor.py:186} INFO - Started process (PID=3571) to work on /home/airflow/.local/lib/python3.12/site-packages/airflow/example_dags/example_skip_dag.py
[2025-03-18T19:25:33.722+0000] {processor.py:914} INFO - Processing file /home/airflow/.local/lib/python3.12/site-packages/airflow/example_dags/example_skip_dag.py for tasks to queue
[2025-03-18T19:25:33.726+0000] {logging_mixin.py:190} INFO - [2025-03-18T19:25:33.725+0000] {dagbag.py:588} INFO - Filling up the DagBag from /home/airflow/.local/lib/python3.12/site-packages/airflow/example_dags/example_skip_dag.py
[2025-03-18T19:25:33.733+0000] {processor.py:925} INFO - DAG(s) 'example_skip_dag' retrieved from /home/airflow/.local/lib/python3.12/site-packages/airflow/example_dags/example_skip_dag.py
[2025-03-18T19:25:33.755+0000] {logging_mixin.py:190} INFO - [2025-03-18T19:25:33.755+0000] {dag.py:3239} INFO - Sync 1 DAGs
[2025-03-18T19:25:33.777+0000] {logging_mixin.py:190} INFO - [2025-03-18T19:25:33.777+0000] {dag.py:4180} INFO - Setting next_dagrun for example_skip_dag to 2025-03-17 00:00:00+00:00, run_after=2025-03-18 00:00:00+00:00
[2025-03-18T19:25:33.794+0000] {processor.py:208} INFO - Processing /home/airflow/.local/lib/python3.12/site-packages/airflow/example_dags/example_skip_dag.py took 0.078 seconds
[2025-03-18T19:26:04.494+0000] {processor.py:186} INFO - Started process (PID=3635) to work on /home/airflow/.local/lib/python3.12/site-packages/airflow/example_dags/example_skip_dag.py
[2025-03-18T19:26:04.495+0000] {processor.py:914} INFO - Processing file /home/airflow/.local/lib/python3.12/site-packages/airflow/example_dags/example_skip_dag.py for tasks to queue
[2025-03-18T19:26:04.497+0000] {logging_mixin.py:190} INFO - [2025-03-18T19:26:04.497+0000] {dagbag.py:588} INFO - Filling up the DagBag from /home/airflow/.local/lib/python3.12/site-packages/airflow/example_dags/example_skip_dag.py
[2025-03-18T19:26:04.504+0000] {processor.py:925} INFO - DAG(s) 'example_skip_dag' retrieved from /home/airflow/.local/lib/python3.12/site-packages/airflow/example_dags/example_skip_dag.py
[2025-03-18T19:26:04.522+0000] {logging_mixin.py:190} INFO - [2025-03-18T19:26:04.521+0000] {dag.py:3239} INFO - Sync 1 DAGs
[2025-03-18T19:26:04.540+0000] {logging_mixin.py:190} INFO - [2025-03-18T19:26:04.540+0000] {dag.py:4180} INFO - Setting next_dagrun for example_skip_dag to 2025-03-17 00:00:00+00:00, run_after=2025-03-18 00:00:00+00:00
[2025-03-18T19:26:04.553+0000] {processor.py:208} INFO - Processing /home/airflow/.local/lib/python3.12/site-packages/airflow/example_dags/example_skip_dag.py took 0.064 seconds
[2025-03-18T19:26:34.898+0000] {processor.py:186} INFO - Started process (PID=3699) to work on /home/airflow/.local/lib/python3.12/site-packages/airflow/example_dags/example_skip_dag.py
[2025-03-18T19:26:34.899+0000] {processor.py:914} INFO - Processing file /home/airflow/.local/lib/python3.12/site-packages/airflow/example_dags/example_skip_dag.py for tasks to queue
[2025-03-18T19:26:34.901+0000] {logging_mixin.py:190} INFO - [2025-03-18T19:26:34.901+0000] {dagbag.py:588} INFO - Filling up the DagBag from /home/airflow/.local/lib/python3.12/site-packages/airflow/example_dags/example_skip_dag.py
[2025-03-18T19:26:34.907+0000] {processor.py:925} INFO - DAG(s) 'example_skip_dag' retrieved from /home/airflow/.local/lib/python3.12/site-packages/airflow/example_dags/example_skip_dag.py
[2025-03-18T19:26:34.925+0000] {logging_mixin.py:190} INFO - [2025-03-18T19:26:34.925+0000] {dag.py:3239} INFO - Sync 1 DAGs
[2025-03-18T19:26:34.943+0000] {logging_mixin.py:190} INFO - [2025-03-18T19:26:34.943+0000] {dag.py:4180} INFO - Setting next_dagrun for example_skip_dag to 2025-03-17 00:00:00+00:00, run_after=2025-03-18 00:00:00+00:00
[2025-03-18T19:26:34.957+0000] {processor.py:208} INFO - Processing /home/airflow/.local/lib/python3.12/site-packages/airflow/example_dags/example_skip_dag.py took 0.064 seconds
[2025-03-18T19:27:05.535+0000] {processor.py:186} INFO - Started process (PID=3763) to work on /home/airflow/.local/lib/python3.12/site-packages/airflow/example_dags/example_skip_dag.py
[2025-03-18T19:27:05.536+0000] {processor.py:914} INFO - Processing file /home/airflow/.local/lib/python3.12/site-packages/airflow/example_dags/example_skip_dag.py for tasks to queue
[2025-03-18T19:27:05.538+0000] {logging_mixin.py:190} INFO - [2025-03-18T19:27:05.538+0000] {dagbag.py:588} INFO - Filling up the DagBag from /home/airflow/.local/lib/python3.12/site-packages/airflow/example_dags/example_skip_dag.py
[2025-03-18T19:27:05.545+0000] {processor.py:925} INFO - DAG(s) 'example_skip_dag' retrieved from /home/airflow/.local/lib/python3.12/site-packages/airflow/example_dags/example_skip_dag.py
[2025-03-18T19:27:05.562+0000] {logging_mixin.py:190} INFO - [2025-03-18T19:27:05.562+0000] {dag.py:3239} INFO - Sync 1 DAGs
[2025-03-18T19:27:05.581+0000] {logging_mixin.py:190} INFO - [2025-03-18T19:27:05.581+0000] {dag.py:4180} INFO - Setting next_dagrun for example_skip_dag to 2025-03-17 00:00:00+00:00, run_after=2025-03-18 00:00:00+00:00
[2025-03-18T19:27:05.595+0000] {processor.py:208} INFO - Processing /home/airflow/.local/lib/python3.12/site-packages/airflow/example_dags/example_skip_dag.py took 0.065 seconds
[2025-03-18T19:27:36.205+0000] {processor.py:186} INFO - Started process (PID=3827) to work on /home/airflow/.local/lib/python3.12/site-packages/airflow/example_dags/example_skip_dag.py
[2025-03-18T19:27:36.206+0000] {processor.py:914} INFO - Processing file /home/airflow/.local/lib/python3.12/site-packages/airflow/example_dags/example_skip_dag.py for tasks to queue
[2025-03-18T19:27:36.208+0000] {logging_mixin.py:190} INFO - [2025-03-18T19:27:36.208+0000] {dagbag.py:588} INFO - Filling up the DagBag from /home/airflow/.local/lib/python3.12/site-packages/airflow/example_dags/example_skip_dag.py
[2025-03-18T19:27:36.215+0000] {processor.py:925} INFO - DAG(s) 'example_skip_dag' retrieved from /home/airflow/.local/lib/python3.12/site-packages/airflow/example_dags/example_skip_dag.py
[2025-03-18T19:27:36.234+0000] {logging_mixin.py:190} INFO - [2025-03-18T19:27:36.234+0000] {dag.py:3239} INFO - Sync 1 DAGs
[2025-03-18T19:27:36.254+0000] {logging_mixin.py:190} INFO - [2025-03-18T19:27:36.254+0000] {dag.py:4180} INFO - Setting next_dagrun for example_skip_dag to 2025-03-17 00:00:00+00:00, run_after=2025-03-18 00:00:00+00:00
[2025-03-18T19:27:36.268+0000] {processor.py:208} INFO - Processing /home/airflow/.local/lib/python3.12/site-packages/airflow/example_dags/example_skip_dag.py took 0.069 seconds
[2025-03-18T19:28:06.948+0000] {processor.py:186} INFO - Started process (PID=3892) to work on /home/airflow/.local/lib/python3.12/site-packages/airflow/example_dags/example_skip_dag.py
[2025-03-18T19:28:06.949+0000] {processor.py:914} INFO - Processing file /home/airflow/.local/lib/python3.12/site-packages/airflow/example_dags/example_skip_dag.py for tasks to queue
[2025-03-18T19:28:06.951+0000] {logging_mixin.py:190} INFO - [2025-03-18T19:28:06.951+0000] {dagbag.py:588} INFO - Filling up the DagBag from /home/airflow/.local/lib/python3.12/site-packages/airflow/example_dags/example_skip_dag.py
[2025-03-18T19:28:06.958+0000] {processor.py:925} INFO - DAG(s) 'example_skip_dag' retrieved from /home/airflow/.local/lib/python3.12/site-packages/airflow/example_dags/example_skip_dag.py
[2025-03-18T19:28:06.978+0000] {logging_mixin.py:190} INFO - [2025-03-18T19:28:06.978+0000] {dag.py:3239} INFO - Sync 1 DAGs
[2025-03-18T19:28:06.997+0000] {logging_mixin.py:190} INFO - [2025-03-18T19:28:06.997+0000] {dag.py:4180} INFO - Setting next_dagrun for example_skip_dag to 2025-03-17 00:00:00+00:00, run_after=2025-03-18 00:00:00+00:00
[2025-03-18T19:28:07.013+0000] {processor.py:208} INFO - Processing /home/airflow/.local/lib/python3.12/site-packages/airflow/example_dags/example_skip_dag.py took 0.069 seconds
[2025-03-18T19:28:37.926+0000] {processor.py:186} INFO - Started process (PID=3956) to work on /home/airflow/.local/lib/python3.12/site-packages/airflow/example_dags/example_skip_dag.py
[2025-03-18T19:28:37.927+0000] {processor.py:914} INFO - Processing file /home/airflow/.local/lib/python3.12/site-packages/airflow/example_dags/example_skip_dag.py for tasks to queue
[2025-03-18T19:28:37.929+0000] {logging_mixin.py:190} INFO - [2025-03-18T19:28:37.928+0000] {dagbag.py:588} INFO - Filling up the DagBag from /home/airflow/.local/lib/python3.12/site-packages/airflow/example_dags/example_skip_dag.py
[2025-03-18T19:28:37.936+0000] {processor.py:925} INFO - DAG(s) 'example_skip_dag' retrieved from /home/airflow/.local/lib/python3.12/site-packages/airflow/example_dags/example_skip_dag.py
[2025-03-18T19:28:37.954+0000] {logging_mixin.py:190} INFO - [2025-03-18T19:28:37.954+0000] {dag.py:3239} INFO - Sync 1 DAGs
[2025-03-18T19:28:37.973+0000] {logging_mixin.py:190} INFO - [2025-03-18T19:28:37.973+0000] {dag.py:4180} INFO - Setting next_dagrun for example_skip_dag to 2025-03-17 00:00:00+00:00, run_after=2025-03-18 00:00:00+00:00
[2025-03-18T19:28:37.987+0000] {processor.py:208} INFO - Processing /home/airflow/.local/lib/python3.12/site-packages/airflow/example_dags/example_skip_dag.py took 0.067 seconds
[2025-03-18T19:29:08.873+0000] {processor.py:186} INFO - Started process (PID=4020) to work on /home/airflow/.local/lib/python3.12/site-packages/airflow/example_dags/example_skip_dag.py
[2025-03-18T19:29:08.874+0000] {processor.py:914} INFO - Processing file /home/airflow/.local/lib/python3.12/site-packages/airflow/example_dags/example_skip_dag.py for tasks to queue
[2025-03-18T19:29:08.876+0000] {logging_mixin.py:190} INFO - [2025-03-18T19:29:08.876+0000] {dagbag.py:588} INFO - Filling up the DagBag from /home/airflow/.local/lib/python3.12/site-packages/airflow/example_dags/example_skip_dag.py
[2025-03-18T19:29:08.884+0000] {processor.py:925} INFO - DAG(s) 'example_skip_dag' retrieved from /home/airflow/.local/lib/python3.12/site-packages/airflow/example_dags/example_skip_dag.py
[2025-03-18T19:29:08.903+0000] {logging_mixin.py:190} INFO - [2025-03-18T19:29:08.902+0000] {dag.py:3239} INFO - Sync 1 DAGs
[2025-03-18T19:29:08.920+0000] {logging_mixin.py:190} INFO - [2025-03-18T19:29:08.920+0000] {dag.py:4180} INFO - Setting next_dagrun for example_skip_dag to 2025-03-17 00:00:00+00:00, run_after=2025-03-18 00:00:00+00:00
[2025-03-18T19:29:08.934+0000] {processor.py:208} INFO - Processing /home/airflow/.local/lib/python3.12/site-packages/airflow/example_dags/example_skip_dag.py took 0.066 seconds
[2025-03-18T19:29:39.785+0000] {processor.py:186} INFO - Started process (PID=4084) to work on /home/airflow/.local/lib/python3.12/site-packages/airflow/example_dags/example_skip_dag.py
[2025-03-18T19:29:39.786+0000] {processor.py:914} INFO - Processing file /home/airflow/.local/lib/python3.12/site-packages/airflow/example_dags/example_skip_dag.py for tasks to queue
[2025-03-18T19:29:39.788+0000] {logging_mixin.py:190} INFO - [2025-03-18T19:29:39.788+0000] {dagbag.py:588} INFO - Filling up the DagBag from /home/airflow/.local/lib/python3.12/site-packages/airflow/example_dags/example_skip_dag.py
[2025-03-18T19:29:39.794+0000] {processor.py:925} INFO - DAG(s) 'example_skip_dag' retrieved from /home/airflow/.local/lib/python3.12/site-packages/airflow/example_dags/example_skip_dag.py
[2025-03-18T19:29:39.811+0000] {logging_mixin.py:190} INFO - [2025-03-18T19:29:39.811+0000] {dag.py:3239} INFO - Sync 1 DAGs
[2025-03-18T19:29:39.831+0000] {logging_mixin.py:190} INFO - [2025-03-18T19:29:39.831+0000] {dag.py:4180} INFO - Setting next_dagrun for example_skip_dag to 2025-03-17 00:00:00+00:00, run_after=2025-03-18 00:00:00+00:00
[2025-03-18T19:29:39.844+0000] {processor.py:208} INFO - Processing /home/airflow/.local/lib/python3.12/site-packages/airflow/example_dags/example_skip_dag.py took 0.064 seconds
[2025-03-18T19:30:10.636+0000] {processor.py:186} INFO - Started process (PID=4148) to work on /home/airflow/.local/lib/python3.12/site-packages/airflow/example_dags/example_skip_dag.py
[2025-03-18T19:30:10.637+0000] {processor.py:914} INFO - Processing file /home/airflow/.local/lib/python3.12/site-packages/airflow/example_dags/example_skip_dag.py for tasks to queue
[2025-03-18T19:30:10.639+0000] {logging_mixin.py:190} INFO - [2025-03-18T19:30:10.639+0000] {dagbag.py:588} INFO - Filling up the DagBag from /home/airflow/.local/lib/python3.12/site-packages/airflow/example_dags/example_skip_dag.py
[2025-03-18T19:30:10.646+0000] {processor.py:925} INFO - DAG(s) 'example_skip_dag' retrieved from /home/airflow/.local/lib/python3.12/site-packages/airflow/example_dags/example_skip_dag.py
[2025-03-18T19:30:10.663+0000] {logging_mixin.py:190} INFO - [2025-03-18T19:30:10.663+0000] {dag.py:3239} INFO - Sync 1 DAGs
[2025-03-18T19:30:10.682+0000] {logging_mixin.py:190} INFO - [2025-03-18T19:30:10.681+0000] {dag.py:4180} INFO - Setting next_dagrun for example_skip_dag to 2025-03-17 00:00:00+00:00, run_after=2025-03-18 00:00:00+00:00
[2025-03-18T19:30:10.695+0000] {processor.py:208} INFO - Processing /home/airflow/.local/lib/python3.12/site-packages/airflow/example_dags/example_skip_dag.py took 0.065 seconds
[2025-03-18T19:37:22.694+0000] {processor.py:186} INFO - Started process (PID=5050) to work on /home/airflow/.local/lib/python3.12/site-packages/airflow/example_dags/example_skip_dag.py
[2025-03-18T19:37:22.695+0000] {processor.py:914} INFO - Processing file /home/airflow/.local/lib/python3.12/site-packages/airflow/example_dags/example_skip_dag.py for tasks to queue
[2025-03-18T19:37:22.697+0000] {logging_mixin.py:190} INFO - [2025-03-18T19:37:22.697+0000] {dagbag.py:588} INFO - Filling up the DagBag from /home/airflow/.local/lib/python3.12/site-packages/airflow/example_dags/example_skip_dag.py
[2025-03-18T19:37:22.703+0000] {processor.py:925} INFO - DAG(s) 'example_skip_dag' retrieved from /home/airflow/.local/lib/python3.12/site-packages/airflow/example_dags/example_skip_dag.py
[2025-03-18T19:37:22.721+0000] {logging_mixin.py:190} INFO - [2025-03-18T19:37:22.721+0000] {dag.py:3239} INFO - Sync 1 DAGs
[2025-03-18T19:37:22.738+0000] {logging_mixin.py:190} INFO - [2025-03-18T19:37:22.738+0000] {dag.py:4180} INFO - Setting next_dagrun for example_skip_dag to 2025-03-17 00:00:00+00:00, run_after=2025-03-18 00:00:00+00:00
[2025-03-18T19:37:22.751+0000] {processor.py:208} INFO - Processing /home/airflow/.local/lib/python3.12/site-packages/airflow/example_dags/example_skip_dag.py took 0.063 seconds
[2025-03-18T19:37:53.418+0000] {processor.py:186} INFO - Started process (PID=5114) to work on /home/airflow/.local/lib/python3.12/site-packages/airflow/example_dags/example_skip_dag.py
[2025-03-18T19:37:53.419+0000] {processor.py:914} INFO - Processing file /home/airflow/.local/lib/python3.12/site-packages/airflow/example_dags/example_skip_dag.py for tasks to queue
[2025-03-18T19:37:53.420+0000] {logging_mixin.py:190} INFO - [2025-03-18T19:37:53.420+0000] {dagbag.py:588} INFO - Filling up the DagBag from /home/airflow/.local/lib/python3.12/site-packages/airflow/example_dags/example_skip_dag.py
[2025-03-18T19:37:53.427+0000] {processor.py:925} INFO - DAG(s) 'example_skip_dag' retrieved from /home/airflow/.local/lib/python3.12/site-packages/airflow/example_dags/example_skip_dag.py
[2025-03-18T19:37:53.446+0000] {logging_mixin.py:190} INFO - [2025-03-18T19:37:53.446+0000] {dag.py:3239} INFO - Sync 1 DAGs
[2025-03-18T19:37:53.465+0000] {logging_mixin.py:190} INFO - [2025-03-18T19:37:53.464+0000] {dag.py:4180} INFO - Setting next_dagrun for example_skip_dag to 2025-03-17 00:00:00+00:00, run_after=2025-03-18 00:00:00+00:00
[2025-03-18T19:37:53.479+0000] {processor.py:208} INFO - Processing /home/airflow/.local/lib/python3.12/site-packages/airflow/example_dags/example_skip_dag.py took 0.066 seconds
[2025-03-18T19:38:24.049+0000] {processor.py:186} INFO - Started process (PID=5178) to work on /home/airflow/.local/lib/python3.12/site-packages/airflow/example_dags/example_skip_dag.py
[2025-03-18T19:38:24.050+0000] {processor.py:914} INFO - Processing file /home/airflow/.local/lib/python3.12/site-packages/airflow/example_dags/example_skip_dag.py for tasks to queue
[2025-03-18T19:38:24.053+0000] {logging_mixin.py:190} INFO - [2025-03-18T19:38:24.052+0000] {dagbag.py:588} INFO - Filling up the DagBag from /home/airflow/.local/lib/python3.12/site-packages/airflow/example_dags/example_skip_dag.py
[2025-03-18T19:38:24.059+0000] {processor.py:925} INFO - DAG(s) 'example_skip_dag' retrieved from /home/airflow/.local/lib/python3.12/site-packages/airflow/example_dags/example_skip_dag.py
[2025-03-18T19:38:24.078+0000] {logging_mixin.py:190} INFO - [2025-03-18T19:38:24.077+0000] {dag.py:3239} INFO - Sync 1 DAGs
[2025-03-18T19:38:24.098+0000] {logging_mixin.py:190} INFO - [2025-03-18T19:38:24.098+0000] {dag.py:4180} INFO - Setting next_dagrun for example_skip_dag to 2025-03-17 00:00:00+00:00, run_after=2025-03-18 00:00:00+00:00
[2025-03-18T19:38:24.111+0000] {processor.py:208} INFO - Processing /home/airflow/.local/lib/python3.12/site-packages/airflow/example_dags/example_skip_dag.py took 0.068 seconds
[2025-03-18T19:38:54.861+0000] {processor.py:186} INFO - Started process (PID=5242) to work on /home/airflow/.local/lib/python3.12/site-packages/airflow/example_dags/example_skip_dag.py
[2025-03-18T19:38:54.863+0000] {processor.py:914} INFO - Processing file /home/airflow/.local/lib/python3.12/site-packages/airflow/example_dags/example_skip_dag.py for tasks to queue
[2025-03-18T19:38:54.865+0000] {logging_mixin.py:190} INFO - [2025-03-18T19:38:54.865+0000] {dagbag.py:588} INFO - Filling up the DagBag from /home/airflow/.local/lib/python3.12/site-packages/airflow/example_dags/example_skip_dag.py
[2025-03-18T19:38:54.872+0000] {processor.py:925} INFO - DAG(s) 'example_skip_dag' retrieved from /home/airflow/.local/lib/python3.12/site-packages/airflow/example_dags/example_skip_dag.py
[2025-03-18T19:38:54.890+0000] {logging_mixin.py:190} INFO - [2025-03-18T19:38:54.890+0000] {dag.py:3239} INFO - Sync 1 DAGs
[2025-03-18T19:38:54.908+0000] {logging_mixin.py:190} INFO - [2025-03-18T19:38:54.908+0000] {dag.py:4180} INFO - Setting next_dagrun for example_skip_dag to 2025-03-17 00:00:00+00:00, run_after=2025-03-18 00:00:00+00:00
[2025-03-18T19:38:54.923+0000] {processor.py:208} INFO - Processing /home/airflow/.local/lib/python3.12/site-packages/airflow/example_dags/example_skip_dag.py took 0.067 seconds
[2025-03-18T19:39:25.745+0000] {processor.py:186} INFO - Started process (PID=5306) to work on /home/airflow/.local/lib/python3.12/site-packages/airflow/example_dags/example_skip_dag.py
[2025-03-18T19:39:25.746+0000] {processor.py:914} INFO - Processing file /home/airflow/.local/lib/python3.12/site-packages/airflow/example_dags/example_skip_dag.py for tasks to queue
[2025-03-18T19:39:25.748+0000] {logging_mixin.py:190} INFO - [2025-03-18T19:39:25.748+0000] {dagbag.py:588} INFO - Filling up the DagBag from /home/airflow/.local/lib/python3.12/site-packages/airflow/example_dags/example_skip_dag.py
[2025-03-18T19:39:25.756+0000] {processor.py:925} INFO - DAG(s) 'example_skip_dag' retrieved from /home/airflow/.local/lib/python3.12/site-packages/airflow/example_dags/example_skip_dag.py
[2025-03-18T19:39:25.772+0000] {logging_mixin.py:190} INFO - [2025-03-18T19:39:25.772+0000] {dag.py:3239} INFO - Sync 1 DAGs
[2025-03-18T19:39:25.790+0000] {logging_mixin.py:190} INFO - [2025-03-18T19:39:25.790+0000] {dag.py:4180} INFO - Setting next_dagrun for example_skip_dag to 2025-03-17 00:00:00+00:00, run_after=2025-03-18 00:00:00+00:00
[2025-03-18T19:39:25.803+0000] {processor.py:208} INFO - Processing /home/airflow/.local/lib/python3.12/site-packages/airflow/example_dags/example_skip_dag.py took 0.063 seconds
[2025-03-18T19:39:56.439+0000] {processor.py:186} INFO - Started process (PID=5370) to work on /home/airflow/.local/lib/python3.12/site-packages/airflow/example_dags/example_skip_dag.py
[2025-03-18T19:39:56.440+0000] {processor.py:914} INFO - Processing file /home/airflow/.local/lib/python3.12/site-packages/airflow/example_dags/example_skip_dag.py for tasks to queue
[2025-03-18T19:39:56.442+0000] {logging_mixin.py:190} INFO - [2025-03-18T19:39:56.442+0000] {dagbag.py:588} INFO - Filling up the DagBag from /home/airflow/.local/lib/python3.12/site-packages/airflow/example_dags/example_skip_dag.py
[2025-03-18T19:39:56.448+0000] {processor.py:925} INFO - DAG(s) 'example_skip_dag' retrieved from /home/airflow/.local/lib/python3.12/site-packages/airflow/example_dags/example_skip_dag.py
[2025-03-18T19:39:56.466+0000] {logging_mixin.py:190} INFO - [2025-03-18T19:39:56.466+0000] {dag.py:3239} INFO - Sync 1 DAGs
[2025-03-18T19:39:56.485+0000] {logging_mixin.py:190} INFO - [2025-03-18T19:39:56.485+0000] {dag.py:4180} INFO - Setting next_dagrun for example_skip_dag to 2025-03-17 00:00:00+00:00, run_after=2025-03-18 00:00:00+00:00
[2025-03-18T19:39:56.499+0000] {processor.py:208} INFO - Processing /home/airflow/.local/lib/python3.12/site-packages/airflow/example_dags/example_skip_dag.py took 0.065 seconds
[2025-03-18T19:40:27.299+0000] {processor.py:186} INFO - Started process (PID=5434) to work on /home/airflow/.local/lib/python3.12/site-packages/airflow/example_dags/example_skip_dag.py
[2025-03-18T19:40:27.300+0000] {processor.py:914} INFO - Processing file /home/airflow/.local/lib/python3.12/site-packages/airflow/example_dags/example_skip_dag.py for tasks to queue
[2025-03-18T19:40:27.301+0000] {logging_mixin.py:190} INFO - [2025-03-18T19:40:27.301+0000] {dagbag.py:588} INFO - Filling up the DagBag from /home/airflow/.local/lib/python3.12/site-packages/airflow/example_dags/example_skip_dag.py
[2025-03-18T19:40:27.307+0000] {processor.py:925} INFO - DAG(s) 'example_skip_dag' retrieved from /home/airflow/.local/lib/python3.12/site-packages/airflow/example_dags/example_skip_dag.py
[2025-03-18T19:40:27.325+0000] {logging_mixin.py:190} INFO - [2025-03-18T19:40:27.325+0000] {dag.py:3239} INFO - Sync 1 DAGs
[2025-03-18T19:40:27.342+0000] {logging_mixin.py:190} INFO - [2025-03-18T19:40:27.342+0000] {dag.py:4180} INFO - Setting next_dagrun for example_skip_dag to 2025-03-17 00:00:00+00:00, run_after=2025-03-18 00:00:00+00:00
[2025-03-18T19:40:27.357+0000] {processor.py:208} INFO - Processing /home/airflow/.local/lib/python3.12/site-packages/airflow/example_dags/example_skip_dag.py took 0.063 seconds
[2025-03-18T19:40:57.890+0000] {processor.py:186} INFO - Started process (PID=5498) to work on /home/airflow/.local/lib/python3.12/site-packages/airflow/example_dags/example_skip_dag.py
[2025-03-18T19:40:57.891+0000] {processor.py:914} INFO - Processing file /home/airflow/.local/lib/python3.12/site-packages/airflow/example_dags/example_skip_dag.py for tasks to queue
[2025-03-18T19:40:57.892+0000] {logging_mixin.py:190} INFO - [2025-03-18T19:40:57.892+0000] {dagbag.py:588} INFO - Filling up the DagBag from /home/airflow/.local/lib/python3.12/site-packages/airflow/example_dags/example_skip_dag.py
[2025-03-18T19:40:57.898+0000] {processor.py:925} INFO - DAG(s) 'example_skip_dag' retrieved from /home/airflow/.local/lib/python3.12/site-packages/airflow/example_dags/example_skip_dag.py
[2025-03-18T19:40:57.916+0000] {logging_mixin.py:190} INFO - [2025-03-18T19:40:57.916+0000] {dag.py:3239} INFO - Sync 1 DAGs
[2025-03-18T19:40:57.934+0000] {logging_mixin.py:190} INFO - [2025-03-18T19:40:57.934+0000] {dag.py:4180} INFO - Setting next_dagrun for example_skip_dag to 2025-03-17 00:00:00+00:00, run_after=2025-03-18 00:00:00+00:00
[2025-03-18T19:40:57.947+0000] {processor.py:208} INFO - Processing /home/airflow/.local/lib/python3.12/site-packages/airflow/example_dags/example_skip_dag.py took 0.062 seconds
[2025-03-18T19:41:28.544+0000] {processor.py:186} INFO - Started process (PID=5562) to work on /home/airflow/.local/lib/python3.12/site-packages/airflow/example_dags/example_skip_dag.py
[2025-03-18T19:41:28.545+0000] {processor.py:914} INFO - Processing file /home/airflow/.local/lib/python3.12/site-packages/airflow/example_dags/example_skip_dag.py for tasks to queue
[2025-03-18T19:41:28.547+0000] {logging_mixin.py:190} INFO - [2025-03-18T19:41:28.547+0000] {dagbag.py:588} INFO - Filling up the DagBag from /home/airflow/.local/lib/python3.12/site-packages/airflow/example_dags/example_skip_dag.py
[2025-03-18T19:41:28.554+0000] {processor.py:925} INFO - DAG(s) 'example_skip_dag' retrieved from /home/airflow/.local/lib/python3.12/site-packages/airflow/example_dags/example_skip_dag.py
[2025-03-18T19:41:28.574+0000] {logging_mixin.py:190} INFO - [2025-03-18T19:41:28.573+0000] {dag.py:3239} INFO - Sync 1 DAGs
[2025-03-18T19:41:28.591+0000] {logging_mixin.py:190} INFO - [2025-03-18T19:41:28.591+0000] {dag.py:4180} INFO - Setting next_dagrun for example_skip_dag to 2025-03-17 00:00:00+00:00, run_after=2025-03-18 00:00:00+00:00
[2025-03-18T19:41:28.605+0000] {processor.py:208} INFO - Processing /home/airflow/.local/lib/python3.12/site-packages/airflow/example_dags/example_skip_dag.py took 0.066 seconds
[2025-03-18T19:41:59.314+0000] {processor.py:186} INFO - Started process (PID=5626) to work on /home/airflow/.local/lib/python3.12/site-packages/airflow/example_dags/example_skip_dag.py
[2025-03-18T19:41:59.315+0000] {processor.py:914} INFO - Processing file /home/airflow/.local/lib/python3.12/site-packages/airflow/example_dags/example_skip_dag.py for tasks to queue
[2025-03-18T19:41:59.317+0000] {logging_mixin.py:190} INFO - [2025-03-18T19:41:59.317+0000] {dagbag.py:588} INFO - Filling up the DagBag from /home/airflow/.local/lib/python3.12/site-packages/airflow/example_dags/example_skip_dag.py
[2025-03-18T19:41:59.325+0000] {processor.py:925} INFO - DAG(s) 'example_skip_dag' retrieved from /home/airflow/.local/lib/python3.12/site-packages/airflow/example_dags/example_skip_dag.py
[2025-03-18T19:41:59.344+0000] {logging_mixin.py:190} INFO - [2025-03-18T19:41:59.344+0000] {dag.py:3239} INFO - Sync 1 DAGs
[2025-03-18T19:41:59.368+0000] {logging_mixin.py:190} INFO - [2025-03-18T19:41:59.368+0000] {dag.py:4180} INFO - Setting next_dagrun for example_skip_dag to 2025-03-17 00:00:00+00:00, run_after=2025-03-18 00:00:00+00:00
[2025-03-18T19:41:59.383+0000] {processor.py:208} INFO - Processing /home/airflow/.local/lib/python3.12/site-packages/airflow/example_dags/example_skip_dag.py took 0.074 seconds
[2025-03-18T19:42:30.768+0000] {processor.py:186} INFO - Started process (PID=5690) to work on /home/airflow/.local/lib/python3.12/site-packages/airflow/example_dags/example_skip_dag.py
[2025-03-18T19:42:30.769+0000] {processor.py:914} INFO - Processing file /home/airflow/.local/lib/python3.12/site-packages/airflow/example_dags/example_skip_dag.py for tasks to queue
[2025-03-18T19:42:30.772+0000] {logging_mixin.py:190} INFO - [2025-03-18T19:42:30.772+0000] {dagbag.py:588} INFO - Filling up the DagBag from /home/airflow/.local/lib/python3.12/site-packages/airflow/example_dags/example_skip_dag.py
[2025-03-18T19:42:30.781+0000] {processor.py:925} INFO - DAG(s) 'example_skip_dag' retrieved from /home/airflow/.local/lib/python3.12/site-packages/airflow/example_dags/example_skip_dag.py
[2025-03-18T19:42:30.805+0000] {logging_mixin.py:190} INFO - [2025-03-18T19:42:30.805+0000] {dag.py:3239} INFO - Sync 1 DAGs
[2025-03-18T19:42:30.831+0000] {logging_mixin.py:190} INFO - [2025-03-18T19:42:30.831+0000] {dag.py:4180} INFO - Setting next_dagrun for example_skip_dag to 2025-03-17 00:00:00+00:00, run_after=2025-03-18 00:00:00+00:00
[2025-03-18T19:42:30.851+0000] {processor.py:208} INFO - Processing /home/airflow/.local/lib/python3.12/site-packages/airflow/example_dags/example_skip_dag.py took 0.090 seconds
[2025-03-18T19:43:01.800+0000] {processor.py:186} INFO - Started process (PID=5754) to work on /home/airflow/.local/lib/python3.12/site-packages/airflow/example_dags/example_skip_dag.py
[2025-03-18T19:43:01.801+0000] {processor.py:914} INFO - Processing file /home/airflow/.local/lib/python3.12/site-packages/airflow/example_dags/example_skip_dag.py for tasks to queue
[2025-03-18T19:43:01.803+0000] {logging_mixin.py:190} INFO - [2025-03-18T19:43:01.802+0000] {dagbag.py:588} INFO - Filling up the DagBag from /home/airflow/.local/lib/python3.12/site-packages/airflow/example_dags/example_skip_dag.py
[2025-03-18T19:43:01.809+0000] {processor.py:925} INFO - DAG(s) 'example_skip_dag' retrieved from /home/airflow/.local/lib/python3.12/site-packages/airflow/example_dags/example_skip_dag.py
[2025-03-18T19:43:01.829+0000] {logging_mixin.py:190} INFO - [2025-03-18T19:43:01.829+0000] {dag.py:3239} INFO - Sync 1 DAGs
[2025-03-18T19:43:01.850+0000] {logging_mixin.py:190} INFO - [2025-03-18T19:43:01.850+0000] {dag.py:4180} INFO - Setting next_dagrun for example_skip_dag to 2025-03-17 00:00:00+00:00, run_after=2025-03-18 00:00:00+00:00
[2025-03-18T19:43:01.866+0000] {processor.py:208} INFO - Processing /home/airflow/.local/lib/python3.12/site-packages/airflow/example_dags/example_skip_dag.py took 0.071 seconds
[2025-03-18T19:43:32.711+0000] {processor.py:186} INFO - Started process (PID=5818) to work on /home/airflow/.local/lib/python3.12/site-packages/airflow/example_dags/example_skip_dag.py
[2025-03-18T19:43:32.712+0000] {processor.py:914} INFO - Processing file /home/airflow/.local/lib/python3.12/site-packages/airflow/example_dags/example_skip_dag.py for tasks to queue
[2025-03-18T19:43:32.714+0000] {logging_mixin.py:190} INFO - [2025-03-18T19:43:32.713+0000] {dagbag.py:588} INFO - Filling up the DagBag from /home/airflow/.local/lib/python3.12/site-packages/airflow/example_dags/example_skip_dag.py
[2025-03-18T19:43:32.720+0000] {processor.py:925} INFO - DAG(s) 'example_skip_dag' retrieved from /home/airflow/.local/lib/python3.12/site-packages/airflow/example_dags/example_skip_dag.py
[2025-03-18T19:43:32.737+0000] {logging_mixin.py:190} INFO - [2025-03-18T19:43:32.737+0000] {dag.py:3239} INFO - Sync 1 DAGs
[2025-03-18T19:43:32.755+0000] {logging_mixin.py:190} INFO - [2025-03-18T19:43:32.755+0000] {dag.py:4180} INFO - Setting next_dagrun for example_skip_dag to 2025-03-17 00:00:00+00:00, run_after=2025-03-18 00:00:00+00:00
[2025-03-18T19:43:32.768+0000] {processor.py:208} INFO - Processing /home/airflow/.local/lib/python3.12/site-packages/airflow/example_dags/example_skip_dag.py took 0.062 seconds
