[2025-03-18T19:24:03.480+0000] {processor.py:186} INFO - Started process (PID=3386) to work on /home/airflow/.local/lib/python3.12/site-packages/airflow/example_dags/example_dataset_alias_with_no_taskflow.py
[2025-03-18T19:24:03.481+0000] {processor.py:914} INFO - Processing file /home/airflow/.local/lib/python3.12/site-packages/airflow/example_dags/example_dataset_alias_with_no_taskflow.py for tasks to queue
[2025-03-18T19:24:03.483+0000] {logging_mixin.py:190} INFO - [2025-03-18T19:24:03.483+0000] {dagbag.py:588} INFO - Filling up the DagBag from /home/airflow/.local/lib/python3.12/site-packages/airflow/example_dags/example_dataset_alias_with_no_taskflow.py
[2025-03-18T19:24:03.765+0000] {processor.py:925} INFO - DAG(s) 'dataset_s3_bucket_consumer_with_no_taskflow', 'dataset_s3_bucket_producer_with_no_taskflow', 'dataset_alias_example_alias_consumer_with_no_taskflow', 'dataset_alias_example_alias_producer_with_no_taskflow' retrieved from /home/airflow/.local/lib/python3.12/site-packages/airflow/example_dags/example_dataset_alias_with_no_taskflow.py
[2025-03-18T19:24:03.783+0000] {logging_mixin.py:190} INFO - [2025-03-18T19:24:03.782+0000] {dag.py:3239} INFO - Sync 4 DAGs
[2025-03-18T19:24:03.803+0000] {logging_mixin.py:190} INFO - [2025-03-18T19:24:03.803+0000] {dag.py:4180} INFO - Setting next_dagrun for dataset_alias_example_alias_consumer_with_no_taskflow to None, run_after=None
[2025-03-18T19:24:03.805+0000] {logging_mixin.py:190} INFO - [2025-03-18T19:24:03.805+0000] {dag.py:4180} INFO - Setting next_dagrun for dataset_alias_example_alias_producer_with_no_taskflow to None, run_after=None
[2025-03-18T19:24:03.806+0000] {logging_mixin.py:190} INFO - [2025-03-18T19:24:03.806+0000] {dag.py:4180} INFO - Setting next_dagrun for dataset_s3_bucket_consumer_with_no_taskflow to None, run_after=None
[2025-03-18T19:24:03.807+0000] {logging_mixin.py:190} INFO - [2025-03-18T19:24:03.807+0000] {dag.py:4180} INFO - Setting next_dagrun for dataset_s3_bucket_producer_with_no_taskflow to None, run_after=None
[2025-03-18T19:24:03.826+0000] {processor.py:208} INFO - Processing /home/airflow/.local/lib/python3.12/site-packages/airflow/example_dags/example_dataset_alias_with_no_taskflow.py took 0.351 seconds
[2025-03-18T19:24:33.984+0000] {processor.py:186} INFO - Started process (PID=3450) to work on /home/airflow/.local/lib/python3.12/site-packages/airflow/example_dags/example_dataset_alias_with_no_taskflow.py
[2025-03-18T19:24:33.985+0000] {processor.py:914} INFO - Processing file /home/airflow/.local/lib/python3.12/site-packages/airflow/example_dags/example_dataset_alias_with_no_taskflow.py for tasks to queue
[2025-03-18T19:24:33.987+0000] {logging_mixin.py:190} INFO - [2025-03-18T19:24:33.987+0000] {dagbag.py:588} INFO - Filling up the DagBag from /home/airflow/.local/lib/python3.12/site-packages/airflow/example_dags/example_dataset_alias_with_no_taskflow.py
[2025-03-18T19:24:34.275+0000] {processor.py:925} INFO - DAG(s) 'dataset_s3_bucket_producer_with_no_taskflow', 'dataset_s3_bucket_consumer_with_no_taskflow', 'dataset_alias_example_alias_consumer_with_no_taskflow', 'dataset_alias_example_alias_producer_with_no_taskflow' retrieved from /home/airflow/.local/lib/python3.12/site-packages/airflow/example_dags/example_dataset_alias_with_no_taskflow.py
[2025-03-18T19:24:34.292+0000] {logging_mixin.py:190} INFO - [2025-03-18T19:24:34.292+0000] {dag.py:3239} INFO - Sync 4 DAGs
[2025-03-18T19:24:34.311+0000] {logging_mixin.py:190} INFO - [2025-03-18T19:24:34.311+0000] {dag.py:4180} INFO - Setting next_dagrun for dataset_alias_example_alias_consumer_with_no_taskflow to None, run_after=None
[2025-03-18T19:24:34.313+0000] {logging_mixin.py:190} INFO - [2025-03-18T19:24:34.313+0000] {dag.py:4180} INFO - Setting next_dagrun for dataset_alias_example_alias_producer_with_no_taskflow to None, run_after=None
[2025-03-18T19:24:34.314+0000] {logging_mixin.py:190} INFO - [2025-03-18T19:24:34.314+0000] {dag.py:4180} INFO - Setting next_dagrun for dataset_s3_bucket_consumer_with_no_taskflow to None, run_after=None
[2025-03-18T19:24:34.315+0000] {logging_mixin.py:190} INFO - [2025-03-18T19:24:34.315+0000] {dag.py:4180} INFO - Setting next_dagrun for dataset_s3_bucket_producer_with_no_taskflow to None, run_after=None
[2025-03-18T19:24:34.333+0000] {processor.py:208} INFO - Processing /home/airflow/.local/lib/python3.12/site-packages/airflow/example_dags/example_dataset_alias_with_no_taskflow.py took 0.353 seconds
[2025-03-18T19:25:04.590+0000] {processor.py:186} INFO - Started process (PID=3514) to work on /home/airflow/.local/lib/python3.12/site-packages/airflow/example_dags/example_dataset_alias_with_no_taskflow.py
[2025-03-18T19:25:04.591+0000] {processor.py:914} INFO - Processing file /home/airflow/.local/lib/python3.12/site-packages/airflow/example_dags/example_dataset_alias_with_no_taskflow.py for tasks to queue
[2025-03-18T19:25:04.593+0000] {logging_mixin.py:190} INFO - [2025-03-18T19:25:04.593+0000] {dagbag.py:588} INFO - Filling up the DagBag from /home/airflow/.local/lib/python3.12/site-packages/airflow/example_dags/example_dataset_alias_with_no_taskflow.py
[2025-03-18T19:25:04.864+0000] {processor.py:925} INFO - DAG(s) 'dataset_s3_bucket_consumer_with_no_taskflow', 'dataset_s3_bucket_producer_with_no_taskflow', 'dataset_alias_example_alias_producer_with_no_taskflow', 'dataset_alias_example_alias_consumer_with_no_taskflow' retrieved from /home/airflow/.local/lib/python3.12/site-packages/airflow/example_dags/example_dataset_alias_with_no_taskflow.py
[2025-03-18T19:25:04.881+0000] {logging_mixin.py:190} INFO - [2025-03-18T19:25:04.881+0000] {dag.py:3239} INFO - Sync 4 DAGs
[2025-03-18T19:25:04.900+0000] {logging_mixin.py:190} INFO - [2025-03-18T19:25:04.899+0000] {dag.py:4180} INFO - Setting next_dagrun for dataset_alias_example_alias_consumer_with_no_taskflow to None, run_after=None
[2025-03-18T19:25:04.902+0000] {logging_mixin.py:190} INFO - [2025-03-18T19:25:04.901+0000] {dag.py:4180} INFO - Setting next_dagrun for dataset_alias_example_alias_producer_with_no_taskflow to None, run_after=None
[2025-03-18T19:25:04.903+0000] {logging_mixin.py:190} INFO - [2025-03-18T19:25:04.902+0000] {dag.py:4180} INFO - Setting next_dagrun for dataset_s3_bucket_consumer_with_no_taskflow to None, run_after=None
[2025-03-18T19:25:04.903+0000] {logging_mixin.py:190} INFO - [2025-03-18T19:25:04.903+0000] {dag.py:4180} INFO - Setting next_dagrun for dataset_s3_bucket_producer_with_no_taskflow to None, run_after=None
[2025-03-18T19:25:04.920+0000] {processor.py:208} INFO - Processing /home/airflow/.local/lib/python3.12/site-packages/airflow/example_dags/example_dataset_alias_with_no_taskflow.py took 0.335 seconds
[2025-03-18T19:25:35.058+0000] {processor.py:186} INFO - Started process (PID=3578) to work on /home/airflow/.local/lib/python3.12/site-packages/airflow/example_dags/example_dataset_alias_with_no_taskflow.py
[2025-03-18T19:25:35.059+0000] {processor.py:914} INFO - Processing file /home/airflow/.local/lib/python3.12/site-packages/airflow/example_dags/example_dataset_alias_with_no_taskflow.py for tasks to queue
[2025-03-18T19:25:35.061+0000] {logging_mixin.py:190} INFO - [2025-03-18T19:25:35.060+0000] {dagbag.py:588} INFO - Filling up the DagBag from /home/airflow/.local/lib/python3.12/site-packages/airflow/example_dags/example_dataset_alias_with_no_taskflow.py
[2025-03-18T19:25:35.378+0000] {processor.py:925} INFO - DAG(s) 'dataset_s3_bucket_producer_with_no_taskflow', 'dataset_alias_example_alias_producer_with_no_taskflow', 'dataset_s3_bucket_consumer_with_no_taskflow', 'dataset_alias_example_alias_consumer_with_no_taskflow' retrieved from /home/airflow/.local/lib/python3.12/site-packages/airflow/example_dags/example_dataset_alias_with_no_taskflow.py
[2025-03-18T19:25:35.399+0000] {logging_mixin.py:190} INFO - [2025-03-18T19:25:35.399+0000] {dag.py:3239} INFO - Sync 4 DAGs
[2025-03-18T19:25:35.423+0000] {logging_mixin.py:190} INFO - [2025-03-18T19:25:35.423+0000] {dag.py:4180} INFO - Setting next_dagrun for dataset_alias_example_alias_consumer_with_no_taskflow to None, run_after=None
[2025-03-18T19:25:35.426+0000] {logging_mixin.py:190} INFO - [2025-03-18T19:25:35.426+0000] {dag.py:4180} INFO - Setting next_dagrun for dataset_alias_example_alias_producer_with_no_taskflow to None, run_after=None
[2025-03-18T19:25:35.427+0000] {logging_mixin.py:190} INFO - [2025-03-18T19:25:35.427+0000] {dag.py:4180} INFO - Setting next_dagrun for dataset_s3_bucket_consumer_with_no_taskflow to None, run_after=None
[2025-03-18T19:25:35.428+0000] {logging_mixin.py:190} INFO - [2025-03-18T19:25:35.428+0000] {dag.py:4180} INFO - Setting next_dagrun for dataset_s3_bucket_producer_with_no_taskflow to None, run_after=None
[2025-03-18T19:25:35.447+0000] {processor.py:208} INFO - Processing /home/airflow/.local/lib/python3.12/site-packages/airflow/example_dags/example_dataset_alias_with_no_taskflow.py took 0.394 seconds
[2025-03-18T19:26:05.776+0000] {processor.py:186} INFO - Started process (PID=3642) to work on /home/airflow/.local/lib/python3.12/site-packages/airflow/example_dags/example_dataset_alias_with_no_taskflow.py
[2025-03-18T19:26:05.777+0000] {processor.py:914} INFO - Processing file /home/airflow/.local/lib/python3.12/site-packages/airflow/example_dags/example_dataset_alias_with_no_taskflow.py for tasks to queue
[2025-03-18T19:26:05.778+0000] {logging_mixin.py:190} INFO - [2025-03-18T19:26:05.778+0000] {dagbag.py:588} INFO - Filling up the DagBag from /home/airflow/.local/lib/python3.12/site-packages/airflow/example_dags/example_dataset_alias_with_no_taskflow.py
[2025-03-18T19:26:06.067+0000] {processor.py:925} INFO - DAG(s) 'dataset_s3_bucket_consumer_with_no_taskflow', 'dataset_s3_bucket_producer_with_no_taskflow', 'dataset_alias_example_alias_consumer_with_no_taskflow', 'dataset_alias_example_alias_producer_with_no_taskflow' retrieved from /home/airflow/.local/lib/python3.12/site-packages/airflow/example_dags/example_dataset_alias_with_no_taskflow.py
[2025-03-18T19:26:06.085+0000] {logging_mixin.py:190} INFO - [2025-03-18T19:26:06.085+0000] {dag.py:3239} INFO - Sync 4 DAGs
[2025-03-18T19:26:06.107+0000] {logging_mixin.py:190} INFO - [2025-03-18T19:26:06.107+0000] {dag.py:4180} INFO - Setting next_dagrun for dataset_alias_example_alias_consumer_with_no_taskflow to None, run_after=None
[2025-03-18T19:26:06.109+0000] {logging_mixin.py:190} INFO - [2025-03-18T19:26:06.109+0000] {dag.py:4180} INFO - Setting next_dagrun for dataset_alias_example_alias_producer_with_no_taskflow to None, run_after=None
[2025-03-18T19:26:06.111+0000] {logging_mixin.py:190} INFO - [2025-03-18T19:26:06.110+0000] {dag.py:4180} INFO - Setting next_dagrun for dataset_s3_bucket_consumer_with_no_taskflow to None, run_after=None
[2025-03-18T19:26:06.111+0000] {logging_mixin.py:190} INFO - [2025-03-18T19:26:06.111+0000] {dag.py:4180} INFO - Setting next_dagrun for dataset_s3_bucket_producer_with_no_taskflow to None, run_after=None
[2025-03-18T19:26:06.130+0000] {processor.py:208} INFO - Processing /home/airflow/.local/lib/python3.12/site-packages/airflow/example_dags/example_dataset_alias_with_no_taskflow.py took 0.359 seconds
[2025-03-18T19:26:36.192+0000] {processor.py:186} INFO - Started process (PID=3706) to work on /home/airflow/.local/lib/python3.12/site-packages/airflow/example_dags/example_dataset_alias_with_no_taskflow.py
[2025-03-18T19:26:36.193+0000] {processor.py:914} INFO - Processing file /home/airflow/.local/lib/python3.12/site-packages/airflow/example_dags/example_dataset_alias_with_no_taskflow.py for tasks to queue
[2025-03-18T19:26:36.194+0000] {logging_mixin.py:190} INFO - [2025-03-18T19:26:36.194+0000] {dagbag.py:588} INFO - Filling up the DagBag from /home/airflow/.local/lib/python3.12/site-packages/airflow/example_dags/example_dataset_alias_with_no_taskflow.py
[2025-03-18T19:26:36.472+0000] {processor.py:925} INFO - DAG(s) 'dataset_alias_example_alias_producer_with_no_taskflow', 'dataset_s3_bucket_producer_with_no_taskflow', 'dataset_alias_example_alias_consumer_with_no_taskflow', 'dataset_s3_bucket_consumer_with_no_taskflow' retrieved from /home/airflow/.local/lib/python3.12/site-packages/airflow/example_dags/example_dataset_alias_with_no_taskflow.py
[2025-03-18T19:26:36.488+0000] {logging_mixin.py:190} INFO - [2025-03-18T19:26:36.488+0000] {dag.py:3239} INFO - Sync 4 DAGs
[2025-03-18T19:26:36.509+0000] {logging_mixin.py:190} INFO - [2025-03-18T19:26:36.508+0000] {dag.py:4180} INFO - Setting next_dagrun for dataset_alias_example_alias_consumer_with_no_taskflow to None, run_after=None
[2025-03-18T19:26:36.510+0000] {logging_mixin.py:190} INFO - [2025-03-18T19:26:36.510+0000] {dag.py:4180} INFO - Setting next_dagrun for dataset_alias_example_alias_producer_with_no_taskflow to None, run_after=None
[2025-03-18T19:26:36.683+0000] {logging_mixin.py:190} INFO - [2025-03-18T19:26:36.682+0000] {dag.py:4180} INFO - Setting next_dagrun for dataset_s3_bucket_consumer_with_no_taskflow to None, run_after=None
[2025-03-18T19:26:36.684+0000] {logging_mixin.py:190} INFO - [2025-03-18T19:26:36.684+0000] {dag.py:4180} INFO - Setting next_dagrun for dataset_s3_bucket_producer_with_no_taskflow to None, run_after=None
[2025-03-18T19:26:36.701+0000] {processor.py:208} INFO - Processing /home/airflow/.local/lib/python3.12/site-packages/airflow/example_dags/example_dataset_alias_with_no_taskflow.py took 0.515 seconds
[2025-03-18T19:27:06.755+0000] {processor.py:186} INFO - Started process (PID=3770) to work on /home/airflow/.local/lib/python3.12/site-packages/airflow/example_dags/example_dataset_alias_with_no_taskflow.py
[2025-03-18T19:27:06.756+0000] {processor.py:914} INFO - Processing file /home/airflow/.local/lib/python3.12/site-packages/airflow/example_dags/example_dataset_alias_with_no_taskflow.py for tasks to queue
[2025-03-18T19:27:06.758+0000] {logging_mixin.py:190} INFO - [2025-03-18T19:27:06.758+0000] {dagbag.py:588} INFO - Filling up the DagBag from /home/airflow/.local/lib/python3.12/site-packages/airflow/example_dags/example_dataset_alias_with_no_taskflow.py
[2025-03-18T19:27:07.048+0000] {processor.py:925} INFO - DAG(s) 'dataset_alias_example_alias_consumer_with_no_taskflow', 'dataset_s3_bucket_producer_with_no_taskflow', 'dataset_s3_bucket_consumer_with_no_taskflow', 'dataset_alias_example_alias_producer_with_no_taskflow' retrieved from /home/airflow/.local/lib/python3.12/site-packages/airflow/example_dags/example_dataset_alias_with_no_taskflow.py
[2025-03-18T19:27:07.065+0000] {logging_mixin.py:190} INFO - [2025-03-18T19:27:07.064+0000] {dag.py:3239} INFO - Sync 4 DAGs
[2025-03-18T19:27:07.085+0000] {logging_mixin.py:190} INFO - [2025-03-18T19:27:07.085+0000] {dag.py:4180} INFO - Setting next_dagrun for dataset_alias_example_alias_consumer_with_no_taskflow to None, run_after=None
[2025-03-18T19:27:07.087+0000] {logging_mixin.py:190} INFO - [2025-03-18T19:27:07.087+0000] {dag.py:4180} INFO - Setting next_dagrun for dataset_alias_example_alias_producer_with_no_taskflow to None, run_after=None
[2025-03-18T19:27:07.088+0000] {logging_mixin.py:190} INFO - [2025-03-18T19:27:07.088+0000] {dag.py:4180} INFO - Setting next_dagrun for dataset_s3_bucket_consumer_with_no_taskflow to None, run_after=None
[2025-03-18T19:27:07.089+0000] {logging_mixin.py:190} INFO - [2025-03-18T19:27:07.089+0000] {dag.py:4180} INFO - Setting next_dagrun for dataset_s3_bucket_producer_with_no_taskflow to None, run_after=None
[2025-03-18T19:27:07.108+0000] {processor.py:208} INFO - Processing /home/airflow/.local/lib/python3.12/site-packages/airflow/example_dags/example_dataset_alias_with_no_taskflow.py took 0.357 seconds
[2025-03-18T19:27:37.520+0000] {processor.py:186} INFO - Started process (PID=3834) to work on /home/airflow/.local/lib/python3.12/site-packages/airflow/example_dags/example_dataset_alias_with_no_taskflow.py
[2025-03-18T19:27:37.521+0000] {processor.py:914} INFO - Processing file /home/airflow/.local/lib/python3.12/site-packages/airflow/example_dags/example_dataset_alias_with_no_taskflow.py for tasks to queue
[2025-03-18T19:27:37.523+0000] {logging_mixin.py:190} INFO - [2025-03-18T19:27:37.523+0000] {dagbag.py:588} INFO - Filling up the DagBag from /home/airflow/.local/lib/python3.12/site-packages/airflow/example_dags/example_dataset_alias_with_no_taskflow.py
[2025-03-18T19:27:37.835+0000] {processor.py:925} INFO - DAG(s) 'dataset_alias_example_alias_consumer_with_no_taskflow', 'dataset_s3_bucket_consumer_with_no_taskflow', 'dataset_s3_bucket_producer_with_no_taskflow', 'dataset_alias_example_alias_producer_with_no_taskflow' retrieved from /home/airflow/.local/lib/python3.12/site-packages/airflow/example_dags/example_dataset_alias_with_no_taskflow.py
[2025-03-18T19:27:37.853+0000] {logging_mixin.py:190} INFO - [2025-03-18T19:27:37.852+0000] {dag.py:3239} INFO - Sync 4 DAGs
[2025-03-18T19:27:37.876+0000] {logging_mixin.py:190} INFO - [2025-03-18T19:27:37.876+0000] {dag.py:4180} INFO - Setting next_dagrun for dataset_alias_example_alias_consumer_with_no_taskflow to None, run_after=None
[2025-03-18T19:27:37.879+0000] {logging_mixin.py:190} INFO - [2025-03-18T19:27:37.879+0000] {dag.py:4180} INFO - Setting next_dagrun for dataset_alias_example_alias_producer_with_no_taskflow to None, run_after=None
[2025-03-18T19:27:37.880+0000] {logging_mixin.py:190} INFO - [2025-03-18T19:27:37.880+0000] {dag.py:4180} INFO - Setting next_dagrun for dataset_s3_bucket_consumer_with_no_taskflow to None, run_after=None
[2025-03-18T19:27:37.881+0000] {logging_mixin.py:190} INFO - [2025-03-18T19:27:37.881+0000] {dag.py:4180} INFO - Setting next_dagrun for dataset_s3_bucket_producer_with_no_taskflow to None, run_after=None
[2025-03-18T19:27:37.901+0000] {processor.py:208} INFO - Processing /home/airflow/.local/lib/python3.12/site-packages/airflow/example_dags/example_dataset_alias_with_no_taskflow.py took 0.387 seconds
[2025-03-18T19:28:08.279+0000] {processor.py:186} INFO - Started process (PID=3899) to work on /home/airflow/.local/lib/python3.12/site-packages/airflow/example_dags/example_dataset_alias_with_no_taskflow.py
[2025-03-18T19:28:08.280+0000] {processor.py:914} INFO - Processing file /home/airflow/.local/lib/python3.12/site-packages/airflow/example_dags/example_dataset_alias_with_no_taskflow.py for tasks to queue
[2025-03-18T19:28:08.282+0000] {logging_mixin.py:190} INFO - [2025-03-18T19:28:08.281+0000] {dagbag.py:588} INFO - Filling up the DagBag from /home/airflow/.local/lib/python3.12/site-packages/airflow/example_dags/example_dataset_alias_with_no_taskflow.py
[2025-03-18T19:28:08.576+0000] {processor.py:925} INFO - DAG(s) 'dataset_s3_bucket_consumer_with_no_taskflow', 'dataset_alias_example_alias_consumer_with_no_taskflow', 'dataset_alias_example_alias_producer_with_no_taskflow', 'dataset_s3_bucket_producer_with_no_taskflow' retrieved from /home/airflow/.local/lib/python3.12/site-packages/airflow/example_dags/example_dataset_alias_with_no_taskflow.py
[2025-03-18T19:28:08.752+0000] {logging_mixin.py:190} INFO - [2025-03-18T19:28:08.751+0000] {dag.py:3239} INFO - Sync 4 DAGs
[2025-03-18T19:28:08.768+0000] {logging_mixin.py:190} INFO - [2025-03-18T19:28:08.768+0000] {dag.py:4180} INFO - Setting next_dagrun for dataset_alias_example_alias_consumer_with_no_taskflow to None, run_after=None
[2025-03-18T19:28:08.770+0000] {logging_mixin.py:190} INFO - [2025-03-18T19:28:08.770+0000] {dag.py:4180} INFO - Setting next_dagrun for dataset_alias_example_alias_producer_with_no_taskflow to None, run_after=None
[2025-03-18T19:28:08.771+0000] {logging_mixin.py:190} INFO - [2025-03-18T19:28:08.771+0000] {dag.py:4180} INFO - Setting next_dagrun for dataset_s3_bucket_consumer_with_no_taskflow to None, run_after=None
[2025-03-18T19:28:08.772+0000] {logging_mixin.py:190} INFO - [2025-03-18T19:28:08.772+0000] {dag.py:4180} INFO - Setting next_dagrun for dataset_s3_bucket_producer_with_no_taskflow to None, run_after=None
[2025-03-18T19:28:08.789+0000] {processor.py:208} INFO - Processing /home/airflow/.local/lib/python3.12/site-packages/airflow/example_dags/example_dataset_alias_with_no_taskflow.py took 0.515 seconds
[2025-03-18T19:28:39.145+0000] {processor.py:186} INFO - Started process (PID=3963) to work on /home/airflow/.local/lib/python3.12/site-packages/airflow/example_dags/example_dataset_alias_with_no_taskflow.py
[2025-03-18T19:28:39.146+0000] {processor.py:914} INFO - Processing file /home/airflow/.local/lib/python3.12/site-packages/airflow/example_dags/example_dataset_alias_with_no_taskflow.py for tasks to queue
[2025-03-18T19:28:39.149+0000] {logging_mixin.py:190} INFO - [2025-03-18T19:28:39.149+0000] {dagbag.py:588} INFO - Filling up the DagBag from /home/airflow/.local/lib/python3.12/site-packages/airflow/example_dags/example_dataset_alias_with_no_taskflow.py
[2025-03-18T19:28:39.488+0000] {processor.py:925} INFO - DAG(s) 'dataset_s3_bucket_consumer_with_no_taskflow', 'dataset_alias_example_alias_producer_with_no_taskflow', 'dataset_s3_bucket_producer_with_no_taskflow', 'dataset_alias_example_alias_consumer_with_no_taskflow' retrieved from /home/airflow/.local/lib/python3.12/site-packages/airflow/example_dags/example_dataset_alias_with_no_taskflow.py
[2025-03-18T19:28:39.508+0000] {logging_mixin.py:190} INFO - [2025-03-18T19:28:39.508+0000] {dag.py:3239} INFO - Sync 4 DAGs
[2025-03-18T19:28:39.709+0000] {logging_mixin.py:190} INFO - [2025-03-18T19:28:39.709+0000] {dag.py:4180} INFO - Setting next_dagrun for dataset_alias_example_alias_consumer_with_no_taskflow to None, run_after=None
[2025-03-18T19:28:39.711+0000] {logging_mixin.py:190} INFO - [2025-03-18T19:28:39.711+0000] {dag.py:4180} INFO - Setting next_dagrun for dataset_alias_example_alias_producer_with_no_taskflow to None, run_after=None
[2025-03-18T19:28:39.712+0000] {logging_mixin.py:190} INFO - [2025-03-18T19:28:39.712+0000] {dag.py:4180} INFO - Setting next_dagrun for dataset_s3_bucket_consumer_with_no_taskflow to None, run_after=None
[2025-03-18T19:28:39.713+0000] {logging_mixin.py:190} INFO - [2025-03-18T19:28:39.713+0000] {dag.py:4180} INFO - Setting next_dagrun for dataset_s3_bucket_producer_with_no_taskflow to None, run_after=None
[2025-03-18T19:28:39.730+0000] {processor.py:208} INFO - Processing /home/airflow/.local/lib/python3.12/site-packages/airflow/example_dags/example_dataset_alias_with_no_taskflow.py took 0.590 seconds
[2025-03-18T19:29:10.175+0000] {processor.py:186} INFO - Started process (PID=4027) to work on /home/airflow/.local/lib/python3.12/site-packages/airflow/example_dags/example_dataset_alias_with_no_taskflow.py
[2025-03-18T19:29:10.176+0000] {processor.py:914} INFO - Processing file /home/airflow/.local/lib/python3.12/site-packages/airflow/example_dags/example_dataset_alias_with_no_taskflow.py for tasks to queue
[2025-03-18T19:29:10.178+0000] {logging_mixin.py:190} INFO - [2025-03-18T19:29:10.178+0000] {dagbag.py:588} INFO - Filling up the DagBag from /home/airflow/.local/lib/python3.12/site-packages/airflow/example_dags/example_dataset_alias_with_no_taskflow.py
[2025-03-18T19:29:10.481+0000] {processor.py:925} INFO - DAG(s) 'dataset_alias_example_alias_producer_with_no_taskflow', 'dataset_s3_bucket_producer_with_no_taskflow', 'dataset_alias_example_alias_consumer_with_no_taskflow', 'dataset_s3_bucket_consumer_with_no_taskflow' retrieved from /home/airflow/.local/lib/python3.12/site-packages/airflow/example_dags/example_dataset_alias_with_no_taskflow.py
[2025-03-18T19:29:10.499+0000] {logging_mixin.py:190} INFO - [2025-03-18T19:29:10.499+0000] {dag.py:3239} INFO - Sync 4 DAGs
[2025-03-18T19:29:10.689+0000] {logging_mixin.py:190} INFO - [2025-03-18T19:29:10.689+0000] {dag.py:4180} INFO - Setting next_dagrun for dataset_alias_example_alias_consumer_with_no_taskflow to None, run_after=None
[2025-03-18T19:29:10.691+0000] {logging_mixin.py:190} INFO - [2025-03-18T19:29:10.691+0000] {dag.py:4180} INFO - Setting next_dagrun for dataset_alias_example_alias_producer_with_no_taskflow to None, run_after=None
[2025-03-18T19:29:10.692+0000] {logging_mixin.py:190} INFO - [2025-03-18T19:29:10.692+0000] {dag.py:4180} INFO - Setting next_dagrun for dataset_s3_bucket_consumer_with_no_taskflow to None, run_after=None
[2025-03-18T19:29:10.694+0000] {logging_mixin.py:190} INFO - [2025-03-18T19:29:10.693+0000] {dag.py:4180} INFO - Setting next_dagrun for dataset_s3_bucket_producer_with_no_taskflow to None, run_after=None
[2025-03-18T19:29:10.711+0000] {processor.py:208} INFO - Processing /home/airflow/.local/lib/python3.12/site-packages/airflow/example_dags/example_dataset_alias_with_no_taskflow.py took 0.541 seconds
[2025-03-18T19:29:41.083+0000] {processor.py:186} INFO - Started process (PID=4097) to work on /home/airflow/.local/lib/python3.12/site-packages/airflow/example_dags/example_dataset_alias_with_no_taskflow.py
[2025-03-18T19:29:41.084+0000] {processor.py:914} INFO - Processing file /home/airflow/.local/lib/python3.12/site-packages/airflow/example_dags/example_dataset_alias_with_no_taskflow.py for tasks to queue
[2025-03-18T19:29:41.086+0000] {logging_mixin.py:190} INFO - [2025-03-18T19:29:41.085+0000] {dagbag.py:588} INFO - Filling up the DagBag from /home/airflow/.local/lib/python3.12/site-packages/airflow/example_dags/example_dataset_alias_with_no_taskflow.py
[2025-03-18T19:29:41.380+0000] {processor.py:925} INFO - DAG(s) 'dataset_alias_example_alias_consumer_with_no_taskflow', 'dataset_s3_bucket_producer_with_no_taskflow', 'dataset_s3_bucket_consumer_with_no_taskflow', 'dataset_alias_example_alias_producer_with_no_taskflow' retrieved from /home/airflow/.local/lib/python3.12/site-packages/airflow/example_dags/example_dataset_alias_with_no_taskflow.py
[2025-03-18T19:29:41.395+0000] {logging_mixin.py:190} INFO - [2025-03-18T19:29:41.395+0000] {dag.py:3239} INFO - Sync 4 DAGs
[2025-03-18T19:29:41.583+0000] {logging_mixin.py:190} INFO - [2025-03-18T19:29:41.583+0000] {dag.py:4180} INFO - Setting next_dagrun for dataset_alias_example_alias_consumer_with_no_taskflow to None, run_after=None
[2025-03-18T19:29:41.585+0000] {logging_mixin.py:190} INFO - [2025-03-18T19:29:41.585+0000] {dag.py:4180} INFO - Setting next_dagrun for dataset_alias_example_alias_producer_with_no_taskflow to None, run_after=None
[2025-03-18T19:29:41.586+0000] {logging_mixin.py:190} INFO - [2025-03-18T19:29:41.586+0000] {dag.py:4180} INFO - Setting next_dagrun for dataset_s3_bucket_consumer_with_no_taskflow to None, run_after=None
[2025-03-18T19:29:41.587+0000] {logging_mixin.py:190} INFO - [2025-03-18T19:29:41.586+0000] {dag.py:4180} INFO - Setting next_dagrun for dataset_s3_bucket_producer_with_no_taskflow to None, run_after=None
[2025-03-18T19:29:41.602+0000] {processor.py:208} INFO - Processing /home/airflow/.local/lib/python3.12/site-packages/airflow/example_dags/example_dataset_alias_with_no_taskflow.py took 0.524 seconds
[2025-03-18T19:30:11.853+0000] {processor.py:186} INFO - Started process (PID=4161) to work on /home/airflow/.local/lib/python3.12/site-packages/airflow/example_dags/example_dataset_alias_with_no_taskflow.py
[2025-03-18T19:30:11.854+0000] {processor.py:914} INFO - Processing file /home/airflow/.local/lib/python3.12/site-packages/airflow/example_dags/example_dataset_alias_with_no_taskflow.py for tasks to queue
[2025-03-18T19:30:11.856+0000] {logging_mixin.py:190} INFO - [2025-03-18T19:30:11.856+0000] {dagbag.py:588} INFO - Filling up the DagBag from /home/airflow/.local/lib/python3.12/site-packages/airflow/example_dags/example_dataset_alias_with_no_taskflow.py
[2025-03-18T19:30:12.294+0000] {processor.py:925} INFO - DAG(s) 'dataset_alias_example_alias_producer_with_no_taskflow', 'dataset_alias_example_alias_consumer_with_no_taskflow', 'dataset_s3_bucket_producer_with_no_taskflow', 'dataset_s3_bucket_consumer_with_no_taskflow' retrieved from /home/airflow/.local/lib/python3.12/site-packages/airflow/example_dags/example_dataset_alias_with_no_taskflow.py
[2025-03-18T19:30:12.309+0000] {logging_mixin.py:190} INFO - [2025-03-18T19:30:12.309+0000] {dag.py:3239} INFO - Sync 4 DAGs
[2025-03-18T19:30:12.325+0000] {logging_mixin.py:190} INFO - [2025-03-18T19:30:12.325+0000] {dag.py:4180} INFO - Setting next_dagrun for dataset_alias_example_alias_consumer_with_no_taskflow to None, run_after=None
[2025-03-18T19:30:12.327+0000] {logging_mixin.py:190} INFO - [2025-03-18T19:30:12.327+0000] {dag.py:4180} INFO - Setting next_dagrun for dataset_alias_example_alias_producer_with_no_taskflow to None, run_after=None
[2025-03-18T19:30:12.328+0000] {logging_mixin.py:190} INFO - [2025-03-18T19:30:12.328+0000] {dag.py:4180} INFO - Setting next_dagrun for dataset_s3_bucket_consumer_with_no_taskflow to None, run_after=None
[2025-03-18T19:30:12.329+0000] {logging_mixin.py:190} INFO - [2025-03-18T19:30:12.329+0000] {dag.py:4180} INFO - Setting next_dagrun for dataset_s3_bucket_producer_with_no_taskflow to None, run_after=None
[2025-03-18T19:30:12.346+0000] {processor.py:208} INFO - Processing /home/airflow/.local/lib/python3.12/site-packages/airflow/example_dags/example_dataset_alias_with_no_taskflow.py took 0.498 seconds
[2025-03-18T19:36:53.104+0000] {processor.py:186} INFO - Started process (PID=4993) to work on /home/airflow/.local/lib/python3.12/site-packages/airflow/example_dags/example_dataset_alias_with_no_taskflow.py
[2025-03-18T19:36:53.104+0000] {processor.py:914} INFO - Processing file /home/airflow/.local/lib/python3.12/site-packages/airflow/example_dags/example_dataset_alias_with_no_taskflow.py for tasks to queue
[2025-03-18T19:36:53.106+0000] {logging_mixin.py:190} INFO - [2025-03-18T19:36:53.106+0000] {dagbag.py:588} INFO - Filling up the DagBag from /home/airflow/.local/lib/python3.12/site-packages/airflow/example_dags/example_dataset_alias_with_no_taskflow.py
[2025-03-18T19:36:53.559+0000] {processor.py:925} INFO - DAG(s) 'dataset_s3_bucket_producer_with_no_taskflow', 'dataset_s3_bucket_consumer_with_no_taskflow', 'dataset_alias_example_alias_consumer_with_no_taskflow', 'dataset_alias_example_alias_producer_with_no_taskflow' retrieved from /home/airflow/.local/lib/python3.12/site-packages/airflow/example_dags/example_dataset_alias_with_no_taskflow.py
[2025-03-18T19:36:53.576+0000] {logging_mixin.py:190} INFO - [2025-03-18T19:36:53.575+0000] {dag.py:3239} INFO - Sync 4 DAGs
[2025-03-18T19:36:53.593+0000] {logging_mixin.py:190} INFO - [2025-03-18T19:36:53.593+0000] {dag.py:4180} INFO - Setting next_dagrun for dataset_alias_example_alias_consumer_with_no_taskflow to None, run_after=None
[2025-03-18T19:36:53.595+0000] {logging_mixin.py:190} INFO - [2025-03-18T19:36:53.595+0000] {dag.py:4180} INFO - Setting next_dagrun for dataset_alias_example_alias_producer_with_no_taskflow to None, run_after=None
[2025-03-18T19:36:53.596+0000] {logging_mixin.py:190} INFO - [2025-03-18T19:36:53.596+0000] {dag.py:4180} INFO - Setting next_dagrun for dataset_s3_bucket_consumer_with_no_taskflow to None, run_after=None
[2025-03-18T19:36:53.597+0000] {logging_mixin.py:190} INFO - [2025-03-18T19:36:53.597+0000] {dag.py:4180} INFO - Setting next_dagrun for dataset_s3_bucket_producer_with_no_taskflow to None, run_after=None
[2025-03-18T19:36:53.612+0000] {processor.py:208} INFO - Processing /home/airflow/.local/lib/python3.12/site-packages/airflow/example_dags/example_dataset_alias_with_no_taskflow.py took 0.513 seconds
[2025-03-18T19:37:23.973+0000] {processor.py:186} INFO - Started process (PID=5057) to work on /home/airflow/.local/lib/python3.12/site-packages/airflow/example_dags/example_dataset_alias_with_no_taskflow.py
[2025-03-18T19:37:23.974+0000] {processor.py:914} INFO - Processing file /home/airflow/.local/lib/python3.12/site-packages/airflow/example_dags/example_dataset_alias_with_no_taskflow.py for tasks to queue
[2025-03-18T19:37:23.976+0000] {logging_mixin.py:190} INFO - [2025-03-18T19:37:23.975+0000] {dagbag.py:588} INFO - Filling up the DagBag from /home/airflow/.local/lib/python3.12/site-packages/airflow/example_dags/example_dataset_alias_with_no_taskflow.py
[2025-03-18T19:37:24.432+0000] {processor.py:925} INFO - DAG(s) 'dataset_alias_example_alias_consumer_with_no_taskflow', 'dataset_alias_example_alias_producer_with_no_taskflow', 'dataset_s3_bucket_consumer_with_no_taskflow', 'dataset_s3_bucket_producer_with_no_taskflow' retrieved from /home/airflow/.local/lib/python3.12/site-packages/airflow/example_dags/example_dataset_alias_with_no_taskflow.py
[2025-03-18T19:37:24.449+0000] {logging_mixin.py:190} INFO - [2025-03-18T19:37:24.449+0000] {dag.py:3239} INFO - Sync 4 DAGs
[2025-03-18T19:37:24.468+0000] {logging_mixin.py:190} INFO - [2025-03-18T19:37:24.467+0000] {dag.py:4180} INFO - Setting next_dagrun for dataset_alias_example_alias_consumer_with_no_taskflow to None, run_after=None
[2025-03-18T19:37:24.470+0000] {logging_mixin.py:190} INFO - [2025-03-18T19:37:24.469+0000] {dag.py:4180} INFO - Setting next_dagrun for dataset_alias_example_alias_producer_with_no_taskflow to None, run_after=None
[2025-03-18T19:37:24.471+0000] {logging_mixin.py:190} INFO - [2025-03-18T19:37:24.470+0000] {dag.py:4180} INFO - Setting next_dagrun for dataset_s3_bucket_consumer_with_no_taskflow to None, run_after=None
[2025-03-18T19:37:24.471+0000] {logging_mixin.py:190} INFO - [2025-03-18T19:37:24.471+0000] {dag.py:4180} INFO - Setting next_dagrun for dataset_s3_bucket_producer_with_no_taskflow to None, run_after=None
[2025-03-18T19:37:24.488+0000] {processor.py:208} INFO - Processing /home/airflow/.local/lib/python3.12/site-packages/airflow/example_dags/example_dataset_alias_with_no_taskflow.py took 0.520 seconds
[2025-03-18T19:37:54.696+0000] {processor.py:186} INFO - Started process (PID=5121) to work on /home/airflow/.local/lib/python3.12/site-packages/airflow/example_dags/example_dataset_alias_with_no_taskflow.py
[2025-03-18T19:37:54.697+0000] {processor.py:914} INFO - Processing file /home/airflow/.local/lib/python3.12/site-packages/airflow/example_dags/example_dataset_alias_with_no_taskflow.py for tasks to queue
[2025-03-18T19:37:54.699+0000] {logging_mixin.py:190} INFO - [2025-03-18T19:37:54.698+0000] {dagbag.py:588} INFO - Filling up the DagBag from /home/airflow/.local/lib/python3.12/site-packages/airflow/example_dags/example_dataset_alias_with_no_taskflow.py
[2025-03-18T19:37:55.150+0000] {processor.py:925} INFO - DAG(s) 'dataset_alias_example_alias_producer_with_no_taskflow', 'dataset_s3_bucket_producer_with_no_taskflow', 'dataset_s3_bucket_consumer_with_no_taskflow', 'dataset_alias_example_alias_consumer_with_no_taskflow' retrieved from /home/airflow/.local/lib/python3.12/site-packages/airflow/example_dags/example_dataset_alias_with_no_taskflow.py
[2025-03-18T19:37:55.167+0000] {logging_mixin.py:190} INFO - [2025-03-18T19:37:55.166+0000] {dag.py:3239} INFO - Sync 4 DAGs
[2025-03-18T19:37:55.183+0000] {logging_mixin.py:190} INFO - [2025-03-18T19:37:55.183+0000] {dag.py:4180} INFO - Setting next_dagrun for dataset_alias_example_alias_consumer_with_no_taskflow to None, run_after=None
[2025-03-18T19:37:55.185+0000] {logging_mixin.py:190} INFO - [2025-03-18T19:37:55.185+0000] {dag.py:4180} INFO - Setting next_dagrun for dataset_alias_example_alias_producer_with_no_taskflow to None, run_after=None
[2025-03-18T19:37:55.186+0000] {logging_mixin.py:190} INFO - [2025-03-18T19:37:55.186+0000] {dag.py:4180} INFO - Setting next_dagrun for dataset_s3_bucket_consumer_with_no_taskflow to None, run_after=None
[2025-03-18T19:37:55.187+0000] {logging_mixin.py:190} INFO - [2025-03-18T19:37:55.187+0000] {dag.py:4180} INFO - Setting next_dagrun for dataset_s3_bucket_producer_with_no_taskflow to None, run_after=None
[2025-03-18T19:37:55.204+0000] {processor.py:208} INFO - Processing /home/airflow/.local/lib/python3.12/site-packages/airflow/example_dags/example_dataset_alias_with_no_taskflow.py took 0.512 seconds
[2025-03-18T19:38:25.351+0000] {processor.py:186} INFO - Started process (PID=5185) to work on /home/airflow/.local/lib/python3.12/site-packages/airflow/example_dags/example_dataset_alias_with_no_taskflow.py
[2025-03-18T19:38:25.352+0000] {processor.py:914} INFO - Processing file /home/airflow/.local/lib/python3.12/site-packages/airflow/example_dags/example_dataset_alias_with_no_taskflow.py for tasks to queue
[2025-03-18T19:38:25.354+0000] {logging_mixin.py:190} INFO - [2025-03-18T19:38:25.354+0000] {dagbag.py:588} INFO - Filling up the DagBag from /home/airflow/.local/lib/python3.12/site-packages/airflow/example_dags/example_dataset_alias_with_no_taskflow.py
[2025-03-18T19:38:25.800+0000] {processor.py:925} INFO - DAG(s) 'dataset_alias_example_alias_consumer_with_no_taskflow', 'dataset_s3_bucket_consumer_with_no_taskflow', 'dataset_s3_bucket_producer_with_no_taskflow', 'dataset_alias_example_alias_producer_with_no_taskflow' retrieved from /home/airflow/.local/lib/python3.12/site-packages/airflow/example_dags/example_dataset_alias_with_no_taskflow.py
[2025-03-18T19:38:25.817+0000] {logging_mixin.py:190} INFO - [2025-03-18T19:38:25.817+0000] {dag.py:3239} INFO - Sync 4 DAGs
[2025-03-18T19:38:25.836+0000] {logging_mixin.py:190} INFO - [2025-03-18T19:38:25.836+0000] {dag.py:4180} INFO - Setting next_dagrun for dataset_alias_example_alias_consumer_with_no_taskflow to None, run_after=None
[2025-03-18T19:38:25.839+0000] {logging_mixin.py:190} INFO - [2025-03-18T19:38:25.838+0000] {dag.py:4180} INFO - Setting next_dagrun for dataset_alias_example_alias_producer_with_no_taskflow to None, run_after=None
[2025-03-18T19:38:25.840+0000] {logging_mixin.py:190} INFO - [2025-03-18T19:38:25.840+0000] {dag.py:4180} INFO - Setting next_dagrun for dataset_s3_bucket_consumer_with_no_taskflow to None, run_after=None
[2025-03-18T19:38:25.841+0000] {logging_mixin.py:190} INFO - [2025-03-18T19:38:25.841+0000] {dag.py:4180} INFO - Setting next_dagrun for dataset_s3_bucket_producer_with_no_taskflow to None, run_after=None
[2025-03-18T19:38:25.860+0000] {processor.py:208} INFO - Processing /home/airflow/.local/lib/python3.12/site-packages/airflow/example_dags/example_dataset_alias_with_no_taskflow.py took 0.513 seconds
[2025-03-18T19:38:56.158+0000] {processor.py:186} INFO - Started process (PID=5249) to work on /home/airflow/.local/lib/python3.12/site-packages/airflow/example_dags/example_dataset_alias_with_no_taskflow.py
[2025-03-18T19:38:56.159+0000] {processor.py:914} INFO - Processing file /home/airflow/.local/lib/python3.12/site-packages/airflow/example_dags/example_dataset_alias_with_no_taskflow.py for tasks to queue
[2025-03-18T19:38:56.161+0000] {logging_mixin.py:190} INFO - [2025-03-18T19:38:56.160+0000] {dagbag.py:588} INFO - Filling up the DagBag from /home/airflow/.local/lib/python3.12/site-packages/airflow/example_dags/example_dataset_alias_with_no_taskflow.py
[2025-03-18T19:38:56.602+0000] {processor.py:925} INFO - DAG(s) 'dataset_alias_example_alias_producer_with_no_taskflow', 'dataset_s3_bucket_consumer_with_no_taskflow', 'dataset_alias_example_alias_consumer_with_no_taskflow', 'dataset_s3_bucket_producer_with_no_taskflow' retrieved from /home/airflow/.local/lib/python3.12/site-packages/airflow/example_dags/example_dataset_alias_with_no_taskflow.py
[2025-03-18T19:38:56.621+0000] {logging_mixin.py:190} INFO - [2025-03-18T19:38:56.621+0000] {dag.py:3239} INFO - Sync 4 DAGs
[2025-03-18T19:38:56.642+0000] {logging_mixin.py:190} INFO - [2025-03-18T19:38:56.642+0000] {dag.py:4180} INFO - Setting next_dagrun for dataset_alias_example_alias_consumer_with_no_taskflow to None, run_after=None
[2025-03-18T19:38:56.644+0000] {logging_mixin.py:190} INFO - [2025-03-18T19:38:56.644+0000] {dag.py:4180} INFO - Setting next_dagrun for dataset_alias_example_alias_producer_with_no_taskflow to None, run_after=None
[2025-03-18T19:38:56.645+0000] {logging_mixin.py:190} INFO - [2025-03-18T19:38:56.645+0000] {dag.py:4180} INFO - Setting next_dagrun for dataset_s3_bucket_consumer_with_no_taskflow to None, run_after=None
[2025-03-18T19:38:56.646+0000] {logging_mixin.py:190} INFO - [2025-03-18T19:38:56.646+0000] {dag.py:4180} INFO - Setting next_dagrun for dataset_s3_bucket_producer_with_no_taskflow to None, run_after=None
[2025-03-18T19:38:56.663+0000] {processor.py:208} INFO - Processing /home/airflow/.local/lib/python3.12/site-packages/airflow/example_dags/example_dataset_alias_with_no_taskflow.py took 0.511 seconds
[2025-03-18T19:39:27.042+0000] {processor.py:186} INFO - Started process (PID=5313) to work on /home/airflow/.local/lib/python3.12/site-packages/airflow/example_dags/example_dataset_alias_with_no_taskflow.py
[2025-03-18T19:39:27.043+0000] {processor.py:914} INFO - Processing file /home/airflow/.local/lib/python3.12/site-packages/airflow/example_dags/example_dataset_alias_with_no_taskflow.py for tasks to queue
[2025-03-18T19:39:27.045+0000] {logging_mixin.py:190} INFO - [2025-03-18T19:39:27.045+0000] {dagbag.py:588} INFO - Filling up the DagBag from /home/airflow/.local/lib/python3.12/site-packages/airflow/example_dags/example_dataset_alias_with_no_taskflow.py
[2025-03-18T19:39:27.479+0000] {processor.py:925} INFO - DAG(s) 'dataset_alias_example_alias_consumer_with_no_taskflow', 'dataset_alias_example_alias_producer_with_no_taskflow', 'dataset_s3_bucket_producer_with_no_taskflow', 'dataset_s3_bucket_consumer_with_no_taskflow' retrieved from /home/airflow/.local/lib/python3.12/site-packages/airflow/example_dags/example_dataset_alias_with_no_taskflow.py
[2025-03-18T19:39:27.495+0000] {logging_mixin.py:190} INFO - [2025-03-18T19:39:27.494+0000] {dag.py:3239} INFO - Sync 4 DAGs
[2025-03-18T19:39:27.513+0000] {logging_mixin.py:190} INFO - [2025-03-18T19:39:27.513+0000] {dag.py:4180} INFO - Setting next_dagrun for dataset_alias_example_alias_consumer_with_no_taskflow to None, run_after=None
[2025-03-18T19:39:27.515+0000] {logging_mixin.py:190} INFO - [2025-03-18T19:39:27.515+0000] {dag.py:4180} INFO - Setting next_dagrun for dataset_alias_example_alias_producer_with_no_taskflow to None, run_after=None
[2025-03-18T19:39:27.516+0000] {logging_mixin.py:190} INFO - [2025-03-18T19:39:27.516+0000] {dag.py:4180} INFO - Setting next_dagrun for dataset_s3_bucket_consumer_with_no_taskflow to None, run_after=None
[2025-03-18T19:39:27.517+0000] {logging_mixin.py:190} INFO - [2025-03-18T19:39:27.517+0000] {dag.py:4180} INFO - Setting next_dagrun for dataset_s3_bucket_producer_with_no_taskflow to None, run_after=None
[2025-03-18T19:39:27.534+0000] {processor.py:208} INFO - Processing /home/airflow/.local/lib/python3.12/site-packages/airflow/example_dags/example_dataset_alias_with_no_taskflow.py took 0.497 seconds
[2025-03-18T19:39:57.732+0000] {processor.py:186} INFO - Started process (PID=5377) to work on /home/airflow/.local/lib/python3.12/site-packages/airflow/example_dags/example_dataset_alias_with_no_taskflow.py
[2025-03-18T19:39:57.733+0000] {processor.py:914} INFO - Processing file /home/airflow/.local/lib/python3.12/site-packages/airflow/example_dags/example_dataset_alias_with_no_taskflow.py for tasks to queue
[2025-03-18T19:39:57.735+0000] {logging_mixin.py:190} INFO - [2025-03-18T19:39:57.734+0000] {dagbag.py:588} INFO - Filling up the DagBag from /home/airflow/.local/lib/python3.12/site-packages/airflow/example_dags/example_dataset_alias_with_no_taskflow.py
[2025-03-18T19:39:58.154+0000] {processor.py:925} INFO - DAG(s) 'dataset_alias_example_alias_consumer_with_no_taskflow', 'dataset_s3_bucket_producer_with_no_taskflow', 'dataset_alias_example_alias_producer_with_no_taskflow', 'dataset_s3_bucket_consumer_with_no_taskflow' retrieved from /home/airflow/.local/lib/python3.12/site-packages/airflow/example_dags/example_dataset_alias_with_no_taskflow.py
[2025-03-18T19:39:58.169+0000] {logging_mixin.py:190} INFO - [2025-03-18T19:39:58.169+0000] {dag.py:3239} INFO - Sync 4 DAGs
[2025-03-18T19:39:58.185+0000] {logging_mixin.py:190} INFO - [2025-03-18T19:39:58.185+0000] {dag.py:4180} INFO - Setting next_dagrun for dataset_alias_example_alias_consumer_with_no_taskflow to None, run_after=None
[2025-03-18T19:39:58.187+0000] {logging_mixin.py:190} INFO - [2025-03-18T19:39:58.187+0000] {dag.py:4180} INFO - Setting next_dagrun for dataset_alias_example_alias_producer_with_no_taskflow to None, run_after=None
[2025-03-18T19:39:58.188+0000] {logging_mixin.py:190} INFO - [2025-03-18T19:39:58.188+0000] {dag.py:4180} INFO - Setting next_dagrun for dataset_s3_bucket_consumer_with_no_taskflow to None, run_after=None
[2025-03-18T19:39:58.189+0000] {logging_mixin.py:190} INFO - [2025-03-18T19:39:58.189+0000] {dag.py:4180} INFO - Setting next_dagrun for dataset_s3_bucket_producer_with_no_taskflow to None, run_after=None
[2025-03-18T19:39:58.205+0000] {processor.py:208} INFO - Processing /home/airflow/.local/lib/python3.12/site-packages/airflow/example_dags/example_dataset_alias_with_no_taskflow.py took 0.477 seconds
[2025-03-18T19:40:28.580+0000] {processor.py:186} INFO - Started process (PID=5441) to work on /home/airflow/.local/lib/python3.12/site-packages/airflow/example_dags/example_dataset_alias_with_no_taskflow.py
[2025-03-18T19:40:28.581+0000] {processor.py:914} INFO - Processing file /home/airflow/.local/lib/python3.12/site-packages/airflow/example_dags/example_dataset_alias_with_no_taskflow.py for tasks to queue
[2025-03-18T19:40:28.583+0000] {logging_mixin.py:190} INFO - [2025-03-18T19:40:28.583+0000] {dagbag.py:588} INFO - Filling up the DagBag from /home/airflow/.local/lib/python3.12/site-packages/airflow/example_dags/example_dataset_alias_with_no_taskflow.py
[2025-03-18T19:40:28.996+0000] {processor.py:925} INFO - DAG(s) 'dataset_s3_bucket_consumer_with_no_taskflow', 'dataset_alias_example_alias_producer_with_no_taskflow', 'dataset_s3_bucket_producer_with_no_taskflow', 'dataset_alias_example_alias_consumer_with_no_taskflow' retrieved from /home/airflow/.local/lib/python3.12/site-packages/airflow/example_dags/example_dataset_alias_with_no_taskflow.py
[2025-03-18T19:40:29.012+0000] {logging_mixin.py:190} INFO - [2025-03-18T19:40:29.012+0000] {dag.py:3239} INFO - Sync 4 DAGs
[2025-03-18T19:40:29.029+0000] {logging_mixin.py:190} INFO - [2025-03-18T19:40:29.029+0000] {dag.py:4180} INFO - Setting next_dagrun for dataset_alias_example_alias_consumer_with_no_taskflow to None, run_after=None
[2025-03-18T19:40:29.031+0000] {logging_mixin.py:190} INFO - [2025-03-18T19:40:29.031+0000] {dag.py:4180} INFO - Setting next_dagrun for dataset_alias_example_alias_producer_with_no_taskflow to None, run_after=None
[2025-03-18T19:40:29.032+0000] {logging_mixin.py:190} INFO - [2025-03-18T19:40:29.032+0000] {dag.py:4180} INFO - Setting next_dagrun for dataset_s3_bucket_consumer_with_no_taskflow to None, run_after=None
[2025-03-18T19:40:29.033+0000] {logging_mixin.py:190} INFO - [2025-03-18T19:40:29.033+0000] {dag.py:4180} INFO - Setting next_dagrun for dataset_s3_bucket_producer_with_no_taskflow to None, run_after=None
[2025-03-18T19:40:29.049+0000] {processor.py:208} INFO - Processing /home/airflow/.local/lib/python3.12/site-packages/airflow/example_dags/example_dataset_alias_with_no_taskflow.py took 0.473 seconds
[2025-03-18T19:40:59.163+0000] {processor.py:186} INFO - Started process (PID=5505) to work on /home/airflow/.local/lib/python3.12/site-packages/airflow/example_dags/example_dataset_alias_with_no_taskflow.py
[2025-03-18T19:40:59.163+0000] {processor.py:914} INFO - Processing file /home/airflow/.local/lib/python3.12/site-packages/airflow/example_dags/example_dataset_alias_with_no_taskflow.py for tasks to queue
[2025-03-18T19:40:59.165+0000] {logging_mixin.py:190} INFO - [2025-03-18T19:40:59.165+0000] {dagbag.py:588} INFO - Filling up the DagBag from /home/airflow/.local/lib/python3.12/site-packages/airflow/example_dags/example_dataset_alias_with_no_taskflow.py
[2025-03-18T19:40:59.574+0000] {processor.py:925} INFO - DAG(s) 'dataset_s3_bucket_consumer_with_no_taskflow', 'dataset_alias_example_alias_producer_with_no_taskflow', 'dataset_alias_example_alias_consumer_with_no_taskflow', 'dataset_s3_bucket_producer_with_no_taskflow' retrieved from /home/airflow/.local/lib/python3.12/site-packages/airflow/example_dags/example_dataset_alias_with_no_taskflow.py
[2025-03-18T19:40:59.589+0000] {logging_mixin.py:190} INFO - [2025-03-18T19:40:59.589+0000] {dag.py:3239} INFO - Sync 4 DAGs
[2025-03-18T19:40:59.605+0000] {logging_mixin.py:190} INFO - [2025-03-18T19:40:59.605+0000] {dag.py:4180} INFO - Setting next_dagrun for dataset_alias_example_alias_consumer_with_no_taskflow to None, run_after=None
[2025-03-18T19:40:59.607+0000] {logging_mixin.py:190} INFO - [2025-03-18T19:40:59.607+0000] {dag.py:4180} INFO - Setting next_dagrun for dataset_alias_example_alias_producer_with_no_taskflow to None, run_after=None
[2025-03-18T19:40:59.608+0000] {logging_mixin.py:190} INFO - [2025-03-18T19:40:59.608+0000] {dag.py:4180} INFO - Setting next_dagrun for dataset_s3_bucket_consumer_with_no_taskflow to None, run_after=None
[2025-03-18T19:40:59.609+0000] {logging_mixin.py:190} INFO - [2025-03-18T19:40:59.609+0000] {dag.py:4180} INFO - Setting next_dagrun for dataset_s3_bucket_producer_with_no_taskflow to None, run_after=None
[2025-03-18T19:40:59.624+0000] {processor.py:208} INFO - Processing /home/airflow/.local/lib/python3.12/site-packages/airflow/example_dags/example_dataset_alias_with_no_taskflow.py took 0.466 seconds
[2025-03-18T19:41:29.820+0000] {processor.py:186} INFO - Started process (PID=5569) to work on /home/airflow/.local/lib/python3.12/site-packages/airflow/example_dags/example_dataset_alias_with_no_taskflow.py
[2025-03-18T19:41:29.821+0000] {processor.py:914} INFO - Processing file /home/airflow/.local/lib/python3.12/site-packages/airflow/example_dags/example_dataset_alias_with_no_taskflow.py for tasks to queue
[2025-03-18T19:41:29.823+0000] {logging_mixin.py:190} INFO - [2025-03-18T19:41:29.822+0000] {dagbag.py:588} INFO - Filling up the DagBag from /home/airflow/.local/lib/python3.12/site-packages/airflow/example_dags/example_dataset_alias_with_no_taskflow.py
[2025-03-18T19:41:30.267+0000] {processor.py:925} INFO - DAG(s) 'dataset_alias_example_alias_producer_with_no_taskflow', 'dataset_s3_bucket_producer_with_no_taskflow', 'dataset_s3_bucket_consumer_with_no_taskflow', 'dataset_alias_example_alias_consumer_with_no_taskflow' retrieved from /home/airflow/.local/lib/python3.12/site-packages/airflow/example_dags/example_dataset_alias_with_no_taskflow.py
[2025-03-18T19:41:30.283+0000] {logging_mixin.py:190} INFO - [2025-03-18T19:41:30.283+0000] {dag.py:3239} INFO - Sync 4 DAGs
[2025-03-18T19:41:30.299+0000] {logging_mixin.py:190} INFO - [2025-03-18T19:41:30.299+0000] {dag.py:4180} INFO - Setting next_dagrun for dataset_alias_example_alias_consumer_with_no_taskflow to None, run_after=None
[2025-03-18T19:41:30.301+0000] {logging_mixin.py:190} INFO - [2025-03-18T19:41:30.300+0000] {dag.py:4180} INFO - Setting next_dagrun for dataset_alias_example_alias_producer_with_no_taskflow to None, run_after=None
[2025-03-18T19:41:30.302+0000] {logging_mixin.py:190} INFO - [2025-03-18T19:41:30.301+0000] {dag.py:4180} INFO - Setting next_dagrun for dataset_s3_bucket_consumer_with_no_taskflow to None, run_after=None
[2025-03-18T19:41:30.302+0000] {logging_mixin.py:190} INFO - [2025-03-18T19:41:30.302+0000] {dag.py:4180} INFO - Setting next_dagrun for dataset_s3_bucket_producer_with_no_taskflow to None, run_after=None
[2025-03-18T19:41:30.317+0000] {processor.py:208} INFO - Processing /home/airflow/.local/lib/python3.12/site-packages/airflow/example_dags/example_dataset_alias_with_no_taskflow.py took 0.501 seconds
[2025-03-18T19:42:00.621+0000] {processor.py:186} INFO - Started process (PID=5633) to work on /home/airflow/.local/lib/python3.12/site-packages/airflow/example_dags/example_dataset_alias_with_no_taskflow.py
[2025-03-18T19:42:00.622+0000] {processor.py:914} INFO - Processing file /home/airflow/.local/lib/python3.12/site-packages/airflow/example_dags/example_dataset_alias_with_no_taskflow.py for tasks to queue
[2025-03-18T19:42:00.624+0000] {logging_mixin.py:190} INFO - [2025-03-18T19:42:00.624+0000] {dagbag.py:588} INFO - Filling up the DagBag from /home/airflow/.local/lib/python3.12/site-packages/airflow/example_dags/example_dataset_alias_with_no_taskflow.py
[2025-03-18T19:42:01.071+0000] {processor.py:925} INFO - DAG(s) 'dataset_alias_example_alias_producer_with_no_taskflow', 'dataset_s3_bucket_consumer_with_no_taskflow', 'dataset_alias_example_alias_consumer_with_no_taskflow', 'dataset_s3_bucket_producer_with_no_taskflow' retrieved from /home/airflow/.local/lib/python3.12/site-packages/airflow/example_dags/example_dataset_alias_with_no_taskflow.py
[2025-03-18T19:42:01.087+0000] {logging_mixin.py:190} INFO - [2025-03-18T19:42:01.087+0000] {dag.py:3239} INFO - Sync 4 DAGs
[2025-03-18T19:42:01.105+0000] {logging_mixin.py:190} INFO - [2025-03-18T19:42:01.105+0000] {dag.py:4180} INFO - Setting next_dagrun for dataset_alias_example_alias_consumer_with_no_taskflow to None, run_after=None
[2025-03-18T19:42:01.107+0000] {logging_mixin.py:190} INFO - [2025-03-18T19:42:01.107+0000] {dag.py:4180} INFO - Setting next_dagrun for dataset_alias_example_alias_producer_with_no_taskflow to None, run_after=None
[2025-03-18T19:42:01.108+0000] {logging_mixin.py:190} INFO - [2025-03-18T19:42:01.108+0000] {dag.py:4180} INFO - Setting next_dagrun for dataset_s3_bucket_consumer_with_no_taskflow to None, run_after=None
[2025-03-18T19:42:01.109+0000] {logging_mixin.py:190} INFO - [2025-03-18T19:42:01.109+0000] {dag.py:4180} INFO - Setting next_dagrun for dataset_s3_bucket_producer_with_no_taskflow to None, run_after=None
[2025-03-18T19:42:01.124+0000] {processor.py:208} INFO - Processing /home/airflow/.local/lib/python3.12/site-packages/airflow/example_dags/example_dataset_alias_with_no_taskflow.py took 0.508 seconds
[2025-03-18T19:42:32.142+0000] {processor.py:186} INFO - Started process (PID=5697) to work on /home/airflow/.local/lib/python3.12/site-packages/airflow/example_dags/example_dataset_alias_with_no_taskflow.py
[2025-03-18T19:42:32.143+0000] {processor.py:914} INFO - Processing file /home/airflow/.local/lib/python3.12/site-packages/airflow/example_dags/example_dataset_alias_with_no_taskflow.py for tasks to queue
[2025-03-18T19:42:32.145+0000] {logging_mixin.py:190} INFO - [2025-03-18T19:42:32.145+0000] {dagbag.py:588} INFO - Filling up the DagBag from /home/airflow/.local/lib/python3.12/site-packages/airflow/example_dags/example_dataset_alias_with_no_taskflow.py
[2025-03-18T19:42:32.608+0000] {processor.py:925} INFO - DAG(s) 'dataset_s3_bucket_producer_with_no_taskflow', 'dataset_s3_bucket_consumer_with_no_taskflow', 'dataset_alias_example_alias_producer_with_no_taskflow', 'dataset_alias_example_alias_consumer_with_no_taskflow' retrieved from /home/airflow/.local/lib/python3.12/site-packages/airflow/example_dags/example_dataset_alias_with_no_taskflow.py
[2025-03-18T19:42:32.623+0000] {logging_mixin.py:190} INFO - [2025-03-18T19:42:32.623+0000] {dag.py:3239} INFO - Sync 4 DAGs
[2025-03-18T19:42:32.641+0000] {logging_mixin.py:190} INFO - [2025-03-18T19:42:32.641+0000] {dag.py:4180} INFO - Setting next_dagrun for dataset_alias_example_alias_consumer_with_no_taskflow to None, run_after=None
[2025-03-18T19:42:32.643+0000] {logging_mixin.py:190} INFO - [2025-03-18T19:42:32.643+0000] {dag.py:4180} INFO - Setting next_dagrun for dataset_alias_example_alias_producer_with_no_taskflow to None, run_after=None
[2025-03-18T19:42:32.644+0000] {logging_mixin.py:190} INFO - [2025-03-18T19:42:32.644+0000] {dag.py:4180} INFO - Setting next_dagrun for dataset_s3_bucket_consumer_with_no_taskflow to None, run_after=None
[2025-03-18T19:42:32.645+0000] {logging_mixin.py:190} INFO - [2025-03-18T19:42:32.645+0000] {dag.py:4180} INFO - Setting next_dagrun for dataset_s3_bucket_producer_with_no_taskflow to None, run_after=None
[2025-03-18T19:42:32.662+0000] {processor.py:208} INFO - Processing /home/airflow/.local/lib/python3.12/site-packages/airflow/example_dags/example_dataset_alias_with_no_taskflow.py took 0.526 seconds
[2025-03-18T19:43:03.139+0000] {processor.py:186} INFO - Started process (PID=5761) to work on /home/airflow/.local/lib/python3.12/site-packages/airflow/example_dags/example_dataset_alias_with_no_taskflow.py
[2025-03-18T19:43:03.140+0000] {processor.py:914} INFO - Processing file /home/airflow/.local/lib/python3.12/site-packages/airflow/example_dags/example_dataset_alias_with_no_taskflow.py for tasks to queue
[2025-03-18T19:43:03.142+0000] {logging_mixin.py:190} INFO - [2025-03-18T19:43:03.142+0000] {dagbag.py:588} INFO - Filling up the DagBag from /home/airflow/.local/lib/python3.12/site-packages/airflow/example_dags/example_dataset_alias_with_no_taskflow.py
[2025-03-18T19:43:03.585+0000] {processor.py:925} INFO - DAG(s) 'dataset_alias_example_alias_producer_with_no_taskflow', 'dataset_s3_bucket_producer_with_no_taskflow', 'dataset_s3_bucket_consumer_with_no_taskflow', 'dataset_alias_example_alias_consumer_with_no_taskflow' retrieved from /home/airflow/.local/lib/python3.12/site-packages/airflow/example_dags/example_dataset_alias_with_no_taskflow.py
[2025-03-18T19:43:03.600+0000] {logging_mixin.py:190} INFO - [2025-03-18T19:43:03.600+0000] {dag.py:3239} INFO - Sync 4 DAGs
[2025-03-18T19:43:03.618+0000] {logging_mixin.py:190} INFO - [2025-03-18T19:43:03.618+0000] {dag.py:4180} INFO - Setting next_dagrun for dataset_alias_example_alias_consumer_with_no_taskflow to None, run_after=None
[2025-03-18T19:43:03.620+0000] {logging_mixin.py:190} INFO - [2025-03-18T19:43:03.620+0000] {dag.py:4180} INFO - Setting next_dagrun for dataset_alias_example_alias_producer_with_no_taskflow to None, run_after=None
[2025-03-18T19:43:03.622+0000] {logging_mixin.py:190} INFO - [2025-03-18T19:43:03.622+0000] {dag.py:4180} INFO - Setting next_dagrun for dataset_s3_bucket_consumer_with_no_taskflow to None, run_after=None
[2025-03-18T19:43:03.624+0000] {logging_mixin.py:190} INFO - [2025-03-18T19:43:03.623+0000] {dag.py:4180} INFO - Setting next_dagrun for dataset_s3_bucket_producer_with_no_taskflow to None, run_after=None
[2025-03-18T19:43:03.642+0000] {processor.py:208} INFO - Processing /home/airflow/.local/lib/python3.12/site-packages/airflow/example_dags/example_dataset_alias_with_no_taskflow.py took 0.508 seconds
[2025-03-18T19:43:33.927+0000] {processor.py:186} INFO - Started process (PID=5825) to work on /home/airflow/.local/lib/python3.12/site-packages/airflow/example_dags/example_dataset_alias_with_no_taskflow.py
[2025-03-18T19:43:33.928+0000] {processor.py:914} INFO - Processing file /home/airflow/.local/lib/python3.12/site-packages/airflow/example_dags/example_dataset_alias_with_no_taskflow.py for tasks to queue
[2025-03-18T19:43:33.930+0000] {logging_mixin.py:190} INFO - [2025-03-18T19:43:33.930+0000] {dagbag.py:588} INFO - Filling up the DagBag from /home/airflow/.local/lib/python3.12/site-packages/airflow/example_dags/example_dataset_alias_with_no_taskflow.py
[2025-03-18T19:43:34.370+0000] {processor.py:925} INFO - DAG(s) 'dataset_alias_example_alias_producer_with_no_taskflow', 'dataset_alias_example_alias_consumer_with_no_taskflow', 'dataset_s3_bucket_producer_with_no_taskflow', 'dataset_s3_bucket_consumer_with_no_taskflow' retrieved from /home/airflow/.local/lib/python3.12/site-packages/airflow/example_dags/example_dataset_alias_with_no_taskflow.py
[2025-03-18T19:43:34.386+0000] {logging_mixin.py:190} INFO - [2025-03-18T19:43:34.386+0000] {dag.py:3239} INFO - Sync 4 DAGs
[2025-03-18T19:43:34.403+0000] {logging_mixin.py:190} INFO - [2025-03-18T19:43:34.403+0000] {dag.py:4180} INFO - Setting next_dagrun for dataset_alias_example_alias_consumer_with_no_taskflow to None, run_after=None
[2025-03-18T19:43:34.405+0000] {logging_mixin.py:190} INFO - [2025-03-18T19:43:34.405+0000] {dag.py:4180} INFO - Setting next_dagrun for dataset_alias_example_alias_producer_with_no_taskflow to None, run_after=None
[2025-03-18T19:43:34.406+0000] {logging_mixin.py:190} INFO - [2025-03-18T19:43:34.406+0000] {dag.py:4180} INFO - Setting next_dagrun for dataset_s3_bucket_consumer_with_no_taskflow to None, run_after=None
[2025-03-18T19:43:34.407+0000] {logging_mixin.py:190} INFO - [2025-03-18T19:43:34.407+0000] {dag.py:4180} INFO - Setting next_dagrun for dataset_s3_bucket_producer_with_no_taskflow to None, run_after=None
[2025-03-18T19:43:34.425+0000] {processor.py:208} INFO - Processing /home/airflow/.local/lib/python3.12/site-packages/airflow/example_dags/example_dataset_alias_with_no_taskflow.py took 0.503 seconds
