[2025-03-18T19:24:00.227+0000] {processor.py:186} INFO - Started process (PID=3367) to work on /home/airflow/.local/lib/python3.12/site-packages/airflow/example_dags/example_inlet_event_extra.py
[2025-03-18T19:24:00.227+0000] {processor.py:914} INFO - Processing file /home/airflow/.local/lib/python3.12/site-packages/airflow/example_dags/example_inlet_event_extra.py for tasks to queue
[2025-03-18T19:24:00.229+0000] {logging_mixin.py:190} INFO - [2025-03-18T19:24:00.229+0000] {dagbag.py:588} INFO - Filling up the DagBag from /home/airflow/.local/lib/python3.12/site-packages/airflow/example_dags/example_inlet_event_extra.py
[2025-03-18T19:24:00.513+0000] {processor.py:925} INFO - DAG(s) 'read_dataset_event', 'read_dataset_event_from_classic' retrieved from /home/airflow/.local/lib/python3.12/site-packages/airflow/example_dags/example_inlet_event_extra.py
[2025-03-18T19:24:00.533+0000] {logging_mixin.py:190} INFO - [2025-03-18T19:24:00.533+0000] {dag.py:3239} INFO - Sync 2 DAGs
[2025-03-18T19:24:00.557+0000] {logging_mixin.py:190} INFO - [2025-03-18T19:24:00.557+0000] {dag.py:4180} INFO - Setting next_dagrun for read_dataset_event to 2025-03-17 00:00:00+00:00, run_after=2025-03-18 00:00:00+00:00
[2025-03-18T19:24:00.561+0000] {logging_mixin.py:190} INFO - [2025-03-18T19:24:00.561+0000] {dag.py:4180} INFO - Setting next_dagrun for read_dataset_event_from_classic to 2025-03-17 00:00:00+00:00, run_after=2025-03-18 00:00:00+00:00
[2025-03-18T19:24:00.577+0000] {processor.py:208} INFO - Processing /home/airflow/.local/lib/python3.12/site-packages/airflow/example_dags/example_inlet_event_extra.py took 0.355 seconds
[2025-03-18T19:24:30.669+0000] {processor.py:186} INFO - Started process (PID=3431) to work on /home/airflow/.local/lib/python3.12/site-packages/airflow/example_dags/example_inlet_event_extra.py
[2025-03-18T19:24:30.670+0000] {processor.py:914} INFO - Processing file /home/airflow/.local/lib/python3.12/site-packages/airflow/example_dags/example_inlet_event_extra.py for tasks to queue
[2025-03-18T19:24:30.672+0000] {logging_mixin.py:190} INFO - [2025-03-18T19:24:30.672+0000] {dagbag.py:588} INFO - Filling up the DagBag from /home/airflow/.local/lib/python3.12/site-packages/airflow/example_dags/example_inlet_event_extra.py
[2025-03-18T19:24:30.944+0000] {processor.py:925} INFO - DAG(s) 'read_dataset_event', 'read_dataset_event_from_classic' retrieved from /home/airflow/.local/lib/python3.12/site-packages/airflow/example_dags/example_inlet_event_extra.py
[2025-03-18T19:24:30.963+0000] {logging_mixin.py:190} INFO - [2025-03-18T19:24:30.963+0000] {dag.py:3239} INFO - Sync 2 DAGs
[2025-03-18T19:24:30.985+0000] {logging_mixin.py:190} INFO - [2025-03-18T19:24:30.985+0000] {dag.py:4180} INFO - Setting next_dagrun for read_dataset_event to 2025-03-17 00:00:00+00:00, run_after=2025-03-18 00:00:00+00:00
[2025-03-18T19:24:30.989+0000] {logging_mixin.py:190} INFO - [2025-03-18T19:24:30.989+0000] {dag.py:4180} INFO - Setting next_dagrun for read_dataset_event_from_classic to 2025-03-17 00:00:00+00:00, run_after=2025-03-18 00:00:00+00:00
[2025-03-18T19:24:31.002+0000] {processor.py:208} INFO - Processing /home/airflow/.local/lib/python3.12/site-packages/airflow/example_dags/example_inlet_event_extra.py took 0.338 seconds
[2025-03-18T19:25:01.368+0000] {processor.py:186} INFO - Started process (PID=3495) to work on /home/airflow/.local/lib/python3.12/site-packages/airflow/example_dags/example_inlet_event_extra.py
[2025-03-18T19:25:01.369+0000] {processor.py:914} INFO - Processing file /home/airflow/.local/lib/python3.12/site-packages/airflow/example_dags/example_inlet_event_extra.py for tasks to queue
[2025-03-18T19:25:01.371+0000] {logging_mixin.py:190} INFO - [2025-03-18T19:25:01.370+0000] {dagbag.py:588} INFO - Filling up the DagBag from /home/airflow/.local/lib/python3.12/site-packages/airflow/example_dags/example_inlet_event_extra.py
[2025-03-18T19:25:01.633+0000] {processor.py:925} INFO - DAG(s) 'read_dataset_event_from_classic', 'read_dataset_event' retrieved from /home/airflow/.local/lib/python3.12/site-packages/airflow/example_dags/example_inlet_event_extra.py
[2025-03-18T19:25:01.651+0000] {logging_mixin.py:190} INFO - [2025-03-18T19:25:01.651+0000] {dag.py:3239} INFO - Sync 2 DAGs
[2025-03-18T19:25:01.675+0000] {logging_mixin.py:190} INFO - [2025-03-18T19:25:01.675+0000] {dag.py:4180} INFO - Setting next_dagrun for read_dataset_event to 2025-03-17 00:00:00+00:00, run_after=2025-03-18 00:00:00+00:00
[2025-03-18T19:25:01.679+0000] {logging_mixin.py:190} INFO - [2025-03-18T19:25:01.679+0000] {dag.py:4180} INFO - Setting next_dagrun for read_dataset_event_from_classic to 2025-03-17 00:00:00+00:00, run_after=2025-03-18 00:00:00+00:00
[2025-03-18T19:25:01.693+0000] {processor.py:208} INFO - Processing /home/airflow/.local/lib/python3.12/site-packages/airflow/example_dags/example_inlet_event_extra.py took 0.330 seconds
[2025-03-18T19:25:32.661+0000] {processor.py:186} INFO - Started process (PID=3559) to work on /home/airflow/.local/lib/python3.12/site-packages/airflow/example_dags/example_inlet_event_extra.py
[2025-03-18T19:25:32.662+0000] {processor.py:914} INFO - Processing file /home/airflow/.local/lib/python3.12/site-packages/airflow/example_dags/example_inlet_event_extra.py for tasks to queue
[2025-03-18T19:25:32.664+0000] {logging_mixin.py:190} INFO - [2025-03-18T19:25:32.663+0000] {dagbag.py:588} INFO - Filling up the DagBag from /home/airflow/.local/lib/python3.12/site-packages/airflow/example_dags/example_inlet_event_extra.py
[2025-03-18T19:25:32.986+0000] {processor.py:925} INFO - DAG(s) 'read_dataset_event_from_classic', 'read_dataset_event' retrieved from /home/airflow/.local/lib/python3.12/site-packages/airflow/example_dags/example_inlet_event_extra.py
[2025-03-18T19:25:33.008+0000] {logging_mixin.py:190} INFO - [2025-03-18T19:25:33.007+0000] {dag.py:3239} INFO - Sync 2 DAGs
[2025-03-18T19:25:33.031+0000] {logging_mixin.py:190} INFO - [2025-03-18T19:25:33.031+0000] {dag.py:4180} INFO - Setting next_dagrun for read_dataset_event to 2025-03-17 00:00:00+00:00, run_after=2025-03-18 00:00:00+00:00
[2025-03-18T19:25:33.035+0000] {logging_mixin.py:190} INFO - [2025-03-18T19:25:33.035+0000] {dag.py:4180} INFO - Setting next_dagrun for read_dataset_event_from_classic to 2025-03-17 00:00:00+00:00, run_after=2025-03-18 00:00:00+00:00
[2025-03-18T19:25:33.049+0000] {processor.py:208} INFO - Processing /home/airflow/.local/lib/python3.12/site-packages/airflow/example_dags/example_inlet_event_extra.py took 0.394 seconds
[2025-03-18T19:26:03.463+0000] {processor.py:186} INFO - Started process (PID=3623) to work on /home/airflow/.local/lib/python3.12/site-packages/airflow/example_dags/example_inlet_event_extra.py
[2025-03-18T19:26:03.464+0000] {processor.py:914} INFO - Processing file /home/airflow/.local/lib/python3.12/site-packages/airflow/example_dags/example_inlet_event_extra.py for tasks to queue
[2025-03-18T19:26:03.468+0000] {logging_mixin.py:190} INFO - [2025-03-18T19:26:03.467+0000] {dagbag.py:588} INFO - Filling up the DagBag from /home/airflow/.local/lib/python3.12/site-packages/airflow/example_dags/example_inlet_event_extra.py
[2025-03-18T19:26:03.792+0000] {processor.py:925} INFO - DAG(s) 'read_dataset_event', 'read_dataset_event_from_classic' retrieved from /home/airflow/.local/lib/python3.12/site-packages/airflow/example_dags/example_inlet_event_extra.py
[2025-03-18T19:26:03.814+0000] {logging_mixin.py:190} INFO - [2025-03-18T19:26:03.814+0000] {dag.py:3239} INFO - Sync 2 DAGs
[2025-03-18T19:26:03.841+0000] {logging_mixin.py:190} INFO - [2025-03-18T19:26:03.840+0000] {dag.py:4180} INFO - Setting next_dagrun for read_dataset_event to 2025-03-17 00:00:00+00:00, run_after=2025-03-18 00:00:00+00:00
[2025-03-18T19:26:03.845+0000] {logging_mixin.py:190} INFO - [2025-03-18T19:26:03.845+0000] {dag.py:4180} INFO - Setting next_dagrun for read_dataset_event_from_classic to 2025-03-17 00:00:00+00:00, run_after=2025-03-18 00:00:00+00:00
[2025-03-18T19:26:03.862+0000] {processor.py:208} INFO - Processing /home/airflow/.local/lib/python3.12/site-packages/airflow/example_dags/example_inlet_event_extra.py took 0.405 seconds
[2025-03-18T19:26:33.986+0000] {processor.py:186} INFO - Started process (PID=3687) to work on /home/airflow/.local/lib/python3.12/site-packages/airflow/example_dags/example_inlet_event_extra.py
[2025-03-18T19:26:33.987+0000] {processor.py:914} INFO - Processing file /home/airflow/.local/lib/python3.12/site-packages/airflow/example_dags/example_inlet_event_extra.py for tasks to queue
[2025-03-18T19:26:33.989+0000] {logging_mixin.py:190} INFO - [2025-03-18T19:26:33.988+0000] {dagbag.py:588} INFO - Filling up the DagBag from /home/airflow/.local/lib/python3.12/site-packages/airflow/example_dags/example_inlet_event_extra.py
[2025-03-18T19:26:34.262+0000] {processor.py:925} INFO - DAG(s) 'read_dataset_event_from_classic', 'read_dataset_event' retrieved from /home/airflow/.local/lib/python3.12/site-packages/airflow/example_dags/example_inlet_event_extra.py
[2025-03-18T19:26:34.282+0000] {logging_mixin.py:190} INFO - [2025-03-18T19:26:34.282+0000] {dag.py:3239} INFO - Sync 2 DAGs
[2025-03-18T19:26:34.304+0000] {logging_mixin.py:190} INFO - [2025-03-18T19:26:34.304+0000] {dag.py:4180} INFO - Setting next_dagrun for read_dataset_event to 2025-03-17 00:00:00+00:00, run_after=2025-03-18 00:00:00+00:00
[2025-03-18T19:26:34.307+0000] {logging_mixin.py:190} INFO - [2025-03-18T19:26:34.307+0000] {dag.py:4180} INFO - Setting next_dagrun for read_dataset_event_from_classic to 2025-03-17 00:00:00+00:00, run_after=2025-03-18 00:00:00+00:00
[2025-03-18T19:26:34.321+0000] {processor.py:208} INFO - Processing /home/airflow/.local/lib/python3.12/site-packages/airflow/example_dags/example_inlet_event_extra.py took 0.340 seconds
[2025-03-18T19:27:04.576+0000] {processor.py:186} INFO - Started process (PID=3751) to work on /home/airflow/.local/lib/python3.12/site-packages/airflow/example_dags/example_inlet_event_extra.py
[2025-03-18T19:27:04.577+0000] {processor.py:914} INFO - Processing file /home/airflow/.local/lib/python3.12/site-packages/airflow/example_dags/example_inlet_event_extra.py for tasks to queue
[2025-03-18T19:27:04.579+0000] {logging_mixin.py:190} INFO - [2025-03-18T19:27:04.578+0000] {dagbag.py:588} INFO - Filling up the DagBag from /home/airflow/.local/lib/python3.12/site-packages/airflow/example_dags/example_inlet_event_extra.py
[2025-03-18T19:27:04.862+0000] {processor.py:925} INFO - DAG(s) 'read_dataset_event', 'read_dataset_event_from_classic' retrieved from /home/airflow/.local/lib/python3.12/site-packages/airflow/example_dags/example_inlet_event_extra.py
[2025-03-18T19:27:04.885+0000] {logging_mixin.py:190} INFO - [2025-03-18T19:27:04.884+0000] {dag.py:3239} INFO - Sync 2 DAGs
[2025-03-18T19:27:04.908+0000] {logging_mixin.py:190} INFO - [2025-03-18T19:27:04.907+0000] {dag.py:4180} INFO - Setting next_dagrun for read_dataset_event to 2025-03-17 00:00:00+00:00, run_after=2025-03-18 00:00:00+00:00
[2025-03-18T19:27:04.912+0000] {logging_mixin.py:190} INFO - [2025-03-18T19:27:04.911+0000] {dag.py:4180} INFO - Setting next_dagrun for read_dataset_event_from_classic to 2025-03-17 00:00:00+00:00, run_after=2025-03-18 00:00:00+00:00
[2025-03-18T19:27:04.926+0000] {processor.py:208} INFO - Processing /home/airflow/.local/lib/python3.12/site-packages/airflow/example_dags/example_inlet_event_extra.py took 0.354 seconds
[2025-03-18T19:27:35.029+0000] {processor.py:186} INFO - Started process (PID=3815) to work on /home/airflow/.local/lib/python3.12/site-packages/airflow/example_dags/example_inlet_event_extra.py
[2025-03-18T19:27:35.030+0000] {processor.py:914} INFO - Processing file /home/airflow/.local/lib/python3.12/site-packages/airflow/example_dags/example_inlet_event_extra.py for tasks to queue
[2025-03-18T19:27:35.033+0000] {logging_mixin.py:190} INFO - [2025-03-18T19:27:35.032+0000] {dagbag.py:588} INFO - Filling up the DagBag from /home/airflow/.local/lib/python3.12/site-packages/airflow/example_dags/example_inlet_event_extra.py
[2025-03-18T19:27:35.334+0000] {processor.py:925} INFO - DAG(s) 'read_dataset_event_from_classic', 'read_dataset_event' retrieved from /home/airflow/.local/lib/python3.12/site-packages/airflow/example_dags/example_inlet_event_extra.py
[2025-03-18T19:27:35.357+0000] {logging_mixin.py:190} INFO - [2025-03-18T19:27:35.356+0000] {dag.py:3239} INFO - Sync 2 DAGs
[2025-03-18T19:27:35.539+0000] {logging_mixin.py:190} INFO - [2025-03-18T19:27:35.538+0000] {dag.py:4180} INFO - Setting next_dagrun for read_dataset_event to 2025-03-17 00:00:00+00:00, run_after=2025-03-18 00:00:00+00:00
[2025-03-18T19:27:35.542+0000] {logging_mixin.py:190} INFO - [2025-03-18T19:27:35.542+0000] {dag.py:4180} INFO - Setting next_dagrun for read_dataset_event_from_classic to 2025-03-17 00:00:00+00:00, run_after=2025-03-18 00:00:00+00:00
[2025-03-18T19:27:35.554+0000] {processor.py:208} INFO - Processing /home/airflow/.local/lib/python3.12/site-packages/airflow/example_dags/example_inlet_event_extra.py took 0.530 seconds
[2025-03-18T19:28:05.823+0000] {processor.py:186} INFO - Started process (PID=3880) to work on /home/airflow/.local/lib/python3.12/site-packages/airflow/example_dags/example_inlet_event_extra.py
[2025-03-18T19:28:05.823+0000] {processor.py:914} INFO - Processing file /home/airflow/.local/lib/python3.12/site-packages/airflow/example_dags/example_inlet_event_extra.py for tasks to queue
[2025-03-18T19:28:05.826+0000] {logging_mixin.py:190} INFO - [2025-03-18T19:28:05.825+0000] {dagbag.py:588} INFO - Filling up the DagBag from /home/airflow/.local/lib/python3.12/site-packages/airflow/example_dags/example_inlet_event_extra.py
[2025-03-18T19:28:06.111+0000] {processor.py:925} INFO - DAG(s) 'read_dataset_event', 'read_dataset_event_from_classic' retrieved from /home/airflow/.local/lib/python3.12/site-packages/airflow/example_dags/example_inlet_event_extra.py
[2025-03-18T19:28:06.132+0000] {logging_mixin.py:190} INFO - [2025-03-18T19:28:06.132+0000] {dag.py:3239} INFO - Sync 2 DAGs
[2025-03-18T19:28:06.322+0000] {logging_mixin.py:190} INFO - [2025-03-18T19:28:06.322+0000] {dag.py:4180} INFO - Setting next_dagrun for read_dataset_event to 2025-03-17 00:00:00+00:00, run_after=2025-03-18 00:00:00+00:00
[2025-03-18T19:28:06.326+0000] {logging_mixin.py:190} INFO - [2025-03-18T19:28:06.326+0000] {dag.py:4180} INFO - Setting next_dagrun for read_dataset_event_from_classic to 2025-03-17 00:00:00+00:00, run_after=2025-03-18 00:00:00+00:00
[2025-03-18T19:28:06.338+0000] {processor.py:208} INFO - Processing /home/airflow/.local/lib/python3.12/site-packages/airflow/example_dags/example_inlet_event_extra.py took 0.521 seconds
[2025-03-18T19:28:36.714+0000] {processor.py:186} INFO - Started process (PID=3944) to work on /home/airflow/.local/lib/python3.12/site-packages/airflow/example_dags/example_inlet_event_extra.py
[2025-03-18T19:28:36.715+0000] {processor.py:914} INFO - Processing file /home/airflow/.local/lib/python3.12/site-packages/airflow/example_dags/example_inlet_event_extra.py for tasks to queue
[2025-03-18T19:28:36.717+0000] {logging_mixin.py:190} INFO - [2025-03-18T19:28:36.716+0000] {dagbag.py:588} INFO - Filling up the DagBag from /home/airflow/.local/lib/python3.12/site-packages/airflow/example_dags/example_inlet_event_extra.py
[2025-03-18T19:28:37.024+0000] {processor.py:925} INFO - DAG(s) 'read_dataset_event', 'read_dataset_event_from_classic' retrieved from /home/airflow/.local/lib/python3.12/site-packages/airflow/example_dags/example_inlet_event_extra.py
[2025-03-18T19:28:37.043+0000] {logging_mixin.py:190} INFO - [2025-03-18T19:28:37.042+0000] {dag.py:3239} INFO - Sync 2 DAGs
[2025-03-18T19:28:37.224+0000] {logging_mixin.py:190} INFO - [2025-03-18T19:28:37.224+0000] {dag.py:4180} INFO - Setting next_dagrun for read_dataset_event to 2025-03-17 00:00:00+00:00, run_after=2025-03-18 00:00:00+00:00
[2025-03-18T19:28:37.229+0000] {logging_mixin.py:190} INFO - [2025-03-18T19:28:37.229+0000] {dag.py:4180} INFO - Setting next_dagrun for read_dataset_event_from_classic to 2025-03-17 00:00:00+00:00, run_after=2025-03-18 00:00:00+00:00
[2025-03-18T19:28:37.240+0000] {processor.py:208} INFO - Processing /home/airflow/.local/lib/python3.12/site-packages/airflow/example_dags/example_inlet_event_extra.py took 0.532 seconds
[2025-03-18T19:29:07.735+0000] {processor.py:186} INFO - Started process (PID=4008) to work on /home/airflow/.local/lib/python3.12/site-packages/airflow/example_dags/example_inlet_event_extra.py
[2025-03-18T19:29:07.736+0000] {processor.py:914} INFO - Processing file /home/airflow/.local/lib/python3.12/site-packages/airflow/example_dags/example_inlet_event_extra.py for tasks to queue
[2025-03-18T19:29:07.739+0000] {logging_mixin.py:190} INFO - [2025-03-18T19:29:07.738+0000] {dagbag.py:588} INFO - Filling up the DagBag from /home/airflow/.local/lib/python3.12/site-packages/airflow/example_dags/example_inlet_event_extra.py
[2025-03-18T19:29:08.188+0000] {processor.py:925} INFO - DAG(s) 'read_dataset_event', 'read_dataset_event_from_classic' retrieved from /home/airflow/.local/lib/python3.12/site-packages/airflow/example_dags/example_inlet_event_extra.py
[2025-03-18T19:29:08.206+0000] {logging_mixin.py:190} INFO - [2025-03-18T19:29:08.206+0000] {dag.py:3239} INFO - Sync 2 DAGs
[2025-03-18T19:29:08.225+0000] {logging_mixin.py:190} INFO - [2025-03-18T19:29:08.225+0000] {dag.py:4180} INFO - Setting next_dagrun for read_dataset_event to 2025-03-17 00:00:00+00:00, run_after=2025-03-18 00:00:00+00:00
[2025-03-18T19:29:08.229+0000] {logging_mixin.py:190} INFO - [2025-03-18T19:29:08.229+0000] {dag.py:4180} INFO - Setting next_dagrun for read_dataset_event_from_classic to 2025-03-17 00:00:00+00:00, run_after=2025-03-18 00:00:00+00:00
[2025-03-18T19:29:08.241+0000] {processor.py:208} INFO - Processing /home/airflow/.local/lib/python3.12/site-packages/airflow/example_dags/example_inlet_event_extra.py took 0.512 seconds
[2025-03-18T19:29:38.682+0000] {processor.py:186} INFO - Started process (PID=4072) to work on /home/airflow/.local/lib/python3.12/site-packages/airflow/example_dags/example_inlet_event_extra.py
[2025-03-18T19:29:38.684+0000] {processor.py:914} INFO - Processing file /home/airflow/.local/lib/python3.12/site-packages/airflow/example_dags/example_inlet_event_extra.py for tasks to queue
[2025-03-18T19:29:38.686+0000] {logging_mixin.py:190} INFO - [2025-03-18T19:29:38.686+0000] {dagbag.py:588} INFO - Filling up the DagBag from /home/airflow/.local/lib/python3.12/site-packages/airflow/example_dags/example_inlet_event_extra.py
[2025-03-18T19:29:39.148+0000] {processor.py:925} INFO - DAG(s) 'read_dataset_event', 'read_dataset_event_from_classic' retrieved from /home/airflow/.local/lib/python3.12/site-packages/airflow/example_dags/example_inlet_event_extra.py
[2025-03-18T19:29:39.167+0000] {logging_mixin.py:190} INFO - [2025-03-18T19:29:39.167+0000] {dag.py:3239} INFO - Sync 2 DAGs
[2025-03-18T19:29:39.185+0000] {logging_mixin.py:190} INFO - [2025-03-18T19:29:39.185+0000] {dag.py:4180} INFO - Setting next_dagrun for read_dataset_event to 2025-03-17 00:00:00+00:00, run_after=2025-03-18 00:00:00+00:00
[2025-03-18T19:29:39.189+0000] {logging_mixin.py:190} INFO - [2025-03-18T19:29:39.189+0000] {dag.py:4180} INFO - Setting next_dagrun for read_dataset_event_from_classic to 2025-03-17 00:00:00+00:00, run_after=2025-03-18 00:00:00+00:00
[2025-03-18T19:29:39.202+0000] {processor.py:208} INFO - Processing /home/airflow/.local/lib/python3.12/site-packages/airflow/example_dags/example_inlet_event_extra.py took 0.525 seconds
[2025-03-18T19:30:09.549+0000] {processor.py:186} INFO - Started process (PID=4136) to work on /home/airflow/.local/lib/python3.12/site-packages/airflow/example_dags/example_inlet_event_extra.py
[2025-03-18T19:30:09.550+0000] {processor.py:914} INFO - Processing file /home/airflow/.local/lib/python3.12/site-packages/airflow/example_dags/example_inlet_event_extra.py for tasks to queue
[2025-03-18T19:30:09.552+0000] {logging_mixin.py:190} INFO - [2025-03-18T19:30:09.552+0000] {dagbag.py:588} INFO - Filling up the DagBag from /home/airflow/.local/lib/python3.12/site-packages/airflow/example_dags/example_inlet_event_extra.py
[2025-03-18T19:30:09.811+0000] {processor.py:925} INFO - DAG(s) 'read_dataset_event', 'read_dataset_event_from_classic' retrieved from /home/airflow/.local/lib/python3.12/site-packages/airflow/example_dags/example_inlet_event_extra.py
[2025-03-18T19:30:10.006+0000] {logging_mixin.py:190} INFO - [2025-03-18T19:30:10.006+0000] {dag.py:3239} INFO - Sync 2 DAGs
[2025-03-18T19:30:10.025+0000] {logging_mixin.py:190} INFO - [2025-03-18T19:30:10.025+0000] {dag.py:4180} INFO - Setting next_dagrun for read_dataset_event to 2025-03-17 00:00:00+00:00, run_after=2025-03-18 00:00:00+00:00
[2025-03-18T19:30:10.030+0000] {logging_mixin.py:190} INFO - [2025-03-18T19:30:10.029+0000] {dag.py:4180} INFO - Setting next_dagrun for read_dataset_event_from_classic to 2025-03-17 00:00:00+00:00, run_after=2025-03-18 00:00:00+00:00
[2025-03-18T19:30:10.042+0000] {processor.py:208} INFO - Processing /home/airflow/.local/lib/python3.12/site-packages/airflow/example_dags/example_inlet_event_extra.py took 0.497 seconds
[2025-03-18T19:30:40.326+0000] {processor.py:186} INFO - Started process (PID=4200) to work on /home/airflow/.local/lib/python3.12/site-packages/airflow/example_dags/example_inlet_event_extra.py
[2025-03-18T19:30:40.328+0000] {processor.py:914} INFO - Processing file /home/airflow/.local/lib/python3.12/site-packages/airflow/example_dags/example_inlet_event_extra.py for tasks to queue
[2025-03-18T19:30:40.330+0000] {logging_mixin.py:190} INFO - [2025-03-18T19:30:40.329+0000] {dagbag.py:588} INFO - Filling up the DagBag from /home/airflow/.local/lib/python3.12/site-packages/airflow/example_dags/example_inlet_event_extra.py
[2025-03-18T19:30:40.623+0000] {processor.py:925} INFO - DAG(s) 'read_dataset_event_from_classic', 'read_dataset_event' retrieved from /home/airflow/.local/lib/python3.12/site-packages/airflow/example_dags/example_inlet_event_extra.py
[2025-03-18T19:30:40.644+0000] {logging_mixin.py:190} INFO - [2025-03-18T19:30:40.644+0000] {dag.py:3239} INFO - Sync 2 DAGs
[2025-03-18T19:30:40.831+0000] {logging_mixin.py:190} INFO - [2025-03-18T19:30:40.831+0000] {dag.py:4180} INFO - Setting next_dagrun for read_dataset_event to 2025-03-17 00:00:00+00:00, run_after=2025-03-18 00:00:00+00:00
[2025-03-18T19:30:40.835+0000] {logging_mixin.py:190} INFO - [2025-03-18T19:30:40.834+0000] {dag.py:4180} INFO - Setting next_dagrun for read_dataset_event_from_classic to 2025-03-17 00:00:00+00:00, run_after=2025-03-18 00:00:00+00:00
[2025-03-18T19:30:40.848+0000] {processor.py:208} INFO - Processing /home/airflow/.local/lib/python3.12/site-packages/airflow/example_dags/example_inlet_event_extra.py took 0.526 seconds
[2025-03-18T19:37:21.629+0000] {processor.py:186} INFO - Started process (PID=5038) to work on /home/airflow/.local/lib/python3.12/site-packages/airflow/example_dags/example_inlet_event_extra.py
[2025-03-18T19:37:21.630+0000] {processor.py:914} INFO - Processing file /home/airflow/.local/lib/python3.12/site-packages/airflow/example_dags/example_inlet_event_extra.py for tasks to queue
[2025-03-18T19:37:21.632+0000] {logging_mixin.py:190} INFO - [2025-03-18T19:37:21.632+0000] {dagbag.py:588} INFO - Filling up the DagBag from /home/airflow/.local/lib/python3.12/site-packages/airflow/example_dags/example_inlet_event_extra.py
[2025-03-18T19:37:22.079+0000] {processor.py:925} INFO - DAG(s) 'read_dataset_event_from_classic', 'read_dataset_event' retrieved from /home/airflow/.local/lib/python3.12/site-packages/airflow/example_dags/example_inlet_event_extra.py
[2025-03-18T19:37:22.097+0000] {logging_mixin.py:190} INFO - [2025-03-18T19:37:22.097+0000] {dag.py:3239} INFO - Sync 2 DAGs
[2025-03-18T19:37:22.117+0000] {logging_mixin.py:190} INFO - [2025-03-18T19:37:22.116+0000] {dag.py:4180} INFO - Setting next_dagrun for read_dataset_event to 2025-03-17 00:00:00+00:00, run_after=2025-03-18 00:00:00+00:00
[2025-03-18T19:37:22.120+0000] {logging_mixin.py:190} INFO - [2025-03-18T19:37:22.120+0000] {dag.py:4180} INFO - Setting next_dagrun for read_dataset_event_from_classic to 2025-03-17 00:00:00+00:00, run_after=2025-03-18 00:00:00+00:00
[2025-03-18T19:37:22.133+0000] {processor.py:208} INFO - Processing /home/airflow/.local/lib/python3.12/site-packages/airflow/example_dags/example_inlet_event_extra.py took 0.508 seconds
[2025-03-18T19:37:52.369+0000] {processor.py:186} INFO - Started process (PID=5102) to work on /home/airflow/.local/lib/python3.12/site-packages/airflow/example_dags/example_inlet_event_extra.py
[2025-03-18T19:37:52.370+0000] {processor.py:914} INFO - Processing file /home/airflow/.local/lib/python3.12/site-packages/airflow/example_dags/example_inlet_event_extra.py for tasks to queue
[2025-03-18T19:37:52.372+0000] {logging_mixin.py:190} INFO - [2025-03-18T19:37:52.372+0000] {dagbag.py:588} INFO - Filling up the DagBag from /home/airflow/.local/lib/python3.12/site-packages/airflow/example_dags/example_inlet_event_extra.py
[2025-03-18T19:37:52.784+0000] {processor.py:925} INFO - DAG(s) 'read_dataset_event_from_classic', 'read_dataset_event' retrieved from /home/airflow/.local/lib/python3.12/site-packages/airflow/example_dags/example_inlet_event_extra.py
[2025-03-18T19:37:52.801+0000] {logging_mixin.py:190} INFO - [2025-03-18T19:37:52.801+0000] {dag.py:3239} INFO - Sync 2 DAGs
[2025-03-18T19:37:52.820+0000] {logging_mixin.py:190} INFO - [2025-03-18T19:37:52.820+0000] {dag.py:4180} INFO - Setting next_dagrun for read_dataset_event to 2025-03-17 00:00:00+00:00, run_after=2025-03-18 00:00:00+00:00
[2025-03-18T19:37:52.824+0000] {logging_mixin.py:190} INFO - [2025-03-18T19:37:52.824+0000] {dag.py:4180} INFO - Setting next_dagrun for read_dataset_event_from_classic to 2025-03-17 00:00:00+00:00, run_after=2025-03-18 00:00:00+00:00
[2025-03-18T19:37:52.836+0000] {processor.py:208} INFO - Processing /home/airflow/.local/lib/python3.12/site-packages/airflow/example_dags/example_inlet_event_extra.py took 0.471 seconds
[2025-03-18T19:38:23.030+0000] {processor.py:186} INFO - Started process (PID=5166) to work on /home/airflow/.local/lib/python3.12/site-packages/airflow/example_dags/example_inlet_event_extra.py
[2025-03-18T19:38:23.031+0000] {processor.py:914} INFO - Processing file /home/airflow/.local/lib/python3.12/site-packages/airflow/example_dags/example_inlet_event_extra.py for tasks to queue
[2025-03-18T19:38:23.034+0000] {logging_mixin.py:190} INFO - [2025-03-18T19:38:23.034+0000] {dagbag.py:588} INFO - Filling up the DagBag from /home/airflow/.local/lib/python3.12/site-packages/airflow/example_dags/example_inlet_event_extra.py
[2025-03-18T19:38:23.451+0000] {processor.py:925} INFO - DAG(s) 'read_dataset_event', 'read_dataset_event_from_classic' retrieved from /home/airflow/.local/lib/python3.12/site-packages/airflow/example_dags/example_inlet_event_extra.py
[2025-03-18T19:38:23.468+0000] {logging_mixin.py:190} INFO - [2025-03-18T19:38:23.468+0000] {dag.py:3239} INFO - Sync 2 DAGs
[2025-03-18T19:38:23.486+0000] {logging_mixin.py:190} INFO - [2025-03-18T19:38:23.486+0000] {dag.py:4180} INFO - Setting next_dagrun for read_dataset_event to 2025-03-17 00:00:00+00:00, run_after=2025-03-18 00:00:00+00:00
[2025-03-18T19:38:23.491+0000] {logging_mixin.py:190} INFO - [2025-03-18T19:38:23.491+0000] {dag.py:4180} INFO - Setting next_dagrun for read_dataset_event_from_classic to 2025-03-17 00:00:00+00:00, run_after=2025-03-18 00:00:00+00:00
[2025-03-18T19:38:23.504+0000] {processor.py:208} INFO - Processing /home/airflow/.local/lib/python3.12/site-packages/airflow/example_dags/example_inlet_event_extra.py took 0.479 seconds
[2025-03-18T19:38:53.831+0000] {processor.py:186} INFO - Started process (PID=5230) to work on /home/airflow/.local/lib/python3.12/site-packages/airflow/example_dags/example_inlet_event_extra.py
[2025-03-18T19:38:53.832+0000] {processor.py:914} INFO - Processing file /home/airflow/.local/lib/python3.12/site-packages/airflow/example_dags/example_inlet_event_extra.py for tasks to queue
[2025-03-18T19:38:53.835+0000] {logging_mixin.py:190} INFO - [2025-03-18T19:38:53.834+0000] {dagbag.py:588} INFO - Filling up the DagBag from /home/airflow/.local/lib/python3.12/site-packages/airflow/example_dags/example_inlet_event_extra.py
[2025-03-18T19:38:54.266+0000] {processor.py:925} INFO - DAG(s) 'read_dataset_event', 'read_dataset_event_from_classic' retrieved from /home/airflow/.local/lib/python3.12/site-packages/airflow/example_dags/example_inlet_event_extra.py
[2025-03-18T19:38:54.284+0000] {logging_mixin.py:190} INFO - [2025-03-18T19:38:54.284+0000] {dag.py:3239} INFO - Sync 2 DAGs
[2025-03-18T19:38:54.305+0000] {logging_mixin.py:190} INFO - [2025-03-18T19:38:54.304+0000] {dag.py:4180} INFO - Setting next_dagrun for read_dataset_event to 2025-03-17 00:00:00+00:00, run_after=2025-03-18 00:00:00+00:00
[2025-03-18T19:38:54.309+0000] {logging_mixin.py:190} INFO - [2025-03-18T19:38:54.309+0000] {dag.py:4180} INFO - Setting next_dagrun for read_dataset_event_from_classic to 2025-03-17 00:00:00+00:00, run_after=2025-03-18 00:00:00+00:00
[2025-03-18T19:38:54.322+0000] {processor.py:208} INFO - Processing /home/airflow/.local/lib/python3.12/site-packages/airflow/example_dags/example_inlet_event_extra.py took 0.496 seconds
[2025-03-18T19:39:24.669+0000] {processor.py:186} INFO - Started process (PID=5294) to work on /home/airflow/.local/lib/python3.12/site-packages/airflow/example_dags/example_inlet_event_extra.py
[2025-03-18T19:39:24.670+0000] {processor.py:914} INFO - Processing file /home/airflow/.local/lib/python3.12/site-packages/airflow/example_dags/example_inlet_event_extra.py for tasks to queue
[2025-03-18T19:39:24.672+0000] {logging_mixin.py:190} INFO - [2025-03-18T19:39:24.672+0000] {dagbag.py:588} INFO - Filling up the DagBag from /home/airflow/.local/lib/python3.12/site-packages/airflow/example_dags/example_inlet_event_extra.py
[2025-03-18T19:39:25.101+0000] {processor.py:925} INFO - DAG(s) 'read_dataset_event', 'read_dataset_event_from_classic' retrieved from /home/airflow/.local/lib/python3.12/site-packages/airflow/example_dags/example_inlet_event_extra.py
[2025-03-18T19:39:25.119+0000] {logging_mixin.py:190} INFO - [2025-03-18T19:39:25.119+0000] {dag.py:3239} INFO - Sync 2 DAGs
[2025-03-18T19:39:25.139+0000] {logging_mixin.py:190} INFO - [2025-03-18T19:39:25.139+0000] {dag.py:4180} INFO - Setting next_dagrun for read_dataset_event to 2025-03-17 00:00:00+00:00, run_after=2025-03-18 00:00:00+00:00
[2025-03-18T19:39:25.143+0000] {logging_mixin.py:190} INFO - [2025-03-18T19:39:25.143+0000] {dag.py:4180} INFO - Setting next_dagrun for read_dataset_event_from_classic to 2025-03-17 00:00:00+00:00, run_after=2025-03-18 00:00:00+00:00
[2025-03-18T19:39:25.155+0000] {processor.py:208} INFO - Processing /home/airflow/.local/lib/python3.12/site-packages/airflow/example_dags/example_inlet_event_extra.py took 0.491 seconds
[2025-03-18T19:39:55.409+0000] {processor.py:186} INFO - Started process (PID=5358) to work on /home/airflow/.local/lib/python3.12/site-packages/airflow/example_dags/example_inlet_event_extra.py
[2025-03-18T19:39:55.410+0000] {processor.py:914} INFO - Processing file /home/airflow/.local/lib/python3.12/site-packages/airflow/example_dags/example_inlet_event_extra.py for tasks to queue
[2025-03-18T19:39:55.412+0000] {logging_mixin.py:190} INFO - [2025-03-18T19:39:55.412+0000] {dagbag.py:588} INFO - Filling up the DagBag from /home/airflow/.local/lib/python3.12/site-packages/airflow/example_dags/example_inlet_event_extra.py
[2025-03-18T19:39:55.807+0000] {processor.py:925} INFO - DAG(s) 'read_dataset_event_from_classic', 'read_dataset_event' retrieved from /home/airflow/.local/lib/python3.12/site-packages/airflow/example_dags/example_inlet_event_extra.py
[2025-03-18T19:39:55.825+0000] {logging_mixin.py:190} INFO - [2025-03-18T19:39:55.825+0000] {dag.py:3239} INFO - Sync 2 DAGs
[2025-03-18T19:39:55.843+0000] {logging_mixin.py:190} INFO - [2025-03-18T19:39:55.842+0000] {dag.py:4180} INFO - Setting next_dagrun for read_dataset_event to 2025-03-17 00:00:00+00:00, run_after=2025-03-18 00:00:00+00:00
[2025-03-18T19:39:55.846+0000] {logging_mixin.py:190} INFO - [2025-03-18T19:39:55.846+0000] {dag.py:4180} INFO - Setting next_dagrun for read_dataset_event_from_classic to 2025-03-17 00:00:00+00:00, run_after=2025-03-18 00:00:00+00:00
[2025-03-18T19:39:55.859+0000] {processor.py:208} INFO - Processing /home/airflow/.local/lib/python3.12/site-packages/airflow/example_dags/example_inlet_event_extra.py took 0.455 seconds
[2025-03-18T19:40:26.217+0000] {processor.py:186} INFO - Started process (PID=5422) to work on /home/airflow/.local/lib/python3.12/site-packages/airflow/example_dags/example_inlet_event_extra.py
[2025-03-18T19:40:26.218+0000] {processor.py:914} INFO - Processing file /home/airflow/.local/lib/python3.12/site-packages/airflow/example_dags/example_inlet_event_extra.py for tasks to queue
[2025-03-18T19:40:26.220+0000] {logging_mixin.py:190} INFO - [2025-03-18T19:40:26.220+0000] {dagbag.py:588} INFO - Filling up the DagBag from /home/airflow/.local/lib/python3.12/site-packages/airflow/example_dags/example_inlet_event_extra.py
[2025-03-18T19:40:26.629+0000] {processor.py:925} INFO - DAG(s) 'read_dataset_event_from_classic', 'read_dataset_event' retrieved from /home/airflow/.local/lib/python3.12/site-packages/airflow/example_dags/example_inlet_event_extra.py
[2025-03-18T19:40:26.648+0000] {logging_mixin.py:190} INFO - [2025-03-18T19:40:26.648+0000] {dag.py:3239} INFO - Sync 2 DAGs
[2025-03-18T19:40:26.667+0000] {logging_mixin.py:190} INFO - [2025-03-18T19:40:26.667+0000] {dag.py:4180} INFO - Setting next_dagrun for read_dataset_event to 2025-03-17 00:00:00+00:00, run_after=2025-03-18 00:00:00+00:00
[2025-03-18T19:40:26.671+0000] {logging_mixin.py:190} INFO - [2025-03-18T19:40:26.670+0000] {dag.py:4180} INFO - Setting next_dagrun for read_dataset_event_from_classic to 2025-03-17 00:00:00+00:00, run_after=2025-03-18 00:00:00+00:00
[2025-03-18T19:40:26.682+0000] {processor.py:208} INFO - Processing /home/airflow/.local/lib/python3.12/site-packages/airflow/example_dags/example_inlet_event_extra.py took 0.471 seconds
[2025-03-18T19:40:56.846+0000] {processor.py:186} INFO - Started process (PID=5486) to work on /home/airflow/.local/lib/python3.12/site-packages/airflow/example_dags/example_inlet_event_extra.py
[2025-03-18T19:40:56.847+0000] {processor.py:914} INFO - Processing file /home/airflow/.local/lib/python3.12/site-packages/airflow/example_dags/example_inlet_event_extra.py for tasks to queue
[2025-03-18T19:40:56.849+0000] {logging_mixin.py:190} INFO - [2025-03-18T19:40:56.848+0000] {dagbag.py:588} INFO - Filling up the DagBag from /home/airflow/.local/lib/python3.12/site-packages/airflow/example_dags/example_inlet_event_extra.py
[2025-03-18T19:40:57.256+0000] {processor.py:925} INFO - DAG(s) 'read_dataset_event', 'read_dataset_event_from_classic' retrieved from /home/airflow/.local/lib/python3.12/site-packages/airflow/example_dags/example_inlet_event_extra.py
[2025-03-18T19:40:57.273+0000] {logging_mixin.py:190} INFO - [2025-03-18T19:40:57.273+0000] {dag.py:3239} INFO - Sync 2 DAGs
[2025-03-18T19:40:57.292+0000] {logging_mixin.py:190} INFO - [2025-03-18T19:40:57.292+0000] {dag.py:4180} INFO - Setting next_dagrun for read_dataset_event to 2025-03-17 00:00:00+00:00, run_after=2025-03-18 00:00:00+00:00
[2025-03-18T19:40:57.296+0000] {logging_mixin.py:190} INFO - [2025-03-18T19:40:57.296+0000] {dag.py:4180} INFO - Setting next_dagrun for read_dataset_event_from_classic to 2025-03-17 00:00:00+00:00, run_after=2025-03-18 00:00:00+00:00
[2025-03-18T19:40:57.306+0000] {processor.py:208} INFO - Processing /home/airflow/.local/lib/python3.12/site-packages/airflow/example_dags/example_inlet_event_extra.py took 0.465 seconds
[2025-03-18T19:41:27.469+0000] {processor.py:186} INFO - Started process (PID=5550) to work on /home/airflow/.local/lib/python3.12/site-packages/airflow/example_dags/example_inlet_event_extra.py
[2025-03-18T19:41:27.470+0000] {processor.py:914} INFO - Processing file /home/airflow/.local/lib/python3.12/site-packages/airflow/example_dags/example_inlet_event_extra.py for tasks to queue
[2025-03-18T19:41:27.472+0000] {logging_mixin.py:190} INFO - [2025-03-18T19:41:27.472+0000] {dagbag.py:588} INFO - Filling up the DagBag from /home/airflow/.local/lib/python3.12/site-packages/airflow/example_dags/example_inlet_event_extra.py
[2025-03-18T19:41:27.902+0000] {processor.py:925} INFO - DAG(s) 'read_dataset_event_from_classic', 'read_dataset_event' retrieved from /home/airflow/.local/lib/python3.12/site-packages/airflow/example_dags/example_inlet_event_extra.py
[2025-03-18T19:41:27.922+0000] {logging_mixin.py:190} INFO - [2025-03-18T19:41:27.922+0000] {dag.py:3239} INFO - Sync 2 DAGs
[2025-03-18T19:41:27.942+0000] {logging_mixin.py:190} INFO - [2025-03-18T19:41:27.942+0000] {dag.py:4180} INFO - Setting next_dagrun for read_dataset_event to 2025-03-17 00:00:00+00:00, run_after=2025-03-18 00:00:00+00:00
[2025-03-18T19:41:27.946+0000] {logging_mixin.py:190} INFO - [2025-03-18T19:41:27.946+0000] {dag.py:4180} INFO - Setting next_dagrun for read_dataset_event_from_classic to 2025-03-17 00:00:00+00:00, run_after=2025-03-18 00:00:00+00:00
[2025-03-18T19:41:27.959+0000] {processor.py:208} INFO - Processing /home/airflow/.local/lib/python3.12/site-packages/airflow/example_dags/example_inlet_event_extra.py took 0.495 seconds
[2025-03-18T19:41:58.230+0000] {processor.py:186} INFO - Started process (PID=5614) to work on /home/airflow/.local/lib/python3.12/site-packages/airflow/example_dags/example_inlet_event_extra.py
[2025-03-18T19:41:58.232+0000] {processor.py:914} INFO - Processing file /home/airflow/.local/lib/python3.12/site-packages/airflow/example_dags/example_inlet_event_extra.py for tasks to queue
[2025-03-18T19:41:58.234+0000] {logging_mixin.py:190} INFO - [2025-03-18T19:41:58.234+0000] {dagbag.py:588} INFO - Filling up the DagBag from /home/airflow/.local/lib/python3.12/site-packages/airflow/example_dags/example_inlet_event_extra.py
[2025-03-18T19:41:58.658+0000] {processor.py:925} INFO - DAG(s) 'read_dataset_event_from_classic', 'read_dataset_event' retrieved from /home/airflow/.local/lib/python3.12/site-packages/airflow/example_dags/example_inlet_event_extra.py
[2025-03-18T19:41:58.677+0000] {logging_mixin.py:190} INFO - [2025-03-18T19:41:58.676+0000] {dag.py:3239} INFO - Sync 2 DAGs
[2025-03-18T19:41:58.696+0000] {logging_mixin.py:190} INFO - [2025-03-18T19:41:58.696+0000] {dag.py:4180} INFO - Setting next_dagrun for read_dataset_event to 2025-03-17 00:00:00+00:00, run_after=2025-03-18 00:00:00+00:00
[2025-03-18T19:41:58.700+0000] {logging_mixin.py:190} INFO - [2025-03-18T19:41:58.700+0000] {dag.py:4180} INFO - Setting next_dagrun for read_dataset_event_from_classic to 2025-03-17 00:00:00+00:00, run_after=2025-03-18 00:00:00+00:00
[2025-03-18T19:41:58.714+0000] {processor.py:208} INFO - Processing /home/airflow/.local/lib/python3.12/site-packages/airflow/example_dags/example_inlet_event_extra.py took 0.489 seconds
[2025-03-18T19:42:29.486+0000] {processor.py:186} INFO - Started process (PID=5678) to work on /home/airflow/.local/lib/python3.12/site-packages/airflow/example_dags/example_inlet_event_extra.py
[2025-03-18T19:42:29.487+0000] {processor.py:914} INFO - Processing file /home/airflow/.local/lib/python3.12/site-packages/airflow/example_dags/example_inlet_event_extra.py for tasks to queue
[2025-03-18T19:42:29.489+0000] {logging_mixin.py:190} INFO - [2025-03-18T19:42:29.489+0000] {dagbag.py:588} INFO - Filling up the DagBag from /home/airflow/.local/lib/python3.12/site-packages/airflow/example_dags/example_inlet_event_extra.py
[2025-03-18T19:42:29.971+0000] {processor.py:925} INFO - DAG(s) 'read_dataset_event', 'read_dataset_event_from_classic' retrieved from /home/airflow/.local/lib/python3.12/site-packages/airflow/example_dags/example_inlet_event_extra.py
[2025-03-18T19:42:29.992+0000] {logging_mixin.py:190} INFO - [2025-03-18T19:42:29.992+0000] {dag.py:3239} INFO - Sync 2 DAGs
[2025-03-18T19:42:30.018+0000] {logging_mixin.py:190} INFO - [2025-03-18T19:42:30.017+0000] {dag.py:4180} INFO - Setting next_dagrun for read_dataset_event to 2025-03-17 00:00:00+00:00, run_after=2025-03-18 00:00:00+00:00
[2025-03-18T19:42:30.023+0000] {logging_mixin.py:190} INFO - [2025-03-18T19:42:30.023+0000] {dag.py:4180} INFO - Setting next_dagrun for read_dataset_event_from_classic to 2025-03-17 00:00:00+00:00, run_after=2025-03-18 00:00:00+00:00
[2025-03-18T19:42:30.041+0000] {processor.py:208} INFO - Processing /home/airflow/.local/lib/python3.12/site-packages/airflow/example_dags/example_inlet_event_extra.py took 0.560 seconds
[2025-03-18T19:43:00.666+0000] {processor.py:186} INFO - Started process (PID=5742) to work on /home/airflow/.local/lib/python3.12/site-packages/airflow/example_dags/example_inlet_event_extra.py
[2025-03-18T19:43:00.667+0000] {processor.py:914} INFO - Processing file /home/airflow/.local/lib/python3.12/site-packages/airflow/example_dags/example_inlet_event_extra.py for tasks to queue
[2025-03-18T19:43:00.670+0000] {logging_mixin.py:190} INFO - [2025-03-18T19:43:00.669+0000] {dagbag.py:588} INFO - Filling up the DagBag from /home/airflow/.local/lib/python3.12/site-packages/airflow/example_dags/example_inlet_event_extra.py
[2025-03-18T19:43:01.101+0000] {processor.py:925} INFO - DAG(s) 'read_dataset_event_from_classic', 'read_dataset_event' retrieved from /home/airflow/.local/lib/python3.12/site-packages/airflow/example_dags/example_inlet_event_extra.py
[2025-03-18T19:43:01.119+0000] {logging_mixin.py:190} INFO - [2025-03-18T19:43:01.119+0000] {dag.py:3239} INFO - Sync 2 DAGs
[2025-03-18T19:43:01.137+0000] {logging_mixin.py:190} INFO - [2025-03-18T19:43:01.137+0000] {dag.py:4180} INFO - Setting next_dagrun for read_dataset_event to 2025-03-17 00:00:00+00:00, run_after=2025-03-18 00:00:00+00:00
[2025-03-18T19:43:01.141+0000] {logging_mixin.py:190} INFO - [2025-03-18T19:43:01.141+0000] {dag.py:4180} INFO - Setting next_dagrun for read_dataset_event_from_classic to 2025-03-17 00:00:00+00:00, run_after=2025-03-18 00:00:00+00:00
[2025-03-18T19:43:01.154+0000] {processor.py:208} INFO - Processing /home/airflow/.local/lib/python3.12/site-packages/airflow/example_dags/example_inlet_event_extra.py took 0.493 seconds
[2025-03-18T19:43:31.671+0000] {processor.py:186} INFO - Started process (PID=5806) to work on /home/airflow/.local/lib/python3.12/site-packages/airflow/example_dags/example_inlet_event_extra.py
[2025-03-18T19:43:31.672+0000] {processor.py:914} INFO - Processing file /home/airflow/.local/lib/python3.12/site-packages/airflow/example_dags/example_inlet_event_extra.py for tasks to queue
[2025-03-18T19:43:31.674+0000] {logging_mixin.py:190} INFO - [2025-03-18T19:43:31.674+0000] {dagbag.py:588} INFO - Filling up the DagBag from /home/airflow/.local/lib/python3.12/site-packages/airflow/example_dags/example_inlet_event_extra.py
[2025-03-18T19:43:32.100+0000] {processor.py:925} INFO - DAG(s) 'read_dataset_event_from_classic', 'read_dataset_event' retrieved from /home/airflow/.local/lib/python3.12/site-packages/airflow/example_dags/example_inlet_event_extra.py
[2025-03-18T19:43:32.119+0000] {logging_mixin.py:190} INFO - [2025-03-18T19:43:32.119+0000] {dag.py:3239} INFO - Sync 2 DAGs
[2025-03-18T19:43:32.138+0000] {logging_mixin.py:190} INFO - [2025-03-18T19:43:32.138+0000] {dag.py:4180} INFO - Setting next_dagrun for read_dataset_event to 2025-03-17 00:00:00+00:00, run_after=2025-03-18 00:00:00+00:00
[2025-03-18T19:43:32.142+0000] {logging_mixin.py:190} INFO - [2025-03-18T19:43:32.142+0000] {dag.py:4180} INFO - Setting next_dagrun for read_dataset_event_from_classic to 2025-03-17 00:00:00+00:00, run_after=2025-03-18 00:00:00+00:00
[2025-03-18T19:43:32.155+0000] {processor.py:208} INFO - Processing /home/airflow/.local/lib/python3.12/site-packages/airflow/example_dags/example_inlet_event_extra.py took 0.489 seconds
