[2025-03-18T19:24:00.685+0000] {processor.py:186} INFO - Started process (PID=3369) to work on /home/airflow/.local/lib/python3.12/site-packages/airflow/example_dags/tutorial_taskflow_api_virtualenv.py
[2025-03-18T19:24:00.685+0000] {processor.py:914} INFO - Processing file /home/airflow/.local/lib/python3.12/site-packages/airflow/example_dags/tutorial_taskflow_api_virtualenv.py for tasks to queue
[2025-03-18T19:24:00.687+0000] {logging_mixin.py:190} INFO - [2025-03-18T19:24:00.687+0000] {dagbag.py:588} INFO - Filling up the DagBag from /home/airflow/.local/lib/python3.12/site-packages/airflow/example_dags/tutorial_taskflow_api_virtualenv.py
[2025-03-18T19:24:00.697+0000] {processor.py:925} INFO - DAG(s) 'tutorial_taskflow_api_virtualenv' retrieved from /home/airflow/.local/lib/python3.12/site-packages/airflow/example_dags/tutorial_taskflow_api_virtualenv.py
[2025-03-18T19:24:00.715+0000] {logging_mixin.py:190} INFO - [2025-03-18T19:24:00.715+0000] {dag.py:3239} INFO - Sync 1 DAGs
[2025-03-18T19:24:00.726+0000] {logging_mixin.py:190} INFO - [2025-03-18T19:24:00.726+0000] {dag.py:4180} INFO - Setting next_dagrun for tutorial_taskflow_api_virtualenv to None, run_after=None
[2025-03-18T19:24:00.741+0000] {processor.py:208} INFO - Processing /home/airflow/.local/lib/python3.12/site-packages/airflow/example_dags/tutorial_taskflow_api_virtualenv.py took 0.061 seconds
[2025-03-18T19:24:31.052+0000] {processor.py:186} INFO - Started process (PID=3433) to work on /home/airflow/.local/lib/python3.12/site-packages/airflow/example_dags/tutorial_taskflow_api_virtualenv.py
[2025-03-18T19:24:31.053+0000] {processor.py:914} INFO - Processing file /home/airflow/.local/lib/python3.12/site-packages/airflow/example_dags/tutorial_taskflow_api_virtualenv.py for tasks to queue
[2025-03-18T19:24:31.055+0000] {logging_mixin.py:190} INFO - [2025-03-18T19:24:31.055+0000] {dagbag.py:588} INFO - Filling up the DagBag from /home/airflow/.local/lib/python3.12/site-packages/airflow/example_dags/tutorial_taskflow_api_virtualenv.py
[2025-03-18T19:24:31.065+0000] {processor.py:925} INFO - DAG(s) 'tutorial_taskflow_api_virtualenv' retrieved from /home/airflow/.local/lib/python3.12/site-packages/airflow/example_dags/tutorial_taskflow_api_virtualenv.py
[2025-03-18T19:24:31.082+0000] {logging_mixin.py:190} INFO - [2025-03-18T19:24:31.082+0000] {dag.py:3239} INFO - Sync 1 DAGs
[2025-03-18T19:24:31.094+0000] {logging_mixin.py:190} INFO - [2025-03-18T19:24:31.094+0000] {dag.py:4180} INFO - Setting next_dagrun for tutorial_taskflow_api_virtualenv to None, run_after=None
[2025-03-18T19:24:31.108+0000] {processor.py:208} INFO - Processing /home/airflow/.local/lib/python3.12/site-packages/airflow/example_dags/tutorial_taskflow_api_virtualenv.py took 0.061 seconds
[2025-03-18T19:25:01.811+0000] {processor.py:186} INFO - Started process (PID=3497) to work on /home/airflow/.local/lib/python3.12/site-packages/airflow/example_dags/tutorial_taskflow_api_virtualenv.py
[2025-03-18T19:25:01.812+0000] {processor.py:914} INFO - Processing file /home/airflow/.local/lib/python3.12/site-packages/airflow/example_dags/tutorial_taskflow_api_virtualenv.py for tasks to queue
[2025-03-18T19:25:01.815+0000] {logging_mixin.py:190} INFO - [2025-03-18T19:25:01.814+0000] {dagbag.py:588} INFO - Filling up the DagBag from /home/airflow/.local/lib/python3.12/site-packages/airflow/example_dags/tutorial_taskflow_api_virtualenv.py
[2025-03-18T19:25:01.825+0000] {processor.py:925} INFO - DAG(s) 'tutorial_taskflow_api_virtualenv' retrieved from /home/airflow/.local/lib/python3.12/site-packages/airflow/example_dags/tutorial_taskflow_api_virtualenv.py
[2025-03-18T19:25:01.841+0000] {logging_mixin.py:190} INFO - [2025-03-18T19:25:01.841+0000] {dag.py:3239} INFO - Sync 1 DAGs
[2025-03-18T19:25:01.853+0000] {logging_mixin.py:190} INFO - [2025-03-18T19:25:01.853+0000] {dag.py:4180} INFO - Setting next_dagrun for tutorial_taskflow_api_virtualenv to None, run_after=None
[2025-03-18T19:25:01.869+0000] {processor.py:208} INFO - Processing /home/airflow/.local/lib/python3.12/site-packages/airflow/example_dags/tutorial_taskflow_api_virtualenv.py took 0.063 seconds
[2025-03-18T19:25:33.096+0000] {processor.py:186} INFO - Started process (PID=3561) to work on /home/airflow/.local/lib/python3.12/site-packages/airflow/example_dags/tutorial_taskflow_api_virtualenv.py
[2025-03-18T19:25:33.097+0000] {processor.py:914} INFO - Processing file /home/airflow/.local/lib/python3.12/site-packages/airflow/example_dags/tutorial_taskflow_api_virtualenv.py for tasks to queue
[2025-03-18T19:25:33.100+0000] {logging_mixin.py:190} INFO - [2025-03-18T19:25:33.100+0000] {dagbag.py:588} INFO - Filling up the DagBag from /home/airflow/.local/lib/python3.12/site-packages/airflow/example_dags/tutorial_taskflow_api_virtualenv.py
[2025-03-18T19:25:33.111+0000] {processor.py:925} INFO - DAG(s) 'tutorial_taskflow_api_virtualenv' retrieved from /home/airflow/.local/lib/python3.12/site-packages/airflow/example_dags/tutorial_taskflow_api_virtualenv.py
[2025-03-18T19:25:33.129+0000] {logging_mixin.py:190} INFO - [2025-03-18T19:25:33.129+0000] {dag.py:3239} INFO - Sync 1 DAGs
[2025-03-18T19:25:33.142+0000] {logging_mixin.py:190} INFO - [2025-03-18T19:25:33.142+0000] {dag.py:4180} INFO - Setting next_dagrun for tutorial_taskflow_api_virtualenv to None, run_after=None
[2025-03-18T19:25:33.158+0000] {processor.py:208} INFO - Processing /home/airflow/.local/lib/python3.12/site-packages/airflow/example_dags/tutorial_taskflow_api_virtualenv.py took 0.068 seconds
[2025-03-18T19:26:03.985+0000] {processor.py:186} INFO - Started process (PID=3625) to work on /home/airflow/.local/lib/python3.12/site-packages/airflow/example_dags/tutorial_taskflow_api_virtualenv.py
[2025-03-18T19:26:03.986+0000] {processor.py:914} INFO - Processing file /home/airflow/.local/lib/python3.12/site-packages/airflow/example_dags/tutorial_taskflow_api_virtualenv.py for tasks to queue
[2025-03-18T19:26:03.988+0000] {logging_mixin.py:190} INFO - [2025-03-18T19:26:03.988+0000] {dagbag.py:588} INFO - Filling up the DagBag from /home/airflow/.local/lib/python3.12/site-packages/airflow/example_dags/tutorial_taskflow_api_virtualenv.py
[2025-03-18T19:26:04.001+0000] {processor.py:925} INFO - DAG(s) 'tutorial_taskflow_api_virtualenv' retrieved from /home/airflow/.local/lib/python3.12/site-packages/airflow/example_dags/tutorial_taskflow_api_virtualenv.py
[2025-03-18T19:26:04.021+0000] {logging_mixin.py:190} INFO - [2025-03-18T19:26:04.021+0000] {dag.py:3239} INFO - Sync 1 DAGs
[2025-03-18T19:26:04.035+0000] {logging_mixin.py:190} INFO - [2025-03-18T19:26:04.035+0000] {dag.py:4180} INFO - Setting next_dagrun for tutorial_taskflow_api_virtualenv to None, run_after=None
[2025-03-18T19:26:04.054+0000] {processor.py:208} INFO - Processing /home/airflow/.local/lib/python3.12/site-packages/airflow/example_dags/tutorial_taskflow_api_virtualenv.py took 0.075 seconds
[2025-03-18T19:26:34.431+0000] {processor.py:186} INFO - Started process (PID=3689) to work on /home/airflow/.local/lib/python3.12/site-packages/airflow/example_dags/tutorial_taskflow_api_virtualenv.py
[2025-03-18T19:26:34.432+0000] {processor.py:914} INFO - Processing file /home/airflow/.local/lib/python3.12/site-packages/airflow/example_dags/tutorial_taskflow_api_virtualenv.py for tasks to queue
[2025-03-18T19:26:34.434+0000] {logging_mixin.py:190} INFO - [2025-03-18T19:26:34.434+0000] {dagbag.py:588} INFO - Filling up the DagBag from /home/airflow/.local/lib/python3.12/site-packages/airflow/example_dags/tutorial_taskflow_api_virtualenv.py
[2025-03-18T19:26:34.444+0000] {processor.py:925} INFO - DAG(s) 'tutorial_taskflow_api_virtualenv' retrieved from /home/airflow/.local/lib/python3.12/site-packages/airflow/example_dags/tutorial_taskflow_api_virtualenv.py
[2025-03-18T19:26:34.462+0000] {logging_mixin.py:190} INFO - [2025-03-18T19:26:34.462+0000] {dag.py:3239} INFO - Sync 1 DAGs
[2025-03-18T19:26:34.474+0000] {logging_mixin.py:190} INFO - [2025-03-18T19:26:34.474+0000] {dag.py:4180} INFO - Setting next_dagrun for tutorial_taskflow_api_virtualenv to None, run_after=None
[2025-03-18T19:26:34.489+0000] {processor.py:208} INFO - Processing /home/airflow/.local/lib/python3.12/site-packages/airflow/example_dags/tutorial_taskflow_api_virtualenv.py took 0.062 seconds
[2025-03-18T19:27:04.977+0000] {processor.py:186} INFO - Started process (PID=3753) to work on /home/airflow/.local/lib/python3.12/site-packages/airflow/example_dags/tutorial_taskflow_api_virtualenv.py
[2025-03-18T19:27:04.978+0000] {processor.py:914} INFO - Processing file /home/airflow/.local/lib/python3.12/site-packages/airflow/example_dags/tutorial_taskflow_api_virtualenv.py for tasks to queue
[2025-03-18T19:27:04.981+0000] {logging_mixin.py:190} INFO - [2025-03-18T19:27:04.980+0000] {dagbag.py:588} INFO - Filling up the DagBag from /home/airflow/.local/lib/python3.12/site-packages/airflow/example_dags/tutorial_taskflow_api_virtualenv.py
[2025-03-18T19:27:04.992+0000] {processor.py:925} INFO - DAG(s) 'tutorial_taskflow_api_virtualenv' retrieved from /home/airflow/.local/lib/python3.12/site-packages/airflow/example_dags/tutorial_taskflow_api_virtualenv.py
[2025-03-18T19:27:05.011+0000] {logging_mixin.py:190} INFO - [2025-03-18T19:27:05.011+0000] {dag.py:3239} INFO - Sync 1 DAGs
[2025-03-18T19:27:05.024+0000] {logging_mixin.py:190} INFO - [2025-03-18T19:27:05.024+0000] {dag.py:4180} INFO - Setting next_dagrun for tutorial_taskflow_api_virtualenv to None, run_after=None
[2025-03-18T19:27:05.040+0000] {processor.py:208} INFO - Processing /home/airflow/.local/lib/python3.12/site-packages/airflow/example_dags/tutorial_taskflow_api_virtualenv.py took 0.070 seconds
[2025-03-18T19:27:35.595+0000] {processor.py:186} INFO - Started process (PID=3817) to work on /home/airflow/.local/lib/python3.12/site-packages/airflow/example_dags/tutorial_taskflow_api_virtualenv.py
[2025-03-18T19:27:35.596+0000] {processor.py:914} INFO - Processing file /home/airflow/.local/lib/python3.12/site-packages/airflow/example_dags/tutorial_taskflow_api_virtualenv.py for tasks to queue
[2025-03-18T19:27:35.598+0000] {logging_mixin.py:190} INFO - [2025-03-18T19:27:35.597+0000] {dagbag.py:588} INFO - Filling up the DagBag from /home/airflow/.local/lib/python3.12/site-packages/airflow/example_dags/tutorial_taskflow_api_virtualenv.py
[2025-03-18T19:27:35.608+0000] {processor.py:925} INFO - DAG(s) 'tutorial_taskflow_api_virtualenv' retrieved from /home/airflow/.local/lib/python3.12/site-packages/airflow/example_dags/tutorial_taskflow_api_virtualenv.py
[2025-03-18T19:27:35.624+0000] {logging_mixin.py:190} INFO - [2025-03-18T19:27:35.624+0000] {dag.py:3239} INFO - Sync 1 DAGs
[2025-03-18T19:27:35.637+0000] {logging_mixin.py:190} INFO - [2025-03-18T19:27:35.636+0000] {dag.py:4180} INFO - Setting next_dagrun for tutorial_taskflow_api_virtualenv to None, run_after=None
[2025-03-18T19:27:35.651+0000] {processor.py:208} INFO - Processing /home/airflow/.local/lib/python3.12/site-packages/airflow/example_dags/tutorial_taskflow_api_virtualenv.py took 0.061 seconds
[2025-03-18T19:28:06.444+0000] {processor.py:186} INFO - Started process (PID=3882) to work on /home/airflow/.local/lib/python3.12/site-packages/airflow/example_dags/tutorial_taskflow_api_virtualenv.py
[2025-03-18T19:28:06.445+0000] {processor.py:914} INFO - Processing file /home/airflow/.local/lib/python3.12/site-packages/airflow/example_dags/tutorial_taskflow_api_virtualenv.py for tasks to queue
[2025-03-18T19:28:06.448+0000] {logging_mixin.py:190} INFO - [2025-03-18T19:28:06.447+0000] {dagbag.py:588} INFO - Filling up the DagBag from /home/airflow/.local/lib/python3.12/site-packages/airflow/example_dags/tutorial_taskflow_api_virtualenv.py
[2025-03-18T19:28:06.459+0000] {processor.py:925} INFO - DAG(s) 'tutorial_taskflow_api_virtualenv' retrieved from /home/airflow/.local/lib/python3.12/site-packages/airflow/example_dags/tutorial_taskflow_api_virtualenv.py
[2025-03-18T19:28:06.475+0000] {logging_mixin.py:190} INFO - [2025-03-18T19:28:06.475+0000] {dag.py:3239} INFO - Sync 1 DAGs
[2025-03-18T19:28:06.488+0000] {logging_mixin.py:190} INFO - [2025-03-18T19:28:06.487+0000] {dag.py:4180} INFO - Setting next_dagrun for tutorial_taskflow_api_virtualenv to None, run_after=None
[2025-03-18T19:28:06.500+0000] {processor.py:208} INFO - Processing /home/airflow/.local/lib/python3.12/site-packages/airflow/example_dags/tutorial_taskflow_api_virtualenv.py took 0.061 seconds
[2025-03-18T19:28:37.295+0000] {processor.py:186} INFO - Started process (PID=3946) to work on /home/airflow/.local/lib/python3.12/site-packages/airflow/example_dags/tutorial_taskflow_api_virtualenv.py
[2025-03-18T19:28:37.296+0000] {processor.py:914} INFO - Processing file /home/airflow/.local/lib/python3.12/site-packages/airflow/example_dags/tutorial_taskflow_api_virtualenv.py for tasks to queue
[2025-03-18T19:28:37.298+0000] {logging_mixin.py:190} INFO - [2025-03-18T19:28:37.297+0000] {dagbag.py:588} INFO - Filling up the DagBag from /home/airflow/.local/lib/python3.12/site-packages/airflow/example_dags/tutorial_taskflow_api_virtualenv.py
[2025-03-18T19:28:37.307+0000] {processor.py:925} INFO - DAG(s) 'tutorial_taskflow_api_virtualenv' retrieved from /home/airflow/.local/lib/python3.12/site-packages/airflow/example_dags/tutorial_taskflow_api_virtualenv.py
[2025-03-18T19:28:37.324+0000] {logging_mixin.py:190} INFO - [2025-03-18T19:28:37.324+0000] {dag.py:3239} INFO - Sync 1 DAGs
[2025-03-18T19:28:37.336+0000] {logging_mixin.py:190} INFO - [2025-03-18T19:28:37.336+0000] {dag.py:4180} INFO - Setting next_dagrun for tutorial_taskflow_api_virtualenv to None, run_after=None
[2025-03-18T19:28:37.350+0000] {processor.py:208} INFO - Processing /home/airflow/.local/lib/python3.12/site-packages/airflow/example_dags/tutorial_taskflow_api_virtualenv.py took 0.060 seconds
[2025-03-18T19:29:08.361+0000] {processor.py:186} INFO - Started process (PID=4010) to work on /home/airflow/.local/lib/python3.12/site-packages/airflow/example_dags/tutorial_taskflow_api_virtualenv.py
[2025-03-18T19:29:08.362+0000] {processor.py:914} INFO - Processing file /home/airflow/.local/lib/python3.12/site-packages/airflow/example_dags/tutorial_taskflow_api_virtualenv.py for tasks to queue
[2025-03-18T19:29:08.364+0000] {logging_mixin.py:190} INFO - [2025-03-18T19:29:08.364+0000] {dagbag.py:588} INFO - Filling up the DagBag from /home/airflow/.local/lib/python3.12/site-packages/airflow/example_dags/tutorial_taskflow_api_virtualenv.py
[2025-03-18T19:29:08.375+0000] {processor.py:925} INFO - DAG(s) 'tutorial_taskflow_api_virtualenv' retrieved from /home/airflow/.local/lib/python3.12/site-packages/airflow/example_dags/tutorial_taskflow_api_virtualenv.py
[2025-03-18T19:29:08.393+0000] {logging_mixin.py:190} INFO - [2025-03-18T19:29:08.392+0000] {dag.py:3239} INFO - Sync 1 DAGs
[2025-03-18T19:29:08.405+0000] {logging_mixin.py:190} INFO - [2025-03-18T19:29:08.405+0000] {dag.py:4180} INFO - Setting next_dagrun for tutorial_taskflow_api_virtualenv to None, run_after=None
[2025-03-18T19:29:08.420+0000] {processor.py:208} INFO - Processing /home/airflow/.local/lib/python3.12/site-packages/airflow/example_dags/tutorial_taskflow_api_virtualenv.py took 0.064 seconds
[2025-03-18T19:29:39.312+0000] {processor.py:186} INFO - Started process (PID=4074) to work on /home/airflow/.local/lib/python3.12/site-packages/airflow/example_dags/tutorial_taskflow_api_virtualenv.py
[2025-03-18T19:29:39.313+0000] {processor.py:914} INFO - Processing file /home/airflow/.local/lib/python3.12/site-packages/airflow/example_dags/tutorial_taskflow_api_virtualenv.py for tasks to queue
[2025-03-18T19:29:39.315+0000] {logging_mixin.py:190} INFO - [2025-03-18T19:29:39.315+0000] {dagbag.py:588} INFO - Filling up the DagBag from /home/airflow/.local/lib/python3.12/site-packages/airflow/example_dags/tutorial_taskflow_api_virtualenv.py
[2025-03-18T19:29:39.325+0000] {processor.py:925} INFO - DAG(s) 'tutorial_taskflow_api_virtualenv' retrieved from /home/airflow/.local/lib/python3.12/site-packages/airflow/example_dags/tutorial_taskflow_api_virtualenv.py
[2025-03-18T19:29:39.342+0000] {logging_mixin.py:190} INFO - [2025-03-18T19:29:39.342+0000] {dag.py:3239} INFO - Sync 1 DAGs
[2025-03-18T19:29:39.354+0000] {logging_mixin.py:190} INFO - [2025-03-18T19:29:39.354+0000] {dag.py:4180} INFO - Setting next_dagrun for tutorial_taskflow_api_virtualenv to None, run_after=None
[2025-03-18T19:29:39.368+0000] {processor.py:208} INFO - Processing /home/airflow/.local/lib/python3.12/site-packages/airflow/example_dags/tutorial_taskflow_api_virtualenv.py took 0.061 seconds
[2025-03-18T19:30:10.148+0000] {processor.py:186} INFO - Started process (PID=4138) to work on /home/airflow/.local/lib/python3.12/site-packages/airflow/example_dags/tutorial_taskflow_api_virtualenv.py
[2025-03-18T19:30:10.149+0000] {processor.py:914} INFO - Processing file /home/airflow/.local/lib/python3.12/site-packages/airflow/example_dags/tutorial_taskflow_api_virtualenv.py for tasks to queue
[2025-03-18T19:30:10.151+0000] {logging_mixin.py:190} INFO - [2025-03-18T19:30:10.151+0000] {dagbag.py:588} INFO - Filling up the DagBag from /home/airflow/.local/lib/python3.12/site-packages/airflow/example_dags/tutorial_taskflow_api_virtualenv.py
[2025-03-18T19:30:10.161+0000] {processor.py:925} INFO - DAG(s) 'tutorial_taskflow_api_virtualenv' retrieved from /home/airflow/.local/lib/python3.12/site-packages/airflow/example_dags/tutorial_taskflow_api_virtualenv.py
[2025-03-18T19:30:10.178+0000] {logging_mixin.py:190} INFO - [2025-03-18T19:30:10.178+0000] {dag.py:3239} INFO - Sync 1 DAGs
[2025-03-18T19:30:10.189+0000] {logging_mixin.py:190} INFO - [2025-03-18T19:30:10.189+0000] {dag.py:4180} INFO - Setting next_dagrun for tutorial_taskflow_api_virtualenv to None, run_after=None
[2025-03-18T19:30:10.202+0000] {processor.py:208} INFO - Processing /home/airflow/.local/lib/python3.12/site-packages/airflow/example_dags/tutorial_taskflow_api_virtualenv.py took 0.059 seconds
[2025-03-18T19:30:40.972+0000] {processor.py:186} INFO - Started process (PID=4208) to work on /home/airflow/.local/lib/python3.12/site-packages/airflow/example_dags/tutorial_taskflow_api_virtualenv.py
[2025-03-18T19:30:40.973+0000] {processor.py:914} INFO - Processing file /home/airflow/.local/lib/python3.12/site-packages/airflow/example_dags/tutorial_taskflow_api_virtualenv.py for tasks to queue
[2025-03-18T19:30:40.975+0000] {logging_mixin.py:190} INFO - [2025-03-18T19:30:40.974+0000] {dagbag.py:588} INFO - Filling up the DagBag from /home/airflow/.local/lib/python3.12/site-packages/airflow/example_dags/tutorial_taskflow_api_virtualenv.py
[2025-03-18T19:30:40.985+0000] {processor.py:925} INFO - DAG(s) 'tutorial_taskflow_api_virtualenv' retrieved from /home/airflow/.local/lib/python3.12/site-packages/airflow/example_dags/tutorial_taskflow_api_virtualenv.py
[2025-03-18T19:30:41.001+0000] {logging_mixin.py:190} INFO - [2025-03-18T19:30:41.001+0000] {dag.py:3239} INFO - Sync 1 DAGs
[2025-03-18T19:30:41.013+0000] {logging_mixin.py:190} INFO - [2025-03-18T19:30:41.013+0000] {dag.py:4180} INFO - Setting next_dagrun for tutorial_taskflow_api_virtualenv to None, run_after=None
[2025-03-18T19:30:41.026+0000] {processor.py:208} INFO - Processing /home/airflow/.local/lib/python3.12/site-packages/airflow/example_dags/tutorial_taskflow_api_virtualenv.py took 0.061 seconds
[2025-03-18T19:37:22.231+0000] {processor.py:186} INFO - Started process (PID=5040) to work on /home/airflow/.local/lib/python3.12/site-packages/airflow/example_dags/tutorial_taskflow_api_virtualenv.py
[2025-03-18T19:37:22.233+0000] {processor.py:914} INFO - Processing file /home/airflow/.local/lib/python3.12/site-packages/airflow/example_dags/tutorial_taskflow_api_virtualenv.py for tasks to queue
[2025-03-18T19:37:22.234+0000] {logging_mixin.py:190} INFO - [2025-03-18T19:37:22.234+0000] {dagbag.py:588} INFO - Filling up the DagBag from /home/airflow/.local/lib/python3.12/site-packages/airflow/example_dags/tutorial_taskflow_api_virtualenv.py
[2025-03-18T19:37:22.244+0000] {processor.py:925} INFO - DAG(s) 'tutorial_taskflow_api_virtualenv' retrieved from /home/airflow/.local/lib/python3.12/site-packages/airflow/example_dags/tutorial_taskflow_api_virtualenv.py
[2025-03-18T19:37:22.261+0000] {logging_mixin.py:190} INFO - [2025-03-18T19:37:22.261+0000] {dag.py:3239} INFO - Sync 1 DAGs
[2025-03-18T19:37:22.272+0000] {logging_mixin.py:190} INFO - [2025-03-18T19:37:22.271+0000] {dag.py:4180} INFO - Setting next_dagrun for tutorial_taskflow_api_virtualenv to None, run_after=None
[2025-03-18T19:37:22.286+0000] {processor.py:208} INFO - Processing /home/airflow/.local/lib/python3.12/site-packages/airflow/example_dags/tutorial_taskflow_api_virtualenv.py took 0.060 seconds
[2025-03-18T19:37:52.940+0000] {processor.py:186} INFO - Started process (PID=5104) to work on /home/airflow/.local/lib/python3.12/site-packages/airflow/example_dags/tutorial_taskflow_api_virtualenv.py
[2025-03-18T19:37:52.941+0000] {processor.py:914} INFO - Processing file /home/airflow/.local/lib/python3.12/site-packages/airflow/example_dags/tutorial_taskflow_api_virtualenv.py for tasks to queue
[2025-03-18T19:37:52.943+0000] {logging_mixin.py:190} INFO - [2025-03-18T19:37:52.942+0000] {dagbag.py:588} INFO - Filling up the DagBag from /home/airflow/.local/lib/python3.12/site-packages/airflow/example_dags/tutorial_taskflow_api_virtualenv.py
[2025-03-18T19:37:52.953+0000] {processor.py:925} INFO - DAG(s) 'tutorial_taskflow_api_virtualenv' retrieved from /home/airflow/.local/lib/python3.12/site-packages/airflow/example_dags/tutorial_taskflow_api_virtualenv.py
[2025-03-18T19:37:52.969+0000] {logging_mixin.py:190} INFO - [2025-03-18T19:37:52.969+0000] {dag.py:3239} INFO - Sync 1 DAGs
[2025-03-18T19:37:52.980+0000] {logging_mixin.py:190} INFO - [2025-03-18T19:37:52.980+0000] {dag.py:4180} INFO - Setting next_dagrun for tutorial_taskflow_api_virtualenv to None, run_after=None
[2025-03-18T19:37:52.992+0000] {processor.py:208} INFO - Processing /home/airflow/.local/lib/python3.12/site-packages/airflow/example_dags/tutorial_taskflow_api_virtualenv.py took 0.057 seconds
[2025-03-18T19:38:23.557+0000] {processor.py:186} INFO - Started process (PID=5168) to work on /home/airflow/.local/lib/python3.12/site-packages/airflow/example_dags/tutorial_taskflow_api_virtualenv.py
[2025-03-18T19:38:23.558+0000] {processor.py:914} INFO - Processing file /home/airflow/.local/lib/python3.12/site-packages/airflow/example_dags/tutorial_taskflow_api_virtualenv.py for tasks to queue
[2025-03-18T19:38:23.560+0000] {logging_mixin.py:190} INFO - [2025-03-18T19:38:23.560+0000] {dagbag.py:588} INFO - Filling up the DagBag from /home/airflow/.local/lib/python3.12/site-packages/airflow/example_dags/tutorial_taskflow_api_virtualenv.py
[2025-03-18T19:38:23.570+0000] {processor.py:925} INFO - DAG(s) 'tutorial_taskflow_api_virtualenv' retrieved from /home/airflow/.local/lib/python3.12/site-packages/airflow/example_dags/tutorial_taskflow_api_virtualenv.py
[2025-03-18T19:38:23.586+0000] {logging_mixin.py:190} INFO - [2025-03-18T19:38:23.586+0000] {dag.py:3239} INFO - Sync 1 DAGs
[2025-03-18T19:38:23.597+0000] {logging_mixin.py:190} INFO - [2025-03-18T19:38:23.597+0000] {dag.py:4180} INFO - Setting next_dagrun for tutorial_taskflow_api_virtualenv to None, run_after=None
[2025-03-18T19:38:23.612+0000] {processor.py:208} INFO - Processing /home/airflow/.local/lib/python3.12/site-packages/airflow/example_dags/tutorial_taskflow_api_virtualenv.py took 0.060 seconds
[2025-03-18T19:38:54.375+0000] {processor.py:186} INFO - Started process (PID=5232) to work on /home/airflow/.local/lib/python3.12/site-packages/airflow/example_dags/tutorial_taskflow_api_virtualenv.py
[2025-03-18T19:38:54.376+0000] {processor.py:914} INFO - Processing file /home/airflow/.local/lib/python3.12/site-packages/airflow/example_dags/tutorial_taskflow_api_virtualenv.py for tasks to queue
[2025-03-18T19:38:54.378+0000] {logging_mixin.py:190} INFO - [2025-03-18T19:38:54.378+0000] {dagbag.py:588} INFO - Filling up the DagBag from /home/airflow/.local/lib/python3.12/site-packages/airflow/example_dags/tutorial_taskflow_api_virtualenv.py
[2025-03-18T19:38:54.387+0000] {processor.py:925} INFO - DAG(s) 'tutorial_taskflow_api_virtualenv' retrieved from /home/airflow/.local/lib/python3.12/site-packages/airflow/example_dags/tutorial_taskflow_api_virtualenv.py
[2025-03-18T19:38:54.405+0000] {logging_mixin.py:190} INFO - [2025-03-18T19:38:54.405+0000] {dag.py:3239} INFO - Sync 1 DAGs
[2025-03-18T19:38:54.417+0000] {logging_mixin.py:190} INFO - [2025-03-18T19:38:54.416+0000] {dag.py:4180} INFO - Setting next_dagrun for tutorial_taskflow_api_virtualenv to None, run_after=None
[2025-03-18T19:38:54.432+0000] {processor.py:208} INFO - Processing /home/airflow/.local/lib/python3.12/site-packages/airflow/example_dags/tutorial_taskflow_api_virtualenv.py took 0.062 seconds
[2025-03-18T19:39:25.275+0000] {processor.py:186} INFO - Started process (PID=5296) to work on /home/airflow/.local/lib/python3.12/site-packages/airflow/example_dags/tutorial_taskflow_api_virtualenv.py
[2025-03-18T19:39:25.276+0000] {processor.py:914} INFO - Processing file /home/airflow/.local/lib/python3.12/site-packages/airflow/example_dags/tutorial_taskflow_api_virtualenv.py for tasks to queue
[2025-03-18T19:39:25.278+0000] {logging_mixin.py:190} INFO - [2025-03-18T19:39:25.277+0000] {dagbag.py:588} INFO - Filling up the DagBag from /home/airflow/.local/lib/python3.12/site-packages/airflow/example_dags/tutorial_taskflow_api_virtualenv.py
[2025-03-18T19:39:25.287+0000] {processor.py:925} INFO - DAG(s) 'tutorial_taskflow_api_virtualenv' retrieved from /home/airflow/.local/lib/python3.12/site-packages/airflow/example_dags/tutorial_taskflow_api_virtualenv.py
[2025-03-18T19:39:25.305+0000] {logging_mixin.py:190} INFO - [2025-03-18T19:39:25.305+0000] {dag.py:3239} INFO - Sync 1 DAGs
[2025-03-18T19:39:25.317+0000] {logging_mixin.py:190} INFO - [2025-03-18T19:39:25.317+0000] {dag.py:4180} INFO - Setting next_dagrun for tutorial_taskflow_api_virtualenv to None, run_after=None
[2025-03-18T19:39:25.331+0000] {processor.py:208} INFO - Processing /home/airflow/.local/lib/python3.12/site-packages/airflow/example_dags/tutorial_taskflow_api_virtualenv.py took 0.061 seconds
[2025-03-18T19:39:55.964+0000] {processor.py:186} INFO - Started process (PID=5360) to work on /home/airflow/.local/lib/python3.12/site-packages/airflow/example_dags/tutorial_taskflow_api_virtualenv.py
[2025-03-18T19:39:55.965+0000] {processor.py:914} INFO - Processing file /home/airflow/.local/lib/python3.12/site-packages/airflow/example_dags/tutorial_taskflow_api_virtualenv.py for tasks to queue
[2025-03-18T19:39:55.967+0000] {logging_mixin.py:190} INFO - [2025-03-18T19:39:55.966+0000] {dagbag.py:588} INFO - Filling up the DagBag from /home/airflow/.local/lib/python3.12/site-packages/airflow/example_dags/tutorial_taskflow_api_virtualenv.py
[2025-03-18T19:39:55.976+0000] {processor.py:925} INFO - DAG(s) 'tutorial_taskflow_api_virtualenv' retrieved from /home/airflow/.local/lib/python3.12/site-packages/airflow/example_dags/tutorial_taskflow_api_virtualenv.py
[2025-03-18T19:39:55.992+0000] {logging_mixin.py:190} INFO - [2025-03-18T19:39:55.992+0000] {dag.py:3239} INFO - Sync 1 DAGs
[2025-03-18T19:39:56.003+0000] {logging_mixin.py:190} INFO - [2025-03-18T19:39:56.003+0000] {dag.py:4180} INFO - Setting next_dagrun for tutorial_taskflow_api_virtualenv to None, run_after=None
[2025-03-18T19:39:56.016+0000] {processor.py:208} INFO - Processing /home/airflow/.local/lib/python3.12/site-packages/airflow/example_dags/tutorial_taskflow_api_virtualenv.py took 0.057 seconds
[2025-03-18T19:40:26.787+0000] {processor.py:186} INFO - Started process (PID=5424) to work on /home/airflow/.local/lib/python3.12/site-packages/airflow/example_dags/tutorial_taskflow_api_virtualenv.py
[2025-03-18T19:40:26.788+0000] {processor.py:914} INFO - Processing file /home/airflow/.local/lib/python3.12/site-packages/airflow/example_dags/tutorial_taskflow_api_virtualenv.py for tasks to queue
[2025-03-18T19:40:26.790+0000] {logging_mixin.py:190} INFO - [2025-03-18T19:40:26.790+0000] {dagbag.py:588} INFO - Filling up the DagBag from /home/airflow/.local/lib/python3.12/site-packages/airflow/example_dags/tutorial_taskflow_api_virtualenv.py
[2025-03-18T19:40:26.799+0000] {processor.py:925} INFO - DAG(s) 'tutorial_taskflow_api_virtualenv' retrieved from /home/airflow/.local/lib/python3.12/site-packages/airflow/example_dags/tutorial_taskflow_api_virtualenv.py
[2025-03-18T19:40:26.816+0000] {logging_mixin.py:190} INFO - [2025-03-18T19:40:26.816+0000] {dag.py:3239} INFO - Sync 1 DAGs
[2025-03-18T19:40:26.827+0000] {logging_mixin.py:190} INFO - [2025-03-18T19:40:26.827+0000] {dag.py:4180} INFO - Setting next_dagrun for tutorial_taskflow_api_virtualenv to None, run_after=None
[2025-03-18T19:40:26.841+0000] {processor.py:208} INFO - Processing /home/airflow/.local/lib/python3.12/site-packages/airflow/example_dags/tutorial_taskflow_api_virtualenv.py took 0.059 seconds
[2025-03-18T19:40:57.422+0000] {processor.py:186} INFO - Started process (PID=5488) to work on /home/airflow/.local/lib/python3.12/site-packages/airflow/example_dags/tutorial_taskflow_api_virtualenv.py
[2025-03-18T19:40:57.423+0000] {processor.py:914} INFO - Processing file /home/airflow/.local/lib/python3.12/site-packages/airflow/example_dags/tutorial_taskflow_api_virtualenv.py for tasks to queue
[2025-03-18T19:40:57.425+0000] {logging_mixin.py:190} INFO - [2025-03-18T19:40:57.424+0000] {dagbag.py:588} INFO - Filling up the DagBag from /home/airflow/.local/lib/python3.12/site-packages/airflow/example_dags/tutorial_taskflow_api_virtualenv.py
[2025-03-18T19:40:57.434+0000] {processor.py:925} INFO - DAG(s) 'tutorial_taskflow_api_virtualenv' retrieved from /home/airflow/.local/lib/python3.12/site-packages/airflow/example_dags/tutorial_taskflow_api_virtualenv.py
[2025-03-18T19:40:57.452+0000] {logging_mixin.py:190} INFO - [2025-03-18T19:40:57.452+0000] {dag.py:3239} INFO - Sync 1 DAGs
[2025-03-18T19:40:57.463+0000] {logging_mixin.py:190} INFO - [2025-03-18T19:40:57.462+0000] {dag.py:4180} INFO - Setting next_dagrun for tutorial_taskflow_api_virtualenv to None, run_after=None
[2025-03-18T19:40:57.476+0000] {processor.py:208} INFO - Processing /home/airflow/.local/lib/python3.12/site-packages/airflow/example_dags/tutorial_taskflow_api_virtualenv.py took 0.059 seconds
[2025-03-18T19:41:28.068+0000] {processor.py:186} INFO - Started process (PID=5552) to work on /home/airflow/.local/lib/python3.12/site-packages/airflow/example_dags/tutorial_taskflow_api_virtualenv.py
[2025-03-18T19:41:28.069+0000] {processor.py:914} INFO - Processing file /home/airflow/.local/lib/python3.12/site-packages/airflow/example_dags/tutorial_taskflow_api_virtualenv.py for tasks to queue
[2025-03-18T19:41:28.071+0000] {logging_mixin.py:190} INFO - [2025-03-18T19:41:28.071+0000] {dagbag.py:588} INFO - Filling up the DagBag from /home/airflow/.local/lib/python3.12/site-packages/airflow/example_dags/tutorial_taskflow_api_virtualenv.py
[2025-03-18T19:41:28.081+0000] {processor.py:925} INFO - DAG(s) 'tutorial_taskflow_api_virtualenv' retrieved from /home/airflow/.local/lib/python3.12/site-packages/airflow/example_dags/tutorial_taskflow_api_virtualenv.py
[2025-03-18T19:41:28.097+0000] {logging_mixin.py:190} INFO - [2025-03-18T19:41:28.097+0000] {dag.py:3239} INFO - Sync 1 DAGs
[2025-03-18T19:41:28.109+0000] {logging_mixin.py:190} INFO - [2025-03-18T19:41:28.108+0000] {dag.py:4180} INFO - Setting next_dagrun for tutorial_taskflow_api_virtualenv to None, run_after=None
[2025-03-18T19:41:28.122+0000] {processor.py:208} INFO - Processing /home/airflow/.local/lib/python3.12/site-packages/airflow/example_dags/tutorial_taskflow_api_virtualenv.py took 0.059 seconds
[2025-03-18T19:41:58.831+0000] {processor.py:186} INFO - Started process (PID=5616) to work on /home/airflow/.local/lib/python3.12/site-packages/airflow/example_dags/tutorial_taskflow_api_virtualenv.py
[2025-03-18T19:41:58.833+0000] {processor.py:914} INFO - Processing file /home/airflow/.local/lib/python3.12/site-packages/airflow/example_dags/tutorial_taskflow_api_virtualenv.py for tasks to queue
[2025-03-18T19:41:58.835+0000] {logging_mixin.py:190} INFO - [2025-03-18T19:41:58.834+0000] {dagbag.py:588} INFO - Filling up the DagBag from /home/airflow/.local/lib/python3.12/site-packages/airflow/example_dags/tutorial_taskflow_api_virtualenv.py
[2025-03-18T19:41:58.845+0000] {processor.py:925} INFO - DAG(s) 'tutorial_taskflow_api_virtualenv' retrieved from /home/airflow/.local/lib/python3.12/site-packages/airflow/example_dags/tutorial_taskflow_api_virtualenv.py
[2025-03-18T19:41:58.863+0000] {logging_mixin.py:190} INFO - [2025-03-18T19:41:58.863+0000] {dag.py:3239} INFO - Sync 1 DAGs
[2025-03-18T19:41:58.875+0000] {logging_mixin.py:190} INFO - [2025-03-18T19:41:58.875+0000] {dag.py:4180} INFO - Setting next_dagrun for tutorial_taskflow_api_virtualenv to None, run_after=None
[2025-03-18T19:41:58.890+0000] {processor.py:208} INFO - Processing /home/airflow/.local/lib/python3.12/site-packages/airflow/example_dags/tutorial_taskflow_api_virtualenv.py took 0.064 seconds
[2025-03-18T19:42:30.169+0000] {processor.py:186} INFO - Started process (PID=5680) to work on /home/airflow/.local/lib/python3.12/site-packages/airflow/example_dags/tutorial_taskflow_api_virtualenv.py
[2025-03-18T19:42:30.171+0000] {processor.py:914} INFO - Processing file /home/airflow/.local/lib/python3.12/site-packages/airflow/example_dags/tutorial_taskflow_api_virtualenv.py for tasks to queue
[2025-03-18T19:42:30.173+0000] {logging_mixin.py:190} INFO - [2025-03-18T19:42:30.172+0000] {dagbag.py:588} INFO - Filling up the DagBag from /home/airflow/.local/lib/python3.12/site-packages/airflow/example_dags/tutorial_taskflow_api_virtualenv.py
[2025-03-18T19:42:30.183+0000] {processor.py:925} INFO - DAG(s) 'tutorial_taskflow_api_virtualenv' retrieved from /home/airflow/.local/lib/python3.12/site-packages/airflow/example_dags/tutorial_taskflow_api_virtualenv.py
[2025-03-18T19:42:30.203+0000] {logging_mixin.py:190} INFO - [2025-03-18T19:42:30.202+0000] {dag.py:3239} INFO - Sync 1 DAGs
[2025-03-18T19:42:30.216+0000] {logging_mixin.py:190} INFO - [2025-03-18T19:42:30.216+0000] {dag.py:4180} INFO - Setting next_dagrun for tutorial_taskflow_api_virtualenv to None, run_after=None
[2025-03-18T19:42:30.233+0000] {processor.py:208} INFO - Processing /home/airflow/.local/lib/python3.12/site-packages/airflow/example_dags/tutorial_taskflow_api_virtualenv.py took 0.069 seconds
[2025-03-18T19:43:01.269+0000] {processor.py:186} INFO - Started process (PID=5744) to work on /home/airflow/.local/lib/python3.12/site-packages/airflow/example_dags/tutorial_taskflow_api_virtualenv.py
[2025-03-18T19:43:01.270+0000] {processor.py:914} INFO - Processing file /home/airflow/.local/lib/python3.12/site-packages/airflow/example_dags/tutorial_taskflow_api_virtualenv.py for tasks to queue
[2025-03-18T19:43:01.272+0000] {logging_mixin.py:190} INFO - [2025-03-18T19:43:01.272+0000] {dagbag.py:588} INFO - Filling up the DagBag from /home/airflow/.local/lib/python3.12/site-packages/airflow/example_dags/tutorial_taskflow_api_virtualenv.py
[2025-03-18T19:43:01.282+0000] {processor.py:925} INFO - DAG(s) 'tutorial_taskflow_api_virtualenv' retrieved from /home/airflow/.local/lib/python3.12/site-packages/airflow/example_dags/tutorial_taskflow_api_virtualenv.py
[2025-03-18T19:43:01.300+0000] {logging_mixin.py:190} INFO - [2025-03-18T19:43:01.300+0000] {dag.py:3239} INFO - Sync 1 DAGs
[2025-03-18T19:43:01.311+0000] {logging_mixin.py:190} INFO - [2025-03-18T19:43:01.311+0000] {dag.py:4180} INFO - Setting next_dagrun for tutorial_taskflow_api_virtualenv to None, run_after=None
[2025-03-18T19:43:01.327+0000] {processor.py:208} INFO - Processing /home/airflow/.local/lib/python3.12/site-packages/airflow/example_dags/tutorial_taskflow_api_virtualenv.py took 0.062 seconds
[2025-03-18T19:43:32.185+0000] {processor.py:186} INFO - Started process (PID=5808) to work on /home/airflow/.local/lib/python3.12/site-packages/airflow/example_dags/tutorial_taskflow_api_virtualenv.py
[2025-03-18T19:43:32.186+0000] {processor.py:914} INFO - Processing file /home/airflow/.local/lib/python3.12/site-packages/airflow/example_dags/tutorial_taskflow_api_virtualenv.py for tasks to queue
[2025-03-18T19:43:32.188+0000] {logging_mixin.py:190} INFO - [2025-03-18T19:43:32.188+0000] {dagbag.py:588} INFO - Filling up the DagBag from /home/airflow/.local/lib/python3.12/site-packages/airflow/example_dags/tutorial_taskflow_api_virtualenv.py
[2025-03-18T19:43:32.197+0000] {processor.py:925} INFO - DAG(s) 'tutorial_taskflow_api_virtualenv' retrieved from /home/airflow/.local/lib/python3.12/site-packages/airflow/example_dags/tutorial_taskflow_api_virtualenv.py
[2025-03-18T19:43:32.214+0000] {logging_mixin.py:190} INFO - [2025-03-18T19:43:32.213+0000] {dag.py:3239} INFO - Sync 1 DAGs
[2025-03-18T19:43:32.224+0000] {logging_mixin.py:190} INFO - [2025-03-18T19:43:32.224+0000] {dag.py:4180} INFO - Setting next_dagrun for tutorial_taskflow_api_virtualenv to None, run_after=None
[2025-03-18T19:43:32.239+0000] {processor.py:208} INFO - Processing /home/airflow/.local/lib/python3.12/site-packages/airflow/example_dags/tutorial_taskflow_api_virtualenv.py took 0.059 seconds
