[2025-03-18T19:23:56.175+0000] {processor.py:186} INFO - Started process (PID=3365) to work on /opt/airflow/dags/my-bi.py
[2025-03-18T19:23:56.176+0000] {processor.py:914} INFO - Processing file /opt/airflow/dags/my-bi.py for tasks to queue
[2025-03-18T19:23:56.178+0000] {logging_mixin.py:190} INFO - [2025-03-18T19:23:56.178+0000] {dagbag.py:588} INFO - Filling up the DagBag from /opt/airflow/dags/my-bi.py
[2025-03-18T19:23:56.194+0000] {processor.py:925} INFO - DAG(s) 'bi-transform-completed' retrieved from /opt/airflow/dags/my-bi.py
[2025-03-18T19:23:56.218+0000] {logging_mixin.py:190} INFO - [2025-03-18T19:23:56.217+0000] {dag.py:3239} INFO - Sync 1 DAGs
[2025-03-18T19:23:56.231+0000] {logging_mixin.py:190} INFO - [2025-03-18T19:23:56.231+0000] {dag.py:4180} INFO - Setting next_dagrun for bi-transform-completed to None, run_after=None
[2025-03-18T19:23:56.246+0000] {processor.py:208} INFO - Processing /opt/airflow/dags/my-bi.py took 0.076 seconds
[2025-03-18T19:24:26.548+0000] {processor.py:186} INFO - Started process (PID=3429) to work on /opt/airflow/dags/my-bi.py
[2025-03-18T19:24:26.549+0000] {processor.py:914} INFO - Processing file /opt/airflow/dags/my-bi.py for tasks to queue
[2025-03-18T19:24:26.551+0000] {logging_mixin.py:190} INFO - [2025-03-18T19:24:26.551+0000] {dagbag.py:588} INFO - Filling up the DagBag from /opt/airflow/dags/my-bi.py
[2025-03-18T19:24:26.569+0000] {processor.py:925} INFO - DAG(s) 'bi-transform-completed' retrieved from /opt/airflow/dags/my-bi.py
[2025-03-18T19:24:26.593+0000] {logging_mixin.py:190} INFO - [2025-03-18T19:24:26.593+0000] {dag.py:3239} INFO - Sync 1 DAGs
[2025-03-18T19:24:26.605+0000] {logging_mixin.py:190} INFO - [2025-03-18T19:24:26.605+0000] {dag.py:4180} INFO - Setting next_dagrun for bi-transform-completed to None, run_after=None
[2025-03-18T19:24:26.621+0000] {processor.py:208} INFO - Processing /opt/airflow/dags/my-bi.py took 0.079 seconds
[2025-03-18T19:24:57.314+0000] {processor.py:186} INFO - Started process (PID=3493) to work on /opt/airflow/dags/my-bi.py
[2025-03-18T19:24:57.316+0000] {processor.py:914} INFO - Processing file /opt/airflow/dags/my-bi.py for tasks to queue
[2025-03-18T19:24:57.318+0000] {logging_mixin.py:190} INFO - [2025-03-18T19:24:57.317+0000] {dagbag.py:588} INFO - Filling up the DagBag from /opt/airflow/dags/my-bi.py
[2025-03-18T19:24:57.333+0000] {processor.py:925} INFO - DAG(s) 'bi-transform-completed' retrieved from /opt/airflow/dags/my-bi.py
[2025-03-18T19:24:57.353+0000] {logging_mixin.py:190} INFO - [2025-03-18T19:24:57.353+0000] {dag.py:3239} INFO - Sync 1 DAGs
[2025-03-18T19:24:57.365+0000] {logging_mixin.py:190} INFO - [2025-03-18T19:24:57.364+0000] {dag.py:4180} INFO - Setting next_dagrun for bi-transform-completed to None, run_after=None
[2025-03-18T19:24:57.378+0000] {processor.py:208} INFO - Processing /opt/airflow/dags/my-bi.py took 0.069 seconds
[2025-03-18T19:25:27.580+0000] {processor.py:186} INFO - Started process (PID=3557) to work on /opt/airflow/dags/my-bi.py
[2025-03-18T19:25:27.582+0000] {processor.py:914} INFO - Processing file /opt/airflow/dags/my-bi.py for tasks to queue
[2025-03-18T19:25:27.584+0000] {logging_mixin.py:190} INFO - [2025-03-18T19:25:27.584+0000] {dagbag.py:588} INFO - Filling up the DagBag from /opt/airflow/dags/my-bi.py
[2025-03-18T19:25:27.602+0000] {processor.py:925} INFO - DAG(s) 'bi-transform-completed' retrieved from /opt/airflow/dags/my-bi.py
[2025-03-18T19:25:27.628+0000] {logging_mixin.py:190} INFO - [2025-03-18T19:25:27.628+0000] {dag.py:3239} INFO - Sync 1 DAGs
[2025-03-18T19:25:27.640+0000] {logging_mixin.py:190} INFO - [2025-03-18T19:25:27.640+0000] {dag.py:4180} INFO - Setting next_dagrun for bi-transform-completed to None, run_after=None
[2025-03-18T19:25:27.656+0000] {processor.py:208} INFO - Processing /opt/airflow/dags/my-bi.py took 0.081 seconds
[2025-03-18T19:25:58.361+0000] {processor.py:186} INFO - Started process (PID=3621) to work on /opt/airflow/dags/my-bi.py
[2025-03-18T19:25:58.362+0000] {processor.py:914} INFO - Processing file /opt/airflow/dags/my-bi.py for tasks to queue
[2025-03-18T19:25:58.365+0000] {logging_mixin.py:190} INFO - [2025-03-18T19:25:58.364+0000] {dagbag.py:588} INFO - Filling up the DagBag from /opt/airflow/dags/my-bi.py
[2025-03-18T19:25:58.382+0000] {processor.py:925} INFO - DAG(s) 'bi-transform-completed' retrieved from /opt/airflow/dags/my-bi.py
[2025-03-18T19:25:58.409+0000] {logging_mixin.py:190} INFO - [2025-03-18T19:25:58.409+0000] {dag.py:3239} INFO - Sync 1 DAGs
[2025-03-18T19:25:58.423+0000] {logging_mixin.py:190} INFO - [2025-03-18T19:25:58.423+0000] {dag.py:4180} INFO - Setting next_dagrun for bi-transform-completed to None, run_after=None
[2025-03-18T19:25:58.438+0000] {processor.py:208} INFO - Processing /opt/airflow/dags/my-bi.py took 0.083 seconds
[2025-03-18T19:26:28.913+0000] {processor.py:186} INFO - Started process (PID=3685) to work on /opt/airflow/dags/my-bi.py
[2025-03-18T19:26:28.914+0000] {processor.py:914} INFO - Processing file /opt/airflow/dags/my-bi.py for tasks to queue
[2025-03-18T19:26:28.916+0000] {logging_mixin.py:190} INFO - [2025-03-18T19:26:28.916+0000] {dagbag.py:588} INFO - Filling up the DagBag from /opt/airflow/dags/my-bi.py
[2025-03-18T19:26:28.931+0000] {processor.py:925} INFO - DAG(s) 'bi-transform-completed' retrieved from /opt/airflow/dags/my-bi.py
[2025-03-18T19:26:28.953+0000] {logging_mixin.py:190} INFO - [2025-03-18T19:26:28.953+0000] {dag.py:3239} INFO - Sync 1 DAGs
[2025-03-18T19:26:28.963+0000] {logging_mixin.py:190} INFO - [2025-03-18T19:26:28.963+0000] {dag.py:4180} INFO - Setting next_dagrun for bi-transform-completed to None, run_after=None
[2025-03-18T19:26:28.977+0000] {processor.py:208} INFO - Processing /opt/airflow/dags/my-bi.py took 0.069 seconds
[2025-03-18T19:26:59.492+0000] {processor.py:186} INFO - Started process (PID=3749) to work on /opt/airflow/dags/my-bi.py
[2025-03-18T19:26:59.493+0000] {processor.py:914} INFO - Processing file /opt/airflow/dags/my-bi.py for tasks to queue
[2025-03-18T19:26:59.495+0000] {logging_mixin.py:190} INFO - [2025-03-18T19:26:59.495+0000] {dagbag.py:588} INFO - Filling up the DagBag from /opt/airflow/dags/my-bi.py
[2025-03-18T19:26:59.510+0000] {processor.py:925} INFO - DAG(s) 'bi-transform-completed' retrieved from /opt/airflow/dags/my-bi.py
[2025-03-18T19:26:59.533+0000] {logging_mixin.py:190} INFO - [2025-03-18T19:26:59.533+0000] {dag.py:3239} INFO - Sync 1 DAGs
[2025-03-18T19:26:59.545+0000] {logging_mixin.py:190} INFO - [2025-03-18T19:26:59.544+0000] {dag.py:4180} INFO - Setting next_dagrun for bi-transform-completed to None, run_after=None
[2025-03-18T19:26:59.557+0000] {processor.py:208} INFO - Processing /opt/airflow/dags/my-bi.py took 0.070 seconds
[2025-03-18T19:27:29.957+0000] {processor.py:186} INFO - Started process (PID=3813) to work on /opt/airflow/dags/my-bi.py
[2025-03-18T19:27:29.958+0000] {processor.py:914} INFO - Processing file /opt/airflow/dags/my-bi.py for tasks to queue
[2025-03-18T19:27:29.960+0000] {logging_mixin.py:190} INFO - [2025-03-18T19:27:29.960+0000] {dagbag.py:588} INFO - Filling up the DagBag from /opt/airflow/dags/my-bi.py
[2025-03-18T19:27:29.976+0000] {processor.py:925} INFO - DAG(s) 'bi-transform-completed' retrieved from /opt/airflow/dags/my-bi.py
[2025-03-18T19:27:30.000+0000] {logging_mixin.py:190} INFO - [2025-03-18T19:27:29.999+0000] {dag.py:3239} INFO - Sync 1 DAGs
[2025-03-18T19:27:30.011+0000] {logging_mixin.py:190} INFO - [2025-03-18T19:27:30.011+0000] {dag.py:4180} INFO - Setting next_dagrun for bi-transform-completed to None, run_after=None
[2025-03-18T19:27:30.026+0000] {processor.py:208} INFO - Processing /opt/airflow/dags/my-bi.py took 0.074 seconds
[2025-03-18T19:28:00.735+0000] {processor.py:186} INFO - Started process (PID=3878) to work on /opt/airflow/dags/my-bi.py
[2025-03-18T19:28:00.736+0000] {processor.py:914} INFO - Processing file /opt/airflow/dags/my-bi.py for tasks to queue
[2025-03-18T19:28:00.738+0000] {logging_mixin.py:190} INFO - [2025-03-18T19:28:00.738+0000] {dagbag.py:588} INFO - Filling up the DagBag from /opt/airflow/dags/my-bi.py
[2025-03-18T19:28:00.753+0000] {processor.py:925} INFO - DAG(s) 'bi-transform-completed' retrieved from /opt/airflow/dags/my-bi.py
[2025-03-18T19:28:00.779+0000] {logging_mixin.py:190} INFO - [2025-03-18T19:28:00.779+0000] {dag.py:3239} INFO - Sync 1 DAGs
[2025-03-18T19:28:00.792+0000] {logging_mixin.py:190} INFO - [2025-03-18T19:28:00.791+0000] {dag.py:4180} INFO - Setting next_dagrun for bi-transform-completed to None, run_after=None
[2025-03-18T19:28:00.806+0000] {processor.py:208} INFO - Processing /opt/airflow/dags/my-bi.py took 0.076 seconds
[2025-03-18T19:28:31.654+0000] {processor.py:186} INFO - Started process (PID=3942) to work on /opt/airflow/dags/my-bi.py
[2025-03-18T19:28:31.655+0000] {processor.py:914} INFO - Processing file /opt/airflow/dags/my-bi.py for tasks to queue
[2025-03-18T19:28:31.657+0000] {logging_mixin.py:190} INFO - [2025-03-18T19:28:31.656+0000] {dagbag.py:588} INFO - Filling up the DagBag from /opt/airflow/dags/my-bi.py
[2025-03-18T19:28:31.673+0000] {processor.py:925} INFO - DAG(s) 'bi-transform-completed' retrieved from /opt/airflow/dags/my-bi.py
[2025-03-18T19:28:31.698+0000] {logging_mixin.py:190} INFO - [2025-03-18T19:28:31.697+0000] {dag.py:3239} INFO - Sync 1 DAGs
[2025-03-18T19:28:31.709+0000] {logging_mixin.py:190} INFO - [2025-03-18T19:28:31.709+0000] {dag.py:4180} INFO - Setting next_dagrun for bi-transform-completed to None, run_after=None
[2025-03-18T19:28:31.724+0000] {processor.py:208} INFO - Processing /opt/airflow/dags/my-bi.py took 0.075 seconds
[2025-03-18T19:29:02.675+0000] {processor.py:186} INFO - Started process (PID=4006) to work on /opt/airflow/dags/my-bi.py
[2025-03-18T19:29:02.676+0000] {processor.py:914} INFO - Processing file /opt/airflow/dags/my-bi.py for tasks to queue
[2025-03-18T19:29:02.678+0000] {logging_mixin.py:190} INFO - [2025-03-18T19:29:02.678+0000] {dagbag.py:588} INFO - Filling up the DagBag from /opt/airflow/dags/my-bi.py
[2025-03-18T19:29:02.694+0000] {processor.py:925} INFO - DAG(s) 'bi-transform-completed' retrieved from /opt/airflow/dags/my-bi.py
[2025-03-18T19:29:02.718+0000] {logging_mixin.py:190} INFO - [2025-03-18T19:29:02.718+0000] {dag.py:3239} INFO - Sync 1 DAGs
[2025-03-18T19:29:02.731+0000] {logging_mixin.py:190} INFO - [2025-03-18T19:29:02.731+0000] {dag.py:4180} INFO - Setting next_dagrun for bi-transform-completed to None, run_after=None
[2025-03-18T19:29:02.746+0000] {processor.py:208} INFO - Processing /opt/airflow/dags/my-bi.py took 0.077 seconds
[2025-03-18T19:29:33.616+0000] {processor.py:186} INFO - Started process (PID=4070) to work on /opt/airflow/dags/my-bi.py
[2025-03-18T19:29:33.617+0000] {processor.py:914} INFO - Processing file /opt/airflow/dags/my-bi.py for tasks to queue
[2025-03-18T19:29:33.619+0000] {logging_mixin.py:190} INFO - [2025-03-18T19:29:33.619+0000] {dagbag.py:588} INFO - Filling up the DagBag from /opt/airflow/dags/my-bi.py
[2025-03-18T19:29:33.634+0000] {processor.py:925} INFO - DAG(s) 'bi-transform-completed' retrieved from /opt/airflow/dags/my-bi.py
[2025-03-18T19:29:33.658+0000] {logging_mixin.py:190} INFO - [2025-03-18T19:29:33.658+0000] {dag.py:3239} INFO - Sync 1 DAGs
[2025-03-18T19:29:33.669+0000] {logging_mixin.py:190} INFO - [2025-03-18T19:29:33.669+0000] {dag.py:4180} INFO - Setting next_dagrun for bi-transform-completed to None, run_after=None
[2025-03-18T19:29:33.683+0000] {processor.py:208} INFO - Processing /opt/airflow/dags/my-bi.py took 0.073 seconds
[2025-03-18T19:30:04.472+0000] {processor.py:186} INFO - Started process (PID=4134) to work on /opt/airflow/dags/my-bi.py
[2025-03-18T19:30:04.474+0000] {processor.py:914} INFO - Processing file /opt/airflow/dags/my-bi.py for tasks to queue
[2025-03-18T19:30:04.475+0000] {logging_mixin.py:190} INFO - [2025-03-18T19:30:04.475+0000] {dagbag.py:588} INFO - Filling up the DagBag from /opt/airflow/dags/my-bi.py
[2025-03-18T19:30:04.490+0000] {processor.py:925} INFO - DAG(s) 'bi-transform-completed' retrieved from /opt/airflow/dags/my-bi.py
[2025-03-18T19:30:04.512+0000] {logging_mixin.py:190} INFO - [2025-03-18T19:30:04.512+0000] {dag.py:3239} INFO - Sync 1 DAGs
[2025-03-18T19:30:04.523+0000] {logging_mixin.py:190} INFO - [2025-03-18T19:30:04.523+0000] {dag.py:4180} INFO - Setting next_dagrun for bi-transform-completed to None, run_after=None
[2025-03-18T19:30:04.536+0000] {processor.py:208} INFO - Processing /opt/airflow/dags/my-bi.py took 0.069 seconds
[2025-03-18T19:30:35.251+0000] {processor.py:186} INFO - Started process (PID=4198) to work on /opt/airflow/dags/my-bi.py
[2025-03-18T19:30:35.252+0000] {processor.py:914} INFO - Processing file /opt/airflow/dags/my-bi.py for tasks to queue
[2025-03-18T19:30:35.254+0000] {logging_mixin.py:190} INFO - [2025-03-18T19:30:35.254+0000] {dagbag.py:588} INFO - Filling up the DagBag from /opt/airflow/dags/my-bi.py
[2025-03-18T19:30:35.270+0000] {processor.py:925} INFO - DAG(s) 'bi-transform-completed' retrieved from /opt/airflow/dags/my-bi.py
[2025-03-18T19:30:35.293+0000] {logging_mixin.py:190} INFO - [2025-03-18T19:30:35.293+0000] {dag.py:3239} INFO - Sync 1 DAGs
[2025-03-18T19:30:35.304+0000] {logging_mixin.py:190} INFO - [2025-03-18T19:30:35.304+0000] {dag.py:4180} INFO - Setting next_dagrun for bi-transform-completed to None, run_after=None
[2025-03-18T19:30:35.319+0000] {processor.py:208} INFO - Processing /opt/airflow/dags/my-bi.py took 0.073 seconds
[2025-03-18T19:37:15.552+0000] {processor.py:186} INFO - Started process (PID=5036) to work on /opt/airflow/dags/my-bi.py
[2025-03-18T19:37:15.553+0000] {processor.py:914} INFO - Processing file /opt/airflow/dags/my-bi.py for tasks to queue
[2025-03-18T19:37:15.555+0000] {logging_mixin.py:190} INFO - [2025-03-18T19:37:15.554+0000] {dagbag.py:588} INFO - Filling up the DagBag from /opt/airflow/dags/my-bi.py
[2025-03-18T19:37:15.571+0000] {processor.py:925} INFO - DAG(s) 'bi-transform-completed' retrieved from /opt/airflow/dags/my-bi.py
[2025-03-18T19:37:15.595+0000] {logging_mixin.py:190} INFO - [2025-03-18T19:37:15.595+0000] {dag.py:3239} INFO - Sync 1 DAGs
[2025-03-18T19:37:15.607+0000] {logging_mixin.py:190} INFO - [2025-03-18T19:37:15.607+0000] {dag.py:4180} INFO - Setting next_dagrun for bi-transform-completed to None, run_after=None
[2025-03-18T19:37:15.621+0000] {processor.py:208} INFO - Processing /opt/airflow/dags/my-bi.py took 0.075 seconds
[2025-03-18T19:37:46.302+0000] {processor.py:186} INFO - Started process (PID=5100) to work on /opt/airflow/dags/my-bi.py
[2025-03-18T19:37:46.303+0000] {processor.py:914} INFO - Processing file /opt/airflow/dags/my-bi.py for tasks to queue
[2025-03-18T19:37:46.305+0000] {logging_mixin.py:190} INFO - [2025-03-18T19:37:46.305+0000] {dagbag.py:588} INFO - Filling up the DagBag from /opt/airflow/dags/my-bi.py
[2025-03-18T19:37:46.321+0000] {processor.py:925} INFO - DAG(s) 'bi-transform-completed' retrieved from /opt/airflow/dags/my-bi.py
[2025-03-18T19:37:46.346+0000] {logging_mixin.py:190} INFO - [2025-03-18T19:37:46.346+0000] {dag.py:3239} INFO - Sync 1 DAGs
[2025-03-18T19:37:46.357+0000] {logging_mixin.py:190} INFO - [2025-03-18T19:37:46.357+0000] {dag.py:4180} INFO - Setting next_dagrun for bi-transform-completed to None, run_after=None
[2025-03-18T19:37:46.370+0000] {processor.py:208} INFO - Processing /opt/airflow/dags/my-bi.py took 0.073 seconds
[2025-03-18T19:38:16.954+0000] {processor.py:186} INFO - Started process (PID=5164) to work on /opt/airflow/dags/my-bi.py
[2025-03-18T19:38:16.955+0000] {processor.py:914} INFO - Processing file /opt/airflow/dags/my-bi.py for tasks to queue
[2025-03-18T19:38:16.957+0000] {logging_mixin.py:190} INFO - [2025-03-18T19:38:16.957+0000] {dagbag.py:588} INFO - Filling up the DagBag from /opt/airflow/dags/my-bi.py
[2025-03-18T19:38:16.972+0000] {processor.py:925} INFO - DAG(s) 'bi-transform-completed' retrieved from /opt/airflow/dags/my-bi.py
[2025-03-18T19:38:16.992+0000] {logging_mixin.py:190} INFO - [2025-03-18T19:38:16.992+0000] {dag.py:3239} INFO - Sync 1 DAGs
[2025-03-18T19:38:17.003+0000] {logging_mixin.py:190} INFO - [2025-03-18T19:38:17.003+0000] {dag.py:4180} INFO - Setting next_dagrun for bi-transform-completed to None, run_after=None
[2025-03-18T19:38:17.016+0000] {processor.py:208} INFO - Processing /opt/airflow/dags/my-bi.py took 0.067 seconds
[2025-03-18T19:38:47.738+0000] {processor.py:186} INFO - Started process (PID=5228) to work on /opt/airflow/dags/my-bi.py
[2025-03-18T19:38:47.739+0000] {processor.py:914} INFO - Processing file /opt/airflow/dags/my-bi.py for tasks to queue
[2025-03-18T19:38:47.741+0000] {logging_mixin.py:190} INFO - [2025-03-18T19:38:47.741+0000] {dagbag.py:588} INFO - Filling up the DagBag from /opt/airflow/dags/my-bi.py
[2025-03-18T19:38:47.757+0000] {processor.py:925} INFO - DAG(s) 'bi-transform-completed' retrieved from /opt/airflow/dags/my-bi.py
[2025-03-18T19:38:47.782+0000] {logging_mixin.py:190} INFO - [2025-03-18T19:38:47.782+0000] {dag.py:3239} INFO - Sync 1 DAGs
[2025-03-18T19:38:47.794+0000] {logging_mixin.py:190} INFO - [2025-03-18T19:38:47.794+0000] {dag.py:4180} INFO - Setting next_dagrun for bi-transform-completed to None, run_after=None
[2025-03-18T19:38:47.809+0000] {processor.py:208} INFO - Processing /opt/airflow/dags/my-bi.py took 0.076 seconds
[2025-03-18T19:39:18.590+0000] {processor.py:186} INFO - Started process (PID=5292) to work on /opt/airflow/dags/my-bi.py
[2025-03-18T19:39:18.591+0000] {processor.py:914} INFO - Processing file /opt/airflow/dags/my-bi.py for tasks to queue
[2025-03-18T19:39:18.593+0000] {logging_mixin.py:190} INFO - [2025-03-18T19:39:18.592+0000] {dagbag.py:588} INFO - Filling up the DagBag from /opt/airflow/dags/my-bi.py
[2025-03-18T19:39:18.609+0000] {processor.py:925} INFO - DAG(s) 'bi-transform-completed' retrieved from /opt/airflow/dags/my-bi.py
[2025-03-18T19:39:18.633+0000] {logging_mixin.py:190} INFO - [2025-03-18T19:39:18.632+0000] {dag.py:3239} INFO - Sync 1 DAGs
[2025-03-18T19:39:18.645+0000] {logging_mixin.py:190} INFO - [2025-03-18T19:39:18.644+0000] {dag.py:4180} INFO - Setting next_dagrun for bi-transform-completed to None, run_after=None
[2025-03-18T19:39:18.660+0000] {processor.py:208} INFO - Processing /opt/airflow/dags/my-bi.py took 0.076 seconds
[2025-03-18T19:39:49.328+0000] {processor.py:186} INFO - Started process (PID=5356) to work on /opt/airflow/dags/my-bi.py
[2025-03-18T19:39:49.329+0000] {processor.py:914} INFO - Processing file /opt/airflow/dags/my-bi.py for tasks to queue
[2025-03-18T19:39:49.332+0000] {logging_mixin.py:190} INFO - [2025-03-18T19:39:49.331+0000] {dagbag.py:588} INFO - Filling up the DagBag from /opt/airflow/dags/my-bi.py
[2025-03-18T19:39:49.351+0000] {processor.py:925} INFO - DAG(s) 'bi-transform-completed' retrieved from /opt/airflow/dags/my-bi.py
[2025-03-18T19:39:49.376+0000] {logging_mixin.py:190} INFO - [2025-03-18T19:39:49.376+0000] {dag.py:3239} INFO - Sync 1 DAGs
[2025-03-18T19:39:49.389+0000] {logging_mixin.py:190} INFO - [2025-03-18T19:39:49.389+0000] {dag.py:4180} INFO - Setting next_dagrun for bi-transform-completed to None, run_after=None
[2025-03-18T19:39:49.405+0000] {processor.py:208} INFO - Processing /opt/airflow/dags/my-bi.py took 0.084 seconds
[2025-03-18T19:40:20.154+0000] {processor.py:186} INFO - Started process (PID=5420) to work on /opt/airflow/dags/my-bi.py
[2025-03-18T19:40:20.155+0000] {processor.py:914} INFO - Processing file /opt/airflow/dags/my-bi.py for tasks to queue
[2025-03-18T19:40:20.157+0000] {logging_mixin.py:190} INFO - [2025-03-18T19:40:20.157+0000] {dagbag.py:588} INFO - Filling up the DagBag from /opt/airflow/dags/my-bi.py
[2025-03-18T19:40:20.174+0000] {processor.py:925} INFO - DAG(s) 'bi-transform-completed' retrieved from /opt/airflow/dags/my-bi.py
[2025-03-18T19:40:20.195+0000] {logging_mixin.py:190} INFO - [2025-03-18T19:40:20.195+0000] {dag.py:3239} INFO - Sync 1 DAGs
[2025-03-18T19:40:20.206+0000] {logging_mixin.py:190} INFO - [2025-03-18T19:40:20.205+0000] {dag.py:4180} INFO - Setting next_dagrun for bi-transform-completed to None, run_after=None
[2025-03-18T19:40:20.218+0000] {processor.py:208} INFO - Processing /opt/airflow/dags/my-bi.py took 0.071 seconds
[2025-03-18T19:40:50.775+0000] {processor.py:186} INFO - Started process (PID=5484) to work on /opt/airflow/dags/my-bi.py
[2025-03-18T19:40:50.776+0000] {processor.py:914} INFO - Processing file /opt/airflow/dags/my-bi.py for tasks to queue
[2025-03-18T19:40:50.778+0000] {logging_mixin.py:190} INFO - [2025-03-18T19:40:50.778+0000] {dagbag.py:588} INFO - Filling up the DagBag from /opt/airflow/dags/my-bi.py
[2025-03-18T19:40:50.793+0000] {processor.py:925} INFO - DAG(s) 'bi-transform-completed' retrieved from /opt/airflow/dags/my-bi.py
[2025-03-18T19:40:50.815+0000] {logging_mixin.py:190} INFO - [2025-03-18T19:40:50.815+0000] {dag.py:3239} INFO - Sync 1 DAGs
[2025-03-18T19:40:50.825+0000] {logging_mixin.py:190} INFO - [2025-03-18T19:40:50.825+0000] {dag.py:4180} INFO - Setting next_dagrun for bi-transform-completed to None, run_after=None
[2025-03-18T19:40:50.838+0000] {processor.py:208} INFO - Processing /opt/airflow/dags/my-bi.py took 0.067 seconds
[2025-03-18T19:41:21.400+0000] {processor.py:186} INFO - Started process (PID=5548) to work on /opt/airflow/dags/my-bi.py
[2025-03-18T19:41:21.401+0000] {processor.py:914} INFO - Processing file /opt/airflow/dags/my-bi.py for tasks to queue
[2025-03-18T19:41:21.403+0000] {logging_mixin.py:190} INFO - [2025-03-18T19:41:21.403+0000] {dagbag.py:588} INFO - Filling up the DagBag from /opt/airflow/dags/my-bi.py
[2025-03-18T19:41:21.419+0000] {processor.py:925} INFO - DAG(s) 'bi-transform-completed' retrieved from /opt/airflow/dags/my-bi.py
[2025-03-18T19:41:21.441+0000] {logging_mixin.py:190} INFO - [2025-03-18T19:41:21.441+0000] {dag.py:3239} INFO - Sync 1 DAGs
[2025-03-18T19:41:21.452+0000] {logging_mixin.py:190} INFO - [2025-03-18T19:41:21.452+0000] {dag.py:4180} INFO - Setting next_dagrun for bi-transform-completed to None, run_after=None
[2025-03-18T19:41:21.466+0000] {processor.py:208} INFO - Processing /opt/airflow/dags/my-bi.py took 0.072 seconds
[2025-03-18T19:41:52.154+0000] {processor.py:186} INFO - Started process (PID=5612) to work on /opt/airflow/dags/my-bi.py
[2025-03-18T19:41:52.155+0000] {processor.py:914} INFO - Processing file /opt/airflow/dags/my-bi.py for tasks to queue
[2025-03-18T19:41:52.157+0000] {logging_mixin.py:190} INFO - [2025-03-18T19:41:52.157+0000] {dagbag.py:588} INFO - Filling up the DagBag from /opt/airflow/dags/my-bi.py
[2025-03-18T19:41:52.172+0000] {processor.py:925} INFO - DAG(s) 'bi-transform-completed' retrieved from /opt/airflow/dags/my-bi.py
[2025-03-18T19:41:52.198+0000] {logging_mixin.py:190} INFO - [2025-03-18T19:41:52.198+0000] {dag.py:3239} INFO - Sync 1 DAGs
[2025-03-18T19:41:52.211+0000] {logging_mixin.py:190} INFO - [2025-03-18T19:41:52.211+0000] {dag.py:4180} INFO - Setting next_dagrun for bi-transform-completed to None, run_after=None
[2025-03-18T19:41:52.226+0000] {processor.py:208} INFO - Processing /opt/airflow/dags/my-bi.py took 0.077 seconds
[2025-03-18T19:42:22.386+0000] {processor.py:186} INFO - Started process (PID=5676) to work on /opt/airflow/dags/my-bi.py
[2025-03-18T19:42:22.387+0000] {processor.py:914} INFO - Processing file /opt/airflow/dags/my-bi.py for tasks to queue
[2025-03-18T19:42:22.389+0000] {logging_mixin.py:190} INFO - [2025-03-18T19:42:22.389+0000] {dagbag.py:588} INFO - Filling up the DagBag from /opt/airflow/dags/my-bi.py
[2025-03-18T19:42:22.404+0000] {processor.py:925} INFO - DAG(s) 'bi-transform-completed' retrieved from /opt/airflow/dags/my-bi.py
[2025-03-18T19:42:22.427+0000] {logging_mixin.py:190} INFO - [2025-03-18T19:42:22.427+0000] {dag.py:3239} INFO - Sync 1 DAGs
[2025-03-18T19:42:22.438+0000] {logging_mixin.py:190} INFO - [2025-03-18T19:42:22.438+0000] {dag.py:4180} INFO - Setting next_dagrun for bi-transform-completed to None, run_after=None
[2025-03-18T19:42:22.451+0000] {processor.py:208} INFO - Processing /opt/airflow/dags/my-bi.py took 0.070 seconds
[2025-03-18T19:42:52.593+0000] {processor.py:186} INFO - Started process (PID=5740) to work on /opt/airflow/dags/my-bi.py
[2025-03-18T19:42:52.595+0000] {processor.py:914} INFO - Processing file /opt/airflow/dags/my-bi.py for tasks to queue
[2025-03-18T19:42:52.596+0000] {logging_mixin.py:190} INFO - [2025-03-18T19:42:52.596+0000] {dagbag.py:588} INFO - Filling up the DagBag from /opt/airflow/dags/my-bi.py
[2025-03-18T19:42:52.612+0000] {processor.py:925} INFO - DAG(s) 'bi-transform-completed' retrieved from /opt/airflow/dags/my-bi.py
[2025-03-18T19:42:52.635+0000] {logging_mixin.py:190} INFO - [2025-03-18T19:42:52.635+0000] {dag.py:3239} INFO - Sync 1 DAGs
[2025-03-18T19:42:52.646+0000] {logging_mixin.py:190} INFO - [2025-03-18T19:42:52.646+0000] {dag.py:4180} INFO - Setting next_dagrun for bi-transform-completed to None, run_after=None
[2025-03-18T19:42:52.660+0000] {processor.py:208} INFO - Processing /opt/airflow/dags/my-bi.py took 0.072 seconds
[2025-03-18T19:43:23.574+0000] {processor.py:186} INFO - Started process (PID=5804) to work on /opt/airflow/dags/my-bi.py
[2025-03-18T19:43:23.575+0000] {processor.py:914} INFO - Processing file /opt/airflow/dags/my-bi.py for tasks to queue
[2025-03-18T19:43:23.577+0000] {logging_mixin.py:190} INFO - [2025-03-18T19:43:23.576+0000] {dagbag.py:588} INFO - Filling up the DagBag from /opt/airflow/dags/my-bi.py
[2025-03-18T19:43:23.592+0000] {processor.py:925} INFO - DAG(s) 'bi-transform-completed' retrieved from /opt/airflow/dags/my-bi.py
[2025-03-18T19:43:23.617+0000] {logging_mixin.py:190} INFO - [2025-03-18T19:43:23.617+0000] {dag.py:3239} INFO - Sync 1 DAGs
[2025-03-18T19:43:23.629+0000] {logging_mixin.py:190} INFO - [2025-03-18T19:43:23.629+0000] {dag.py:4180} INFO - Setting next_dagrun for bi-transform-completed to None, run_after=None
[2025-03-18T19:43:23.643+0000] {processor.py:208} INFO - Processing /opt/airflow/dags/my-bi.py took 0.074 seconds
